2022-11-12 12:50:28,989 --------------------------------------------------------------------------------
2022-11-12 12:50:29,461 'Number of patches = 3\n'
2022-11-12 12:50:29,468 'Setting up the instrument\n'
2022-11-12 12:50:30,514 'Product Name:      Colormunki Display \nSerial Number:     C1-22.B-02.015586.02\nFirmware Version:  v2.28 \nFirmware Date:     29Jan14\n'
2022-11-12 12:50:30,517 "argyll-dispread: Warning - new_dispwin: Expected VideoLUT depth 8 doesn't match actual 10\n"
2022-11-12 12:50:30,725 'Place instrument on test window.\nHit Esc or Q to give up, any other key to continue:'
2022-11-12 12:50:32,307 '\n'
2022-11-12 12:50:32,317 '\rPatch 1 of 3'
2022-11-12 12:50:33,874 '\rPatch 2 of 3'
2022-11-12 12:50:47,437 '\rPatch 3 of 3'
2022-11-12 12:51:00,989 '\nThe instrument can be removed from the screen.\n'
2022-11-12 12:51:01,369 "Written '0_16.ti3'\n"
2022-11-12 12:52:59,344 --------------------------------------------------------------------------------
2022-11-12 12:52:59,809 'Number of patches = 3\n'
2022-11-12 12:52:59,810 'Setting up the instrument\n'
2022-11-12 12:53:00,833 'Product Name:      Colormunki Display \nSerial Number:     C1-22.B-02.015586.02\nFirmware Version:  v2.28 \nFirmware Date:     29Jan14\n'
2022-11-12 12:53:00,836 "argyll-dispread: Warning - new_dispwin: Expected VideoLUT depth 8 doesn't match actual 10\n"
2022-11-12 12:53:01,044 'Place instrument on test window.\nHit Esc or Q to give up, any other key to continue:'
2022-11-12 12:53:02,627 '\n'
2022-11-12 12:53:02,639 '\rPatch 1 of 3'
2022-11-12 12:53:04,196 '\rPatch 2 of 3'
2022-11-12 12:53:12,827 '\rPatch 3 of 3'
2022-11-12 12:53:18,394 '\nThe instrument can be removed from the screen.\n'
2022-11-12 12:53:18,724 "Written '0_16.ti3'\n"
2022-11-12 12:53:19,257 'Setting up the instrument\n'
2022-11-12 12:53:20,282 'Product Name:      Colormunki Display \nSerial Number:     C1-22.B-02.015586.02\nFirmware Version:  v2.28 \nFirmware Date:     29Jan14\n'
2022-11-12 12:53:20,285 "argyll-dispcal: Warning - new_dispwin: Expected VideoLUT depth 8 doesn't match actual 10\n"
2022-11-12 12:53:20,507 'Place instrument on test window.\nHit Esc or Q to give up, any other key to continue:'
2022-11-12 12:53:22,090 "\nDisplay type is 'n'\nTarget white = 6500.000000 degrees kelvin Daylight spectrum\nTarget white brightness = 120.000000 cd/m^2\n"
2022-11-12 12:53:22,092 'Target black brightness = native brightness\nBlack point device hack is enabled\nTarget gamma = sRGB curve\n\nDisplay adjustment menu:\nPress 1 .. 7\n1) Black level (CRT: Offset/Brightness)\n2) White point (Color temperature, R,G,B, Gain/Contrast)\n3) White level (CRT: Gain/Contrast, LCD: Brightness/Backlight)\n4) Black point (R,G,B, Offset/Brightness)\n5) Check all\n6) Measure and set ambient for viewing condition adjustment\n7) Continue on to calibration\n8) Exit\n'
2022-11-12 12:53:22,863 'Doing some initial measurements\n'
2022-11-12 12:53:31,610 'Red   = XYZ 52.313 29.943  2.286\nGreen = XYZ 31.304 68.448 11.846\nBlue  = XYZ 20.546  9.355 107.557\n'
2022-11-12 12:53:33,192 'White = XYZ 102.139 105.665 118.120\n'
2022-11-12 12:53:33,194 '\nAdjust R,G & B gain to get target x,y. Press space when done.\n   Target Br 120.00, x 0.3128 , y 0.3292 \n'
2022-11-12 12:53:34,488 '\r/ Current Br 105.70, x 0.3134-, y 0.3240+  DE  4.4  R-  G++ B-  '
2022-11-12 12:53:35,791 '\r\\ Current Br 105.44, x 0.3135-, y 0.3241+  DE  4.4  R-  G++ B-  '
2022-11-12 12:53:37,091 '\r/ Current Br 105.27, x 0.3130-, y 0.3240+  DE  4.2  R-  G++ B-  '
2022-11-12 12:53:38,391 '\r\\ Current Br 105.56, x 0.3132-, y 0.3241+  DE  4.2  R-  G++ B-  '
2022-11-12 12:53:39,691 '\r/ Current Br 105.48, x 0.3132-, y 0.3240+  DE  4.3  R-  G++ B-  '
2022-11-12 12:53:40,991 '\r\\ Current Br 106.62, x 0.3133-, y 0.3239+  DE  4.4  R-  G++ B-  '
2022-11-12 12:53:42,292 '\r/ Current Br 106.62, x 0.3131-, y 0.3243+  DE  4.0  R-  G++ B-  '
2022-11-12 12:53:43,592 '\r\\ Current Br 106.66, x 0.3132-, y 0.3241+  DE  4.2  R-  G++ B-  '
2022-11-12 12:53:44,892 '\r/ Current Br 106.33, x 0.3132-, y 0.3240+  DE  4.3  R-  G++ B-  '
2022-11-12 12:53:46,192 '\r\\ Current Br 106.33, x 0.3132-, y 0.3240+  DE  4.3  R-  G++ B-  '
2022-11-12 12:53:47,491 '\r/ Current Br 105.66, x 0.3165-, y 0.3277+  DE  3.8  R-  G++ B-  '
2022-11-12 12:53:48,791 '\r\\ Current Br 105.73, x 0.3165-, y 0.3278+  DE  3.7  R-  G++ B-  '
2022-11-12 12:53:50,093 '\r/ Current Br 106.28, x 0.3171-, y 0.3271+  DE  4.5  R-  G++ B-  '
2022-11-12 12:53:51,392 '\r\\ Current Br 106.35, x 0.3171-, y 0.3272+  DE  4.5  R-  G++ B-  '
2022-11-12 12:53:52,692 '\r/ Current Br 105.72, x 0.3178-, y 0.3272+  DE  4.9  R-  G++ B-  '
2022-11-12 12:53:53,992 '\r\\ Current Br 104.72, x 0.3213-, y 0.3318-  DE  4.8  R-- G+  B+  '
2022-11-12 12:53:55,292 '\r/ Current Br 104.65, x 0.3213-, y 0.3317-  DE  4.8  R-- G+  B+  '
2022-11-12 12:53:56,591 '\r\\ Current Br 105.36, x 0.3201-, y 0.3307-  DE  4.5  R-- G+  B-  '
2022-11-12 12:53:57,892 '\r/ Current Br 105.30, x 0.3194-, y 0.3298-  DE  4.5  R-- G+  B-  '
2022-11-12 12:53:59,192 '\r\\ Current Br 106.20, x 0.3175-, y 0.3278+  DE  4.3  R-  G++ B-  '
2022-11-12 12:54:00,492 '\r/ Current Br 106.23, x 0.3177-, y 0.3278+  DE  4.4  R-  G++ B-  '
2022-11-12 12:54:01,792 '\r\\ Current Br 106.13, x 0.3175-, y 0.3277+  DE  4.4  R-  G++ B-  '
2022-11-12 12:54:03,092 '\r/ Current Br 106.12, x 0.3176-, y 0.3279+  DE  4.3  R-  G++ B-  '
2022-11-12 12:54:04,392 '\r\\ Current Br 106.34, x 0.3153-, y 0.3267+  DE  3.6  R-  G++ B-  '
2022-11-12 12:54:05,692 '\r/ Current Br 106.27, x 0.3146-, y 0.3259+  DE  3.7  R-  G++ B-  '
2022-11-12 12:54:06,992 '\r\\ Current Br 106.37, x 0.3131-, y 0.3242+  DE  4.1  R-  G++ B-  '
2022-11-12 12:54:08,292 '\r/ Current Br 106.18, x 0.3130-, y 0.3242+  DE  4.1  R-  G++ B-  '
2022-11-12 12:54:09,593 '\r\\ Current Br 106.37, x 0.3151-, y 0.3269+  DE  3.4  R-  G++ B-  '
2022-11-12 12:54:10,893 '\r/ Current Br 106.38, x 0.3150-, y 0.3266+  DE  3.5  R-  G++ B-  '
2022-11-12 12:54:12,192 '\r\\ Current Br 106.67, x 0.3153-, y 0.3267+  DE  3.6  R-  G++ B-  '
2022-11-12 12:54:13,492 '\r/ Current Br 105.57, x 0.3152-, y 0.3266+  DE  3.6  R-  G++ B-  '
2022-11-12 12:54:14,792 '\r\\ Current Br 105.57, x 0.3152-, y 0.3266+  DE  3.6  R-  G++ B-  '
2022-11-12 12:54:16,092 '\r/ Current Br 105.49, x 0.3152-, y 0.3265+  DE  3.7  R-  G++ B-  '
2022-11-12 12:54:17,393 '\r\\ Current Br 105.60, x 0.3154-, y 0.3266+  DE  3.7  R-  G++ B-  '
2022-11-12 12:54:17,445 ' '
2022-11-12 12:54:17,612 '\n\nPress 1 .. 7\n1) Black level (CRT: Offset/Brightness)\n2) White point (Color temperature, R,G,B, Gain/Contrast)\n3) White level (CRT: Gain/Contrast, LCD: Brightness/Backlight)\n4) Black point (R,G,B, Offset/Brightness)\n5) Check all\n6) Measure and set ambient for viewing condition adjustment\n7) Continue on to calibration\n8) Exit\n'
2022-11-12 12:54:22,462 'Commencing display calibration\n'
2022-11-12 12:54:22,463 '\rPatch 1 of 9'
2022-11-12 12:54:31,347 '\rPatch 2 of 9'
2022-11-12 12:54:34,509 '\rPatch 3 of 9'
2022-11-12 12:54:36,095 '\rPatch 4 of 9'
2022-11-12 12:54:45,047 '\rPatch 5 of 9'
2022-11-12 12:54:47,869 '\rPatch 6 of 9'
2022-11-12 12:54:56,815 '\rPatch 7 of 9'
2022-11-12 12:54:59,597 '\rPatch 8 of 9'
2022-11-12 12:55:01,178 '\rPatch 9 of 9'
2022-11-12 12:55:10,132 '\nBlack = XYZ 0.0816 0.0576 0.0753\nRed   = XYZ 52.780 30.196  2.295\nGreen = XYZ 31.326 68.521 11.788\nBlue  = XYZ 19.983  9.235 105.049\nWhite = XYZ 102.208 105.822 116.055\n'
2022-11-12 12:55:10,135 '\rPatch 1 of 48'
2022-11-12 12:55:18,976 '\rPatch 2 of 48'
2022-11-12 12:55:27,799 '\rPatch 3 of 48'
2022-11-12 12:55:36,600 '\rPatch 4 of 48'
2022-11-12 12:55:45,432 '\rPatch 5 of 48'
2022-11-12 12:55:54,049 '\rPatch 6 of 48'
2022-11-12 12:56:02,950 '\rPatch 7 of 48'
2022-11-12 12:56:10,914 '\rPatch 8 of 48'
2022-11-12 12:56:18,301 '\rPatch 9 of 48'
2022-11-12 12:56:26,668 '\rPatch 10 of 48'
2022-11-12 12:56:35,101 '\rPatch 11 of 48'
2022-11-12 12:56:42,052 '\rPatch 12 of 48'
2022-11-12 12:56:47,685 '\rPatch 13 of 48'
2022-11-12 12:56:56,252 '\rPatch 14 of 48'
2022-11-12 12:57:03,736 '\rPatch 15 of 48'
2022-11-12 12:57:09,552 '\rPatch 16 of 48'
2022-11-12 12:57:14,218 '\rPatch 17 of 48'
2022-11-12 12:57:21,337 '\rPatch 18 of 48'
2022-11-12 12:57:27,389 '\rPatch 19 of 48'
2022-11-12 12:57:32,652 '\rPatch 20 of 48'
2022-11-12 12:57:35,774 '\rPatch 21 of 48'
2022-11-12 12:57:42,421 '\rPatch 22 of 48'
2022-11-12 12:57:47,572 '\rPatch 23 of 48'
2022-11-12 12:57:52,321 '\rPatch 24 of 48'
2022-11-12 12:57:55,221 '\rPatch 25 of 48'
2022-11-12 12:58:00,738 '\rPatch 26 of 48'
2022-11-12 12:58:05,387 '\rPatch 27 of 48'
2022-11-12 12:58:09,766 '\rPatch 28 of 48'
2022-11-12 12:58:12,540 '\rPatch 29 of 48'
2022-11-12 12:58:17,588 '\rPatch 30 of 48'
2022-11-12 12:58:20,889 '\rPatch 31 of 48'
2022-11-12 12:58:24,081 '\rPatch 32 of 48'
2022-11-12 12:58:26,772 '\rPatch 33 of 48'
2022-11-12 12:58:31,420 '\rPatch 34 of 48'
2022-11-12 12:58:34,541 '\rPatch 35 of 48'
2022-11-12 12:58:37,573 '\rPatch 36 of 48'
2022-11-12 12:58:40,221 '\rPatch 37 of 48'
2022-11-12 12:58:44,606 '\rPatch 38 of 48'
2022-11-12 12:58:47,591 '\rPatch 39 of 48'
2022-11-12 12:58:50,519 '\rPatch 40 of 48'
2022-11-12 12:58:52,092 '\rPatch 41 of 48'
2022-11-12 12:58:55,322 '\rPatch 42 of 48'
2022-11-12 12:58:58,223 '\rPatch 43 of 48'
2022-11-12 12:59:01,073 '\rPatch 44 of 48'
2022-11-12 12:59:02,649 '\rPatch 45 of 48'
2022-11-12 12:59:05,757 '\rPatch 46 of 48'
2022-11-12 12:59:08,589 '\rPatch 47 of 48'
2022-11-12 12:59:11,373 '\rPatch 48 of 48'
2022-11-12 12:59:12,954 '\n'
2022-11-12 12:59:13,007 'Had to scale brightness from 120.000000 to 103.878168 to fit within gamut,\ncorresponding to aprox. RGB 0.970253 1.000000 0.982997\nTarget white value is XYZ 98.702098 103.878168 112.970269 [xy 0.312793 0.329197]\nAdjusted target black XYZ 0.0816 0.0576 0.0753, Lab 0.501 1.060 -0.175\nTarget black after min adjust: XYZ 0.0816 0.0576 0.0753, Lab 0.501 1.060 -0.175\n'
2022-11-12 12:59:13,010 'Gamma curve input offset = 0.000000, output offset = 0.000554, power = 0.000000\nTotal Iteration 2, Final Samples = 32 Final Repeat threshold = 0.900000\nCreating initial calibration curves...\n'
2022-11-12 12:59:13,079 '\nDoing iteration 1/2 with 16 sample points and repeat threshold of 1.272792 DE\n\rPatch 1 of 16'
2022-11-12 12:59:14,441 ' DE 0.736001, W.DE 0.736001, OK ( < 1.272792)\n\rPatch 2 of 16'
2022-11-12 12:59:15,852 ' DE 2.126247, W.DE 2.126247, Repeat\n\rPatch 2 of 16'
2022-11-12 12:59:17,300 ' DE 0.434834, W.DE 0.434834, OK ( < 1.272792)\n\rPatch 3 of 16'
2022-11-12 12:59:18,718 ' DE 2.091799, W.DE 2.091799, Repeat\n\rPatch 3 of 16'
2022-11-12 12:59:20,158 ' DE 0.542292, W.DE 0.542292, OK ( < 1.272792)\n\rPatch 4 of 16'
2022-11-12 12:59:21,562 ' DE 1.845224, W.DE 1.845224, Repeat\n\rPatch 4 of 16'
2022-11-12 12:59:22,972 ' DE 0.043522, W.DE 0.043522, OK ( < 1.272792)\n\rPatch 5 of 16'
2022-11-12 12:59:25,458 ' DE 2.209358, W.DE 2.209358, Repeat\n\rPatch 5 of 16'
2022-11-12 12:59:26,866 ' DE 0.233066, W.DE 0.233066, OK ( < 1.272792)\n\rPatch 6 of 16'
2022-11-12 12:59:29,390 ' DE 2.408028, W.DE 2.408028, Repeat\n\rPatch 6 of 16'
2022-11-12 12:59:31,924 '\rPatch 6 of 16'
2022-11-12 12:59:34,408 '\rPatch 6 of 16'
2022-11-12 12:59:36,976 '\rPatch 6 of 16'
2022-11-12 12:59:39,607 ' DE 2.408028, W.DE 2.408028, Repeat\n\rPatch 6 of 16'
2022-11-12 12:59:42,179 ' DE 2.461485, W.DE 2.461485, Repeat\n\rPatch 6 of 16'
2022-11-12 12:59:44,657 ' DE 1.113344, W.DE 1.113344, OK ( < 1.272792)\n\rPatch 7 of 16'
2022-11-12 12:59:47,241 ' DE 2.887779, W.DE 2.887779, Repeat\n\rPatch 7 of 16'
2022-11-12 12:59:49,841 '\rPatch 7 of 16'
2022-11-12 12:59:52,458 '\rPatch 7 of 16'
2022-11-12 12:59:55,108 '\rPatch 7 of 16'
2022-11-12 12:59:57,710 ' DE 2.366554, W.DE 2.366554, Repeat\n\rPatch 7 of 16'
2022-11-12 13:00:00,258 ' DE 0.380909, W.DE 0.380909, OK ( < 1.272792)\n\rPatch 8 of 16'
2022-11-12 13:00:02,908 ' DE 1.356081, W.DE 1.356081, Repeat\n\rPatch 8 of 16'
2022-11-12 13:00:05,558 ' DE 0.444194, W.DE 0.444194, OK ( < 1.272792)\n\rPatch 9 of 16'
2022-11-12 13:00:08,306 ' DE 1.976544, W.DE 1.976544, Repeat\n\rPatch 9 of 16'
2022-11-12 13:00:11,042 ' DE 0.720165, W.DE 0.720165, OK ( < 1.272792)\n\rPatch 10 of 16'
2022-11-12 13:00:13,892 ' DE 1.821315, W.DE 1.821315, Repeat\n\rPatch 10 of 16'
2022-11-12 13:00:16,746 ' DE 0.825294, W.DE 0.825294, OK ( < 1.272792)\n\rPatch 11 of 16'
2022-11-12 13:00:19,792 ' DE 2.693030, W.DE 2.693030, Repeat\n\rPatch 11 of 16'
2022-11-12 13:00:22,809 ' DE 0.700287, W.DE 0.700287, OK ( < 1.272792)\n\rPatch 12 of 16'
2022-11-12 13:00:27,220 ' DE 2.740907, W.DE 2.740907, Repeat\n\rPatch 12 of 16'
2022-11-12 13:00:31,559 ' DE 0.225696, W.DE 0.225696, OK ( < 1.272792)\n\rPatch 13 of 16'
2022-11-12 13:00:36,726 ' DE 2.424910, W.DE 2.424910, Repeat\n\rPatch 13 of 16'
2022-11-12 13:00:41,527 ' DE 0.767028, W.DE 0.767028, OK ( < 1.272792)\n\rPatch 14 of 16'
2022-11-12 13:00:47,643 ' DE 1.641301, W.DE 1.641301, Repeat\n\rPatch 14 of 16'
2022-11-12 13:00:53,244 ' DE 0.615166, W.DE 0.615166, OK ( < 1.272792)\n\rPatch 15 of 16'
2022-11-12 13:01:00,477 ' DE 0.659878, W.DE 0.659878, OK ( < 1.272792)\n\rPatch 16 of 16'
2022-11-12 13:01:08,811 ' DE 0.151326, W.DE 151.325920, Repeat\n\rPatch 16 of 16'
2022-11-12 13:01:17,072 ' DE 0.116222, W.DE 116.222042, Repeat\n\rPatch 16 of 16'
2022-11-12 13:01:25,595 ' DE 0.091067, W.DE 91.067462, Repeat\n\rPatch 16 of 16'
2022-11-12 13:01:34,279 '\rPatch 16 of 16'
2022-11-12 13:01:42,545 '\rPatch 16 of 16'
2022-11-12 13:01:50,879 '\rPatch 16 of 16'
2022-11-12 13:01:57,720 ' DE 0.073621, W.DE 73.620941, Repeat\n\rPatch 16 of 16'
2022-11-12 13:02:06,716 ' DE 0.043403, W.DE 43.402928, Repeat\n\rPatch 16 of 16'
2022-11-12 13:02:15,347 ' DE 0.025742, W.DE 25.741514, Repeat\n\rPatch 16 of 16'
2022-11-12 13:02:24,330 ' DE 0.010807, W.DE 10.807063, Repeat\n\rPatch 16 of 16'
2022-11-12 13:02:33,299 ' DE 0.007461, W.DE 7.461484, Repeat\n\rPatch 16 of 16'
2022-11-12 13:02:42,281 ' DE 0.007058, W.DE 7.057816, Repeat\n\rPatch 16 of 16'
2022-11-12 13:02:51,265 ' DE 0.004681, W.DE 4.680994, Fail ( > 1.272792)\n\nBrightness error = -0.782891 cd/m^2 (is 103.095276, should be 103.878168)\nWhite point error = 0.677238 deltaE\nMaximum neutral error (@ 0.522702) = 1.110761 deltaE\nAverage neutral error = 0.528438 deltaE\n'
2022-11-12 13:02:51,269 'Failed to meet target 1.272792 delta E, got worst case 4.680994\nNumber of measurements taken = 50\nComputing update to calibration curves...\n'
2022-11-12 13:02:51,316 '\nDoing iteration 2/2 with 32 sample points and repeat threshold of 0.900000 DE\n\rPatch 1 of 32'
2022-11-12 13:02:52,896 ' DE 0.753677, W.DE 0.753677, W.peqDE 0.753677, OK ( < 0.900000)\n\rPatch 2 of 32'
2022-11-12 13:02:54,289 ' DE 0.176284, W.DE 0.176284, W.peqDE 0.590186, OK ( < 0.900000)\n\rPatch 3 of 32'
2022-11-12 13:02:55,673 ' DE 0.385363, W.DE 0.385363, W.peqDE 0.463971, OK ( < 0.900000)\n\rPatch 4 of 32'
2022-11-12 13:02:57,056 ' DE 0.459689, W.DE 0.459689, W.peqDE 0.298998, OK ( < 0.900000)\n\rPatch 5 of 32'
2022-11-12 13:02:58,439 ' DE 0.508942, W.DE 0.508942, W.peqDE 0.403767, OK ( < 0.900000)\n\rPatch 6 of 32'
2022-11-12 13:02:59,820 ' DE 0.531334, W.DE 0.531334, W.peqDE 0.460615, OK ( < 0.900000)\n\rPatch 7 of 32'
2022-11-12 13:03:01,203 ' DE 0.338683, W.DE 0.338683, W.peqDE 0.365897, OK ( < 0.900000)\n\rPatch 8 of 32'
2022-11-12 13:03:02,586 ' DE 0.227409, W.DE 0.227409, W.peqDE 0.270496, OK ( < 0.900000)\n\rPatch 9 of 32'
2022-11-12 13:03:03,971 ' DE 0.177103, W.DE 0.177103, W.peqDE 0.326266, OK ( < 0.900000)\n\rPatch 10 of 32'
2022-11-12 13:03:06,448 ' DE 2.146145, W.DE 2.146145, peqDE 2.092986, Repeat\n\rPatch 10 of 32'
2022-11-12 13:03:08,948 '\rPatch 10 of 32'
2022-11-12 13:03:11,415 '\rPatch 10 of 32'
2022-11-12 13:03:13,965 '\rPatch 10 of 32'
2022-11-12 13:03:16,565 ' DE 2.146145, W.DE 2.146145, peqDE 2.092986, Repeat\n\rPatch 10 of 32'
2022-11-12 13:03:19,115 ' DE 1.980698, W.DE 1.980698, peqDE 2.032585, Repeat\n\rPatch 10 of 32'
2022-11-12 13:03:21,532 ' DE 1.484559, W.DE 1.484559, peqDE 1.544535, Repeat\n\rPatch 10 of 32'
2022-11-12 13:03:23,949 ' DE 0.805649, W.DE 0.805649, W.peqDE 0.859088, OK ( < 0.900000)\n\rPatch 11 of 32'
2022-11-12 13:03:26,449 ' DE 2.012880, W.DE 2.012880, peqDE 2.803461, Repeat\n\rPatch 11 of 32'
2022-11-12 13:03:28,966 ' DE 1.117084, W.DE 1.117084, peqDE 0.337079, Repeat\n\rPatch 11 of 32'
2022-11-12 13:03:31,399 '\rPatch 11 of 32'
2022-11-12 13:03:33,883 '\rPatch 11 of 32'
2022-11-12 13:03:36,450 '\rPatch 11 of 32'
2022-11-12 13:03:39,067 ' DE 1.117084, W.DE 1.117084, peqDE 0.337079, Repeat\n\rPatch 11 of 32'
2022-11-12 13:03:41,635 ' DE 1.568630, W.DE 1.568630, peqDE 0.777158, Repeat (got worse)\n\rPatch 11 of 32'
2022-11-12 13:03:44,117 ' DE 0.213832, W.DE 0.213832, W.peqDE 0.875103, OK ( < 0.900000)\n\rPatch 12 of 32'
2022-11-12 13:03:46,634 ' DE 0.270841, W.DE 0.270841, W.peqDE 0.349283, OK ( < 0.900000)\n\rPatch 13 of 32'
2022-11-12 13:03:49,167 ' DE 0.168709, W.DE 0.168709, W.peqDE 0.155233, OK ( < 0.900000)\n\rPatch 14 of 32'
2022-11-12 13:03:51,717 ' DE 2.673170, W.DE 2.673170, peqDE 2.697315, Repeat\n\rPatch 14 of 32'
2022-11-12 13:03:54,303 ' DE 0.277906, W.DE 0.277906, W.peqDE 0.365044, OK ( < 0.900000)\n\rPatch 15 of 32'
2022-11-12 13:03:56,884 ' DE 0.331849, W.DE 0.331849, W.peqDE 0.421287, OK ( < 0.900000)\n\rPatch 16 of 32'
2022-11-12 13:03:59,516 ' DE 1.052559, W.DE 1.052559, peqDE 0.898384, Repeat\n\rPatch 16 of 32'
2022-11-12 13:04:02,134 ' DE 0.413307, W.DE 0.413307, W.peqDE 0.563566, OK ( < 0.900000)\n\rPatch 17 of 32'
2022-11-12 13:04:04,800 ' DE 0.698220, W.DE 0.698220, W.peqDE 0.692438, OK ( < 0.900000)\n\rPatch 18 of 32'
2022-11-12 13:04:07,517 ' DE 0.974371, W.DE 0.974371, peqDE 1.551684, Repeat\n\rPatch 18 of 32'
2022-11-12 13:04:10,234 '\rPatch 18 of 32'
2022-11-12 13:04:13,018 '\rPatch 18 of 32'
2022-11-12 13:04:15,834 '\rPatch 18 of 32'
2022-11-12 13:04:18,571 ' DE 1.144817, W.DE 1.144817, peqDE 0.555131, Repeat\n\rPatch 18 of 32'
2022-11-12 13:04:21,284 ' DE 0.655214, W.DE 0.655214, peqDE 0.935926, Repeat\n\rPatch 18 of 32'
2022-11-12 13:04:23,985 ' DE 0.880662, W.DE 0.880662, W.peqDE 0.286434, OK ( < 0.900000)\n\rPatch 19 of 32'
2022-11-12 13:04:26,751 ' DE 0.413306, W.DE 0.413306, peqDE 1.152636, Repeat\n\rPatch 19 of 32'
2022-11-12 13:04:29,502 '\rPatch 19 of 32'
2022-11-12 13:04:32,351 '\rPatch 19 of 32'
2022-11-12 13:04:35,218 '\rPatch 19 of 32'
2022-11-12 13:04:38,002 ' DE 0.413306, W.DE 0.413306, peqDE 1.152636, Repeat\n\rPatch 19 of 32'
2022-11-12 13:04:40,785 ' DE 0.854969, W.DE 0.854969, W.peqDE 0.857764, OK ( < 0.900000)\n\rPatch 20 of 32'
2022-11-12 13:04:43,618 ' DE 0.698298, W.DE 0.698298, W.peqDE 0.650512, OK ( < 0.900000)\n\rPatch 21 of 32'
2022-11-12 13:04:46,537 ' DE 0.249234, W.DE 0.249234, W.peqDE 0.551224, OK ( < 0.900000)\n\rPatch 22 of 32'
2022-11-12 13:04:49,536 ' DE 0.410472, W.DE 0.410472, W.peqDE 0.442357, OK ( < 0.900000)\n\rPatch 23 of 32'
2022-11-12 13:04:52,669 ' DE 0.465120, W.DE 0.465120, W.peqDE 0.312805, OK ( < 0.900000)\n\rPatch 24 of 32'
2022-11-12 13:04:56,887 ' DE 0.422707, W.DE 0.422707, W.peqDE 0.271653, OK ( < 0.900000)\n\rPatch 25 of 32'
2022-11-12 13:05:01,402 ' DE 1.233458, W.DE 1.233458, peqDE 0.823432, Repeat\n\rPatch 25 of 32'
2022-11-12 13:05:05,836 ' DE 0.048707, W.DE 0.048707, W.peqDE 0.419493, OK ( < 0.900000)\n\rPatch 26 of 32'
2022-11-12 13:05:10,650 ' DE 0.931514, W.DE 0.931514, peqDE 0.852509, Repeat\n\rPatch 26 of 32'
2022-11-12 13:05:15,336 ' DE 0.122347, W.DE 0.122347, W.peqDE 0.150412, OK ( < 0.876504)\n\rPatch 27 of 32'
2022-11-12 13:05:20,487 ' DE 0.709068, W.DE 0.709068, peqDE 0.687585, Repeat\n\rPatch 27 of 32'
2022-11-12 13:05:25,686 ' DE 0.322770, W.DE 0.322770, W.peqDE 0.275146, OK ( < 0.623556)\n\rPatch 28 of 32'
2022-11-12 13:05:31,458 ' DE 0.826231, W.DE 0.826231, peqDE 0.900091, Repeat\n\rPatch 28 of 32'
2022-11-12 13:05:37,220 ' DE 0.308890, W.DE 0.308890, W.peqDE 0.419178, OK ( < 0.487575)\n\rPatch 29 of 32'
2022-11-12 13:05:43,804 ' DE 0.865809, W.DE 0.865809, peqDE 0.902106, Repeat\n\rPatch 29 of 32'
2022-11-12 13:05:49,954 ' DE 0.441472, W.DE 0.441472, peqDE 0.476514, Repeat\n\rPatch 29 of 32'
2022-11-12 13:05:55,871 ' DE 0.129149, W.DE 0.129149, W.peqDE 0.146923, OK ( < 0.398179)\n\rPatch 30 of 32'
2022-11-12 13:06:03,154 ' DE 0.587399, W.DE 0.587399, peqDE 0.615573, Repeat\n\rPatch 30 of 32'
2022-11-12 13:06:10,373 ' DE 0.429647, W.DE 0.429647, peqDE 0.466185, Repeat\n\rPatch 30 of 32'
2022-11-12 13:06:17,223 ' DE 0.224318, W.DE 0.224318, W.peqDE 0.267993, OK ( < 0.292244)\n\rPatch 31 of 32'
2022-11-12 13:06:25,928 ' DE 0.227770, W.DE 0.227770, W.peqDE 0.231327, OK ( < 0.250000)\n\rPatch 32 of 32'
2022-11-12 13:06:35,127 ' DE 0.026844, W.DE 0.026844, W.peqDE 0.026844, OK ( < 0.250000)\n\nBrightness error = -0.970174 cd/m^2 (is 102.907994, should be 103.878168)\nWhite point error = 0.662977 deltaE\nMaximum neutral error (@ 0.280302) = 0.856019 deltaE\n'
2022-11-12 13:06:35,129 'Average neutral error = 0.377471 deltaE\nNumber of measurements taken = 67\nComputing update to calibration curves...\n'
2022-11-12 13:06:35,219 'The instrument can be removed from the screen.\n'
2022-11-12 13:06:35,603 "Written calibration file 'DisplayPort-2CRTV2.cal'\n"
