2022-11-12 11:48:53,862 ================================================================================
2022-11-12 11:48:53,862 displaycal 3.8.9.3 2019-12-14T12:16:22.165507Z
2022-11-12 11:48:53,864 gentoo 2.9  x86_64
2022-11-12 11:48:53,864 Python 2.7.18 (default, Nov  8 2022, 22:42:23) 
2022-11-12 11:48:53,864 [GCC 12.2.1 20221008]
2022-11-12 11:48:53,864 Faulthandler 3.2
2022-11-12 11:48:53,882 /usr/lib64/python2.7/site-packages/wx-3.0-gtk2/wx/_core.py:16629: UserWarning: wxPython/wxWidgets release number mismatch
2022-11-12 11:48:53,909 wxPython 3.0.2.0 gtk2 (classic)
2022-11-12 11:48:53,909 Encoding: UTF-8
2022-11-12 11:48:53,909 File system encoding: UTF-8
2022-11-12 11:48:53,909 Loading /home/leo/.config/DisplayCAL/DisplayCAL.ini
2022-11-12 11:48:53,910 Lockfile /home/leo/.config/DisplayCAL/DisplayCAL.lock
2022-11-12 11:48:53,910 Existing client using port 15411
2022-11-12 11:48:53,910 Connecting to 15411...
2022-11-12 11:48:53,910 Connection to 127.0.0.1:15411 failed: [Errno 111] Connection refused
2022-11-12 11:48:54,012 Starting up...
2022-11-12 11:48:54,080 SDL2: libSDL2-2.0.so.0
2022-11-12 11:48:54,081 Audio module: wx 3.0.2.0
2022-11-12 11:48:55,151 Enumerating display devices and communication ports...
2022-11-12 11:48:55,151 /usr/bin
2022-11-12 11:48:56,928 ArgyllCMS 2.3.1
2022-11-12 11:48:56,928 Argyll has virtual display support
2022-11-12 11:48:56,928 ...ok.
2022-11-12 11:48:56,937 Checking video card gamma table access for display 1...
2022-11-12 11:48:56,958 Dispwin: Warning - new_dispwin: Expected VideoLUT depth 8 doesn't match actual 10
2022-11-12 11:48:56,988 VideoLUT has 1024 entries, interpolating to 256
2022-11-12 11:48:57,098 Dispwin: Warning - new_dispwin: Expected VideoLUT depth 8 doesn't match actual 10
2022-11-12 11:48:57,116 Dispwin: Warning - new_dispwin: Expected VideoLUT depth 8 doesn't match actual 10
2022-11-12 11:48:57,116 Verify: 'test.cal' IS loaded (discrepancy 0.0%)
2022-11-12 11:48:57,146 Dispwin: Warning - new_dispwin: Expected VideoLUT depth 8 doesn't match actual 10
2022-11-12 11:48:57,147 ...ok.
2022-11-12 11:48:57,147 Checking video card gamma table access for display 2...
2022-11-12 11:48:57,184 Dispwin: Warning - new_dispwin: Expected VideoLUT depth 8 doesn't match actual 10
2022-11-12 11:48:57,212 VideoLUT has 1024 entries, interpolating to 256
2022-11-12 11:48:57,351 Dispwin: Warning - new_dispwin: Expected VideoLUT depth 8 doesn't match actual 10
2022-11-12 11:48:57,384 Dispwin: Warning - new_dispwin: Expected VideoLUT depth 8 doesn't match actual 10
2022-11-12 11:48:57,384 Verify: 'test.cal' IS loaded (discrepancy 0.0%)
2022-11-12 11:48:57,451 Dispwin: Warning - new_dispwin: Expected VideoLUT depth 8 doesn't match actual 10
2022-11-12 11:48:57,451 ...ok.
2022-11-12 11:48:57,451 Checking video card gamma table access for display 3...
2022-11-12 11:48:57,491 Dispwin: Warning - new_dispwin: Expected VideoLUT depth 8 doesn't match actual 10
2022-11-12 11:48:57,519 VideoLUT has 1024 entries, interpolating to 256
2022-11-12 11:48:57,658 Dispwin: Warning - new_dispwin: Expected VideoLUT depth 8 doesn't match actual 10
2022-11-12 11:48:57,692 Dispwin: Warning - new_dispwin: Expected VideoLUT depth 8 doesn't match actual 10
2022-11-12 11:48:57,692 Verify: 'test.cal' IS loaded (discrepancy 0.0%)
2022-11-12 11:48:57,759 Dispwin: Warning - new_dispwin: Expected VideoLUT depth 8 doesn't match actual 10
2022-11-12 11:48:57,759 ...ok.
2022-11-12 11:48:57,759 Initializing GUI...
2022-11-12 11:48:57,828 
2022-11-12 11:48:59,179 ...ok.
2022-11-12 11:48:59,180 Ready.
2022-11-12 11:48:59,284 Setting up scripting host at 127.0.0.1:34903
2022-11-12 11:48:59,325 Check for application update...
2022-11-12 11:48:59,448 DisplayCAL is up-to-date.
2022-11-12 11:48:59,577 ArgyllCMS is up-to-date.
2022-11-12 11:51:16,239 ================================================================================
2022-11-12 11:51:16,239 displaycal 3.8.9.3 2019-12-14T12:16:22.165507Z
2022-11-12 11:51:16,241 gentoo 2.9  x86_64
2022-11-12 11:51:16,241 Python 2.7.18 (default, Nov  8 2022, 22:42:23) 
2022-11-12 11:51:16,241 [GCC 12.2.1 20221008]
2022-11-12 11:51:16,241 Faulthandler 3.2
2022-11-12 11:51:16,259 /usr/lib64/python2.7/site-packages/wx-3.0-gtk2/wx/_core.py:16629: UserWarning: wxPython/wxWidgets release number mismatch
2022-11-12 11:51:16,286 wxPython 3.0.2.0 gtk2 (classic)
2022-11-12 11:51:16,286 Encoding: UTF-8
2022-11-12 11:51:16,286 File system encoding: UTF-8
2022-11-12 11:51:16,286 Loading /home/leo/.config/DisplayCAL/DisplayCAL.ini
2022-11-12 11:51:16,287 Lockfile /home/leo/.config/DisplayCAL/DisplayCAL.lock
2022-11-12 11:51:16,287 Existing client using port 34903
2022-11-12 11:51:16,287 Connecting to 34903...
2022-11-12 11:51:16,287 Connection to 127.0.0.1:34903 failed: [Errno 111] Connection refused
2022-11-12 11:51:16,390 Starting up...
2022-11-12 11:51:16,455 SDL2: libSDL2-2.0.so.0
2022-11-12 11:51:16,455 Audio module: wx 3.0.2.0
2022-11-12 11:51:17,541 Enumerating display devices and communication ports...
2022-11-12 11:51:17,542 /usr/bin
2022-11-12 11:51:19,312 ArgyllCMS 2.3.1
2022-11-12 11:51:19,313 Argyll has virtual display support
2022-11-12 11:51:19,313 ...ok.
2022-11-12 11:51:19,322 Checking video card gamma table access for display 1...
2022-11-12 11:51:19,339 Dispwin: Warning - new_dispwin: Expected VideoLUT depth 8 doesn't match actual 10
2022-11-12 11:51:19,368 VideoLUT has 1024 entries, interpolating to 256
2022-11-12 11:51:19,478 Dispwin: Warning - new_dispwin: Expected VideoLUT depth 8 doesn't match actual 10
2022-11-12 11:51:19,496 Dispwin: Warning - new_dispwin: Expected VideoLUT depth 8 doesn't match actual 10
2022-11-12 11:51:19,497 Verify: 'test.cal' IS loaded (discrepancy 0.0%)
2022-11-12 11:51:19,527 Dispwin: Warning - new_dispwin: Expected VideoLUT depth 8 doesn't match actual 10
2022-11-12 11:51:19,527 ...ok.
2022-11-12 11:51:19,527 Checking video card gamma table access for display 2...
2022-11-12 11:51:19,557 Dispwin: Warning - new_dispwin: Expected VideoLUT depth 8 doesn't match actual 10
2022-11-12 11:51:19,586 VideoLUT has 1024 entries, interpolating to 256
2022-11-12 11:51:19,724 Dispwin: Warning - new_dispwin: Expected VideoLUT depth 8 doesn't match actual 10
2022-11-12 11:51:19,757 Dispwin: Warning - new_dispwin: Expected VideoLUT depth 8 doesn't match actual 10
2022-11-12 11:51:19,757 Verify: 'test.cal' IS loaded (discrepancy 0.0%)
2022-11-12 11:51:19,824 Dispwin: Warning - new_dispwin: Expected VideoLUT depth 8 doesn't match actual 10
2022-11-12 11:51:19,824 ...ok.
2022-11-12 11:51:19,824 Checking video card gamma table access for display 3...
2022-11-12 11:51:19,858 Dispwin: Warning - new_dispwin: Expected VideoLUT depth 8 doesn't match actual 10
2022-11-12 11:51:19,887 VideoLUT has 1024 entries, interpolating to 256
2022-11-12 11:51:20,041 Dispwin: Warning - new_dispwin: Expected VideoLUT depth 8 doesn't match actual 10
2022-11-12 11:51:20,075 Dispwin: Warning - new_dispwin: Expected VideoLUT depth 8 doesn't match actual 10
2022-11-12 11:51:20,075 Verify: 'test.cal' IS loaded (discrepancy 0.0%)
2022-11-12 11:51:20,141 Dispwin: Warning - new_dispwin: Expected VideoLUT depth 8 doesn't match actual 10
2022-11-12 11:51:20,142 ...ok.
2022-11-12 11:51:20,142 Initializing GUI...
2022-11-12 11:51:20,205 
2022-11-12 11:51:21,540 ...ok.
2022-11-12 11:51:21,541 Ready.
2022-11-12 11:51:21,644 Setting up scripting host at 127.0.0.1:15411
2022-11-12 11:51:21,693 Check for application update...
2022-11-12 11:51:21,794 DisplayCAL is up-to-date.
2022-11-12 11:51:21,986 ArgyllCMS is up-to-date.
2022-11-12 12:49:27,124 ================================================================================
2022-11-12 12:49:27,124 displaycal 3.8.9.3 2019-12-14T12:16:22.165507Z
2022-11-12 12:49:27,125 gentoo 2.9  x86_64
2022-11-12 12:49:27,126 Python 2.7.18 (default, Nov  8 2022, 22:42:23) 
2022-11-12 12:49:27,126 [GCC 12.2.1 20221008]
2022-11-12 12:49:27,126 Faulthandler 3.2
2022-11-12 12:49:27,143 /usr/lib64/python2.7/site-packages/wx-3.0-gtk2/wx/_core.py:16629: UserWarning: wxPython/wxWidgets release number mismatch
2022-11-12 12:49:27,171 wxPython 3.0.2.0 gtk2 (classic)
2022-11-12 12:49:27,171 Encoding: UTF-8
2022-11-12 12:49:27,171 File system encoding: UTF-8
2022-11-12 12:49:27,171 Loading /home/leo/.config/DisplayCAL/DisplayCAL.ini
2022-11-12 12:49:27,172 Lockfile /home/leo/.config/DisplayCAL/DisplayCAL.lock
2022-11-12 12:49:27,172 Existing client using port 15411
2022-11-12 12:49:27,172 Connecting to 15411...
2022-11-12 12:49:27,172 Connection to 127.0.0.1:15411 failed: [Errno 111] Connection refused
2022-11-12 12:49:27,274 Starting up...
2022-11-12 12:49:27,340 SDL2: libSDL2-2.0.so.0
2022-11-12 12:49:27,340 Audio module: wx 3.0.2.0
2022-11-12 12:49:28,409 Enumerating display devices and communication ports...
2022-11-12 12:49:28,410 /usr/bin
2022-11-12 12:49:30,184 ArgyllCMS 2.3.1
2022-11-12 12:49:30,184 Argyll has virtual display support
2022-11-12 12:49:30,184 ...ok.
2022-11-12 12:49:30,193 Checking video card gamma table access for display 1...
2022-11-12 12:49:30,213 Dispwin: Warning - new_dispwin: Expected VideoLUT depth 8 doesn't match actual 10
2022-11-12 12:49:30,244 VideoLUT has 1024 entries, interpolating to 256
2022-11-12 12:49:30,353 Dispwin: Warning - new_dispwin: Expected VideoLUT depth 8 doesn't match actual 10
2022-11-12 12:49:30,371 Dispwin: Warning - new_dispwin: Expected VideoLUT depth 8 doesn't match actual 10
2022-11-12 12:49:30,371 Verify: 'test.cal' IS loaded (discrepancy 0.0%)
2022-11-12 12:49:30,401 Dispwin: Warning - new_dispwin: Expected VideoLUT depth 8 doesn't match actual 10
2022-11-12 12:49:30,402 ...ok.
2022-11-12 12:49:30,402 Checking video card gamma table access for display 2...
2022-11-12 12:49:30,429 Dispwin: Warning - new_dispwin: Expected VideoLUT depth 8 doesn't match actual 10
2022-11-12 12:49:30,457 VideoLUT has 1024 entries, interpolating to 256
2022-11-12 12:49:30,595 Dispwin: Warning - new_dispwin: Expected VideoLUT depth 8 doesn't match actual 10
2022-11-12 12:49:30,629 Dispwin: Warning - new_dispwin: Expected VideoLUT depth 8 doesn't match actual 10
2022-11-12 12:49:30,629 Verify: 'test.cal' IS loaded (discrepancy 0.0%)
2022-11-12 12:49:30,695 Dispwin: Warning - new_dispwin: Expected VideoLUT depth 8 doesn't match actual 10
2022-11-12 12:49:30,696 ...ok.
2022-11-12 12:49:30,696 Checking video card gamma table access for display 3...
2022-11-12 12:49:30,732 Dispwin: Warning - new_dispwin: Expected VideoLUT depth 8 doesn't match actual 10
2022-11-12 12:49:30,761 VideoLUT has 1024 entries, interpolating to 256
2022-11-12 12:49:30,915 Dispwin: Warning - new_dispwin: Expected VideoLUT depth 8 doesn't match actual 10
2022-11-12 12:49:30,949 Dispwin: Warning - new_dispwin: Expected VideoLUT depth 8 doesn't match actual 10
2022-11-12 12:49:30,949 Verify: 'test.cal' IS loaded (discrepancy 0.0%)
2022-11-12 12:49:31,015 Dispwin: Warning - new_dispwin: Expected VideoLUT depth 8 doesn't match actual 10
2022-11-12 12:49:31,016 ...ok.
2022-11-12 12:49:31,016 Initializing GUI...
2022-11-12 12:49:31,079 
2022-11-12 12:49:32,464 ...ok.
2022-11-12 12:49:32,465 Ready.
2022-11-12 12:49:32,568 Setting up scripting host at 127.0.0.1:34973
2022-11-12 12:49:32,599 Check for application update...
2022-11-12 12:49:32,727 DisplayCAL is up-to-date.
2022-11-12 12:49:32,883 ArgyllCMS is up-to-date.
2022-11-12 12:50:28,210 Reloading /home/leo/.config/DisplayCAL/DisplayCAL.ini
2022-11-12 12:50:28,314 --------------------------------------------------------------------------------
2022-11-12 12:50:28,314 Calibrate & profile
2022-11-12 12:50:29,036 Detecting output levels range...
2022-11-12 12:50:29,038 gi.repository.GLib.Error: g-dbus-error-quark: GDBus.Error:org.freedesktop.DBus.Error.ServiceUnknown: The name org.freedesktop.ScreenSaver was not provided by any .service files (2)
2022-11-12 12:50:29,039 gi.repository.GLib.Error: g-dbus-error-quark: GDBus.Error:org.freedesktop.DBus.Error.ServiceUnknown: The name org.freedesktop.PowerManagement.Inhibit was not provided by any .service files (2)
2022-11-12 12:50:29,039 --------------------------------------------------------------------------------
2022-11-12 12:50:29,040 Session log: 0_16
2022-11-12 12:50:29,040 
2022-11-12 12:50:29,040 Working directory:
2022-11-12 12:50:29,040   /
2022-11-12 12:50:29,040    tmp/
2022-11-12 12:50:29,040     DisplayCAL-sVC1F3/
2022-11-12 12:50:29,040 
2022-11-12 12:50:29,040 Command line:
2022-11-12 12:50:29,041   /usr/bin/argyll-dispread
2022-11-12 12:50:29,041     -v
2022-11-12 12:50:29,041     -k
2022-11-12 12:50:29,041     /usr/share/DisplayCAL/linear.cal
2022-11-12 12:50:29,041     -d3
2022-11-12 12:50:29,041     -c1
2022-11-12 12:50:29,041     -yn
2022-11-12 12:50:29,041     -P0.850177304965,0.118131868132,1.24867724868
2022-11-12 12:50:29,042     0_16
2022-11-12 12:50:29,042 
2022-11-12 12:50:29,046 DisplayCAL: Starting interaction with subprocess
2022-11-12 12:50:29,461 Number of patches = 3
2022-11-12 12:50:29,466 Setting up the instrument
2022-11-12 12:50:30,514 Product Name:      Colormunki Display 
2022-11-12 12:50:30,515 Serial Number:     C1-22.B-02.015586.02
2022-11-12 12:50:30,515 Firmware Version:  v2.28 
2022-11-12 12:50:30,515 Firmware Date:     29Jan14
2022-11-12 12:50:30,517 argyll-dispread: Warning - new_dispwin: Expected VideoLUT depth 8 doesn't match actual 10
2022-11-12 12:50:30,725 Place instrument on test window.
2022-11-12 12:50:30,726 DisplayCAL: Detected instrument placement (screen/spot) message
2022-11-12 12:50:30,726 DisplayCAL: Waiting for send buffer
2022-11-12 12:50:32,228 DisplayCAL: Skipping place instrument on screen message...
2022-11-12 12:50:32,256 DisplayCAL: Sending buffer: ' '
2022-11-12 12:50:32,307 Hit Esc or Q to give up, any other key to continue:
2022-11-12 12:51:00,989 Patch 3 of 3
2022-11-12 12:51:00,990 The instrument can be removed from the screen.
2022-11-12 12:51:01,369 Written '0_16.ti3'
2022-11-12 12:51:01,370 DisplayCAL: Reached EOF (OK)
2022-11-12 12:51:01,471 argyll-dispread exitcode: 0
2022-11-12 12:51:01,479 RGB level 0 is 0.000000 cd/m2
2022-11-12 12:51:01,479 RGB level 16 is 0.000000 cd/m2
2022-11-12 12:52:59,239 Reloading /home/leo/.config/DisplayCAL/DisplayCAL.ini
2022-11-12 12:52:59,344 --------------------------------------------------------------------------------
2022-11-12 12:52:59,344 Calibrate & profile
2022-11-12 12:52:59,384 
2022-11-12 12:52:59,389 Detecting output levels range...
2022-11-12 12:52:59,392 gi.repository.GLib.Error: g-dbus-error-quark: GDBus.Error:org.freedesktop.DBus.Error.ServiceUnknown: The name org.freedesktop.ScreenSaver was not provided by any .service files (2)
2022-11-12 12:52:59,392 gi.repository.GLib.Error: g-dbus-error-quark: GDBus.Error:org.freedesktop.DBus.Error.ServiceUnknown: The name org.freedesktop.PowerManagement.Inhibit was not provided by any .service files (2)
2022-11-12 12:52:59,393 --------------------------------------------------------------------------------
2022-11-12 12:52:59,393 Session log: 0_16
2022-11-12 12:52:59,393 
2022-11-12 12:52:59,393 Working directory:
2022-11-12 12:52:59,393   /
2022-11-12 12:52:59,394    tmp/
2022-11-12 12:52:59,394     DisplayCAL-nwqs2U/
2022-11-12 12:52:59,394 
2022-11-12 12:52:59,394 Command line:
2022-11-12 12:52:59,394   /usr/bin/argyll-dispread
2022-11-12 12:52:59,394     -v
2022-11-12 12:52:59,394     -k
2022-11-12 12:52:59,394     /usr/share/DisplayCAL/linear.cal
2022-11-12 12:52:59,395     -d3
2022-11-12 12:52:59,395     -c1
2022-11-12 12:52:59,395     -yn
2022-11-12 12:52:59,395     -P0.850177304965,0.118131868132,1.24867724868
2022-11-12 12:52:59,395     0_16
2022-11-12 12:52:59,396 
2022-11-12 12:52:59,401 DisplayCAL: Starting interaction with subprocess
2022-11-12 12:52:59,809 Number of patches = 3
2022-11-12 12:52:59,810 Setting up the instrument
2022-11-12 12:53:00,834 Product Name:      Colormunki Display 
2022-11-12 12:53:00,834 Serial Number:     C1-22.B-02.015586.02
2022-11-12 12:53:00,834 Firmware Version:  v2.28 
2022-11-12 12:53:00,834 Firmware Date:     29Jan14
2022-11-12 12:53:00,836 argyll-dispread: Warning - new_dispwin: Expected VideoLUT depth 8 doesn't match actual 10
2022-11-12 12:53:01,044 Place instrument on test window.
2022-11-12 12:53:01,045 DisplayCAL: Detected instrument placement (screen/spot) message
2022-11-12 12:53:01,046 DisplayCAL: Waiting for send buffer
2022-11-12 12:53:02,547 DisplayCAL: Skipping place instrument on screen message...
2022-11-12 12:53:02,576 DisplayCAL: Sending buffer: ' '
2022-11-12 12:53:02,627 Hit Esc or Q to give up, any other key to continue:
2022-11-12 12:53:18,394 Patch 3 of 3
2022-11-12 12:53:18,395 The instrument can be removed from the screen.
2022-11-12 12:53:18,724 Written '0_16.ti3'
2022-11-12 12:53:18,725 DisplayCAL: Reached EOF (OK)
2022-11-12 12:53:18,826 argyll-dispread exitcode: 0
2022-11-12 12:53:18,836 RGB level 0 is 0.066721 cd/m2
2022-11-12 12:53:18,836 RGB level 16 is 0.292832 cd/m2
2022-11-12 12:53:18,836 Assuming full range output levels
2022-11-12 12:53:18,838 gi.repository.GLib.Error: g-dbus-error-quark: GDBus.Error:org.freedesktop.DBus.Error.ServiceUnknown: The name org.freedesktop.ScreenSaver was not provided by any .service files (2)
2022-11-12 12:53:18,839 gi.repository.GLib.Error: g-dbus-error-quark: GDBus.Error:org.freedesktop.DBus.Error.ServiceUnknown: The name org.freedesktop.PowerManagement.Inhibit was not provided by any .service files (2)
2022-11-12 12:53:18,840 --------------------------------------------------------------------------------
2022-11-12 12:53:18,840 Session log: DisplayPort-2CRTV2
2022-11-12 12:53:18,840 
2022-11-12 12:53:18,840 Working directory:
2022-11-12 12:53:18,840   /
2022-11-12 12:53:18,840    tmp/
2022-11-12 12:53:18,841     DisplayCAL-nwqs2U/
2022-11-12 12:53:18,841 
2022-11-12 12:53:18,841 Command line:
2022-11-12 12:53:18,841   /usr/bin/argyll-dispcal
2022-11-12 12:53:18,841     -v2
2022-11-12 12:53:18,841     -d3
2022-11-12 12:53:18,842     -c1
2022-11-12 12:53:18,842     -yn
2022-11-12 12:53:18,842     -P0.850177304965,0.118131868132,1.24867724868
2022-11-12 12:53:18,842     -ql
2022-11-12 12:53:18,842     -t6500
2022-11-12 12:53:18,842     -b120.0
2022-11-12 12:53:18,843     -gs
2022-11-12 12:53:18,843     -f1.0
2022-11-12 12:53:18,843     -k0
2022-11-12 12:53:18,843     -A4.0
2022-11-12 12:53:18,843     -b
2022-11-12 12:53:18,843     DisplayPort-2CRTV2
2022-11-12 12:53:18,844 
2022-11-12 12:53:18,847 DisplayCAL: Starting interaction with subprocess
2022-11-12 12:53:19,257 Setting up the instrument
2022-11-12 12:53:20,283 Product Name:      Colormunki Display 
2022-11-12 12:53:20,283 Serial Number:     C1-22.B-02.015586.02
2022-11-12 12:53:20,283 Firmware Version:  v2.28 
2022-11-12 12:53:20,283 Firmware Date:     29Jan14
2022-11-12 12:53:20,285 argyll-dispcal: Warning - new_dispwin: Expected VideoLUT depth 8 doesn't match actual 10
2022-11-12 12:53:20,507 Place instrument on test window.
2022-11-12 12:53:20,509 DisplayCAL: Detected instrument placement (screen/spot) message
2022-11-12 12:53:20,509 DisplayCAL: Waiting for send buffer
2022-11-12 12:53:22,010 DisplayCAL: Skipping place instrument on screen message...
2022-11-12 12:53:22,039 DisplayCAL: Sending buffer: ' '
2022-11-12 12:53:22,090 Hit Esc or Q to give up, any other key to continue:
2022-11-12 12:53:22,090 Display type is 'n'
2022-11-12 12:53:22,090 Target white = 6500.000000 degrees kelvin Daylight spectrum
2022-11-12 12:53:22,091 Target white brightness = 120.000000 cd/m^2
2022-11-12 12:53:22,092 Target black brightness = native brightness
2022-11-12 12:53:22,092 Black point device hack is enabled
2022-11-12 12:53:22,093 Target gamma = sRGB curve
2022-11-12 12:53:22,093 
2022-11-12 12:53:22,093 Display adjustment menu:
2022-11-12 12:53:22,093 Press 1 .. 7
2022-11-12 12:53:22,093 1) Black level (CRT: Offset/Brightness)
2022-11-12 12:53:22,093 2) White point (Color temperature, R,G,B, Gain/Contrast)
2022-11-12 12:53:22,094 3) White level (CRT: Gain/Contrast, LCD: Brightness/Backlight)
2022-11-12 12:53:22,094 4) Black point (R,G,B, Offset/Brightness)
2022-11-12 12:53:22,094 5) Check all
2022-11-12 12:53:22,094 6) Measure and set ambient for viewing condition adjustment
2022-11-12 12:53:22,094 7) Continue on to calibration
2022-11-12 12:53:22,095 8) Exit
2022-11-12 12:53:22,098 DisplayCAL: Waiting for send buffer
2022-11-12 12:53:22,812 DisplayCAL: Sending buffer: '2'
2022-11-12 12:53:22,863 Doing some initial measurements
2022-11-12 12:53:31,610 Red   = XYZ 52.313 29.943  2.286
2022-11-12 12:53:31,611 Green = XYZ 31.304 68.448 11.846
2022-11-12 12:53:31,611 Blue  = XYZ 20.546  9.355 107.557
2022-11-12 12:53:33,192 White = XYZ 102.139 105.665 118.120
2022-11-12 12:53:33,193 
2022-11-12 12:53:33,193 Adjust R,G & B gain to get target x,y. Press space when done.
2022-11-12 12:53:33,194    Target Br 120.00, x 0.3128 , y 0.3292 
2022-11-12 12:54:17,394 DisplayCAL: Sending buffer: ' '
2022-11-12 12:54:17,613 \ Current Br 105.60, x 0.3154-, y 0.3266+  DE  3.7  R-  G++ B-   
2022-11-12 12:54:17,613 
2022-11-12 12:54:17,613 Press 1 .. 7
2022-11-12 12:54:17,614 1) Black level (CRT: Offset/Brightness)
2022-11-12 12:54:17,614 2) White point (Color temperature, R,G,B, Gain/Contrast)
2022-11-12 12:54:17,614 3) White level (CRT: Gain/Contrast, LCD: Brightness/Backlight)
2022-11-12 12:54:17,614 4) Black point (R,G,B, Offset/Brightness)
2022-11-12 12:54:17,614 5) Check all
2022-11-12 12:54:17,615 6) Measure and set ambient for viewing condition adjustment
2022-11-12 12:54:17,615 7) Continue on to calibration
2022-11-12 12:54:17,615 8) Exit
2022-11-12 12:54:17,617 DisplayCAL: Waiting for send buffer
2022-11-12 12:54:22,411 DisplayCAL: Sending buffer: '7'
2022-11-12 12:54:22,462 Commencing display calibration
2022-11-12 12:55:10,132 Patch 9 of 9
2022-11-12 12:55:10,133 Black = XYZ 0.0816 0.0576 0.0753
2022-11-12 12:55:10,133 Red   = XYZ 52.780 30.196  2.295
2022-11-12 12:55:10,133 Green = XYZ 31.326 68.521 11.788
2022-11-12 12:55:10,133 Blue  = XYZ 19.983  9.235 105.049
2022-11-12 12:55:10,134 White = XYZ 102.208 105.822 116.055
2022-11-12 12:59:12,954 Patch 48 of 48
2022-11-12 12:59:13,007 Had to scale brightness from 120.000000 to 103.878168 to fit within gamut,
2022-11-12 12:59:13,007 corresponding to aprox. RGB 0.970253 1.000000 0.982997
2022-11-12 12:59:13,008 Target white value is XYZ 98.702098 103.878168 112.970269 [xy 0.312793 0.329197]
2022-11-12 12:59:13,008 Adjusted target black XYZ 0.0816 0.0576 0.0753, Lab 0.501 1.060 -0.175
2022-11-12 12:59:13,008 Target black after min adjust: XYZ 0.0816 0.0576 0.0753, Lab 0.501 1.060 -0.175
2022-11-12 12:59:13,010 Gamma curve input offset = 0.000000, output offset = 0.000554, power = 0.000000
2022-11-12 12:59:13,010 Total Iteration 2, Final Samples = 32 Final Repeat threshold = 0.900000
2022-11-12 12:59:13,010 Creating initial calibration curves...
2022-11-12 12:59:13,079 
2022-11-12 12:59:13,080 Doing iteration 1/2 with 16 sample points and repeat threshold of 1.272792 DE
2022-11-12 12:59:14,441 Patch 1 of 16 DE 0.736001, W.DE 0.736001, OK ( < 1.272792)
2022-11-12 12:59:15,852 Patch 2 of 16 DE 2.126247, W.DE 2.126247, Repeat
2022-11-12 12:59:17,300 Patch 2 of 16 DE 0.434834, W.DE 0.434834, OK ( < 1.272792)
2022-11-12 12:59:18,718 Patch 3 of 16 DE 2.091799, W.DE 2.091799, Repeat
2022-11-12 12:59:20,158 Patch 3 of 16 DE 0.542292, W.DE 0.542292, OK ( < 1.272792)
2022-11-12 12:59:21,562 Patch 4 of 16 DE 1.845224, W.DE 1.845224, Repeat
2022-11-12 12:59:22,972 Patch 4 of 16 DE 0.043522, W.DE 0.043522, OK ( < 1.272792)
2022-11-12 12:59:25,458 Patch 5 of 16 DE 2.209358, W.DE 2.209358, Repeat
2022-11-12 12:59:26,866 Patch 5 of 16 DE 0.233066, W.DE 0.233066, OK ( < 1.272792)
2022-11-12 12:59:29,390 Patch 6 of 16 DE 2.408028, W.DE 2.408028, Repeat
2022-11-12 12:59:39,607 Patch 6 of 16 DE 2.408028, W.DE 2.408028, Repeat
2022-11-12 12:59:42,179 Patch 6 of 16 DE 2.461485, W.DE 2.461485, Repeat
2022-11-12 12:59:44,657 Patch 6 of 16 DE 1.113344, W.DE 1.113344, OK ( < 1.272792)
2022-11-12 12:59:47,241 Patch 7 of 16 DE 2.887779, W.DE 2.887779, Repeat
2022-11-12 12:59:57,710 Patch 7 of 16 DE 2.366554, W.DE 2.366554, Repeat
2022-11-12 13:00:00,258 Patch 7 of 16 DE 0.380909, W.DE 0.380909, OK ( < 1.272792)
2022-11-12 13:00:02,908 Patch 8 of 16 DE 1.356081, W.DE 1.356081, Repeat
2022-11-12 13:00:05,558 Patch 8 of 16 DE 0.444194, W.DE 0.444194, OK ( < 1.272792)
2022-11-12 13:00:08,306 Patch 9 of 16 DE 1.976544, W.DE 1.976544, Repeat
2022-11-12 13:00:11,042 Patch 9 of 16 DE 0.720165, W.DE 0.720165, OK ( < 1.272792)
2022-11-12 13:00:13,892 Patch 10 of 16 DE 1.821315, W.DE 1.821315, Repeat
2022-11-12 13:00:16,746 Patch 10 of 16 DE 0.825294, W.DE 0.825294, OK ( < 1.272792)
2022-11-12 13:00:19,792 Patch 11 of 16 DE 2.693030, W.DE 2.693030, Repeat
2022-11-12 13:00:22,809 Patch 11 of 16 DE 0.700287, W.DE 0.700287, OK ( < 1.272792)
2022-11-12 13:00:27,220 Patch 12 of 16 DE 2.740907, W.DE 2.740907, Repeat
2022-11-12 13:00:31,559 Patch 12 of 16 DE 0.225696, W.DE 0.225696, OK ( < 1.272792)
2022-11-12 13:00:36,726 Patch 13 of 16 DE 2.424910, W.DE 2.424910, Repeat
2022-11-12 13:00:41,527 Patch 13 of 16 DE 0.767028, W.DE 0.767028, OK ( < 1.272792)
2022-11-12 13:00:47,643 Patch 14 of 16 DE 1.641301, W.DE 1.641301, Repeat
2022-11-12 13:00:53,244 Patch 14 of 16 DE 0.615166, W.DE 0.615166, OK ( < 1.272792)
2022-11-12 13:01:00,477 Patch 15 of 16 DE 0.659878, W.DE 0.659878, OK ( < 1.272792)
2022-11-12 13:01:08,811 Patch 16 of 16 DE 0.151326, W.DE 151.325920, Repeat
2022-11-12 13:01:17,072 Patch 16 of 16 DE 0.116222, W.DE 116.222042, Repeat
2022-11-12 13:01:25,595 Patch 16 of 16 DE 0.091067, W.DE 91.067462, Repeat
2022-11-12 13:01:57,720 Patch 16 of 16 DE 0.073621, W.DE 73.620941, Repeat
2022-11-12 13:02:06,716 Patch 16 of 16 DE 0.043403, W.DE 43.402928, Repeat
2022-11-12 13:02:15,347 Patch 16 of 16 DE 0.025742, W.DE 25.741514, Repeat
2022-11-12 13:02:24,330 Patch 16 of 16 DE 0.010807, W.DE 10.807063, Repeat
2022-11-12 13:02:33,299 Patch 16 of 16 DE 0.007461, W.DE 7.461484, Repeat
2022-11-12 13:02:42,281 Patch 16 of 16 DE 0.007058, W.DE 7.057816, Repeat
2022-11-12 13:02:51,265 Patch 16 of 16 DE 0.004681, W.DE 4.680994, Fail ( > 1.272792)
2022-11-12 13:02:51,266 
2022-11-12 13:02:51,266 Brightness error = -0.782891 cd/m^2 (is 103.095276, should be 103.878168)
2022-11-12 13:02:51,266 White point error = 0.677238 deltaE
2022-11-12 13:02:51,266 Maximum neutral error (@ 0.522702) = 1.110761 deltaE
2022-11-12 13:02:51,267 Average neutral error = 0.528438 deltaE
2022-11-12 13:02:51,269 Failed to meet target 1.272792 delta E, got worst case 4.680994
2022-11-12 13:02:51,269 Number of measurements taken = 50
2022-11-12 13:02:51,270 Computing update to calibration curves...
2022-11-12 13:02:51,316 
2022-11-12 13:02:51,317 Doing iteration 2/2 with 32 sample points and repeat threshold of 0.900000 DE
2022-11-12 13:02:52,896 Patch 1 of 32 DE 0.753677, W.DE 0.753677, W.peqDE 0.753677, OK ( < 0.900000)
2022-11-12 13:02:54,289 Patch 2 of 32 DE 0.176284, W.DE 0.176284, W.peqDE 0.590186, OK ( < 0.900000)
2022-11-12 13:02:55,672 Patch 3 of 32 DE 0.385363, W.DE 0.385363, W.peqDE 0.463971, OK ( < 0.900000)
2022-11-12 13:02:57,056 Patch 4 of 32 DE 0.459689, W.DE 0.459689, W.peqDE 0.298998, OK ( < 0.900000)
2022-11-12 13:02:58,439 Patch 5 of 32 DE 0.508942, W.DE 0.508942, W.peqDE 0.403767, OK ( < 0.900000)
2022-11-12 13:02:59,820 Patch 6 of 32 DE 0.531334, W.DE 0.531334, W.peqDE 0.460615, OK ( < 0.900000)
2022-11-12 13:03:01,203 Patch 7 of 32 DE 0.338683, W.DE 0.338683, W.peqDE 0.365897, OK ( < 0.900000)
2022-11-12 13:03:02,586 Patch 8 of 32 DE 0.227409, W.DE 0.227409, W.peqDE 0.270496, OK ( < 0.900000)
2022-11-12 13:03:03,971 Patch 9 of 32 DE 0.177103, W.DE 0.177103, W.peqDE 0.326266, OK ( < 0.900000)
2022-11-12 13:03:06,448 Patch 10 of 32 DE 2.146145, W.DE 2.146145, peqDE 2.092986, Repeat
2022-11-12 13:03:16,565 Patch 10 of 32 DE 2.146145, W.DE 2.146145, peqDE 2.092986, Repeat
2022-11-12 13:03:19,115 Patch 10 of 32 DE 1.980698, W.DE 1.980698, peqDE 2.032585, Repeat
2022-11-12 13:03:21,532 Patch 10 of 32 DE 1.484559, W.DE 1.484559, peqDE 1.544535, Repeat
2022-11-12 13:03:23,949 Patch 10 of 32 DE 0.805649, W.DE 0.805649, W.peqDE 0.859088, OK ( < 0.900000)
2022-11-12 13:03:26,449 Patch 11 of 32 DE 2.012880, W.DE 2.012880, peqDE 2.803461, Repeat
2022-11-12 13:03:28,966 Patch 11 of 32 DE 1.117084, W.DE 1.117084, peqDE 0.337079, Repeat
2022-11-12 13:03:39,067 Patch 11 of 32 DE 1.117084, W.DE 1.117084, peqDE 0.337079, Repeat
2022-11-12 13:03:41,635 Patch 11 of 32 DE 1.568630, W.DE 1.568630, peqDE 0.777158, Repeat (got worse)
2022-11-12 13:03:44,117 Patch 11 of 32 DE 0.213832, W.DE 0.213832, W.peqDE 0.875103, OK ( < 0.900000)
2022-11-12 13:03:46,634 Patch 12 of 32 DE 0.270841, W.DE 0.270841, W.peqDE 0.349283, OK ( < 0.900000)
2022-11-12 13:03:49,167 Patch 13 of 32 DE 0.168709, W.DE 0.168709, W.peqDE 0.155233, OK ( < 0.900000)
2022-11-12 13:03:51,717 Patch 14 of 32 DE 2.673170, W.DE 2.673170, peqDE 2.697315, Repeat
2022-11-12 13:03:54,303 Patch 14 of 32 DE 0.277906, W.DE 0.277906, W.peqDE 0.365044, OK ( < 0.900000)
2022-11-12 13:03:56,884 Patch 15 of 32 DE 0.331849, W.DE 0.331849, W.peqDE 0.421287, OK ( < 0.900000)
2022-11-12 13:03:59,516 Patch 16 of 32 DE 1.052559, W.DE 1.052559, peqDE 0.898384, Repeat
2022-11-12 13:04:02,134 Patch 16 of 32 DE 0.413307, W.DE 0.413307, W.peqDE 0.563566, OK ( < 0.900000)
2022-11-12 13:04:04,800 Patch 17 of 32 DE 0.698220, W.DE 0.698220, W.peqDE 0.692438, OK ( < 0.900000)
2022-11-12 13:04:07,517 Patch 18 of 32 DE 0.974371, W.DE 0.974371, peqDE 1.551684, Repeat
2022-11-12 13:04:18,571 Patch 18 of 32 DE 1.144817, W.DE 1.144817, peqDE 0.555131, Repeat
2022-11-12 13:04:21,284 Patch 18 of 32 DE 0.655214, W.DE 0.655214, peqDE 0.935926, Repeat
2022-11-12 13:04:23,985 Patch 18 of 32 DE 0.880662, W.DE 0.880662, W.peqDE 0.286434, OK ( < 0.900000)
2022-11-12 13:04:26,751 Patch 19 of 32 DE 0.413306, W.DE 0.413306, peqDE 1.152636, Repeat
2022-11-12 13:04:38,002 Patch 19 of 32 DE 0.413306, W.DE 0.413306, peqDE 1.152636, Repeat
2022-11-12 13:04:40,785 Patch 19 of 32 DE 0.854969, W.DE 0.854969, W.peqDE 0.857764, OK ( < 0.900000)
2022-11-12 13:04:43,618 Patch 20 of 32 DE 0.698298, W.DE 0.698298, W.peqDE 0.650512, OK ( < 0.900000)
2022-11-12 13:04:46,537 Patch 21 of 32 DE 0.249234, W.DE 0.249234, W.peqDE 0.551224, OK ( < 0.900000)
2022-11-12 13:04:49,536 Patch 22 of 32 DE 0.410472, W.DE 0.410472, W.peqDE 0.442357, OK ( < 0.900000)
2022-11-12 13:04:52,669 Patch 23 of 32 DE 0.465120, W.DE 0.465120, W.peqDE 0.312805, OK ( < 0.900000)
2022-11-12 13:04:56,887 Patch 24 of 32 DE 0.422707, W.DE 0.422707, W.peqDE 0.271653, OK ( < 0.900000)
2022-11-12 13:05:01,402 Patch 25 of 32 DE 1.233458, W.DE 1.233458, peqDE 0.823432, Repeat
2022-11-12 13:05:05,836 Patch 25 of 32 DE 0.048707, W.DE 0.048707, W.peqDE 0.419493, OK ( < 0.900000)
2022-11-12 13:05:10,650 Patch 26 of 32 DE 0.931514, W.DE 0.931514, peqDE 0.852509, Repeat
2022-11-12 13:05:15,336 Patch 26 of 32 DE 0.122347, W.DE 0.122347, W.peqDE 0.150412, OK ( < 0.876504)
2022-11-12 13:05:20,487 Patch 27 of 32 DE 0.709068, W.DE 0.709068, peqDE 0.687585, Repeat
2022-11-12 13:05:25,686 Patch 27 of 32 DE 0.322770, W.DE 0.322770, W.peqDE 0.275146, OK ( < 0.623556)
2022-11-12 13:05:31,458 Patch 28 of 32 DE 0.826231, W.DE 0.826231, peqDE 0.900091, Repeat
2022-11-12 13:05:37,220 Patch 28 of 32 DE 0.308890, W.DE 0.308890, W.peqDE 0.419178, OK ( < 0.487575)
2022-11-12 13:05:43,804 Patch 29 of 32 DE 0.865809, W.DE 0.865809, peqDE 0.902106, Repeat
2022-11-12 13:05:49,954 Patch 29 of 32 DE 0.441472, W.DE 0.441472, peqDE 0.476514, Repeat
2022-11-12 13:05:55,871 Patch 29 of 32 DE 0.129149, W.DE 0.129149, W.peqDE 0.146923, OK ( < 0.398179)
2022-11-12 13:06:03,154 Patch 30 of 32 DE 0.587399, W.DE 0.587399, peqDE 0.615573, Repeat
2022-11-12 13:06:10,373 Patch 30 of 32 DE 0.429647, W.DE 0.429647, peqDE 0.466185, Repeat
2022-11-12 13:06:17,223 Patch 30 of 32 DE 0.224318, W.DE 0.224318, W.peqDE 0.267993, OK ( < 0.292244)
2022-11-12 13:06:25,928 Patch 31 of 32 DE 0.227770, W.DE 0.227770, W.peqDE 0.231327, OK ( < 0.250000)
2022-11-12 13:06:35,127 Patch 32 of 32 DE 0.026844, W.DE 0.026844, W.peqDE 0.026844, OK ( < 0.250000)
2022-11-12 13:06:35,127 
2022-11-12 13:06:35,128 Brightness error = -0.970174 cd/m^2 (is 102.907994, should be 103.878168)
2022-11-12 13:06:35,128 White point error = 0.662977 deltaE
2022-11-12 13:06:35,128 Maximum neutral error (@ 0.280302) = 0.856019 deltaE
2022-11-12 13:06:35,130 Average neutral error = 0.377471 deltaE
2022-11-12 13:06:35,130 Number of measurements taken = 67
2022-11-12 13:06:35,130 Computing update to calibration curves...
2022-11-12 13:06:35,219 The instrument can be removed from the screen.
2022-11-12 13:06:35,603 Written calibration file 'DisplayPort-2CRTV2.cal'
2022-11-12 13:06:35,604 DisplayCAL: Reached EOF (OK)
2022-11-12 13:06:35,706 argyll-dispcal exitcode: 0
2022-11-12 13:06:35,740 gi.repository.GLib.Error: g-dbus-error-quark: GDBus.Error:org.freedesktop.DBus.Error.ServiceUnknown: The name org.freedesktop.ScreenSaver was not provided by any .service files (2)
2022-11-12 13:06:35,740 gi.repository.GLib.Error: g-dbus-error-quark: GDBus.Error:org.freedesktop.DBus.Error.ServiceUnknown: The name org.freedesktop.PowerManagement.Inhibit was not provided by any .service files (2)
2022-11-12 13:06:35,741 --------------------------------------------------------------------------------
2022-11-12 13:06:35,741 Session log: DisplayPort-2CRTV2
2022-11-12 13:06:35,741 
2022-11-12 13:06:35,741 Working directory:
2022-11-12 13:06:35,742   /
2022-11-12 13:06:35,742    tmp/
2022-11-12 13:06:35,742     DisplayCAL-nwqs2U/
2022-11-12 13:06:35,742 
2022-11-12 13:06:35,742 Command line:
2022-11-12 13:06:35,742   /usr/bin/argyll-dispread
2022-11-12 13:06:35,743     -v
2022-11-12 13:06:35,743     -d3
2022-11-12 13:06:35,743     -c1
2022-11-12 13:06:35,743     -yn
2022-11-12 13:06:35,743     -P0.850177304965,0.118131868132,1.24867724868
2022-11-12 13:06:35,744     -k
2022-11-12 13:06:35,744     DisplayPort-2CRTV2.cal
2022-11-12 13:06:35,744     DisplayPort-2CRTV2
2022-11-12 13:06:35,744 
2022-11-12 13:06:35,748 DisplayCAL: Starting interaction with subprocess
2022-11-12 13:06:35,825 
2022-11-12 13:06:35,891 
2022-11-12 13:06:36,157 Number of patches = 175
2022-11-12 13:06:36,157 Setting up the instrument
2022-11-12 13:06:37,181 Product Name:      Colormunki Display 
2022-11-12 13:06:37,182 Serial Number:     C1-22.B-02.015586.02
2022-11-12 13:06:37,182 Firmware Version:  v2.28 
2022-11-12 13:06:37,182 Firmware Date:     29Jan14
2022-11-12 13:06:37,183 argyll-dispread: Warning - new_dispwin: Expected VideoLUT depth 8 doesn't match actual 10
2022-11-12 13:06:37,391 Place instrument on test window.
2022-11-12 13:06:37,392 DisplayCAL: Detected instrument placement (screen/spot) message
2022-11-12 13:06:37,392 DisplayCAL: Waiting for send buffer
2022-11-12 13:06:38,893 DisplayCAL: Skipping place instrument on screen message...
2022-11-12 13:06:38,922 DisplayCAL: Sending buffer: ' '
2022-11-12 13:06:38,973 Hit Esc or Q to give up, any other key to continue:
2022-11-12 13:14:02,440 Patch 175 of 175
2022-11-12 13:14:02,440 The instrument can be removed from the screen.
2022-11-12 13:14:02,769 Written 'DisplayPort-2CRTV2.ti3'
2022-11-12 13:14:02,770 DisplayCAL: Reached EOF (OK)
2022-11-12 13:14:02,871 argyll-dispread exitcode: 0
2022-11-12 13:14:02,964 Create profile from measurement data...
2022-11-12 13:14:03,001 Preparing ChromaticityType tag from TI3 colorants
2022-11-12 13:14:03,008 Storing settings in TI3
2022-11-12 13:14:03,049 Extracting neutrals from /tmp/DisplayCAL-nwqs2U/DisplayPort-2CRTV2.ti3
2022-11-12 13:14:03,073 Applying 0% black point correction to TI3
2022-11-12 13:14:03,167 Extracting neutrals from /tmp/DisplayCAL-nwqs2U/DisplayPort-2CRTV2.ti3
2022-11-12 13:14:03,195 R=G=B (>= 1% luminance) dE*00 avg 0.824369838123 peak 3.2825582615
2022-11-12 13:14:03,208 
2022-11-12 13:14:03,214 
2022-11-12 13:14:03,530 Initial cLUT resolution 5x5x5
2022-11-12 13:14:03,532 cLUT input curve segments: 5
2022-11-12 13:14:03,564 #1 X prev 0.049309 next 0.207066 clip False
2022-11-12 13:14:03,592 #2 X prev 0.207066 next 0.502992 clip False
2022-11-12 13:14:03,625 #3 X prev 0.502992 next 0.964200 clip False
2022-11-12 13:14:03,719 #1 Y prev 0.050916 next 0.213981 clip False
2022-11-12 13:14:03,752 #2 Y prev 0.213981 next 0.520859 clip False
2022-11-12 13:14:03,783 #3 Y prev 0.520859 next 1.000000 clip False
2022-11-12 13:14:03,879 #1 Z prev 0.042330 next 0.176907 clip False
2022-11-12 13:14:03,910 #2 Z prev 0.176907 next 0.430927 clip False
2022-11-12 13:14:03,945 #3 Z prev 0.430927 next 0.824900 clip False
2022-11-12 13:14:04,612 cLUT input curve segments: 33
2022-11-12 13:14:04,618 #1 X prev 0.002077 next 0.005029 clip False
2022-11-12 13:14:04,623 #2 X prev 0.005029 next 0.008852 clip False
2022-11-12 13:14:04,628 #3 X prev 0.008852 next 0.013832 clip False
2022-11-12 13:14:04,632 #4 X prev 0.013832 next 0.020249 clip False
2022-11-12 13:14:04,636 #5 X prev 0.020249 next 0.027819 clip False
2022-11-12 13:14:04,640 #6 X prev 0.027819 next 0.037127 clip False
2022-11-12 13:14:04,644 #7 X prev 0.037127 next 0.049309 clip False
2022-11-12 13:14:04,648 #8 X prev 0.049309 next 0.061414 clip False
2022-11-12 13:14:04,652 #9 X prev 0.061414 next 0.075753 clip False
2022-11-12 13:14:04,657 #10 X prev 0.075753 next 0.092404 clip False
2022-11-12 13:14:04,661 #11 X prev 0.092404 next 0.108164 clip False
2022-11-12 13:14:04,665 #12 X prev 0.108164 next 0.134235 clip False
2022-11-12 13:14:04,670 #13 X prev 0.134235 next 0.155535 clip False
2022-11-12 13:14:04,674 #14 X prev 0.155535 next 0.179912 clip False
2022-11-12 13:14:04,678 #15 X prev 0.179912 next 0.207066 clip False
2022-11-12 13:14:04,683 #16 X prev 0.207066 next 0.237000 clip False
2022-11-12 13:14:04,687 #17 X prev 0.237000 next 0.270170 clip False
2022-11-12 13:14:04,692 #18 X prev 0.270170 next 0.299350 clip False
2022-11-12 13:14:04,697 #19 X prev 0.299350 next 0.336881 clip False
2022-11-12 13:14:04,702 #20 X prev 0.336881 next 0.375853 clip False
2022-11-12 13:14:04,706 #21 X prev 0.375853 next 0.416601 clip False
2022-11-12 13:14:04,712 #22 X prev 0.416601 next 0.458794 clip False
2022-11-12 13:14:04,716 #23 X prev 0.458794 next 0.502992 clip False
2022-11-12 13:14:04,719 #24 X prev 0.502992 next 0.552517 clip False
2022-11-12 13:14:04,723 #25 X prev 0.552517 next 0.603817 clip False
2022-11-12 13:14:04,727 #26 X prev 0.603817 next 0.658617 clip False
2022-11-12 13:14:04,731 #27 X prev 0.658617 next 0.716104 clip False
2022-11-12 13:14:04,735 #28 X prev 0.716104 next 0.773467 clip False
2022-11-12 13:14:04,740 #29 X prev 0.773467 next 0.836848 clip False
2022-11-12 13:14:04,744 #30 X prev 0.836848 next 0.900479 clip False
2022-11-12 13:14:04,749 #31 X prev 0.900479 next 0.964200 clip False
2022-11-12 13:14:04,794 #1 Y prev 0.002009 next 0.005108 clip False
2022-11-12 13:14:04,798 #2 Y prev 0.005108 next 0.009149 clip False
2022-11-12 13:14:04,802 #3 Y prev 0.009149 next 0.014385 clip False
2022-11-12 13:14:04,806 #4 Y prev 0.014385 next 0.021020 clip False
2022-11-12 13:14:04,810 #5 Y prev 0.021020 next 0.029037 clip False
2022-11-12 13:14:04,814 #6 Y prev 0.029037 next 0.039019 clip False
2022-11-12 13:14:04,819 #7 Y prev 0.039019 next 0.050916 clip False
2022-11-12 13:14:04,824 #8 Y prev 0.050916 next 0.063847 clip False
2022-11-12 13:14:04,828 #9 Y prev 0.063847 next 0.079262 clip False
2022-11-12 13:14:04,831 #10 Y prev 0.079262 next 0.094765 clip False
2022-11-12 13:14:04,836 #11 Y prev 0.094765 next 0.113255 clip False
2022-11-12 13:14:04,840 #12 Y prev 0.113255 next 0.136638 clip False
2022-11-12 13:14:04,846 #13 Y prev 0.136638 next 0.160562 clip False
2022-11-12 13:14:04,850 #14 Y prev 0.160562 next 0.185981 clip False
2022-11-12 13:14:04,854 #15 Y prev 0.185981 next 0.213981 clip False
2022-11-12 13:14:04,858 #16 Y prev 0.213981 next 0.246595 clip False
2022-11-12 13:14:04,862 #17 Y prev 0.246595 next 0.279536 clip False
2022-11-12 13:14:04,867 #18 Y prev 0.279536 next 0.312657 clip False
2022-11-12 13:14:04,871 #19 Y prev 0.312657 next 0.349732 clip False
2022-11-12 13:14:04,875 #20 Y prev 0.349732 next 0.390136 clip False
2022-11-12 13:14:04,879 #21 Y prev 0.390136 next 0.432583 clip False
2022-11-12 13:14:04,885 #22 Y prev 0.432583 next 0.475866 clip False
2022-11-12 13:14:04,889 #23 Y prev 0.475866 next 0.520859 clip False
2022-11-12 13:14:04,893 #24 Y prev 0.520859 next 0.571242 clip False
2022-11-12 13:14:04,897 #25 Y prev 0.571242 next 0.623920 clip False
2022-11-12 13:14:04,901 #26 Y prev 0.623920 next 0.680574 clip False
2022-11-12 13:14:04,907 #27 Y prev 0.680574 next 0.740056 clip False
2022-11-12 13:14:04,911 #28 Y prev 0.740056 next 0.800433 clip False
2022-11-12 13:14:04,915 #29 Y prev 0.800433 next 0.866970 clip False
2022-11-12 13:14:04,920 #30 Y prev 0.866970 next 0.933528 clip False
2022-11-12 13:14:04,924 #31 Y prev 0.933528 next 1.000000 clip False
2022-11-12 13:14:04,965 #1 Z prev 0.001691 next 0.004200 clip False
2022-11-12 13:14:04,969 #2 Z prev 0.004200 next 0.007530 clip False
2022-11-12 13:14:04,973 #3 Z prev 0.007530 next 0.011892 clip False
2022-11-12 13:14:04,977 #4 Z prev 0.011892 next 0.017337 clip False
2022-11-12 13:14:04,980 #5 Z prev 0.017337 next 0.024016 clip False
2022-11-12 13:14:04,984 #6 Z prev 0.024016 next 0.032579 clip False
2022-11-12 13:14:04,988 #7 Z prev 0.032579 next 0.042330 clip False
2022-11-12 13:14:04,994 #8 Z prev 0.042330 next 0.053449 clip False
2022-11-12 13:14:04,999 #9 Z prev 0.053449 next 0.067035 clip False
2022-11-12 13:14:05,002 #10 Z prev 0.067035 next 0.080765 clip False
2022-11-12 13:14:05,006 #11 Z prev 0.080765 next 0.094533 clip False
2022-11-12 13:14:05,010 #12 Z prev 0.094533 next 0.112821 clip False
2022-11-12 13:14:05,014 #13 Z prev 0.112821 next 0.131333 clip False
2022-11-12 13:14:05,019 #14 Z prev 0.131333 next 0.149487 clip False
2022-11-12 13:14:05,024 #15 Z prev 0.149487 next 0.176907 clip False
2022-11-12 13:14:05,028 #16 Z prev 0.176907 next 0.199479 clip False
2022-11-12 13:14:05,032 #17 Z prev 0.199479 next 0.233428 clip False
2022-11-12 13:14:05,037 #18 Z prev 0.233428 next 0.249560 clip False
2022-11-12 13:14:05,041 #19 Z prev 0.249560 next 0.288056 clip False
2022-11-12 13:14:05,045 #20 Z prev 0.288056 next 0.322609 clip False
2022-11-12 13:14:05,050 #21 Z prev 0.322609 next 0.357917 clip False
2022-11-12 13:14:05,055 #22 Z prev 0.357917 next 0.393916 clip False
2022-11-12 13:14:05,059 #23 Z prev 0.393916 next 0.430927 clip False
2022-11-12 13:14:05,063 #24 Z prev 0.430927 next 0.473195 clip False
2022-11-12 13:14:05,068 #25 Z prev 0.473195 next 0.517828 clip False
2022-11-12 13:14:05,073 #26 Z prev 0.517828 next 0.565713 clip False
2022-11-12 13:14:05,078 #27 Z prev 0.565713 next 0.615342 clip False
2022-11-12 13:14:05,082 #28 Z prev 0.615342 next 0.665016 clip False
2022-11-12 13:14:05,087 #29 Z prev 0.665016 next 0.719667 clip False
2022-11-12 13:14:05,091 #30 Z prev 0.719667 next 0.772951 clip False
2022-11-12 13:14:05,095 #31 Z prev 0.772951 next 0.824900 clip False
2022-11-12 13:14:05,239 Final interpolated cLUT resolution 33x33x33
2022-11-12 13:14:05,249 --------------------------------------------------------------------------------
2022-11-12 13:14:05,249 Creating matrix from primaries
2022-11-12 13:14:05,249 Using chromatic adaptation transform matrix: Bradford
2022-11-12 13:14:05,338 Generating A2B1 by copying A2B0
2022-11-12 13:14:05,359 Making distinct A2B0
2022-11-12 13:14:05,384 Applying black point compensation to A2B0: L*a*b* 0.000000 0.000000 0.000000
2022-11-12 13:14:05,587 Exiting worker process NonDaemonicPoolWorker-2
2022-11-12 13:14:05,631 Exiting worker process NonDaemonicPoolWorker-3
2022-11-12 13:14:05,668 Exiting worker process NonDaemonicPoolWorker-4
2022-11-12 13:14:05,693 Exiting worker process NonDaemonicPoolWorker-5
2022-11-12 13:14:05,697 Exiting worker process NonDaemonicPoolWorker-6
2022-11-12 13:14:05,758 Exiting worker process NonDaemonicPoolWorker-7
2022-11-12 13:14:05,777 Exiting worker process NonDaemonicPoolWorker-8
2022-11-12 13:14:05,839 Exiting worker process NonDaemonicPoolWorker-9
2022-11-12 13:14:05,839 Exiting worker process NonDaemonicPoolWorker-10
2022-11-12 13:14:05,860 Exiting worker process NonDaemonicPoolWorker-11
2022-11-12 13:14:05,895 Exiting worker process NonDaemonicPoolWorker-12
2022-11-12 13:14:05,939 Exiting worker process NonDaemonicPoolWorker-13
2022-11-12 13:14:06,527 Exiting worker process NonDaemonicPoolWorker-15
2022-11-12 13:14:06,559 Exiting worker process NonDaemonicPoolWorker-16
2022-11-12 13:14:06,584 Exiting worker process NonDaemonicPoolWorker-17
2022-11-12 13:14:06,619 Exiting worker process NonDaemonicPoolWorker-18
2022-11-12 13:14:06,636 Exiting worker process NonDaemonicPoolWorker-19
2022-11-12 13:14:06,676 Exiting worker process NonDaemonicPoolWorker-20
2022-11-12 13:14:06,687 Exiting worker process NonDaemonicPoolWorker-21
2022-11-12 13:14:06,733 Exiting worker process NonDaemonicPoolWorker-22
2022-11-12 13:14:06,799 Exiting worker process NonDaemonicPoolWorker-23
2022-11-12 13:14:06,830 Exiting worker process NonDaemonicPoolWorker-24
2022-11-12 13:14:06,847 Exiting worker process NonDaemonicPoolWorker-25
2022-11-12 13:14:06,877 Exiting worker process NonDaemonicPoolWorker-26
2022-11-12 13:14:07,191 --------------------------------------------------------------------------------
2022-11-12 13:14:07,191 Generating B2A1 table by inverting A2B1 table
2022-11-12 13:14:07,191 
2022-11-12 13:14:07,192 Using chromatic adaptation transform matrix: Bradford
2022-11-12 13:14:07,212 Black XYZ: 0.0005 0.0005 0.0005
2022-11-12 13:14:07,212 White XYZ: 0.9642 1.0000 0.8249
2022-11-12 13:14:07,213 R XYZ: 0.5042 0.2845 0.0156
2022-11-12 13:14:07,213 G XYZ: 0.3261 0.6617 0.0914
2022-11-12 13:14:07,213 B XYZ: 0.1483 0.0754 0.7378
2022-11-12 13:14:07,213 Generating input curve PCS values...
2022-11-12 13:14:07,373 Looking up input curve RGB values...
2022-11-12 13:14:07,375 Setting up matrix
2022-11-12 13:14:07,375 Increasing saturation of actual primaries for PCS candidate to 105%...
2022-11-12 13:14:07,376 R xy 0.626902 0.353671 -> 0.640962 0.353428
2022-11-12 13:14:07,376 G xy 0.302161 0.613116 -> 0.299983 0.625845
2022-11-12 13:14:07,377 B xy 0.154283 0.078395 -> 0.144712 0.064388
2022-11-12 13:14:07,377 Checking for suitable PCS candidate...
2022-11-12 13:14:07,377 Skipping PCS candidate based on actual primaries because it does not encompass Rec. 709 blue
2022-11-12 13:14:07,378 Rec709-encompassing, variant 1 fit: 0.94 (area: 77.13%)
2022-11-12 13:14:07,379 Rec709-encompassing, variant 2 fit: 0.87 (area: 79.18%)
2022-11-12 13:14:07,379 Rec709-encompassing, variant 3 fit: 0.88 (area: 76.60%)
2022-11-12 13:14:07,380 Rec709-encompassing, variant 4 fit: 0.94 (area: 78.11%)
2022-11-12 13:14:07,380 SMPTE-431-2/DCI-P3-encompassing, variant 1 fit: 1.04 (area: 64.73%)
2022-11-12 13:14:07,380 Using primaries: SMPTE-431-2/DCI-P3-encompassing, variant 1
2022-11-12 13:14:07,381 Using R XYZ: 0.5489 0.2444 -0.0012
2022-11-12 13:14:07,381 Using G XYZ: 0.2881 0.7092 0.0156
2022-11-12 13:14:07,381 Using B XYZ: 0.1272 0.0464 0.8105
2022-11-12 13:14:07,382 R+G+B XYZ: 0.9642 1.0000 0.8249
2022-11-12 13:14:07,382 Correction factors: 1.0000 1.0000 1.0000
2022-11-12 13:14:07,382 Matrix 1:
2022-11-12 13:14:07,383 [2.2198859741624184, -0.8953627177836478, -0.297067933693485]
2022-11-12 13:14:07,383 [-0.7663035271756803, 1.7209534070307546, 0.021719546456584367]
2022-11-12 13:14:07,383 [0.018015950217344243, -0.03437729645356804, 1.2328843705346162]
2022-11-12 13:14:07,383 Matrix 2:
2022-11-12 13:14:07,384 [2.21986527977595, -0.895354370966592, -0.29706516434465413]
2022-11-12 13:14:07,384 [-0.7663053824844512, 1.7209575736564287, 0.021719599042098595]
2022-11-12 13:14:07,384 [0.018016168291422188, -0.034377712573569245, 1.2328992939840635]
2022-11-12 13:14:07,385 Matrix 3:
2022-11-12 13:14:07,385 [1.999969482421875, 0, 0]
2022-11-12 13:14:07,385 [0, 1.999969482421875, 0]
2022-11-12 13:14:07,385 [0, 0, 1.999969482421875]
2022-11-12 13:14:07,386 Final matrix:
2022-11-12 13:14:07,386 [4.439662814639798, -1.7906814178862185, -0.5941212629799472]
2022-11-12 13:14:07,386 [-1.5325873791845248, 3.4418626278556532, 0.043438535254636576]
2022-11-12 13:14:07,386 [0.036031786773021025, -0.06875437602260927, 2.4657609628676025]
2022-11-12 13:14:07,387 Applying matrix to input curve XYZ values...
2022-11-12 13:14:07,398 Generating input curves...
2022-11-12 13:14:11,361 100%
2022-11-12 13:14:11,362 Generating A2B1 table lookup input values...
2022-11-12 13:14:11,362 cLUT grid res: 33
2022-11-12 13:14:11,362 Looking up input values through A2B1 table (9 workers)...
2022-11-12 13:14:11,362 Using CAM Jab for clipping
2022-11-12 13:14:18,157 Exiting worker process NonDaemonicPoolWorker-36
2022-11-12 13:14:18,772 Exiting worker process NonDaemonicPoolWorker-35
2022-11-12 13:14:19,216 Exiting worker process NonDaemonicPoolWorker-34
2022-11-12 13:14:20,379 Exiting worker process NonDaemonicPoolWorker-33
2022-11-12 13:14:22,301 Exiting worker process NonDaemonicPoolWorker-30
2022-11-12 13:14:22,342 Exiting worker process NonDaemonicPoolWorker-31
2022-11-12 13:14:23,084 Exiting worker process NonDaemonicPoolWorker-29
2022-11-12 13:14:23,586 Exiting worker process NonDaemonicPoolWorker-35
2022-11-12 13:14:24,042 Exiting worker process NonDaemonicPoolWorker-34
2022-11-12 13:14:25,662 Exiting worker process NonDaemonicPoolWorker-33
2022-11-12 13:14:26,131 Exiting worker process NonDaemonicPoolWorker-32
2022-11-12 13:14:27,132 Exiting worker process NonDaemonicPoolWorker-36
2022-11-12 13:14:27,938 Exiting worker process NonDaemonicPoolWorker-31
2022-11-12 13:14:28,839 Exiting worker process NonDaemonicPoolWorker-28
2022-11-12 13:14:29,168 Exiting worker process NonDaemonicPoolWorker-29
2022-11-12 13:14:29,416 Exiting worker process NonDaemonicPoolWorker-35
2022-11-12 13:14:30,052 Exiting worker process NonDaemonicPoolWorker-34
2022-11-12 13:14:31,578 Exiting worker process NonDaemonicPoolWorker-32
2022-11-12 13:14:31,977 Exiting worker process NonDaemonicPoolWorker-30
2022-11-12 13:14:32,788 Exiting worker process NonDaemonicPoolWorker-36
2022-11-12 13:14:33,281 Exiting worker process NonDaemonicPoolWorker-35
2022-11-12 13:14:33,327 Exiting worker process NonDaemonicPoolWorker-31
2022-11-12 13:14:33,752 Exiting worker process NonDaemonicPoolWorker-29
2022-11-12 13:14:34,867 Exiting worker process NonDaemonicPoolWorker-33
2022-11-12 13:14:35,036 Exiting worker process NonDaemonicPoolWorker-34
2022-11-12 13:14:35,583 Exiting worker process NonDaemonicPoolWorker-28
2022-11-12 13:14:36,250 Exiting worker process NonDaemonicPoolWorker-32
2022-11-12 13:14:36,313 100%
2022-11-12 13:14:36,313 Input black XYZ: 0.000519 0.000549 0.000458
2022-11-12 13:14:36,313 Input white XYZ: 0.964203 1.000000 0.824890
2022-11-12 13:14:36,358 Output black RGB: 0.0002 0.0000 0.0000
2022-11-12 13:14:36,358 Output white RGB: 100.0000 100.0000 100.0000
2022-11-12 13:14:36,379 Filling cLUT...
2022-11-12 13:14:36,513 100%
2022-11-12 13:14:36,647 Generating output curves...
2022-11-12 13:14:36,858 Setting curve entry #0 (0.000000 0.000000 0.000000) to black because it got clipped
2022-11-12 13:14:36,859 Setting curve entry #1 (0.000002 0.000000 0.000000) to black because it got clipped
2022-11-12 13:14:36,860 Setting curve entry #4095 (1.000000 1.000000 1.000000) to white because it got clipped
2022-11-12 13:14:36,908 Smoothing B2A1...
2022-11-12 13:14:38,737 Generating B2A0 table by inverting A2B0 table
2022-11-12 13:14:38,738 
2022-11-12 13:14:38,738 Using chromatic adaptation transform matrix: Bradford
2022-11-12 13:14:38,761 Black XYZ: 0.0000 0.0000 0.0000
2022-11-12 13:14:38,761 White XYZ: 0.9642 1.0000 0.8249
2022-11-12 13:14:38,761 R XYZ: 0.5037 0.2841 0.0156
2022-11-12 13:14:38,762 G XYZ: 0.3257 0.6609 0.0913
2022-11-12 13:14:38,762 B XYZ: 0.1482 0.0753 0.7370
2022-11-12 13:14:38,762 Generating input curve PCS values...
2022-11-12 13:14:38,833 Looking up input curve RGB values...
2022-11-12 13:14:38,856 R+G+B XYZ: 0.9653 1.0011 0.8258
2022-11-12 13:14:38,857 Correction factors: 0.9989 0.9989 0.9989
2022-11-12 13:14:38,857 Matrix 1:
2022-11-12 13:14:38,857 [2.2202774435456596, -0.8962808749786197, -0.2977541528159217]
2022-11-12 13:14:38,858 [-0.7675344835625398, 1.7214690520343066, 0.021205821664012192]
2022-11-12 13:14:38,858 [0.017218147528644256, -0.03483100494298947, 1.2330512075133315]
2022-11-12 13:14:38,858 Matrix 2:
2022-11-12 13:14:38,859 [2.222716729156236, -0.897265564999106, -0.2980812774383714]
2022-11-12 13:14:38,859 [-0.7683777276475613, 1.7233603267936344, 0.021229119227925145]
2022-11-12 13:14:38,859 [0.01723706407424513, -0.03486927167826005, 1.2344058868919545]
2022-11-12 13:14:38,859 Matrix 3:
2022-11-12 13:14:38,860 [1.999969482421875, 0, 0]
2022-11-12 13:14:38,860 [0, 1.999969482421875, 0]
2022-11-12 13:14:38,860 [0, 0, 1.999969482421875]
2022-11-12 13:14:38,861 Final matrix:
2022-11-12 13:14:38,861 [4.44536562638104, -1.7945037476262333, -0.596153458158071]
2022-11-12 13:14:38,861 [-1.5367320062677896, 3.4466680608038582, 0.04245759059454573]
2022-11-12 13:14:38,861 [0.03447360211504073, -0.0697374792307975, 2.468774102705818]
2022-11-12 13:14:38,862 Applying matrix to input curve XYZ values...
2022-11-12 13:14:38,873 Generating input curves...
2022-11-12 13:14:42,884 100%
2022-11-12 13:14:42,888 --------------------------------------------------------------------------------
2022-11-12 13:14:42,888 Creating shaper tags in separate step
2022-11-12 13:14:42,888 Using chromatic adaptation transform matrix: Bradford
2022-11-12 13:14:42,908 Extracting neutrals from /tmp/DisplayCAL-nwqs2U/DisplayPort-2CRTV2.ti3
2022-11-12 13:14:42,919 NUMBER_OF_FIELDS 7
2022-11-12 13:14:42,919 BEGIN_DATA_FORMAT
2022-11-12 13:14:42,919 SAMPLE_ID RGB_R RGB_G RGB_B XYZ_X XYZ_Y XYZ_Z
2022-11-12 13:14:42,919 END_DATA_FORMAT
2022-11-12 13:14:42,919 
2022-11-12 13:14:42,919 NUMBER_OF_SETS 52
2022-11-12 13:14:42,919 BEGIN_DATA
2022-11-12 13:14:42,919 1 0.0000000 0.0000000 0.0000000 0.0516813 0.0544323 0.0587526
2022-11-12 13:14:42,919 2 1.9608000 1.9608000 1.9608000 0.1644598 0.1607851 0.1793505
2022-11-12 13:14:42,920 3 3.9216000 3.9216000 3.9216000 0.3184206 0.3223431 0.3499805
2022-11-12 13:14:42,920 4 5.8824000 5.8824000 5.8824000 0.5034448 0.5206340 0.5593468
2022-11-12 13:14:42,920 5 7.8431000 7.8431000 7.8431000 0.7263256 0.7547800 0.8151809
2022-11-12 13:14:42,920 6 9.8039000 9.8039000 9.8039000 0.9762754 1.0295499 1.1055559
2022-11-12 13:14:42,920 7 11.765000 11.765000 11.765000 1.2805971 1.3490599 1.4690605
2022-11-12 13:14:42,920 8 13.726000 13.726000 13.726000 1.6432967 1.7404198 1.8678090
2022-11-12 13:14:42,920 9 15.686000 15.686000 15.686000 2.0596539 2.1642697 2.3387244
2022-11-12 13:14:42,920 10 17.647000 17.647000 17.647000 2.5067720 2.6632996 2.8755448
2022-11-12 13:14:42,920 11 19.608000 19.608000 19.608000 3.0210321 3.1931795 3.4587786
2022-11-12 13:14:42,920 12 21.569000 21.569000 21.569000 3.5818662 3.8392594 4.2049900
2022-11-12 13:14:42,920 13 23.529000 23.529000 23.529000 4.3349475 4.5901792 4.9904805
2022-11-12 13:14:42,920 14 25.490000 25.490000 25.490000 5.1276578 5.3373791 5.8019605
2022-11-12 13:14:42,920 15 27.451000 27.451000 27.451000 5.7653879 6.1161689 6.6997304
2022-11-12 13:14:42,920 16 29.412000 29.412000 29.412000 6.7273577 7.0596287 7.7330502
2022-11-12 13:14:42,920 17 31.373000 31.373000 31.373000 7.5347176 8.0692085 8.9181299
2022-11-12 13:14:42,920 18 33.333000 33.333000 33.333000 8.6596674 8.9880983 10.084820
2022-11-12 13:14:42,920 19 35.294000 35.294000 35.294000 9.6166172 10.018318 11.114519
2022-11-12 13:14:42,920 20 37.255000 37.255000 37.255000 10.373917 11.145318 12.184519
2022-11-12 13:14:42,920 21 39.216000 39.216000 39.216000 12.163017 12.712018 13.727319
2022-11-12 13:14:42,920 22 41.176000 41.176000 41.176000 13.749816 14.094617 15.234019
2022-11-12 13:14:42,920 23 43.137000 43.137000 43.137000 14.905816 15.645617 17.041418
2022-11-12 13:14:42,921 24 45.098000 45.098000 45.098000 16.314816 17.145517 17.886118
2022-11-12 13:14:42,921 25 47.059000 47.059000 47.059000 17.890316 18.787016 19.769118
2022-11-12 13:14:42,921 26 49.020000 49.020000 49.020000 19.497315 20.538616 21.886917
2022-11-12 13:14:42,921 27 50.980000 50.980000 50.980000 21.387815 22.362416 24.542317
2022-11-12 13:14:42,921 28 52.941000 52.941000 52.941000 23.103714 24.529515 25.583517
2022-11-12 13:14:42,921 29 54.902000 54.902000 54.902000 25.283114 26.604515 28.729316
2022-11-12 13:14:42,921 30 56.863000 56.863000 56.863000 27.360014 28.644814 31.792215
2022-11-12 13:14:42,921 31 58.824000 58.824000 58.824000 28.807213 30.763114 31.319615
2022-11-12 13:14:42,921 32 60.784000 60.784000 60.784000 31.015813 32.738314 35.162615
2022-11-12 13:14:42,921 33 62.745000 62.745000 62.745000 33.563612 35.378113 38.142614
2022-11-12 13:14:42,921 34 64.706000 64.706000 64.706000 35.922612 37.840213 40.947613
2022-11-12 13:14:42,921 35 66.667000 66.667000 66.667000 38.348811 40.444712 43.754413
2022-11-12 13:14:42,921 36 68.627000 68.627000 68.627000 40.930211 43.155611 46.735312
2022-11-12 13:14:42,921 37 70.588000 70.588000 70.588000 43.441110 45.794011 49.541112
2022-11-12 13:14:42,921 38 72.549000 72.549000 72.549000 46.177610 48.611410 52.696211
2022-11-12 13:14:42,921 39 74.510000 74.510000 74.510000 48.773309 51.283810 55.501111
2022-11-12 13:14:42,921 40 76.471000 76.471000 76.471000 51.836009 54.493709 59.008010
2022-11-12 13:14:42,921 41 78.431000 78.431000 78.431000 54.949908 57.666409 62.513109
2022-11-12 13:14:42,921 42 80.392000 80.392000 80.392000 57.979107 60.805108 66.019108
2022-11-12 13:14:42,921 43 82.353000 82.353000 82.353000 61.438507 64.480007 70.052908
2022-11-12 13:14:42,921 44 84.314000 84.314000 84.314000 64.760406 67.940006 73.909907
2022-11-12 13:14:42,921 45 86.275000 86.275000 86.275000 68.304505 71.648806 77.942806
2022-11-12 13:14:42,922 46 88.235000 88.235000 88.235000 71.952605 75.501305 82.151605
2022-11-12 13:14:42,922 47 90.196000 90.196000 90.196000 75.152904 78.926004 85.835304
2022-11-12 13:14:42,922 48 92.157000 92.157000 92.157000 79.453403 83.563503 90.747803
2022-11-12 13:14:42,922 49 94.118000 94.118000 94.118000 83.101502 87.416003 94.956603
2022-11-12 13:14:42,922 50 96.078000 96.078000 96.078000 87.090202 91.622402 99.341302
2022-11-12 13:14:42,922 51 98.039000 98.039000 98.039000 91.027701 95.866101 103.72800
2022-11-12 13:14:42,922 52 100.00000 100.00000 100.00000 94.946000 100.00000 107.93700
2022-11-12 13:14:42,922 END_DATA
2022-11-12 13:14:42,924 --------------------------------------------------------------------------------
2022-11-12 13:14:43,316 Black relative luminance = 0.000544
2022-11-12 13:14:43,316 Black output offset = 1.00
2022-11-12 13:14:43,317 Calibration overall transfer function  sRGB ( 0.00%)
2022-11-12 13:14:43,367 Transfer function R  sRGB ( 0.91%)
2022-11-12 13:14:43,367 Got good match (+-2%)
2022-11-12 13:14:43,367 Using calibration transfer function
2022-11-12 13:14:43,419 Transfer function G  sRGB ( 0.91%)
2022-11-12 13:14:43,419 Got good match (+-2%)
2022-11-12 13:14:43,419 Using calibration transfer function
2022-11-12 13:14:43,469 Transfer function B  sRGB ( 0.91%)
2022-11-12 13:14:43,469 Got good match (+-2%)
2022-11-12 13:14:43,470 Using calibration transfer function
2022-11-12 13:14:43,516 Using transfer function for R: sRGB
2022-11-12 13:14:43,563 Using transfer function for G: sRGB
2022-11-12 13:14:43,610 Using transfer function for B: sRGB
2022-11-12 13:14:43,611 Adding rTRC from interpolation to DisplayPort-2CRTV2
2022-11-12 13:14:43,611 Adding gTRC from interpolation to DisplayPort-2CRTV2
2022-11-12 13:14:43,611 Adding bTRC from interpolation to DisplayPort-2CRTV2
2022-11-12 13:14:43,979 --------------------------------------------------------------------------------
2022-11-12 13:14:43,979 Session log: DisplayPort-2CRTV2
2022-11-12 13:14:43,979 
2022-11-12 13:14:43,979 Working directory:
2022-11-12 13:14:43,980   /
2022-11-12 13:14:43,980    tmp/
2022-11-12 13:14:43,980     DisplayCAL-nwqs2U/
2022-11-12 13:14:43,980 
2022-11-12 13:14:43,981 Command line:
2022-11-12 13:14:43,981   /usr/bin/argyll-profcheck
2022-11-12 13:14:43,981     DisplayPort-2CRTV2.ti3
2022-11-12 13:14:43,981     DisplayPort-2CRTV2.icc
2022-11-12 13:14:43,981 
2022-11-12 13:14:43,990 Profile check complete, errors: max. = 1.521740, avg. = 0.102553, RMS = 0.260652
2022-11-12 13:14:43,990 argyll-profcheck exitcode: 0
2022-11-12 13:14:43,991 --------------------------------------------------------------------------------
2022-11-12 13:14:43,991 Generating gamut views...
2022-11-12 13:14:44,742 --------------------------------------------------------------------------------
2022-11-12 13:14:44,743 Session log: DisplayPort-2CRTV2
2022-11-12 13:14:44,743 
2022-11-12 13:14:44,743 Working directory:
2022-11-12 13:14:44,743   /
2022-11-12 13:14:44,743    tmp/
2022-11-12 13:14:44,743     DisplayCAL-nwqs2U/
2022-11-12 13:14:44,743 
2022-11-12 13:14:44,744 Command line:
2022-11-12 13:14:44,744   /usr/bin/argyll-iccgamut
2022-11-12 13:14:44,744     -v
2022-11-12 13:14:44,744     -w
2022-11-12 13:14:44,744     -ir
2022-11-12 13:14:44,745     -ff
2022-11-12 13:14:44,745     -on
2022-11-12 13:14:44,745     -d10.00
2022-11-12 13:14:44,745     DisplayPort-2CRTV2.icc
2022-11-12 13:14:44,745 
2022-11-12 13:14:45,127 Header:
2022-11-12 13:14:45,127   size         = 942440 bytes
2022-11-12 13:14:45,127   CMM          = 'argl'
2022-11-12 13:14:45,127   Version      = 2.2.0
2022-11-12 13:14:45,127   Device Class = Display
2022-11-12 13:14:45,127   Color Space  = RGB
2022-11-12 13:14:45,127   Conn. Space  = XYZ
2022-11-12 13:14:45,127   Date, Time   = 12 Nov 2022, 13:14:03
2022-11-12 13:14:45,127   Platform     = *nix
2022-11-12 13:14:45,127   Flags        = Not Embedded Profile, Use anywhere
2022-11-12 13:14:45,127   Dev. Mnfctr. = 0x0
2022-11-12 13:14:45,128   Dev. Model   = 0x0
2022-11-12 13:14:45,128   Dev. Attrbts = Reflective, Glossy, Positive, Color
2022-11-12 13:14:45,128   Rndrng Intnt = Perceptual
2022-11-12 13:14:45,128   Illuminant   = 0.96420288, 1.00000000, 0.82490540    [Lab 100.000000, 0.000000, 0.000000]
2022-11-12 13:14:45,128   Creator      = 'DCAL'
2022-11-12 13:14:45,128 
2022-11-12 13:14:45,128 Total volume of gamut is 839124.518891 cubic colorspace units
2022-11-12 13:14:45,129 argyll-iccgamut exitcode: 0
2022-11-12 13:14:46,050 --------------------------------------------------------------------------------
2022-11-12 13:14:46,050 Command line:
2022-11-12 13:14:46,050   /usr/bin/argyll-viewgam
2022-11-12 13:14:46,051     -cw
2022-11-12 13:14:46,051     -t0
2022-11-12 13:14:46,051     -w
2022-11-12 13:14:46,051     /usr/share/DisplayCAL/ref/sRGB.gam
2022-11-12 13:14:46,051     -cn
2022-11-12 13:14:46,051     -t.3
2022-11-12 13:14:46,052     -s
2022-11-12 13:14:46,052     DisplayPort-2CRTV2.gam
2022-11-12 13:14:46,052     -i
2022-11-12 13:14:46,052     'DisplayPort-2CRTV2 vs sRGB.wrl'
2022-11-12 13:14:46,052 
2022-11-12 13:14:46,052 Intersecting volume = 759745.2 cubic units
2022-11-12 13:14:46,053 '/usr/share/DisplayCAL/ref/sRGB.gam' volume = 833675.1 cubic units, intersect = 91.13%
2022-11-12 13:14:46,053 'DisplayPort-2CRTV2.gam' volume = 839124.5 cubic units, intersect = 90.54%
2022-11-12 13:14:46,087 --------------------------------------------------------------------------------
2022-11-12 13:14:46,087 Command line:
2022-11-12 13:14:46,087   /usr/bin/argyll-viewgam
2022-11-12 13:14:46,088     -cw
2022-11-12 13:14:46,088     -t0
2022-11-12 13:14:46,088     -w
2022-11-12 13:14:46,088     /usr/share/DisplayCAL/ref/ClayRGB1998.gam
2022-11-12 13:14:46,088     -cn
2022-11-12 13:14:46,088     -t.3
2022-11-12 13:14:46,089     -s
2022-11-12 13:14:46,089     DisplayPort-2CRTV2.gam
2022-11-12 13:14:46,089     -i
2022-11-12 13:14:46,089     'DisplayPort-2CRTV2 vs ClayRGB1998.wrl'
2022-11-12 13:14:46,089 
2022-11-12 13:14:46,090 Intersecting volume = 838098.4 cubic units
2022-11-12 13:14:46,090 '/usr/share/DisplayCAL/ref/ClayRGB1998.gam' volume = 1209985.9 cubic units, intersect = 69.27%
2022-11-12 13:14:46,090 'DisplayPort-2CRTV2.gam' volume = 839124.5 cubic units, intersect = 99.88%
2022-11-12 13:14:46,090 --------------------------------------------------------------------------------
2022-11-12 13:14:46,090 Command line:
2022-11-12 13:14:46,090   /usr/bin/argyll-viewgam
2022-11-12 13:14:46,091     -cw
2022-11-12 13:14:46,091     -t0
2022-11-12 13:14:46,091     -w
2022-11-12 13:14:46,091     /usr/share/DisplayCAL/ref/SMPTE431_P3.gam
2022-11-12 13:14:46,091     -cn
2022-11-12 13:14:46,091     -t.3
2022-11-12 13:14:46,092     -s
2022-11-12 13:14:46,092     DisplayPort-2CRTV2.gam
2022-11-12 13:14:46,092     -i
2022-11-12 13:14:46,092     'DisplayPort-2CRTV2 vs SMPTE431_P3.wrl'
2022-11-12 13:14:46,092 
2022-11-12 13:14:46,092 Intersecting volume = 838537.2 cubic units
2022-11-12 13:14:46,092 '/usr/share/DisplayCAL/ref/SMPTE431_P3.gam' volume = 1176953.5 cubic units, intersect = 71.25%
2022-11-12 13:14:46,093 'DisplayPort-2CRTV2.gam' volume = 839124.5 cubic units, intersect = 99.93%
2022-11-12 13:14:46,217 --------------------------------------------------------------------------------
2022-11-12 13:14:51,059 Found display device matching model description at index #2
2022-11-12 13:14:51,178 Loading calibration curves from file...
2022-11-12 13:14:51,178 /home/leo/.local/share/DisplayCAL/storage/DisplayPort-2CRTV2/DisplayPort-2CRTV2.icc
2022-11-12 13:14:51,253 Dispwin: Warning - new_dispwin: Expected VideoLUT depth 8 doesn't match actual 10
2022-11-12 13:14:51,253 About to open dispwin object on the display
2022-11-12 13:14:51,253 About to clear the calibration
2022-11-12 13:14:51,253 About to set display to given calibration
2022-11-12 13:14:51,253 Calibration set
2022-11-12 13:14:51,253 About to destroy dispwin object
2022-11-12 13:14:51,254 ...ok.
2022-11-12 13:19:53,667 Loading calibration curves from file...
2022-11-12 13:19:53,667 /home/leo/.local/share/DisplayCAL/storage/DisplayPort-2CRT/DisplayPort-2CRT.icc
2022-11-12 13:19:53,730 Dispwin: Warning - new_dispwin: Expected VideoLUT depth 8 doesn't match actual 10
2022-11-12 13:19:53,731 About to open dispwin object on the display
2022-11-12 13:19:53,731 About to clear the calibration
2022-11-12 13:19:53,731 About to set display to given calibration
2022-11-12 13:19:53,731 Calibration set
2022-11-12 13:19:53,731 About to destroy dispwin object
2022-11-12 13:19:53,731 ...ok.
2022-11-12 13:19:54,108 Loading calibration curves from file...
2022-11-12 13:19:54,108 /home/leo/.local/share/DisplayCAL/storage/DisplayPort-2CRTV2/DisplayPort-2CRTV2.icc
2022-11-12 13:19:54,180 Dispwin: Warning - new_dispwin: Expected VideoLUT depth 8 doesn't match actual 10
2022-11-12 13:19:54,180 About to open dispwin object on the display
2022-11-12 13:19:54,180 About to clear the calibration
2022-11-12 13:19:54,180 About to set display to given calibration
2022-11-12 13:19:54,180 Calibration set
2022-11-12 13:19:54,181 About to destroy dispwin object
2022-11-12 13:19:54,181 ...ok.
2022-11-12 13:19:54,557 Loading calibration curves from file...
2022-11-12 13:19:54,558 /home/leo/.local/share/DisplayCAL/storage/DisplayPort-2CRT/DisplayPort-2CRT.icc
2022-11-12 13:19:54,630 Dispwin: Warning - new_dispwin: Expected VideoLUT depth 8 doesn't match actual 10
2022-11-12 13:19:54,630 About to open dispwin object on the display
2022-11-12 13:19:54,631 About to clear the calibration
2022-11-12 13:19:54,631 About to set display to given calibration
2022-11-12 13:19:54,631 Calibration set
2022-11-12 13:19:54,631 About to destroy dispwin object
2022-11-12 13:19:54,631 ...ok.
2022-11-12 13:19:56,550 Loading calibration curves from file...
2022-11-12 13:19:56,550 /home/leo/.local/share/DisplayCAL/storage/DisplayPort-2CRTV2/DisplayPort-2CRTV2.icc
2022-11-12 13:19:56,614 Dispwin: Warning - new_dispwin: Expected VideoLUT depth 8 doesn't match actual 10
2022-11-12 13:19:56,614 About to open dispwin object on the display
2022-11-12 13:19:56,614 About to clear the calibration
2022-11-12 13:19:56,614 About to set display to given calibration
2022-11-12 13:19:56,614 Calibration set
2022-11-12 13:19:56,614 About to destroy dispwin object
2022-11-12 13:19:56,614 ...ok.
2022-11-12 13:20:11,158 Loading calibration curves from file...
2022-11-12 13:20:11,158 /home/leo/.local/share/DisplayCAL/storage/DisplayPort-2CRT/DisplayPort-2CRT.icc
2022-11-12 13:20:11,231 Dispwin: Warning - new_dispwin: Expected VideoLUT depth 8 doesn't match actual 10
2022-11-12 13:20:11,231 About to open dispwin object on the display
2022-11-12 13:20:11,231 About to clear the calibration
2022-11-12 13:20:11,231 About to set display to given calibration
2022-11-12 13:20:11,231 Calibration set
2022-11-12 13:20:11,231 About to destroy dispwin object
2022-11-12 13:20:11,232 ...ok.
2022-11-12 13:20:11,558 Loading calibration curves from file...
2022-11-12 13:20:11,558 /home/leo/.local/share/DisplayCAL/storage/DisplayPort-2CRTV2/DisplayPort-2CRTV2.icc
2022-11-12 13:20:11,631 Dispwin: Warning - new_dispwin: Expected VideoLUT depth 8 doesn't match actual 10
2022-11-12 13:20:11,631 About to open dispwin object on the display
2022-11-12 13:20:11,631 About to clear the calibration
2022-11-12 13:20:11,631 About to set display to given calibration
2022-11-12 13:20:11,631 Calibration set
2022-11-12 13:20:11,631 About to destroy dispwin object
2022-11-12 13:20:11,632 ...ok.
2022-11-12 13:20:12,111 Loading calibration curves from file...
2022-11-12 13:20:12,111 /home/leo/.local/share/DisplayCAL/storage/DisplayPort-2CRT/DisplayPort-2CRT.icc
2022-11-12 13:20:12,181 Dispwin: Warning - new_dispwin: Expected VideoLUT depth 8 doesn't match actual 10
2022-11-12 13:20:12,181 About to open dispwin object on the display
2022-11-12 13:20:12,181 About to clear the calibration
2022-11-12 13:20:12,181 About to set display to given calibration
2022-11-12 13:20:12,181 Calibration set
2022-11-12 13:20:12,181 About to destroy dispwin object
2022-11-12 13:20:12,182 ...ok.
2022-11-12 13:20:12,474 Loading calibration curves from file...
2022-11-12 13:20:12,474 /home/leo/.local/share/DisplayCAL/storage/DisplayPort-2CRTV2/DisplayPort-2CRTV2.icc
2022-11-12 13:20:12,548 Dispwin: Warning - new_dispwin: Expected VideoLUT depth 8 doesn't match actual 10
2022-11-12 13:20:12,548 About to open dispwin object on the display
2022-11-12 13:20:12,548 About to clear the calibration
2022-11-12 13:20:12,548 About to set display to given calibration
2022-11-12 13:20:12,548 Calibration set
2022-11-12 13:20:12,548 About to destroy dispwin object
2022-11-12 13:20:12,548 ...ok.
2022-11-12 13:20:44,775 Loading calibration curves from file...
2022-11-12 13:20:44,776 /home/leo/.local/share/DisplayCAL/storage/DisplayPort-2CRT/DisplayPort-2CRT.icc
2022-11-12 13:20:44,849 Dispwin: Warning - new_dispwin: Expected VideoLUT depth 8 doesn't match actual 10
2022-11-12 13:20:44,849 About to open dispwin object on the display
2022-11-12 13:20:44,849 About to clear the calibration
2022-11-12 13:20:44,849 About to set display to given calibration
2022-11-12 13:20:44,849 Calibration set
2022-11-12 13:20:44,849 About to destroy dispwin object
2022-11-12 13:20:44,849 ...ok.
2022-11-12 13:20:45,039 Loading calibration curves from file...
2022-11-12 13:20:45,039 /home/leo/.local/share/DisplayCAL/storage/DisplayPort-2CRTV2/DisplayPort-2CRTV2.icc
2022-11-12 13:20:45,115 Dispwin: Warning - new_dispwin: Expected VideoLUT depth 8 doesn't match actual 10
2022-11-12 13:20:45,116 About to open dispwin object on the display
2022-11-12 13:20:45,116 About to clear the calibration
2022-11-12 13:20:45,116 About to set display to given calibration
2022-11-12 13:20:45,116 Calibration set
2022-11-12 13:20:45,116 About to destroy dispwin object
2022-11-12 13:20:45,116 ...ok.
2022-11-12 13:20:46,079 --------------------------------------------------------------------------------
2022-11-12 13:20:46,080 Install profile
2022-11-12 13:20:46,083 --------------------------------------------------------------------------------
2022-11-12 13:20:46,083 Session log: DisplayPort-2CRTV2
2022-11-12 13:20:46,083 
2022-11-12 13:20:46,083 Working directory:
2022-11-12 13:20:46,084   /
2022-11-12 13:20:46,084    tmp/
2022-11-12 13:20:46,084     DisplayCAL-HiZ2EE/
2022-11-12 13:20:46,084 
2022-11-12 13:20:46,085 Command line:
2022-11-12 13:20:46,085   /usr/bin/argyll-dispwin
2022-11-12 13:20:46,085     -v
2022-11-12 13:20:46,085     -d3
2022-11-12 13:20:46,085     -c
2022-11-12 13:20:46,085     -I
2022-11-12 13:20:46,085     DisplayPort-2CRTV2.icc
2022-11-12 13:20:46,085 
2022-11-12 13:20:46,149 About to open dispwin object on the display
2022-11-12 13:20:46,149 About to clear the calibration
2022-11-12 13:20:46,149 About to install 'DisplayPort-2CRTV2.icc' as display's default profile
2022-11-12 13:20:46,149 Installed 'DisplayPort-2CRTV2.icc' and made it the default
2022-11-12 13:20:46,149 About to destroy dispwin object
2022-11-12 13:20:46,150 Dispwin: Warning - new_dispwin: Expected VideoLUT depth 8 doesn't match actual 10
2022-11-12 13:20:46,150 argyll-dispwin exitcode: 0
2022-11-12 13:20:46,276 
2022-11-12 13:20:50,167 
2022-11-12 13:20:50,167  The profile has been installed and activated.                                
2022-11-12 13:20:50,167 
2022-11-12 13:20:54,402 Executing BaseApp.OnExit()
2022-11-12 13:20:54,402 Running application exit handlers
2022-11-12 13:20:54,402 Waiting for thread ScriptingHost.ConnectionHandler to exit
2022-11-12 13:20:54,411 ScriptingHost.ConnectionHandler exited
2022-11-12 13:20:54,411 Exiting displaycal
2022-11-12 13:20:54,411 Ran application exit handlers
