2022-11-13 11:39:31,911 ================================================================================
2022-11-13 11:39:31,911 displaycal 3.8.9.3 2019-12-14T12:16:22.165507Z
2022-11-13 11:39:31,913 gentoo 2.9  x86_64
2022-11-13 11:39:31,913 Python 2.7.18 (default, Nov  8 2022, 22:42:23) 
2022-11-13 11:39:31,913 [GCC 12.2.1 20221008]
2022-11-13 11:39:31,913 Faulthandler 3.2
2022-11-13 11:39:31,953 /usr/lib64/python2.7/site-packages/wx-3.0-gtk2/wx/_core.py:16629: UserWarning: wxPython/wxWidgets release number mismatch
2022-11-13 11:39:31,994 wxPython 3.0.2.0 gtk2 (classic)
2022-11-13 11:39:31,994 Encoding: UTF-8
2022-11-13 11:39:31,994 File system encoding: UTF-8
2022-11-13 11:39:31,994 Loading /home/leo/.config/DisplayCAL/DisplayCAL.ini
2022-11-13 11:39:31,995 Lockfile /home/leo/.config/DisplayCAL/DisplayCAL.lock
2022-11-13 11:39:32,157 Starting up...
2022-11-13 11:39:32,237 SDL2: libSDL2-2.0.so.0
2022-11-13 11:39:32,238 Audio module: wx 3.0.2.0
2022-11-13 11:39:33,328 Enumerating display devices and communication ports...
2022-11-13 11:39:33,329 /usr/bin
2022-11-13 11:39:35,105 ArgyllCMS 2.3.1
2022-11-13 11:39:35,106 Argyll has virtual display support
2022-11-13 11:39:35,106 ...ok.
2022-11-13 11:39:35,115 Checking video card gamma table access for display 1...
2022-11-13 11:39:35,130 Dispwin: Warning - new_dispwin: Expected VideoLUT depth 8 doesn't match actual 10
2022-11-13 11:39:35,159 VideoLUT has 1024 entries, interpolating to 256
2022-11-13 11:39:35,269 Dispwin: Warning - new_dispwin: Expected VideoLUT depth 8 doesn't match actual 10
2022-11-13 11:39:35,288 Dispwin: Warning - new_dispwin: Expected VideoLUT depth 8 doesn't match actual 10
2022-11-13 11:39:35,288 Verify: 'test.cal' IS loaded (discrepancy 0.0%)
2022-11-13 11:39:35,318 Dispwin: Warning - new_dispwin: Expected VideoLUT depth 8 doesn't match actual 10
2022-11-13 11:39:35,318 ...ok.
2022-11-13 11:39:35,318 Checking video card gamma table access for display 2...
2022-11-13 11:39:35,356 Dispwin: Warning - new_dispwin: Expected VideoLUT depth 8 doesn't match actual 10
2022-11-13 11:39:35,384 VideoLUT has 1024 entries, interpolating to 256
2022-11-13 11:39:35,522 Dispwin: Warning - new_dispwin: Expected VideoLUT depth 8 doesn't match actual 10
2022-11-13 11:39:35,556 Dispwin: Warning - new_dispwin: Expected VideoLUT depth 8 doesn't match actual 10
2022-11-13 11:39:35,556 Verify: 'test.cal' IS loaded (discrepancy 0.0%)
2022-11-13 11:39:35,622 Dispwin: Warning - new_dispwin: Expected VideoLUT depth 8 doesn't match actual 10
2022-11-13 11:39:35,623 ...ok.
2022-11-13 11:39:35,623 Checking video card gamma table access for display 3...
2022-11-13 11:39:35,654 Dispwin: Warning - new_dispwin: Expected VideoLUT depth 8 doesn't match actual 10
2022-11-13 11:39:35,682 VideoLUT has 1024 entries, interpolating to 256
2022-11-13 11:39:35,817 Dispwin: Warning - new_dispwin: Expected VideoLUT depth 8 doesn't match actual 10
2022-11-13 11:39:35,842 Dispwin: Warning - new_dispwin: Expected VideoLUT depth 8 doesn't match actual 10
2022-11-13 11:39:35,842 Verify: 'test.cal' IS loaded (discrepancy 0.0%)
2022-11-13 11:39:35,892 Dispwin: Warning - new_dispwin: Expected VideoLUT depth 8 doesn't match actual 10
2022-11-13 11:39:35,892 ...ok.
2022-11-13 11:39:35,892 Initializing GUI...
2022-11-13 11:39:35,960 
2022-11-13 11:39:37,292 ...ok.
2022-11-13 11:39:37,293 Ready.
2022-11-13 11:39:37,396 Setting up scripting host at 127.0.0.1:15411
2022-11-13 11:39:37,450 Check for application update...
2022-11-13 11:39:37,568 DisplayCAL is up-to-date.
2022-11-13 11:39:37,711 ArgyllCMS is up-to-date.
2022-11-13 11:39:47,688 Executing BaseApp.OnExit()
2022-11-13 11:39:47,688 Running application exit handlers
2022-11-13 11:39:47,689 Waiting for thread ScriptingHost.ConnectionHandler to exit
2022-11-13 11:39:47,847 ScriptingHost.ConnectionHandler exited
2022-11-13 11:39:47,847 Exiting displaycal
2022-11-13 11:39:47,847 Ran application exit handlers
