2022-11-12 12:52:59,393 --------------------------------------------------------------------------------
2022-11-12 12:52:59,393 Working directory:
2022-11-12 12:52:59,393   /
2022-11-12 12:52:59,394    tmp/
2022-11-12 12:52:59,394     DisplayCAL-nwqs2U/
2022-11-12 12:52:59,394 
2022-11-12 12:52:59,394 Command line:
2022-11-12 12:52:59,394   /usr/bin/argyll-dispread
2022-11-12 12:52:59,394     -v
2022-11-12 12:52:59,394     -k
2022-11-12 12:52:59,395     /usr/share/DisplayCAL/linear.cal
2022-11-12 12:52:59,395     -d3
2022-11-12 12:52:59,395     -c1
2022-11-12 12:52:59,395     -yn
2022-11-12 12:52:59,395     -P0.850177304965,0.118131868132,1.24867724868
2022-11-12 12:52:59,396     0_16
2022-11-12 12:52:59,396 
2022-11-12 12:52:59,401 DisplayCAL: Starting interaction with subprocess
2022-11-12 12:52:59,809 Number of patches = 3
2022-11-12 12:52:59,810 Setting up the instrument
2022-11-12 12:53:00,834 Product Name:      Colormunki Display
2022-11-12 12:53:00,834 Serial Number:     C1-22.B-02.015586.02
2022-11-12 12:53:00,834 Firmware Version:  v2.28
2022-11-12 12:53:00,835 Firmware Date:     29Jan14
2022-11-12 12:53:00,836 argyll-dispread: Warning - new_dispwin: Expected VideoLUT depth 8 doesn't match actual 10
2022-11-12 12:53:01,044 Place instrument on test window.
2022-11-12 12:53:01,045 DisplayCAL: Detected instrument placement (screen/spot) message
2022-11-12 12:53:01,046 DisplayCAL: Waiting for send buffer
2022-11-12 12:53:02,547 DisplayCAL: Skipping place instrument on screen message...
2022-11-12 12:53:02,576 DisplayCAL: Sending buffer: ' '
2022-11-12 12:53:02,627 Hit Esc or Q to give up, any other key to continue:
2022-11-12 12:53:18,395 Patch 3 of 3
2022-11-12 12:53:18,395 The instrument can be removed from the screen.
2022-11-12 12:53:18,724 Written '0_16.ti3'
2022-11-12 12:53:18,725 DisplayCAL: Reached EOF (OK)
2022-11-12 12:53:18,826 argyll-dispread exitcode: 0
2022-11-12 12:53:18,836 RGB level 0 is 0.066721 cd/m2
2022-11-12 12:53:18,836 RGB level 16 is 0.292832 cd/m2
2022-11-12 12:53:18,837 Assuming full range output levels
