(N) 2023-01-14T15:18:24 - 'Music.Bank.E1099.211126.1080i.IPTV.H264-JPS.en.srt' was removed from the transfer list.
(N) 2023-01-14T15:18:24 - 'Show.Music.Core.E711.210123.1080i.IPTV.H264-HeaD.en.srt' was removed from the transfer list.
(N) 2023-01-14T15:18:24 - 'Inkigayo.E1096.210606.1080i.IPTV.H264-JPS.en.srt' was removed from the transfer list.
(N) 2023-01-14T15:18:24 - 'Music.Bank.E1098.211119.1080i.IPTV.H264-JPS.en.srt' was removed from the transfer list.
(N) 2023-01-14T15:18:24 - 'Show.Music.Core.E735.210821.1080i.IPTV.H264-JPS.en.srt' was removed from the transfer list.
(N) 2023-01-14T15:18:24 - 'Saba Doll S01E11.ass' was removed from the transfer list.
(N) 2023-01-14T15:18:24 - 'Inkigayo.E1073.201129.1080i.IPTV.H264-HeaD.en.srt' was removed from the transfer list.
(N) 2023-01-14T15:18:24 - 'Show.Music.Core.E715.210227.1080i.IPTV.H264-HeaD.en.srt' was removed from the transfer list.
(N) 2023-01-14T15:18:24 - '210409 뮤직뱅크 #1069.en.srt' was removed from the transfer list.
(N) 2023-01-14T15:18:24 - 'Inkigayo.E1082.210228.1080i.IPTV.H264-HeaD.en.srt' was removed from the transfer list.
(N) 2023-01-14T15:18:24 - '[201115] Inkigayo 1071.en.vtt' was removed from the transfer list.
(N) 2023-01-14T15:18:24 - 'Inkigayo.E1071.201115.1080i.IPTV.H264-HeaD.en.srt' was removed from the transfer list.
(N) 2023-01-14T15:18:24 - '[201108] Inkigayo 1070.en.vtt' was removed from the transfer list.
(N) 2023-01-14T15:18:24 - 'Inkigayo.E1070.201108.1080i.IPTV.H264-HeaD.en.srt' was removed from the transfer list.
(N) 2023-01-14T15:18:24 - 'BiSH - My landscape[OFFICIAL VIDEO].ass' was removed from the transfer list.
(N) 2023-01-14T15:18:24 - 'Show.Music.Core.E710.210116.1080i.IPTV.H264-HeaD.en.srt' was removed from the transfer list.
(N) 2023-01-14T15:18:24 - 'Show.Music.Core.E737.210904.1080i.IPTV.H264-JPS.en.srt' was removed from the transfer list.
(N) 2023-01-14T15:18:24 - '[201128] Show Music Core 704.en.vtt' was removed from the transfer list.
(N) 2023-01-14T15:18:24 - 'Show.Music.Core.E704.201128.1080i.IPTV.H264-HeaD.en.srt' was removed from the transfer list.
(N) 2023-01-14T15:18:24 - 'Show.Music.Core.E714.210220.1080i.IPTV.H264-HeaD.en.srt' was removed from the transfer list.
(N) 2023-01-14T15:18:24 - 'Show.Music.Core.E712.210130.1080i.IPTV.H264-HeaD.en.srt' was removed from the transfer list.
(N) 2023-01-14T15:18:24 - '211016.MBC.쇼! 음악중심.E742.1080i.IPTV.H264.AC3-SeRYO.en.srt' was removed from the transfer list.
(N) 2023-01-14T15:18:24 - 'Music.Bank.E1089.210917.1080i.IPTV.H264-JPS.en.srt' was removed from the transfer list.
(N) 2023-01-14T15:18:24 - 'Utada Hikaru - Nijikan Dake no Vacance featuring Sheena Ringo [1440x1080i h264 M-ON! HD].English.ass' was removed from the transfer list.
(N) 2023-01-14T15:18:24 - 'Inkigayo.E1093.210516.1080i.IPTV.H264-JPS.en.srt' was removed from the transfer list.
(N) 2023-01-14T15:18:24 - 'Inkigayo.E1093.210516.1080i.HDTV.MPEG2-JPS.en.srt' was removed from the transfer list.
(N) 2023-01-14T15:18:24 - 'Inkigayo.E1091.210502.1080i.IPTV.H264-JPS.en.srt' was removed from the transfer list.
(N) 2023-01-14T15:18:24 - 'Inkigayo.E1091.210502.1080i.HDTV.MPEG2-JPS.en.srt' was removed from the transfer list.
(N) 2023-01-14T15:18:24 - 'JUMP message DVD.ass' was removed from the transfer list.
(N) 2023-01-14T15:18:24 - 'Music.Bank.E1095.211029.1080i.IPTV.H264-JPS.en.srt' was removed from the transfer list.
(N) 2023-01-14T15:18:24 - '[201122] Inkigayo 1072.en.vtt' was removed from the transfer list.
(N) 2023-01-14T15:18:24 - 'Inkigayo.E1072.201122.1080i.IPTV.H264-HeaD.en.srt' was removed from the transfer list.
(N) 2023-01-14T15:18:24 - 'Show.Music.Core.E738.210911.1080i.IPTV.H264-JPS.en.srt' was removed from the transfer list.
(N) 2023-01-14T15:18:24 - 'Inkigayo.E1101.210711.1080i.IPTV.H264-JPS.en.srt' was removed from the transfer list.
(N) 2023-01-14T15:18:24 - '[201114] Show Music Core 702.en.vtt' was removed from the transfer list.
(N) 2023-01-14T15:18:24 - 'Show.Music.Core.E702.201114.1080i.IPTV.H264-HeaD.en.srt' was removed from the transfer list.
(N) 2023-01-14T15:18:24 - '210404 인기가요 #1087.en.srt' was removed from the transfer list.
(N) 2023-01-14T15:18:24 - 'Show.Music.Core.E713.210206.1080i.IPTV.H264-HeaD.en.srt' was removed from the transfer list.
(N) 2023-01-14T15:18:24 - 'Show.Music.Core.E706.201212.1080i.IPTV.H264-HeaD.en.srt' was removed from the transfer list.
(N) 2023-01-14T15:18:24 - 'Show.Music.Core.E717.210313.1080i.IPTV.H264-HeaD.en.srt' was removed from the transfer list.
(N) 2023-01-14T15:18:24 - '[201206] Inkigayo 1074.en.vtt' was removed from the transfer list.
(N) 2023-01-14T15:18:24 - 'Inkigayo.E1074.201206.1080i.IPTV.H264-HeaD.en.srt' was removed from the transfer list.
(N) 2023-01-14T15:18:24 - 'Inkigayo.E1095.210530.1080i.HDTV.MPEG2-JPS.en.srt' was removed from the transfer list.
(N) 2023-01-14T15:18:24 - 'Inkigayo.E1095.210530.1080i.IPTV.H264-JPS.en.srt' was removed from the transfer list.
(N) 2023-01-14T15:18:24 - 'Show.Music.Core.E699.201031.1080i.IPTV.H264-HeaD.en.srt' was removed from the transfer list.
(N) 2023-01-14T15:18:24 - 'Inkigayo.E1092.210509.1080i.HDTV.MPEG2-JPS.en.srt' was removed from the transfer list.
(N) 2023-01-14T15:18:24 - 'Inkigayo.E1103.210808.1080i.IPTV.H264-JPS.en.srt' was removed from the transfer list.
(N) 2023-01-14T15:18:24 - 'Inkigayo.E1100.210704.1080i.IPTV.H264-JPS.en.srt' was removed from the transfer list.
(N) 2023-01-14T15:18:24 - 'Inkigayo.E1110.210926.1080i.IPTV.H264-JPS.en.srt' was removed from the transfer list.
(N) 2023-01-14T15:18:24 - 'Inkigayo.E1113.211017.1080i.IPTV.H264-JPS.en.srt' was removed from the transfer list.
(N) 2023-01-14T15:18:24 - 'Inkigayo.E1084.210314.1080i.IPTV.H264-HeaD.en.srt' was removed from the transfer list.
(N) 2023-01-14T15:18:24 - 'Inkigayo.E1111.211003.1080i.IPTV.H264-JPS.en.srt' was removed from the transfer list.
(N) 2023-01-14T15:18:24 - '210425 인기가요 #1090.en.srt' was removed from the transfer list.
(N) 2023-01-14T15:18:24 - 'Inkigayo.E1117.211121.1080i.IPTV.H264-JPS.en.srt' was removed from the transfer list.
(N) 2023-01-14T15:18:24 - 'Inkigayo.E1075.201213.1080i.IPTV.H264-HeaD.en.srt' was removed from the transfer list.
(N) 2023-01-14T15:18:24 - 'Inkigayo.E1098.210620.1080i.IPTV.H264-JPS.en.srt' was removed from the transfer list.
(N) 2023-01-14T15:18:24 - 'Inkigayo.E1106.210829.1080i.IPTV.H264-JPS.en.srt' was removed from the transfer list.
(N) 2023-01-14T15:18:24 - 'Inkigayo.E1102.210718.1080i.IPTV.H264-JPS.en.srt' was removed from the transfer list.
(N) 2023-01-14T15:18:24 - 'Saba Doll S01E12.ass' was removed from the transfer list.
(N) 2023-01-14T15:18:24 - 'Inkigayo.E1114.211024.1080i.IPTV.H264-JPS.en.srt' was removed from the transfer list.
(N) 2023-01-14T15:18:24 - 'ayaka - Real voice' was removed from the transfer list.
(N) 2023-01-14T15:18:24 - 'Inkigayo.E1108.210912.1080i.IPTV.H264-JPS.en.srt' was removed from the transfer list.
(N) 2023-01-14T15:18:24 - 'Inkigayo.E1107.210905.1080i.IPTV.H264-JPS.en.srt' was removed from the transfer list.
(N) 2023-01-14T15:18:24 - 'Inkigayo.E1079.210131.1080i.IPTV.H264-HeaD.en.srt' was removed from the transfer list.
(N) 2023-01-14T15:18:24 - 'Inkigayo.E1116.211114.1080i.IPTV.H264-JPS.en.srt' was removed from the transfer list.
(N) 2023-01-14T15:18:24 - 'Inkigayo.E1097.210613.1080i.IPTV.H264-JPS.en.srt' was removed from the transfer list.
(N) 2023-01-14T15:18:24 - 'SNSD - Tell Me Your Wish_Genie .mid' was removed from the transfer list.
(N) 2023-01-14T15:18:24 - '210418 인기가요 #1089.en.srt' was removed from the transfer list.
(N) 2023-01-14T15:18:24 - 'Inkigayo.E1080.210207.1080i.IPTV.H264-HeaD.en.srt' was removed from the transfer list.
(N) 2023-01-14T15:18:24 - 'Inkigayo.E1112.211010.1080i.IPTV.H264-JPS.en.srt' was removed from the transfer list.
(N) 2023-01-14T15:18:24 - 'Inkigayo.E1104.210815.1080i.IPTV.H264-JPS.en.srt' was removed from the transfer list.
(N) 2023-01-14T15:18:24 - 'Inkigayo.E1078.210124.1080i.IPTV.H264-HeaD.en.srt' was removed from the transfer list.
(N) 2023-01-14T15:18:24 - 'BiSH - プロミスザスター[OFFICIAL VIDEO].ass' was removed from the transfer list.
(N) 2023-01-14T15:18:24 - 'Inkigayo.E1081.210221.1080i.IPTV.H264-HeaD.en.srt' was removed from the transfer list.
(N) 2023-01-14T15:18:24 - 'Inkigayo.E1077.210117.1080i.IPTV.H264-HeaD.en.srt' was removed from the transfer list.
(N) 2023-01-14T15:18:24 - 'Inkigayo.E1085.210321.1080i.IPTV.H264-HeaD.en.srt' was removed from the transfer list.
(N) 2023-01-14T15:18:24 - '210328 인기가요 #1086 (SBS).en.srt' was removed from the transfer list.
(N) 2023-01-14T15:18:24 - 'AAA - Get CHU!.ass' was removed from the transfer list.
(N) 2023-01-14T15:18:24 - 'Inkigayo.E1099.210627.1080i.IPTV.H264-JPS.en.srt' was removed from the transfer list.
(N) 2023-01-14T15:18:24 - 'Inkigayo.E1115.211031.1080i.IPTV.H264-JPS.en.srt' was removed from the transfer list.
(N) 2023-01-14T15:18:24 - '[201121] Show Music Core 703.en.vtt' was removed from the transfer list.
(N) 2023-01-14T15:18:24 - '[201121] MBC Show! Music Core JUMF 2020 Festival Special.en.srt' was removed from the transfer list.
(N) 2023-01-14T15:18:24 - 'Show.Music.Core.E703.201121.1080i.IPTV.H264-HeaD.en.srt' was removed from the transfer list.
(N) 2023-01-14T15:18:24 - 'w-inds. - 十六夜の月' was removed from the transfer list.
(N) 2023-01-14T15:18:24 - 'Inkigayo.E1076.210110.1080i.IPTV.H264-HeaD.en.srt' was removed from the transfer list.
(N) 2023-01-14T15:18:24 - 'KARA - Honey.mid' was removed from the transfer list.
(N) 2023-01-14T15:18:24 - 'Girls' Generation in Las Vegas.srt' was removed from the transfer list.
(N) 2023-01-14T15:18:24 - '157 It's all love!.srt' was removed from the transfer list.
(N) 2023-01-14T15:18:24 - '4MINUTE - _ __(Is It Poppin).srt' was removed from the transfer list.
(N) 2023-01-14T15:18:24 - 'Lavender Town.mid' was removed from the transfer list.
(N) 2023-01-14T15:18:24 - '097 Koi no Tsubomi.srt' was removed from the transfer list.
(I) 2023-01-14T15:18:32 - UPnP / NAT-PMP support [OFF]
(N) 2023-01-14T15:21:09 - qBittorrent v4.4.5 started
(N) 2023-01-14T15:21:09 - Using config directory: /home/leo/.config/qBittorrent
(I) 2023-01-14T15:21:09 - Trying to listen on: 0.0.0.0:24149,[::]:24149
(N) 2023-01-14T15:21:09 - Peer ID: -qB4450-
(N) 2023-01-14T15:21:09 - HTTP User-Agent is 'qBittorrent/4.4.5'
(I) 2023-01-14T15:21:09 - DHT support [ON]
(I) 2023-01-14T15:21:09 - Local Peer Discovery support [ON]
(I) 2023-01-14T15:21:09 - PeX support [ON]
(I) 2023-01-14T15:21:09 - Anonymous mode [OFF]
(I) 2023-01-14T15:21:09 - Encryption support [ON]
(I) 2023-01-14T15:21:09 - UPnP / NAT-PMP support [ON]
(I) 2023-01-14T15:21:09 - IP geolocation database loaded. Type: DBIP-Country-Lite. Build time: Sun Jan 1 02:24:17 2023.
(I) 2023-01-14T15:21:09 - Successfully listening on IP: 127.0.0.1, port: TCP/24149
(I) 2023-01-14T15:21:09 - Successfully listening on IP: 127.0.0.1, port: UDP/24149
(I) 2023-01-14T15:21:09 - Successfully listening on IP: 192.168.1.19, port: TCP/24149
(I) 2023-01-14T15:21:09 - Successfully listening on IP: 192.168.1.19, port: UDP/24149
(I) 2023-01-14T15:21:09 - Successfully listening on IP: ::1, port: TCP/24149
(I) 2023-01-14T15:21:09 - Successfully listening on IP: ::1, port: UDP/24149
(I) 2023-01-14T15:21:09 - Successfully listening on IP: 2a01:cb05:87ca:800:7a7c:4330:818c:9dae, port: TCP/24149
(I) 2023-01-14T15:21:09 - Successfully listening on IP: 2a01:cb05:87ca:800:7a7c:4330:818c:9dae, port: UDP/24149
(I) 2023-01-14T15:21:09 - Successfully listening on IP: fe80::5cee:b9ad:fa13:b951%enp34s0, port: TCP/24149
(I) 2023-01-14T15:21:09 - Successfully listening on IP: fe80::5cee:b9ad:fa13:b951%enp34s0, port: UDP/24149
(I) 2023-01-14T15:21:09 - Detected external IP: 90.105.3.11
(I) 2023-01-14T15:21:09 - UPnP/NAT-PMP: Port mapping successful, message: successfully mapped port using UPnP. external port: TCP/24149
(N) 2023-01-14T15:21:09 - RSS feed at 'https://nyaa.si/?page=rss&q=Chainsaw+Man+mkv+1080&c=0_0&f=0&u=Tsundere-Raws' is successfully downloaded. Starting to parse it.
(N) 2023-01-14T15:21:09 - RSS feed at 'https://nyaa.si/?page=rss&q=Chainsaw+Man+mkv+1080&c=0_0&f=0&u=Tsundere-Raws' updated. Added 0 new articles.
(I) 2023-01-14T15:21:10 - Detected external IP: 2a01:cb05:87ca:800:7a7c:4330:818c:9dae
(I) 2023-01-14T15:21:10 - UPnP/NAT-PMP: Port mapping successful, message: successfully mapped port using UPnP. external port: UDP/24149
(I) 2023-01-14T15:21:10 - UPnP / NAT-PMP support [OFF]
(N) 2023-01-15T23:02:07 - qBittorrent v4.4.5 started
(N) 2023-01-15T23:02:07 - Using config directory: /home/leo/.config/qBittorrent
(I) 2023-01-15T23:02:07 - Trying to listen on: 0.0.0.0:24149,[::]:24149
(N) 2023-01-15T23:02:07 - Peer ID: -qB4450-
(N) 2023-01-15T23:02:07 - HTTP User-Agent is 'qBittorrent/4.4.5'
(I) 2023-01-15T23:02:07 - DHT support [ON]
(I) 2023-01-15T23:02:07 - Local Peer Discovery support [ON]
(I) 2023-01-15T23:02:07 - PeX support [ON]
(I) 2023-01-15T23:02:07 - Anonymous mode [OFF]
(I) 2023-01-15T23:02:07 - Encryption support [ON]
(I) 2023-01-15T23:02:07 - UPnP / NAT-PMP support [ON]
(I) 2023-01-15T23:02:07 - IP geolocation database loaded. Type: DBIP-Country-Lite. Build time: Sun Jan 1 02:24:17 2023.
(I) 2023-01-15T23:02:08 - Successfully listening on IP: 127.0.0.1, port: TCP/24149
(I) 2023-01-15T23:02:08 - Successfully listening on IP: 127.0.0.1, port: UDP/24149
(I) 2023-01-15T23:02:08 - Successfully listening on IP: 192.168.1.19, port: TCP/24149
(I) 2023-01-15T23:02:08 - Successfully listening on IP: 192.168.1.19, port: UDP/24149
(I) 2023-01-15T23:02:08 - UPnP/NAT-PMP: Port mapping successful, message: successfully mapped port using UPnP. external port: TCP/24149
(I) 2023-01-15T23:02:08 - UPnP/NAT-PMP: Port mapping successful, message: successfully mapped port using UPnP. external port: UDP/24149
(N) 2023-01-15T23:02:08 - RSS feed at 'https://nyaa.si/?page=rss&q=Chainsaw+Man+mkv+1080&c=0_0&f=0&u=Tsundere-Raws' is successfully downloaded. Starting to parse it.
(N) 2023-01-15T23:02:08 - RSS feed at 'https://nyaa.si/?page=rss&q=Chainsaw+Man+mkv+1080&c=0_0&f=0&u=Tsundere-Raws' updated. Added 0 new articles.
(N) 2023-01-15T23:02:09 - RSS feed at 'https://nyaa.si/?page=rss&q=bocchi+vostfr+mkv+1080&c=0_0&f=0&u=Tsundere-Raws' is successfully downloaded. Starting to parse it.
(N) 2023-01-15T23:02:09 - RSS feed at 'https://nyaa.si/?page=rss&q=bocchi+vostfr+mkv+1080&c=0_0&f=0&u=Tsundere-Raws' updated. Added 0 new articles.
(N) 2023-01-15T23:02:09 - RSS feed at 'https://nyaa.si/?page=rss&q=do+it+mkv+1080&c=0_0&f=0&u=Tsundere-Raws' is successfully downloaded. Starting to parse it.
(N) 2023-01-15T23:02:09 - RSS feed at 'https://nyaa.si/?page=rss&q=do+it+mkv+1080&c=0_0&f=0&u=Tsundere-Raws' updated. Added 0 new articles.
(N) 2023-01-15T23:02:10 - RSS feed at 'https://nyaa.si/?page=rss&q=spy+x+family+1080+vostfr+mkv&c=0_0&f=0&u=Tsundere-Raws' is successfully downloaded. Starting to parse it.
(N) 2023-01-15T23:02:10 - RSS feed at 'https://nyaa.si/?page=rss&q=spy+x+family+1080+vostfr+mkv&c=0_0&f=0&u=Tsundere-Raws' updated. Added 0 new articles.
(N) 2023-01-15T23:03:13 - 'Kaijuu no Kodomo.mkv' added to download list.
(N) 2023-01-15T23:08:41 - 'Kaijuu no Kodomo.mkv' was removed from the transfer list.
(I) 2023-01-15T23:08:42 - UPnP / NAT-PMP support [OFF]
