2022-11-11 16:40:24,267 --------------------------------------------------------------------------------
2022-11-11 16:40:24,267 Working directory:
2022-11-11 16:40:24,268   /
2022-11-11 16:40:24,268    tmp/
2022-11-11 16:40:24,268     DisplayCAL-ro0zTV/
2022-11-11 16:40:24,268 
2022-11-11 16:40:24,268 Command line:
2022-11-11 16:40:24,268   /usr/bin/argyll-dispcal
2022-11-11 16:40:24,268     -v2
2022-11-11 16:40:24,269     -d3
2022-11-11 16:40:24,269     -c1
2022-11-11 16:40:24,269     -yn
2022-11-11 16:40:24,269     -P0.889184397163,0.296703296703,1.24867724868
2022-11-11 16:40:24,269     -ql
2022-11-11 16:40:24,269     -t6500
2022-11-11 16:40:24,270     -b120.0
2022-11-11 16:40:24,270     -gs
2022-11-11 16:40:24,270     -f1.0
2022-11-11 16:40:24,270     -k0
2022-11-11 16:40:24,270     -A4.0
2022-11-11 16:40:24,270     -b
2022-11-11 16:40:24,270     DisplayPort-2CRT
2022-11-11 16:40:24,271 
2022-11-11 16:40:24,275 DisplayCAL: Starting interaction with subprocess
2022-11-11 16:40:24,685 Setting up the instrument
2022-11-11 16:40:25,712 Product Name:      Colormunki Display
2022-11-11 16:40:25,712 Serial Number:     C1-22.B-02.015586.02
2022-11-11 16:40:25,712 Firmware Version:  v2.28
2022-11-11 16:40:25,712 Firmware Date:     29Jan14
2022-11-11 16:40:25,714 argyll-dispcal: Warning - new_dispwin: Expected VideoLUT depth 8 doesn't match actual 10
2022-11-11 16:40:25,938 Place instrument on test window.
2022-11-11 16:40:25,939 DisplayCAL: Detected instrument placement (screen/spot) message
2022-11-11 16:40:25,939 DisplayCAL: Waiting for send buffer
2022-11-11 16:40:27,440 DisplayCAL: Skipping place instrument on screen message...
2022-11-11 16:40:27,469 DisplayCAL: Sending buffer: ' '
2022-11-11 16:40:27,521 Hit Esc or Q to give up, any other key to continue:
2022-11-11 16:40:27,521 Display type is 'n'
2022-11-11 16:40:27,521 Target white = 6500.000000 degrees kelvin Daylight spectrum
2022-11-11 16:40:27,521 Target white brightness = 120.000000 cd/m^2
2022-11-11 16:40:27,521 Target black brightness = native brightness
2022-11-11 16:40:27,521 Black point device hack is enabled
2022-11-11 16:40:27,522 Target gamma = sRGB curve
2022-11-11 16:40:27,522 
2022-11-11 16:40:27,522 Display adjustment menu:
2022-11-11 16:40:27,522 Press 1 .. 7
2022-11-11 16:40:27,522 1) Black level (CRT: Offset/Brightness)
2022-11-11 16:40:27,522 2) White point (Color temperature, R,G,B, Gain/Contrast)
2022-11-11 16:40:27,523 3) White level (CRT: Gain/Contrast, LCD: Brightness/Backlight)
2022-11-11 16:40:27,523 4) Black point (R,G,B, Offset/Brightness)
2022-11-11 16:40:27,523 5) Check all
2022-11-11 16:40:27,523 6) Measure and set ambient for viewing condition adjustment
2022-11-11 16:40:27,523 7) Continue on to calibration
2022-11-11 16:40:27,523 8) Exit
2022-11-11 16:40:27,526 DisplayCAL: Waiting for send buffer
2022-11-11 16:40:28,240 DisplayCAL: Sending buffer: '2'
2022-11-11 16:40:28,291 Doing some initial measurements
2022-11-11 16:40:37,312 Red   = XYZ 37.248 21.308  1.562
2022-11-11 16:40:37,313 Green = XYZ 23.076 50.259  8.530
2022-11-11 16:40:37,313 Blue  = XYZ 14.779  6.940 78.139
2022-11-11 16:40:38,888 White = XYZ 74.273 77.256 86.053
2022-11-11 16:40:38,890 
2022-11-11 16:40:38,890 Adjust R,G & B gain to get target x,y. Press space when done.
2022-11-11 16:40:38,890    Target Br 120.00, x 0.3128 , y 0.3292
2022-11-11 16:44:28,997 DisplayCAL: Sending buffer: ' '
2022-11-11 16:44:29,216 / Current Br 100.42, x 0.3134-, y 0.3249+  DE  3.8  R-  G++ B-
2022-11-11 16:44:29,216 
2022-11-11 16:44:29,216 Press 1 .. 7
2022-11-11 16:44:29,216 1) Black level (CRT: Offset/Brightness)
2022-11-11 16:44:29,217 2) White point (Color temperature, R,G,B, Gain/Contrast)
2022-11-11 16:44:29,217 3) White level (CRT: Gain/Contrast, LCD: Brightness/Backlight)
2022-11-11 16:44:29,217 4) Black point (R,G,B, Offset/Brightness)
2022-11-11 16:44:29,217 5) Check all
2022-11-11 16:44:29,218 6) Measure and set ambient for viewing condition adjustment
2022-11-11 16:44:29,218 7) Continue on to calibration
2022-11-11 16:44:29,218 8) Exit
2022-11-11 16:44:29,220 DisplayCAL: Waiting for send buffer
2022-11-11 16:44:31,566 DisplayCAL: Sending buffer: '7'
2022-11-11 16:44:31,617 Commencing display calibration
2022-11-11 16:45:37,877 Patch 9 of 9
2022-11-11 16:45:37,878 Black = XYZ 0.0000 0.0000 0.0000
2022-11-11 16:45:37,878 Red   = XYZ 48.948 28.124  2.056
2022-11-11 16:45:37,878 Green = XYZ 29.759 64.924 11.004
2022-11-11 16:45:37,878 Blue  = XYZ 18.960  8.911 101.107
2022-11-11 16:45:37,878 White = XYZ 96.486 99.904 111.095
2022-11-11 16:51:47,228 Patch 48 of 48
2022-11-11 16:51:47,286 Had to scale brightness from 120.000000 to 98.114118 to fit within gamut,
2022-11-11 16:51:47,286 corresponding to aprox. RGB 0.975212 1.000000 0.974879
2022-11-11 16:51:47,286 Target white value is XYZ 93.225261 98.114118 106.701711 [xy 0.312793 0.329197]
2022-11-11 16:51:47,287 Adjusted target black XYZ 0.0000 0.0000 0.0000, Lab -0.000 0.000 0.000
2022-11-11 16:51:47,288 Target black after min adjust: XYZ 0.0000 0.0000 0.0000, Lab -0.000 0.000 0.000
2022-11-11 16:51:47,288 Gamma curve input offset = 0.000000, output offset = 0.000000, power = 0.000000
2022-11-11 16:51:47,288 Total Iteration 2, Final Samples = 32 Final Repeat threshold = 0.900000
2022-11-11 16:51:47,289 Creating initial calibration curves...
2022-11-11 16:51:47,320 
2022-11-11 16:51:47,320 Doing iteration 1/2 with 16 sample points and repeat threshold of 1.272792 DE
2022-11-11 16:51:48,682 Patch 1 of 16 DE 1.237169, W.DE 1.237169, OK ( < 1.272792)
2022-11-11 16:51:50,092 Patch 2 of 16 DE 2.477286, W.DE 2.477286, Repeat
2022-11-11 16:51:51,534 Patch 2 of 16 DE 0.400004, W.DE 0.400004, OK ( < 1.272792)
2022-11-11 16:51:52,941 Patch 3 of 16 DE 2.773285, W.DE 2.773285, Repeat
2022-11-11 16:51:54,396 Patch 3 of 16 DE 0.486861, W.DE 0.486861, OK ( < 1.272792)
2022-11-11 16:51:55,802 Patch 4 of 16 DE 1.518291, W.DE 1.518291, Repeat
2022-11-11 16:51:57,210 Patch 4 of 16 DE 0.332896, W.DE 0.332896, OK ( < 1.272792)
2022-11-11 16:51:59,702 Patch 5 of 16 DE 2.012975, W.DE 2.012975, Repeat
2022-11-11 16:52:02,169 Patch 5 of 16 DE 0.768985, W.DE 0.768985, OK ( < 1.272792)
2022-11-11 16:52:04,687 Patch 6 of 16 DE 2.787748, W.DE 2.787748, Repeat
2022-11-11 16:52:07,219 Patch 6 of 16 DE 0.578174, W.DE 0.578174, OK ( < 1.272792)
2022-11-11 16:52:09,786 Patch 7 of 16 DE 1.145509, W.DE 1.145509, OK ( < 1.272792)
2022-11-11 16:52:12,419 Patch 8 of 16 DE 1.683026, W.DE 1.683026, Repeat
2022-11-11 16:52:15,036 Patch 8 of 16 DE 0.195060, W.DE 0.195060, OK ( < 1.272792)
2022-11-11 16:52:17,769 Patch 9 of 16 DE 1.526164, W.DE 1.526164, Repeat
2022-11-11 16:52:20,486 Patch 9 of 16 DE 1.004829, W.DE 1.004829, OK ( < 1.272792)
2022-11-11 16:52:23,321 Patch 10 of 16 DE 2.584825, W.DE 2.584825, Repeat
2022-11-11 16:52:26,120 Patch 10 of 16 DE 0.522872, W.DE 0.522872, OK ( < 1.272792)
2022-11-11 16:52:29,122 Patch 11 of 16 DE 2.582913, W.DE 2.582913, Repeat
2022-11-11 16:52:32,087 Patch 11 of 16 DE 0.206942, W.DE 0.206942, OK ( < 1.272792)
2022-11-11 16:52:36,517 Patch 12 of 16 DE 3.477068, W.DE 3.477068, Repeat
2022-11-11 16:52:40,820 Patch 12 of 16 DE 1.208152, W.DE 1.208152, OK ( < 1.272792)
2022-11-11 16:52:47,020 Patch 13 of 16 DE 4.095979, W.DE 4.095979, Repeat
2022-11-11 16:52:51,708 Patch 13 of 16 DE 3.088308, W.DE 3.088308, Repeat
2022-11-11 16:53:10,855 Patch 13 of 16 DE 2.653004, W.DE 2.653004, Repeat
2022-11-11 16:53:15,887 Patch 13 of 16 DE 0.563659, W.DE 0.563659, OK ( < 1.272792)
2022-11-11 16:53:28,372 Patch 14 of 16 DE 2.577811, W.DE 2.577811, Repeat
2022-11-11 16:53:35,019 Patch 14 of 16 DE 1.260680, W.DE 1.260680, OK ( < 1.272792)
2022-11-11 16:53:48,512 Patch 15 of 16 DE 0.917956, W.DE 0.917956, OK ( < 1.272792)
2022-11-11 16:54:01,972 Patch 16 of 16 DE 0.000000, W.DE 0.000000, OK ( < 1.272792)
2022-11-11 16:54:01,972 
2022-11-11 16:54:01,972 Brightness error = -0.523303 cd/m^2 (is 97.590815, should be 98.114118)
2022-11-11 16:54:01,972 White point error = 1.221972 deltaE
2022-11-11 16:54:01,972 Maximum neutral error (@ 0.039802) = 1.260680 deltaE
2022-11-11 16:54:01,973 Average neutral error = 0.676859 deltaE
2022-11-11 16:54:01,973 Number of measurements taken = 33
2022-11-11 16:54:01,973 Computing update to calibration curves...
2022-11-11 16:54:02,107 
2022-11-11 16:54:02,107 Doing iteration 2/2 with 32 sample points and repeat threshold of 0.900000 DE
2022-11-11 16:54:03,685 Patch 1 of 32 DE 1.153924, W.DE 1.153924, peqDE 1.153924, Repeat
2022-11-11 16:54:05,094 Patch 1 of 32 DE 0.811904, W.DE 0.811904, W.peqDE 0.811904, OK ( < 0.900000)
2022-11-11 16:54:06,476 Patch 2 of 32 DE 0.715617, W.DE 0.715617, peqDE 1.443198, Repeat
2022-11-11 16:54:07,858 Patch 2 of 32 DE 0.513497, W.DE 0.513497, W.peqDE 0.392297, OK ( < 0.900000)
2022-11-11 16:54:09,244 Patch 3 of 32 DE 0.481232, W.DE 0.481232, W.peqDE 0.707862, OK ( < 0.900000)
2022-11-11 16:54:10,626 Patch 4 of 32 DE 0.709241, W.DE 0.709241, W.peqDE 0.742761, OK ( < 0.900000)
2022-11-11 16:54:12,010 Patch 5 of 32 DE 0.975907, W.DE 0.975907, peqDE 1.041899, Repeat
2022-11-11 16:54:13,410 Patch 5 of 32 DE 0.395021, W.DE 0.395021, W.peqDE 0.317465, OK ( < 0.900000)
2022-11-11 16:54:14,796 Patch 6 of 32 DE 1.280665, W.DE 1.280665, peqDE 1.196690, Repeat
2022-11-11 16:54:16,199 Patch 6 of 32 DE 0.345003, W.DE 0.345003, W.peqDE 0.630374, OK ( < 0.900000)
2022-11-11 16:54:17,594 Patch 7 of 32 DE 1.218726, W.DE 1.218726, peqDE 1.341619, Repeat
2022-11-11 16:54:19,001 Patch 7 of 32 DE 0.435771, W.DE 0.435771, W.peqDE 0.384830, OK ( < 0.900000)
2022-11-11 16:54:20,394 Patch 8 of 32 DE 1.112537, W.DE 1.112537, peqDE 1.053378, Repeat
2022-11-11 16:54:21,796 Patch 8 of 32 DE 0.398653, W.DE 0.398653, W.peqDE 0.608522, OK ( < 0.900000)
2022-11-11 16:54:24,273 Patch 9 of 32 DE 3.759357, W.DE 3.759357, peqDE 4.099064, Repeat
2022-11-11 16:54:25,719 Patch 9 of 32 DE 2.404257, W.DE 2.404257, peqDE 2.034143, Repeat
2022-11-11 16:54:27,099 Patch 9 of 32 DE 0.249947, W.DE 0.249947, W.peqDE 0.266565, OK ( < 0.900000)
2022-11-11 16:54:29,606 Patch 10 of 32 DE 3.080906, W.DE 3.080906, peqDE 3.279215, Repeat
2022-11-11 16:54:32,140 Patch 10 of 32 DE 0.709730, W.DE 0.709730, W.peqDE 0.476204, OK ( < 0.900000)
2022-11-11 16:54:34,657 Patch 11 of 32 DE 2.238993, W.DE 2.238993, peqDE 2.734305, Repeat
2022-11-11 16:54:37,206 Patch 11 of 32 DE 0.301725, W.DE 0.301725, peqDE 0.964039, Repeat
2022-11-11 16:54:47,358 Patch 11 of 32 DE 0.301725, W.DE 0.301725, peqDE 0.964039, Repeat
2022-11-11 16:54:49,930 Patch 11 of 32 DE 1.703854, W.DE 1.703854, peqDE 0.964039, Repeat (got worse)
2022-11-11 16:54:52,328 Patch 11 of 32 DE 0.641137, W.DE 0.641137, W.peqDE 0.114233, OK ( < 0.900000)
2022-11-11 16:54:54,867 Patch 12 of 32 DE 2.391468, W.DE 2.391468, peqDE 2.777181, Repeat
2022-11-11 16:55:05,243 Patch 12 of 32 DE 2.303741, W.DE 2.303741, peqDE 2.935863, Repeat
2022-11-11 16:55:07,750 Patch 12 of 32 DE 2.162831, W.DE 2.162831, peqDE 1.539702, Repeat
2022-11-11 16:55:10,225 Patch 12 of 32 DE 0.067274, W.DE 0.067274, W.peqDE 0.608040, OK ( < 0.900000)
2022-11-11 16:55:12,794 Patch 13 of 32 DE 2.229543, W.DE 2.229543, peqDE 2.223492, Repeat
2022-11-11 16:55:15,392 Patch 13 of 32 DE 1.701720, W.DE 1.701720, peqDE 1.766038, Repeat
2022-11-11 16:55:25,777 Patch 13 of 32 DE 1.701720, W.DE 1.701720, peqDE 1.766038, Repeat
2022-11-11 16:55:28,309 Patch 13 of 32 DE 1.390541, W.DE 1.390541, peqDE 1.411262, Repeat
2022-11-11 16:55:30,811 Patch 13 of 32 DE 0.774146, W.DE 0.774146, W.peqDE 0.787062, OK ( < 0.900000)
2022-11-11 16:55:33,411 Patch 14 of 32 DE 2.750207, W.DE 2.750207, peqDE 2.615812, Repeat
2022-11-11 16:55:36,044 Patch 14 of 32 DE 0.944800, W.DE 0.944800, peqDE 1.502629, Repeat
2022-11-11 16:55:38,625 Patch 14 of 32 DE 0.138023, W.DE 0.138023, W.peqDE 0.781976, OK ( < 0.900000)
2022-11-11 16:55:41,260 Patch 15 of 32 DE 3.071695, W.DE 3.071695, peqDE 3.033573, Repeat
2022-11-11 16:55:43,926 Patch 15 of 32 DE 0.731009, W.DE 0.731009, W.peqDE 0.644589, OK ( < 0.900000)
2022-11-11 16:55:46,610 Patch 16 of 32 DE 3.367299, W.DE 3.367299, peqDE 3.604525, Repeat
2022-11-11 16:55:49,310 Patch 16 of 32 DE 2.437709, W.DE 2.437709, peqDE 1.855530, Repeat
2022-11-11 16:55:51,926 Patch 16 of 32 DE 0.647592, W.DE 0.647592, peqDE 1.184441, Repeat
2022-11-11 16:56:02,644 Patch 16 of 32 DE 0.647592, W.DE 0.647592, peqDE 1.184441, Repeat
2022-11-11 16:56:05,277 Patch 16 of 32 DE 0.276114, W.DE 0.276114, W.peqDE 0.625588, OK ( < 0.900000)
2022-11-11 16:56:08,011 Patch 17 of 32 DE 3.160919, W.DE 3.160919, peqDE 3.145470, Repeat
2022-11-11 16:56:10,762 Patch 17 of 32 DE 1.016021, W.DE 1.016021, peqDE 0.743782, Repeat
2022-11-11 16:56:21,644 Patch 17 of 32 DE 1.016021, W.DE 1.016021, peqDE 0.743782, Repeat
2022-11-11 16:56:24,320 Patch 17 of 32 DE 1.074090, W.DE 1.074090, peqDE 1.312550, Repeat
2022-11-11 16:56:26,948 Patch 17 of 32 DE 0.205011, W.DE 0.205011, W.peqDE 0.145623, OK ( < 0.900000)
2022-11-11 16:56:29,731 Patch 18 of 32 DE 3.075470, W.DE 3.075470, peqDE 3.065216, Repeat
2022-11-11 16:56:32,528 Patch 18 of 32 DE 0.673138, W.DE 0.673138, W.peqDE 0.684407, OK ( < 0.900000)
2022-11-11 16:56:35,393 Patch 19 of 32 DE 3.560572, W.DE 3.560572, peqDE 3.569702, Repeat
2022-11-11 16:56:38,258 Patch 19 of 32 DE 1.018758, W.DE 1.018758, peqDE 0.941414, Repeat
2022-11-11 16:56:41,045 Patch 19 of 32 DE 0.473471, W.DE 0.473471, W.peqDE 0.493768, OK ( < 0.900000)
2022-11-11 16:56:43,995 Patch 20 of 32 DE 3.571698, W.DE 3.571698, peqDE 3.657702, Repeat
2022-11-11 16:56:46,937 Patch 20 of 32 DE 0.728689, W.DE 0.728689, W.peqDE 0.309493, OK ( < 0.900000)
2022-11-11 16:56:49,995 Patch 21 of 32 DE 3.734978, W.DE 3.734978, peqDE 3.979935, Repeat
2022-11-11 16:56:53,014 Patch 21 of 32 DE 2.196070, W.DE 2.196070, peqDE 1.729033, Repeat
2022-11-11 16:56:55,928 Patch 21 of 32 DE 1.612160, W.DE 1.612160, peqDE 2.127032, Repeat
2022-11-11 16:56:58,880 Patch 21 of 32 DE 1.058824, W.DE 1.058824, peqDE 0.957374, Repeat
2022-11-11 16:57:01,796 Patch 21 of 32 DE 0.631129, W.DE 0.631129, W.peqDE 0.880652, OK ( < 0.900000)
2022-11-11 16:57:04,964 Patch 22 of 32 DE 3.771047, W.DE 3.771047, peqDE 3.808808, Repeat
2022-11-11 16:57:08,065 Patch 22 of 32 DE 2.562929, W.DE 2.562929, peqDE 2.833501, Repeat
2022-11-11 16:57:11,080 Patch 22 of 32 DE 1.655264, W.DE 1.655264, peqDE 1.467975, Repeat
2022-11-11 16:57:14,130 Patch 22 of 32 DE 0.474556, W.DE 0.474556, W.peqDE 0.262632, OK ( < 0.900000)
2022-11-11 16:57:18,417 Patch 23 of 32 DE 3.669270, W.DE 3.669270, peqDE 3.629487, Repeat
2022-11-11 16:57:21,615 Patch 23 of 32 DE 1.952217, W.DE 1.952217, peqDE 2.125129, Repeat
2022-11-11 16:57:25,797 Patch 23 of 32 DE 0.825135, W.DE 0.825135, W.peqDE 0.793320, OK ( < 0.900000)
2022-11-11 16:57:30,514 Patch 24 of 32 DE 3.857225, W.DE 3.857225, peqDE 3.698100, Repeat
2022-11-11 16:57:34,814 Patch 24 of 32 DE 2.275478, W.DE 2.275478, peqDE 2.700645, Repeat
2022-11-11 16:57:39,131 Patch 24 of 32 DE 1.118177, W.DE 1.118177, peqDE 0.785753, Repeat
2022-11-11 16:57:43,432 Patch 24 of 32 DE 0.276214, W.DE 0.276214, W.peqDE 0.810441, OK ( < 0.900000)
2022-11-11 16:57:48,408 Patch 25 of 32 DE 3.633299, W.DE 3.633299, peqDE 3.708208, Repeat
2022-11-11 16:57:52,964 Patch 25 of 32 DE 2.701874, W.DE 2.701874, peqDE 2.514129, Repeat
2022-11-11 16:57:57,605 Patch 25 of 32 DE 1.701736, W.DE 1.701736, peqDE 1.935648, Repeat
2022-11-11 16:58:02,132 Patch 25 of 32 DE 0.799028, W.DE 0.799028, W.peqDE 0.531635, OK ( < 0.900000)
2022-11-11 16:58:07,781 Patch 26 of 32 DE 3.179374, W.DE 3.179374, peqDE 3.406441, Repeat
2022-11-11 16:58:12,572 Patch 26 of 32 DE 1.987803, W.DE 1.987803, peqDE 1.414376, Repeat
2022-11-11 16:58:17,582 Patch 26 of 32 DE 0.955950, W.DE 0.955950, peqDE 1.670100, Repeat
2022-11-11 16:58:22,612 Patch 26 of 32 DE 0.147129, W.DE 0.147129, W.peqDE 0.659000, OK ( < 0.876360)
2022-11-11 16:58:29,549 Patch 27 of 32 DE 2.753983, W.DE 2.753983, peqDE 2.766123, Repeat
2022-11-11 16:58:34,970 Patch 27 of 32 DE 1.234010, W.DE 1.234010, peqDE 1.098765, Repeat
2022-11-11 16:58:40,153 Patch 27 of 32 DE 0.597288, W.DE 0.597288, peqDE 0.731857, Repeat
2022-11-11 16:58:45,299 Patch 27 of 32 DE 0.341900, W.DE 0.341900, W.peqDE 0.214273, OK ( < 0.623125)
2022-11-11 16:58:56,317 Patch 28 of 32 DE 2.319640, W.DE 2.319640, peqDE 2.350765, Repeat
2022-11-11 16:59:02,800 Patch 28 of 32 DE 1.100834, W.DE 1.100834, peqDE 0.986784, Repeat
2022-11-11 16:59:23,802 Patch 28 of 32 DE 1.100834, W.DE 1.100834, peqDE 0.986784, Repeat
2022-11-11 16:59:29,868 Patch 28 of 32 DE 0.712955, W.DE 0.712955, peqDE 0.564267, Repeat
2022-11-11 16:59:35,553 Patch 28 of 32 DE 0.281420, W.DE 0.281420, W.peqDE 0.207475, OK ( < 0.487039)
2022-11-11 16:59:48,133 Patch 29 of 32 DE 1.606357, W.DE 1.606357, peqDE 1.629928, Repeat
2022-11-11 17:00:29,734 Patch 29 of 32 DE 1.413736, W.DE 1.413736, peqDE 1.435392, Repeat
2022-11-11 17:00:36,637 Patch 29 of 32 DE 0.276177, W.DE 0.276177, peqDE 0.409407, Repeat
2022-11-11 17:00:42,978 Patch 29 of 32 DE 0.147067, W.DE 10.686233, peqDE 10.687971, Repeat
2022-11-11 17:00:49,455 Patch 29 of 32 DE 0.045029, W.DE 0.045029, W.peqDE 0.238051, OK ( < 0.397688)
2022-11-11 17:01:02,947 Patch 30 of 32 DE 0.871038, W.DE 0.871038, peqDE 0.871946, Repeat
2022-11-11 17:01:57,849 Patch 30 of 32dispcal: inverting Jacobian failed (3) - falling back
2022-11-11 17:01:57,850  DE 0.871038, W.DE 0.871038, peqDE 0.871946, Repeat
2022-11-11 17:02:13,463 Patch 30 of 32 DE 0.780774, W.DE 0.780774, peqDE 0.785462, Repeat
2022-11-11 17:02:24,957 Patch 30 of 32 DE 0.623310, W.DE 0.623310, peqDE 0.628524, Repeat
2022-11-11 17:02:34,242 Patch 30 of 32 DE 0.411881, W.DE 0.411881, peqDE 0.417287, Repeat
2022-11-11 17:02:42,425 Patch 30 of 32 DE 0.274693, W.DE 0.274693, W.peqDE 0.281182, OK ( < 0.291851)
2022-11-11 17:02:55,917 Patch 31 of 32 DE 0.287335, W.DE 0.287335, peqDE 0.389652, Repeat
2022-11-11 17:03:49,973 Patch 31 of 32dispcal: inverting Jacobian failed (3) - falling back
2022-11-11 17:03:49,973  DE 0.287335, W.DE 0.287335, peqDE 0.389652, Repeat
2022-11-11 17:04:03,466 Patch 31 of 32 DE 0.287335, W.DE 0.287335, peqDE 0.389652, Repeat
2022-11-11 17:04:16,953 Patch 31 of 32 DE 0.287335, W.DE 0.287335, peqDE 0.389652, Repeat
2022-11-11 17:04:30,462 Patch 31 of 32 DE 0.287335, W.DE 0.287335, peqDE 0.389652, Repeat
2022-11-11 17:04:43,968 Patch 31 of 32 DE 0.287335, W.DE 0.287335, peqDE 0.389652, Repeat
2022-11-11 17:04:57,474 Patch 31 of 32 DE 0.287335, W.DE 0.287335, peqDE 0.389652, Repeat
2022-11-11 17:05:20,427 Patch 31 of 32 DE 0.307394, W.DE 0.307394, peqDE 0.538933, Repeat
2022-11-11 17:05:37,498 Patch 31 of 32 DE 0.208660, W.DE 0.208660, peqDE 0.336778, Repeat
2022-11-11 17:05:52,781 Patch 31 of 32 DE 0.178338, W.DE 0.178338, W.peqDE 0.302430, Fail ( > 0.250000)
2022-11-11 17:06:06,261 Patch 32 of 32 DE 0.000000, W.DE 0.000000, W.peqDE 0.000000, OK ( < 0.250000)
2022-11-11 17:06:06,261 
2022-11-11 17:06:06,261 Brightness error = -0.067570 cd/m^2 (is 98.046548, should be 98.114118)
2022-11-11 17:06:06,261 White point error = 0.811653 deltaE
2022-11-11 17:06:06,262 Maximum neutral error (@ 0.138232) = 0.825135 deltaE
2022-11-11 17:06:06,262 Average neutral error = 0.438518 deltaE
2022-11-11 17:06:06,262 Failed to meet target 0.900000 delta E, got worst case 0.178338
2022-11-11 17:06:06,262 Number of measurements taken = 137
2022-11-11 17:06:06,262 Computing update to calibration curves...
2022-11-11 17:06:06,520 The instrument can be removed from the screen.
2022-11-11 17:06:06,909 Written calibration file 'DisplayPort-2CRT.cal'
2022-11-11 17:06:06,911 DisplayCAL: Reached EOF (OK)
2022-11-11 17:06:07,013 argyll-dispcal exitcode: 0
2022-11-11 17:06:07,083 --------------------------------------------------------------------------------
2022-11-11 17:06:07,083 Working directory:
2022-11-11 17:06:07,084   /
2022-11-11 17:06:07,084    tmp/
2022-11-11 17:06:07,084     DisplayCAL-ro0zTV/
2022-11-11 17:06:07,084 
2022-11-11 17:06:07,084 Command line:
2022-11-11 17:06:07,085   /usr/bin/argyll-dispread
2022-11-11 17:06:07,085     -v
2022-11-11 17:06:07,085     -d3
2022-11-11 17:06:07,085     -c1
2022-11-11 17:06:07,085     -yn
2022-11-11 17:06:07,085     -P0.889184397163,0.296703296703,1.24867724868
2022-11-11 17:06:07,086     -k
2022-11-11 17:06:07,086     DisplayPort-2CRT.cal
2022-11-11 17:06:07,086     DisplayPort-2CRT
2022-11-11 17:06:07,086 
2022-11-11 17:06:07,090 DisplayCAL: Starting interaction with subprocess
2022-11-11 17:06:07,498 Number of patches = 175
2022-11-11 17:06:07,499 Setting up the instrument
2022-11-11 17:06:08,524 Product Name:      Colormunki Display
2022-11-11 17:06:08,524 Serial Number:     C1-22.B-02.015586.02
2022-11-11 17:06:08,524 Firmware Version:  v2.28
2022-11-11 17:06:08,524 Firmware Date:     29Jan14
2022-11-11 17:06:08,526 argyll-dispread: Warning - new_dispwin: Expected VideoLUT depth 8 doesn't match actual 10
2022-11-11 17:06:08,734 Place instrument on test window.
2022-11-11 17:06:08,735 DisplayCAL: Detected instrument placement (screen/spot) message
2022-11-11 17:06:08,735 DisplayCAL: Waiting for send buffer
2022-11-11 17:06:10,237 DisplayCAL: Skipping place instrument on screen message...
2022-11-11 17:06:10,264 DisplayCAL: Sending buffer: ' '
2022-11-11 17:06:10,315 Hit Esc or Q to give up, any other key to continue:
2022-11-11 17:13:43,716 Patch 175 of 175
2022-11-11 17:13:43,716 The instrument can be removed from the screen.
2022-11-11 17:13:44,109 Written 'DisplayPort-2CRT.ti3'
2022-11-11 17:13:44,110 DisplayCAL: Reached EOF (OK)
2022-11-11 17:13:44,211 argyll-dispread exitcode: 0
2022-11-11 17:13:44,366 Preparing ChromaticityType tag from TI3 colorants
2022-11-11 17:13:44,372 Storing settings in TI3
2022-11-11 17:13:44,414 Extracting neutrals from /tmp/DisplayCAL-ro0zTV/DisplayPort-2CRT.ti3
2022-11-11 17:13:44,471 Extracting neutrals from /tmp/DisplayCAL-ro0zTV/DisplayPort-2CRT.ti3
2022-11-11 17:13:44,499 R=G=B (>= 1% luminance) dE*00 avg 0.798774253423 peak 2.1890753588
2022-11-11 17:13:44,873 Initial cLUT resolution 5x5x5
2022-11-11 17:13:44,876 cLUT input curve segments: 5
2022-11-11 17:13:44,910 #1 X prev 0.048381 next 0.207335 clip False
2022-11-11 17:13:44,939 #2 X prev 0.207335 next 0.497027 clip False
2022-11-11 17:13:44,976 #3 X prev 0.497027 next 0.964200 clip False
2022-11-11 17:13:45,074 #1 Y prev 0.050411 next 0.214940 clip False
2022-11-11 17:13:45,114 #2 Y prev 0.214940 next 0.516756 clip False
2022-11-11 17:13:45,150 #3 Y prev 0.516756 next 1.000000 clip False
2022-11-11 17:13:45,249 #1 Z prev 0.040269 next 0.178566 clip False
2022-11-11 17:13:45,286 #2 Z prev 0.178566 next 0.422529 clip False
2022-11-11 17:13:45,319 #3 Z prev 0.422529 next 0.824900 clip False
2022-11-11 17:13:46,053 cLUT input curve segments: 33
2022-11-11 17:13:46,059 #1 X prev 0.002275 next 0.005355 clip False
2022-11-11 17:13:46,066 #2 X prev 0.005355 next 0.009091 clip False
2022-11-11 17:13:46,072 #3 X prev 0.009091 next 0.013985 clip False
2022-11-11 17:13:46,077 #4 X prev 0.013985 next 0.020628 clip False
2022-11-11 17:13:46,082 #5 X prev 0.020628 next 0.028212 clip False
2022-11-11 17:13:46,088 #6 X prev 0.028212 next 0.037373 clip False
2022-11-11 17:13:46,093 #7 X prev 0.037373 next 0.048381 clip False
2022-11-11 17:13:46,099 #8 X prev 0.048381 next 0.060655 clip False
2022-11-11 17:13:46,105 #9 X prev 0.060655 next 0.074736 clip False
2022-11-11 17:13:46,110 #10 X prev 0.074736 next 0.090690 clip False
2022-11-11 17:13:46,116 #11 X prev 0.090690 next 0.108740 clip False
2022-11-11 17:13:46,122 #12 X prev 0.108740 next 0.130503 clip False
2022-11-11 17:13:46,128 #13 X prev 0.130503 next 0.153920 clip False
2022-11-11 17:13:46,135 #14 X prev 0.153920 next 0.179980 clip False
2022-11-11 17:13:46,141 #15 X prev 0.179980 next 0.207335 clip False
2022-11-11 17:13:46,147 #16 X prev 0.207335 next 0.235663 clip False
2022-11-11 17:13:46,152 #17 X prev 0.235663 next 0.265034 clip False
2022-11-11 17:13:46,157 #18 X prev 0.265034 next 0.301569 clip False
2022-11-11 17:13:46,162 #19 X prev 0.301569 next 0.337520 clip False
2022-11-11 17:13:46,167 #20 X prev 0.337520 next 0.375281 clip False
2022-11-11 17:13:46,172 #21 X prev 0.375281 next 0.413204 clip False
2022-11-11 17:13:46,180 #22 X prev 0.413204 next 0.452898 clip False
2022-11-11 17:13:46,186 #23 X prev 0.452898 next 0.497027 clip False
2022-11-11 17:13:46,192 #24 X prev 0.497027 next 0.544561 clip False
2022-11-11 17:13:46,196 #25 X prev 0.544561 next 0.594306 clip False
2022-11-11 17:13:46,200 #26 X prev 0.594306 next 0.642763 clip False
2022-11-11 17:13:46,204 #27 X prev 0.642763 next 0.696820 clip False
2022-11-11 17:13:46,210 #28 X prev 0.696820 next 0.763266 clip False
2022-11-11 17:13:46,215 #29 X prev 0.763266 next 0.827057 clip False
2022-11-11 17:13:46,219 #30 X prev 0.827057 next 0.893782 clip False
2022-11-11 17:13:46,223 #31 X prev 0.893782 next 0.964200 clip False
2022-11-11 17:13:46,265 #1 Y prev 0.002474 next 0.005628 clip False
2022-11-11 17:13:46,269 #2 Y prev 0.005628 next 0.009536 clip False
2022-11-11 17:13:46,273 #3 Y prev 0.009536 next 0.014499 clip False
2022-11-11 17:13:46,277 #4 Y prev 0.014499 next 0.021179 clip False
2022-11-11 17:13:46,281 #5 Y prev 0.021179 next 0.029442 clip False
2022-11-11 17:13:46,287 #6 Y prev 0.029442 next 0.039223 clip False
2022-11-11 17:13:46,291 #7 Y prev 0.039223 next 0.050411 clip False
2022-11-11 17:13:46,295 #8 Y prev 0.050411 next 0.063223 clip False
2022-11-11 17:13:46,299 #9 Y prev 0.063223 next 0.077719 clip False
2022-11-11 17:13:46,304 #10 Y prev 0.077719 next 0.093897 clip False
2022-11-11 17:13:46,309 #11 Y prev 0.093897 next 0.112879 clip False
2022-11-11 17:13:46,314 #12 Y prev 0.112879 next 0.134468 clip False
2022-11-11 17:13:46,319 #13 Y prev 0.134468 next 0.159206 clip False
2022-11-11 17:13:46,323 #14 Y prev 0.159206 next 0.186958 clip False
2022-11-11 17:13:46,328 #15 Y prev 0.186958 next 0.214940 clip False
2022-11-11 17:13:46,332 #16 Y prev 0.214940 next 0.245320 clip False
2022-11-11 17:13:46,337 #17 Y prev 0.245320 next 0.276579 clip False
2022-11-11 17:13:46,341 #18 Y prev 0.276579 next 0.313193 clip False
2022-11-11 17:13:46,345 #19 Y prev 0.313193 next 0.352021 clip False
2022-11-11 17:13:46,350 #20 Y prev 0.352021 next 0.391114 clip False
2022-11-11 17:13:46,355 #21 Y prev 0.391114 next 0.430276 clip False
2022-11-11 17:13:46,362 #22 Y prev 0.430276 next 0.470939 clip False
2022-11-11 17:13:46,366 #23 Y prev 0.470939 next 0.516756 clip False
2022-11-11 17:13:46,370 #24 Y prev 0.516756 next 0.566830 clip False
2022-11-11 17:13:46,375 #25 Y prev 0.566830 next 0.618062 clip False
2022-11-11 17:13:46,379 #26 Y prev 0.618062 next 0.669046 clip False
2022-11-11 17:13:46,384 #27 Y prev 0.669046 next 0.725258 clip False
2022-11-11 17:13:46,388 #28 Y prev 0.725258 next 0.794309 clip False
2022-11-11 17:13:46,393 #29 Y prev 0.794309 next 0.860832 clip False
2022-11-11 17:13:46,397 #30 Y prev 0.860832 next 0.929421 clip False
2022-11-11 17:13:46,401 #31 Y prev 0.929421 next 1.000000 clip False
2022-11-11 17:13:46,445 #1 Z prev 0.001989 next 0.004607 clip False
2022-11-11 17:13:46,450 #2 Z prev 0.004607 next 0.007801 clip False
2022-11-11 17:13:46,456 #3 Z prev 0.007801 next 0.012013 clip False
2022-11-11 17:13:46,462 #4 Z prev 0.012013 next 0.017229 clip False
2022-11-11 17:13:46,468 #5 Z prev 0.017229 next 0.023725 clip False
2022-11-11 17:13:46,474 #6 Z prev 0.023725 next 0.031679 clip False
2022-11-11 17:13:46,480 #7 Z prev 0.031679 next 0.040269 clip False
2022-11-11 17:13:46,485 #8 Z prev 0.040269 next 0.051778 clip False
2022-11-11 17:13:46,490 #9 Z prev 0.051778 next 0.065043 clip False
2022-11-11 17:13:46,495 #10 Z prev 0.065043 next 0.078465 clip False
2022-11-11 17:13:46,500 #11 Z prev 0.078465 next 0.093353 clip False
2022-11-11 17:13:46,505 #12 Z prev 0.093353 next 0.110517 clip False
2022-11-11 17:13:46,511 #13 Z prev 0.110517 next 0.128163 clip False
2022-11-11 17:13:46,518 #14 Z prev 0.128163 next 0.151358 clip False
2022-11-11 17:13:46,524 #15 Z prev 0.151358 next 0.178566 clip False
2022-11-11 17:13:46,530 #16 Z prev 0.178566 next 0.199231 clip False
2022-11-11 17:13:46,535 #17 Z prev 0.199231 next 0.223978 clip False
2022-11-11 17:13:46,540 #18 Z prev 0.223978 next 0.261749 clip False
2022-11-11 17:13:46,545 #19 Z prev 0.261749 next 0.288155 clip False
2022-11-11 17:13:46,549 #20 Z prev 0.288155 next 0.319410 clip False
2022-11-11 17:13:46,554 #21 Z prev 0.319410 next 0.351309 clip False
2022-11-11 17:13:46,560 #22 Z prev 0.351309 next 0.385224 clip False
2022-11-11 17:13:46,565 #23 Z prev 0.385224 next 0.422529 clip False
2022-11-11 17:13:46,569 #24 Z prev 0.422529 next 0.463222 clip False
2022-11-11 17:13:46,574 #25 Z prev 0.463222 next 0.505819 clip False
2022-11-11 17:13:46,578 #26 Z prev 0.505819 next 0.547133 clip False
2022-11-11 17:13:46,582 #27 Z prev 0.547133 next 0.594336 clip False
2022-11-11 17:13:46,587 #28 Z prev 0.594336 next 0.651112 clip False
2022-11-11 17:13:46,593 #29 Z prev 0.651112 next 0.706977 clip False
2022-11-11 17:13:46,597 #30 Z prev 0.706977 next 0.765511 clip False
2022-11-11 17:13:46,602 #31 Z prev 0.765511 next 0.824900 clip False
2022-11-11 17:13:46,749 Final interpolated cLUT resolution 33x33x33
2022-11-11 17:13:46,758 --------------------------------------------------------------------------------
2022-11-11 17:13:46,758 Creating matrix from primaries
2022-11-11 17:13:46,758 Using chromatic adaptation transform matrix: Bradford
2022-11-11 17:13:46,847 Generating A2B1 by copying A2B0
2022-11-11 17:13:46,870 Making distinct A2B0
2022-11-11 17:13:46,895 Applying black point compensation to A2B0: L*a*b* 0.000000 0.000000 0.000000
2022-11-11 17:13:47,077 --------------------------------------------------------------------------------
2022-11-11 17:13:47,078 Generating B2A1 table by inverting A2B1 table
2022-11-11 17:13:47,078 
2022-11-11 17:13:47,079 Using chromatic adaptation transform matrix: Bradford
2022-11-11 17:13:47,101 Black XYZ: 0.0000 0.0000 0.0000
2022-11-11 17:13:47,102 White XYZ: 0.9642 1.0000 0.8249
2022-11-11 17:13:47,102 R XYZ: 0.5023 0.2821 0.0146
2022-11-11 17:13:47,102 G XYZ: 0.3242 0.6578 0.0905
2022-11-11 17:13:47,103 B XYZ: 0.1491 0.0744 0.7436
2022-11-11 17:13:47,103 Generating input curve PCS values...
2022-11-11 17:13:47,178 Looking up input curve RGB values...
2022-11-11 17:13:47,179 Setting up matrix
2022-11-11 17:13:47,180 Increasing saturation of actual primaries for PCS candidate to 104%...
2022-11-11 17:13:47,181 R xy 0.628628 0.353078 -> 0.639945 0.352860
2022-11-11 17:13:47,181 G xy 0.302282 0.613299 -> 0.300545 0.623489
2022-11-11 17:13:47,181 B xy 0.154208 0.076899 -> 0.146548 0.065633
2022-11-11 17:13:47,181 Checking for suitable PCS candidate...
2022-11-11 17:13:47,182 Skipping PCS candidate based on actual primaries because it does not encompass Rec. 709 blue
2022-11-11 17:13:47,183 Rec709-encompassing, variant 1 fit: 0.94 (area: 77.70%)
2022-11-11 17:13:47,183 Rec709-encompassing, variant 2 fit: 0.87 (area: 79.77%)
2022-11-11 17:13:47,184 Rec709-encompassing, variant 3 fit: 0.88 (area: 77.17%)
2022-11-11 17:13:47,185 Rec709-encompassing, variant 4 fit: 0.94 (area: 78.69%)
2022-11-11 17:13:47,185 SMPTE-431-2/DCI-P3-encompassing, variant 1 fit: 1.04 (area: 65.21%)
2022-11-11 17:13:47,186 Using primaries: SMPTE-431-2/DCI-P3-encompassing, variant 1
2022-11-11 17:13:47,186 Using R XYZ: 0.5489 0.2444 -0.0012
2022-11-11 17:13:47,186 Using G XYZ: 0.2881 0.7092 0.0156
2022-11-11 17:13:47,187 Using B XYZ: 0.1272 0.0464 0.8105
2022-11-11 17:13:47,187 R+G+B XYZ: 0.9642 1.0000 0.8249
2022-11-11 17:13:47,187 Correction factors: 1.0000 1.0000 1.0000
2022-11-11 17:13:47,188 Matrix 1:
2022-11-11 17:13:47,188 [2.2198859741624184, -0.8953627177836478, -0.297067933693485]
2022-11-11 17:13:47,188 [-0.7663035271756803, 1.7209534070307546, 0.021719546456584367]
2022-11-11 17:13:47,188 [0.018015950217344243, -0.03437729645356804, 1.2328843705346162]
2022-11-11 17:13:47,189 Matrix 2:
2022-11-11 17:13:47,189 [2.21986527977595, -0.895354370966592, -0.29706516434465413]
2022-11-11 17:13:47,189 [-0.7663053824844512, 1.7209575736564287, 0.021719599042098595]
2022-11-11 17:13:47,190 [0.018016168291422188, -0.034377712573569245, 1.2328992939840635]
2022-11-11 17:13:47,190 Matrix 3:
2022-11-11 17:13:47,190 [1.999969482421875, 0, 0]
2022-11-11 17:13:47,191 [0, 1.999969482421875, 0]
2022-11-11 17:13:47,191 [0, 0, 1.999969482421875]
2022-11-11 17:13:47,191 Final matrix:
2022-11-11 17:13:47,192 [4.439662814639798, -1.7906814178862185, -0.5941212629799472]
2022-11-11 17:13:47,192 [-1.5325873791845248, 3.4418626278556532, 0.043438535254636576]
2022-11-11 17:13:47,192 [0.036031786773021025, -0.06875437602260927, 2.4657609628676025]
2022-11-11 17:13:47,192 Applying matrix to input curve XYZ values...
2022-11-11 17:13:47,204 Generating input curves...
2022-11-11 17:13:51,474 100%
2022-11-11 17:13:51,474 Generating A2B1 table lookup input values...
2022-11-11 17:13:51,475 cLUT grid res: 33
2022-11-11 17:13:51,475 Looking up input values through A2B1 table (9 workers)...
2022-11-11 17:13:51,475 Using CAM Jab for clipping
2022-11-11 17:14:18,031 100%
2022-11-11 17:14:18,031 Input black XYZ: 0.000000 0.000000 0.000000
2022-11-11 17:14:18,032 Input white XYZ: 0.964203 1.000000 0.824890
2022-11-11 17:14:18,077 Output black RGB: 0.0000 0.0000 0.0000
2022-11-11 17:14:18,078 Output white RGB: 100.0000 100.0000 100.0000
2022-11-11 17:14:18,093 Filling cLUT...
2022-11-11 17:14:18,209 100%
2022-11-11 17:14:18,339 Generating output curves...
2022-11-11 17:14:18,526 Setting curve entry #0 (0.000000 0.000000 0.000000) to black because it got clipped
2022-11-11 17:14:18,528 Setting curve entry #4095 (1.000000 1.000000 1.000000) to white because it got clipped
2022-11-11 17:14:18,574 Smoothing B2A1...
2022-11-11 17:14:20,476 --------------------------------------------------------------------------------
2022-11-11 17:14:20,476 Creating shaper tags in separate step
2022-11-11 17:14:20,476 Using chromatic adaptation transform matrix: Bradford
2022-11-11 17:14:20,496 Extracting neutrals from /tmp/DisplayCAL-ro0zTV/DisplayPort-2CRT.ti3
2022-11-11 17:14:20,512 NUMBER_OF_FIELDS 7
2022-11-11 17:14:20,512 BEGIN_DATA_FORMAT
2022-11-11 17:14:20,512 SAMPLE_ID RGB_R RGB_G RGB_B XYZ_X XYZ_Y XYZ_Z
2022-11-11 17:14:20,512 END_DATA_FORMAT
2022-11-11 17:14:20,512 
2022-11-11 17:14:20,512 NUMBER_OF_SETS 52
2022-11-11 17:14:20,512 BEGIN_DATA
2022-11-11 17:14:20,512 1 0.000000 0.000000 0.000000 0.000000 0.000000 0.000000
2022-11-11 17:14:20,512 2 1.960800 1.960800 1.960800 0.123738 0.138931 0.149575
2022-11-11 17:14:20,512 3 3.921600 3.921600 3.921600 0.295811 0.321649 0.340867
2022-11-11 17:14:20,512 4 5.882400 5.882400 5.882400 0.485110 0.518087 0.565822
2022-11-11 17:14:20,512 5 7.843100 7.843100 7.843100 0.712735 0.745092 0.812262
2022-11-11 17:14:20,512 6 9.803900 9.803900 9.803900 0.947550 1.013540 1.099360
2022-11-11 17:14:20,513 7 11.76500 11.76500 11.76500 1.242770 1.305580 1.436920
2022-11-11 17:14:20,513 8 13.72600 13.72600 13.72600 1.626540 1.695540 1.874810
2022-11-11 17:14:20,513 9 15.68600 15.68600 15.68600 2.057630 2.124720 2.294900
2022-11-11 17:14:20,513 10 17.64700 17.64700 17.64700 2.497260 2.638940 2.822720
2022-11-11 17:14:20,513 11 19.60800 19.60800 19.60800 3.024920 3.189860 3.425020
2022-11-11 17:14:20,513 12 21.56900 21.56900 21.56900 3.593340 3.824920 4.122560
2022-11-11 17:14:20,513 13 23.52900 23.52900 23.52900 4.242020 4.487990 4.787940
2022-11-11 17:14:20,513 14 25.49000 25.49000 25.49000 4.968530 5.231350 5.529390
2022-11-11 17:14:20,513 15 27.45100 27.45100 27.45100 5.720550 6.014440 6.544900
2022-11-11 17:14:20,513 16 29.41200 29.41200 29.41200 6.548650 6.922450 7.579360
2022-11-11 17:14:20,513 17 31.37300 31.37300 31.37300 7.467070 7.832350 8.749870
2022-11-11 17:14:20,513 18 33.33300 33.33300 33.33300 8.400900 8.808910 9.864360
2022-11-11 17:14:20,513 19 35.29400 35.29400 35.29400 9.508060 9.922320 10.96090
2022-11-11 17:14:20,513 20 37.25500 37.25500 37.25500 10.56950 11.10140 12.21330
2022-11-11 17:14:20,513 21 39.21600 39.21600 39.21600 11.92050 12.50060 13.72820
2022-11-11 17:14:20,513 22 41.17600 41.17600 41.17600 13.31500 13.81140 15.11390
2022-11-11 17:14:20,513 23 43.13700 43.13700 43.13700 14.67740 15.31600 16.38840
2022-11-11 17:14:20,513 24 45.09800 45.09800 45.09800 16.35720 17.20730 18.40820
2022-11-11 17:14:20,513 25 47.05900 47.05900 47.05900 17.94620 18.84330 20.28440
2022-11-11 17:14:20,513 26 49.02000 49.02000 49.02000 19.58400 20.59470 22.48130
2022-11-11 17:14:20,513 27 50.98000 50.98000 50.98000 21.48160 22.42000 25.06880
2022-11-11 17:14:20,513 28 52.94100 52.94100 52.94100 23.18430 24.38400 26.40650
2022-11-11 17:14:20,513 29 54.90200 54.90200 54.90200 24.74890 26.23780 27.67440
2022-11-11 17:14:20,513 30 56.86300 56.86300 56.86300 26.84770 28.28910 30.71980
2022-11-11 17:14:20,513 31 58.82400 58.82400 58.82400 29.34420 30.67860 34.56880
2022-11-11 17:14:20,514 32 60.78400 60.78400 60.78400 31.35990 33.05070 36.14570
2022-11-11 17:14:20,514 33 62.74500 62.74500 62.74500 33.69670 35.53950 38.65690
2022-11-11 17:14:20,514 34 64.70600 64.70600 64.70600 36.00860 37.95450 41.21560
2022-11-11 17:14:20,514 35 66.66700 66.66700 66.66700 38.39400 40.44510 43.95660
2022-11-11 17:14:20,514 36 68.62700 68.62700 68.62700 40.70600 42.86010 46.51520
2022-11-11 17:14:20,514 37 70.58800 70.58800 70.58800 43.16470 45.42630 49.43880
2022-11-11 17:14:20,514 38 72.54900 72.54900 72.54900 45.63840 47.95230 52.17890
2022-11-11 17:14:20,514 39 74.51000 74.51000 74.51000 48.52550 50.96290 55.46820
2022-11-11 17:14:20,514 40 76.47100 76.47100 76.47100 51.19760 53.90130 58.57780
2022-11-11 17:14:20,514 41 78.43100 78.43100 78.43100 54.38970 57.24680 62.23290
2022-11-11 17:14:20,514 42 80.39200 80.39200 80.39200 57.43850 60.36840 65.70370
2022-11-11 17:14:20,514 43 82.35300 82.35300 82.35300 60.54230 63.67850 69.35970
2022-11-11 17:14:20,514 44 84.31400 84.31400 84.31400 63.49940 66.83740 72.65080
2022-11-11 17:14:20,514 45 86.27500 86.27500 86.27500 66.53330 69.99920 76.30490
2022-11-11 17:14:20,514 46 88.23500 88.23500 88.23500 70.33550 74.01450 80.69160
2022-11-11 17:14:20,514 47 90.19600 90.19600 90.19600 74.80120 78.66080 85.80790
2022-11-11 17:14:20,514 48 92.15700 92.15700 92.15700 78.44170 82.56500 90.01310
2022-11-11 17:14:20,514 49 94.11800 94.11800 94.11800 82.55240 86.84240 94.94610
2022-11-11 17:14:20,514 50 96.07800 96.07800 96.07800 87.01810 91.48870 100.0620
2022-11-11 17:14:20,514 51 98.03900 98.03900 98.03900 90.78880 95.35710 104.6290
2022-11-11 17:14:20,514 52 100.0000 100.0000 100.0000 95.39610 100.0000 109.7420
2022-11-11 17:14:20,514 END_DATA
2022-11-11 17:14:20,515 --------------------------------------------------------------------------------
2022-11-11 17:14:20,843 Black relative luminance = 0.000000
2022-11-11 17:14:20,844 Black output offset = 1.00
2022-11-11 17:14:20,844 Calibration overall transfer function ≈ sRGB (Δ 0.00%)
2022-11-11 17:14:20,873 Transfer function R ≈ sRGB (Δ 1.39%)
2022-11-11 17:14:20,873 Got good match (+-2%)
2022-11-11 17:14:20,874 Using calibration transfer function
2022-11-11 17:14:20,903 Transfer function G ≈ sRGB (Δ 1.39%)
2022-11-11 17:14:20,903 Got good match (+-2%)
2022-11-11 17:14:20,903 Using calibration transfer function
2022-11-11 17:14:20,932 Transfer function B ≈ sRGB (Δ 1.39%)
2022-11-11 17:14:20,933 Got good match (+-2%)
2022-11-11 17:14:20,933 Using calibration transfer function
2022-11-11 17:14:20,961 Using transfer function for R: sRGB
2022-11-11 17:14:20,989 Using transfer function for G: sRGB
2022-11-11 17:14:21,017 Using transfer function for B: sRGB
2022-11-11 17:14:21,017 Adding rTRC from interpolation to DisplayPort-2CRT
2022-11-11 17:14:21,018 Adding gTRC from interpolation to DisplayPort-2CRT
2022-11-11 17:14:21,018 Adding bTRC from interpolation to DisplayPort-2CRT
2022-11-11 17:14:21,391 --------------------------------------------------------------------------------
2022-11-11 17:14:21,391 Working directory:
2022-11-11 17:14:21,391   /
2022-11-11 17:14:21,392    tmp/
2022-11-11 17:14:21,392     DisplayCAL-ro0zTV/
2022-11-11 17:14:21,392 
2022-11-11 17:14:21,392 Command line:
2022-11-11 17:14:21,392   /usr/bin/argyll-profcheck
2022-11-11 17:14:21,392     DisplayPort-2CRT.ti3
2022-11-11 17:14:21,393     DisplayPort-2CRT.icc
2022-11-11 17:14:21,393 
2022-11-11 17:14:21,402 Profile check complete, errors: max. = 0.740856, avg. = 0.059118, RMS = 0.134740
2022-11-11 17:14:21,402 argyll-profcheck exitcode: 0
2022-11-11 17:14:21,403 --------------------------------------------------------------------------------
2022-11-11 17:14:21,403 Generating gamut views...
2022-11-11 17:14:22,155 --------------------------------------------------------------------------------
2022-11-11 17:14:22,155 Working directory:
2022-11-11 17:14:22,155   /
2022-11-11 17:14:22,155    tmp/
2022-11-11 17:14:22,156     DisplayCAL-ro0zTV/
2022-11-11 17:14:22,156 
2022-11-11 17:14:22,156 Command line:
2022-11-11 17:14:22,156   /usr/bin/argyll-iccgamut
2022-11-11 17:14:22,156     -v
2022-11-11 17:14:22,156     -w
2022-11-11 17:14:22,156     -ir
2022-11-11 17:14:22,157     -ff
2022-11-11 17:14:22,157     -on
2022-11-11 17:14:22,157     -d10.00
2022-11-11 17:14:22,157     DisplayPort-2CRT.icc
2022-11-11 17:14:22,157 
2022-11-11 17:14:22,568 Header:
2022-11-11 17:14:22,568   size         = 472668 bytes
2022-11-11 17:14:22,568   CMM          = 'argl'
2022-11-11 17:14:22,568   Version      = 2.2.0
2022-11-11 17:14:22,568   Device Class = Display
2022-11-11 17:14:22,568   Color Space  = RGB
2022-11-11 17:14:22,568   Conn. Space  = XYZ
2022-11-11 17:14:22,568   Date, Time   = 11 Nov 2022, 17:13:44
2022-11-11 17:14:22,568   Platform     = *nix
2022-11-11 17:14:22,568   Flags        = Not Embedded Profile, Use anywhere
2022-11-11 17:14:22,568   Dev. Mnfctr. = 0x0
2022-11-11 17:14:22,568   Dev. Model   = 0x0
2022-11-11 17:14:22,568   Dev. Attrbts = Reflective, Glossy, Positive, Color
2022-11-11 17:14:22,568   Rndrng Intnt = Perceptual
2022-11-11 17:14:22,568   Illuminant   = 0.96420288, 1.00000000, 0.82490540    [Lab 100.000000, 0.000000, 0.000000]
2022-11-11 17:14:22,568   Creator      = 'DCAL'
2022-11-11 17:14:22,568 
2022-11-11 17:14:22,568 Total volume of gamut is 852465.261724 cubic colorspace units
2022-11-11 17:14:22,569 argyll-iccgamut exitcode: 0
2022-11-11 17:14:23,555 --------------------------------------------------------------------------------
2022-11-11 17:14:23,555 Command line:
2022-11-11 17:14:23,556   /usr/bin/argyll-viewgam
2022-11-11 17:14:23,556     -cw
2022-11-11 17:14:23,556     -t0
2022-11-11 17:14:23,556     -w
2022-11-11 17:14:23,556     /usr/share/DisplayCAL/ref/sRGB.gam
2022-11-11 17:14:23,557     -cn
2022-11-11 17:14:23,557     -t.3
2022-11-11 17:14:23,557     -s
2022-11-11 17:14:23,557     DisplayPort-2CRT.gam
2022-11-11 17:14:23,557     -i
2022-11-11 17:14:23,557     'DisplayPort-2CRT vs sRGB.wrl'
2022-11-11 17:14:23,557 
2022-11-11 17:14:23,558 Intersecting volume = 759630.7 cubic units
2022-11-11 17:14:23,558 '/usr/share/DisplayCAL/ref/sRGB.gam' volume = 833675.1 cubic units, intersect = 91.12%
2022-11-11 17:14:23,558 'DisplayPort-2CRT.gam' volume = 852465.2 cubic units, intersect = 89.11%
2022-11-11 17:14:23,703 --------------------------------------------------------------------------------
2022-11-11 17:14:23,703 Command line:
2022-11-11 17:14:23,703   /usr/bin/argyll-viewgam
2022-11-11 17:14:23,704     -cw
2022-11-11 17:14:23,704     -t0
2022-11-11 17:14:23,704     -w
2022-11-11 17:14:23,704     /usr/share/DisplayCAL/ref/ClayRGB1998.gam
2022-11-11 17:14:23,704     -cn
2022-11-11 17:14:23,704     -t.3
2022-11-11 17:14:23,705     -s
2022-11-11 17:14:23,705     DisplayPort-2CRT.gam
2022-11-11 17:14:23,705     -i
2022-11-11 17:14:23,705     'DisplayPort-2CRT vs ClayRGB1998.wrl'
2022-11-11 17:14:23,705 
2022-11-11 17:14:23,705 Intersecting volume = 849701.2 cubic units
2022-11-11 17:14:23,705 '/usr/share/DisplayCAL/ref/ClayRGB1998.gam' volume = 1209985.9 cubic units, intersect = 70.22%
2022-11-11 17:14:23,705 'DisplayPort-2CRT.gam' volume = 852465.2 cubic units, intersect = 99.68%
2022-11-11 17:14:23,706 --------------------------------------------------------------------------------
2022-11-11 17:14:23,706 Command line:
2022-11-11 17:14:23,706   /usr/bin/argyll-viewgam
2022-11-11 17:14:23,706     -cw
2022-11-11 17:14:23,706     -t0
2022-11-11 17:14:23,706     -w
2022-11-11 17:14:23,707     /usr/share/DisplayCAL/ref/SMPTE431_P3.gam
2022-11-11 17:14:23,707     -cn
2022-11-11 17:14:23,707     -t.3
2022-11-11 17:14:23,707     -s
2022-11-11 17:14:23,707     DisplayPort-2CRT.gam
2022-11-11 17:14:23,707     -i
2022-11-11 17:14:23,708     'DisplayPort-2CRT vs SMPTE431_P3.wrl'
2022-11-11 17:14:23,708 
2022-11-11 17:14:23,708 Intersecting volume = 850726.4 cubic units
2022-11-11 17:14:23,708 '/usr/share/DisplayCAL/ref/SMPTE431_P3.gam' volume = 1176953.5 cubic units, intersect = 72.28%
2022-11-11 17:14:23,708 'DisplayPort-2CRT.gam' volume = 852465.2 cubic units, intersect = 99.80%
2022-11-11 17:14:23,834 --------------------------------------------------------------------------------
