2022-11-09 23:11:01,433 --------------------------------------------------------------------------------
2022-11-09 23:11:01,434 Working directory:
2022-11-09 23:11:01,434   /
2022-11-09 23:11:01,434    tmp/
2022-11-09 23:11:01,434     DisplayCAL-JyoVwU/
2022-11-09 23:11:01,435 
2022-11-09 23:11:01,435 Command line:
2022-11-09 23:11:01,435   /usr/bin/argyll-dispread
2022-11-09 23:11:01,435     -v
2022-11-09 23:11:01,435     -k
2022-11-09 23:11:01,436     /usr/share/DisplayCAL/linear.cal
2022-11-09 23:11:01,436     -d1
2022-11-09 23:11:01,436     -c1
2022-11-09 23:11:01,436     -yn
2022-11-09 23:11:01,436     -P0.539272030651,0.177685950413,1.24867724868
2022-11-09 23:11:01,436     -X
2022-11-09 23:11:01,437     PFS_Phosphor_Family_31Jan17.ccss
2022-11-09 23:11:01,437     0_16
2022-11-09 23:11:01,437 
2022-11-09 23:11:01,442 DisplayCAL: Starting interaction with subprocess
2022-11-09 23:11:01,851 Number of patches = 3
2022-11-09 23:11:01,856 Setting up the instrument
2022-11-09 23:11:02,879 Product Name:      Colormunki Display
2022-11-09 23:11:02,880 Serial Number:     C1-22.B-02.015586.02
2022-11-09 23:11:02,880 Firmware Version:  v2.28
2022-11-09 23:11:02,880 Firmware Date:     29Jan14
2022-11-09 23:11:02,882 argyll-dispread: Warning - new_dispwin: Expected VideoLUT depth 8 doesn't match actual 10
2022-11-09 23:11:03,091 Place instrument on test window.
2022-11-09 23:11:03,092 DisplayCAL: Detected instrument placement (screen/spot) message
2022-11-09 23:11:03,093 DisplayCAL: Waiting for send buffer
2022-11-09 23:11:04,594 DisplayCAL: Skipping place instrument on screen message...
2022-11-09 23:11:04,622 DisplayCAL: Sending buffer: ' '
2022-11-09 23:11:04,674 Hit Esc or Q to give up, any other key to continue:
2022-11-09 23:11:18,128 Patch 3 of 3
2022-11-09 23:11:18,128 The instrument can be removed from the screen.
2022-11-09 23:11:18,619 Written '0_16.ti3'
2022-11-09 23:11:18,620 DisplayCAL: Reached EOF (OK)
2022-11-09 23:11:18,721 argyll-dispread exitcode: 0
2022-11-09 23:11:18,731 RGB level 0 is 0.104923 cd/m2
2022-11-09 23:11:18,732 RGB level 16 is 0.368097 cd/m2
2022-11-09 23:11:18,732 Assuming full range output levels
