2022-11-09 23:11:18,767 --------------------------------------------------------------------------------
2022-11-09 23:11:18,767 Working directory:
2022-11-09 23:11:18,767   /
2022-11-09 23:11:18,768    tmp/
2022-11-09 23:11:18,768     DisplayCAL-JyoVwU/
2022-11-09 23:11:18,768 
2022-11-09 23:11:18,768 Command line:
2022-11-09 23:11:18,768   /usr/bin/argyll-dispcal
2022-11-09 23:11:18,768     -v2
2022-11-09 23:11:18,769     -d1
2022-11-09 23:11:18,769     -c1
2022-11-09 23:11:18,769     -yn
2022-11-09 23:11:18,769     -P0.539272030651,0.177685950413,1.24867724868
2022-11-09 23:11:18,769     -X
2022-11-09 23:11:18,770     PFS_Phosphor_Family_31Jan17.ccss
2022-11-09 23:11:18,770     -ql
2022-11-09 23:11:18,770     -t6500
2022-11-09 23:11:18,770     -b120.0
2022-11-09 23:11:18,770     -g2.2
2022-11-09 23:11:18,770     -f1.0
2022-11-09 23:11:18,771     -k0
2022-11-09 23:11:18,771     -A4.0
2022-11-09 23:11:18,771     -b
2022-11-09 23:11:18,771     DisplayPort-01440p
2022-11-09 23:11:18,771 
2022-11-09 23:11:18,776 DisplayCAL: Starting interaction with subprocess
2022-11-09 23:11:19,185 Setting up the instrument
2022-11-09 23:11:20,210 Product Name:      Colormunki Display
2022-11-09 23:11:20,210 Serial Number:     C1-22.B-02.015586.02
2022-11-09 23:11:20,211 Firmware Version:  v2.28
2022-11-09 23:11:20,211 Firmware Date:     29Jan14
2022-11-09 23:11:20,213 argyll-dispcal: Warning - new_dispwin: Expected VideoLUT depth 8 doesn't match actual 10
2022-11-09 23:11:20,427 Place instrument on test window.
2022-11-09 23:11:20,428 DisplayCAL: Detected instrument placement (screen/spot) message
2022-11-09 23:11:20,429 DisplayCAL: Waiting for send buffer
2022-11-09 23:11:21,929 DisplayCAL: Skipping place instrument on screen message...
2022-11-09 23:11:21,959 DisplayCAL: Sending buffer: ' '
2022-11-09 23:11:22,010 Hit Esc or Q to give up, any other key to continue:
2022-11-09 23:11:22,011 Display type is 'n'
2022-11-09 23:11:22,011 Target white = 6500.000000 degrees kelvin Daylight spectrum
2022-11-09 23:11:22,011 Target white brightness = 120.000000 cd/m^2
2022-11-09 23:11:22,011 Target black brightness = native brightness
2022-11-09 23:11:22,011 Black point device hack is enabled
2022-11-09 23:11:22,012 Target advertised gamma = 2.200000
2022-11-09 23:11:22,012 
2022-11-09 23:11:22,012 Display adjustment menu:
2022-11-09 23:11:22,012 Press 1 .. 7
2022-11-09 23:11:22,012 1) Black level (CRT: Offset/Brightness)
2022-11-09 23:11:22,012 2) White point (Color temperature, R,G,B, Gain/Contrast)
2022-11-09 23:11:22,013 3) White level (CRT: Gain/Contrast, LCD: Brightness/Backlight)
2022-11-09 23:11:22,013 4) Black point (R,G,B, Offset/Brightness)
2022-11-09 23:11:22,013 5) Check all
2022-11-09 23:11:22,013 6) Measure and set ambient for viewing condition adjustment
2022-11-09 23:11:22,013 7) Continue on to calibration
2022-11-09 23:11:22,013 8) Exit
2022-11-09 23:11:22,016 DisplayCAL: Waiting for send buffer
2022-11-09 23:11:36,747 DisplayCAL: Sending buffer: '2'
2022-11-09 23:11:36,798 Doing some initial measurements
2022-11-09 23:11:47,210 Red   = XYZ 68.903 30.734  0.831
2022-11-09 23:11:47,210 Green = XYZ 23.918 81.655  7.477
2022-11-09 23:11:47,211 Blue  = XYZ 22.015  8.282 120.099
2022-11-09 23:11:48,785 White = XYZ 114.887 120.895 128.580
2022-11-09 23:11:48,787 
2022-11-09 23:11:48,787 Adjust R,G & B gain to get target x,y. Press space when done.
2022-11-09 23:11:48,787    Target Br 120.00, x 0.3128 , y 0.3292
2022-11-09 23:12:23,575 DisplayCAL: Sending buffer: ' '
2022-11-09 23:12:23,785 / Current Br 121.03, x 0.3138-, y 0.3296-  DE  0.6  R-- G+  B+
2022-11-09 23:12:23,785 
2022-11-09 23:12:23,785 Press 1 .. 7
2022-11-09 23:12:23,786 1) Black level (CRT: Offset/Brightness)
2022-11-09 23:12:23,786 2) White point (Color temperature, R,G,B, Gain/Contrast)
2022-11-09 23:12:23,786 3) White level (CRT: Gain/Contrast, LCD: Brightness/Backlight)
2022-11-09 23:12:23,786 4) Black point (R,G,B, Offset/Brightness)
2022-11-09 23:12:23,786 5) Check all
2022-11-09 23:12:23,787 6) Measure and set ambient for viewing condition adjustment
2022-11-09 23:12:23,787 7) Continue on to calibration
2022-11-09 23:12:23,787 8) Exit
2022-11-09 23:12:23,789 DisplayCAL: Waiting for send buffer
2022-11-09 23:12:24,962 DisplayCAL: Sending buffer: '7'
2022-11-09 23:12:25,013 Commencing display calibration
2022-11-09 23:13:05,244 Patch 9 of 9
2022-11-09 23:13:05,244 Black = XYZ 0.0993 0.1051 0.1781
2022-11-09 23:13:05,244 Red   = XYZ 68.906 30.732  0.831
2022-11-09 23:13:05,244 Green = XYZ 23.923 81.655  7.500
2022-11-09 23:13:05,244 Blue  = XYZ 22.441  8.441 122.474
2022-11-09 23:13:05,245 White = XYZ 115.230 121.027 130.955
2022-11-09 23:16:47,696 Patch 48 of 48
2022-11-09 23:16:47,744 Target white value is XYZ 114.020608 120.000000 130.503190 [xy 0.312793 0.329197]
2022-11-09 23:16:47,744 Adjusted target black XYZ 0.0993 0.1051 0.1781, Lab 0.791 -0.021 -0.761
2022-11-09 23:16:47,744 Target black after min adjust: XYZ 0.0993 0.1051 0.1781, Lab 0.791 -0.021 -0.761
2022-11-09 23:16:47,744 Gamma curve input offset = 0.000000, output offset = 0.000876, power = 2.204554
2022-11-09 23:16:47,744 Total Iteration 2, Final Samples = 32 Final Repeat threshold = 0.900000
2022-11-09 23:16:47,746 Creating initial calibration curves...
2022-11-09 23:16:47,811 
2022-11-09 23:16:47,811 Doing iteration 1/2 with 16 sample points and repeat threshold of 1.272792 DE
2022-11-09 23:16:49,141 Patch 1 of 16 DE 0.390336, W.DE 0.390336, OK ( < 1.272792)
2022-11-09 23:16:50,548 Patch 2 of 16 DE 1.946299, W.DE 1.946299, Repeat
2022-11-09 23:16:51,988 Patch 2 of 16 DE 0.311435, W.DE 0.311435, OK ( < 1.272792)
2022-11-09 23:16:53,393 Patch 3 of 16 DE 2.243941, W.DE 2.243941, Repeat
2022-11-09 23:16:54,830 Patch 3 of 16 DE 0.177592, W.DE 0.177592, OK ( < 1.272792)
2022-11-09 23:16:56,228 Patch 4 of 16 DE 2.682516, W.DE 2.682516, Repeat
2022-11-09 23:16:57,646 Patch 4 of 16 DE 0.151674, W.DE 0.151674, OK ( < 1.272792)
2022-11-09 23:16:59,048 Patch 5 of 16 DE 2.396627, W.DE 2.396627, Repeat
2022-11-09 23:17:00,454 Patch 5 of 16 DE 0.233840, W.DE 0.233840, OK ( < 1.272792)
2022-11-09 23:17:02,955 Patch 6 of 16 DE 1.503005, W.DE 1.503005, Repeat
2022-11-09 23:17:05,459 Patch 6 of 16 DE 0.232198, W.DE 0.232198, OK ( < 1.272792)
2022-11-09 23:17:08,003 Patch 7 of 16 DE 1.048167, W.DE 1.048167, OK ( < 1.272792)
2022-11-09 23:17:10,613 Patch 8 of 16 DE 1.133303, W.DE 1.133303, OK ( < 1.272792)
2022-11-09 23:17:13,314 Patch 9 of 16 DE 1.138886, W.DE 1.138886, OK ( < 1.272792)
2022-11-09 23:17:16,134 Patch 10 of 16 DE 0.836361, W.DE 0.836361, OK ( < 1.272792)
2022-11-09 23:17:19,146 Patch 11 of 16 DE 1.161775, W.DE 1.161775, OK ( < 1.272792)
2022-11-09 23:17:23,622 Patch 12 of 16 DE 2.388312, W.DE 2.388312, Repeat
2022-11-09 23:17:27,914 Patch 12 of 16 DE 0.373461, W.DE 0.373461, OK ( < 1.272792)
2022-11-09 23:17:33,496 Patch 13 of 16 DE 1.935659, W.DE 1.935659, Repeat
2022-11-09 23:17:38,596 Patch 13 of 16 DE 0.482123, W.DE 0.482123, OK ( < 1.272792)
2022-11-09 23:17:45,166 Patch 14 of 16 DE 0.628411, W.DE 0.628411, OK ( < 1.272792)
2022-11-09 23:17:51,768 Patch 15 of 16 DE 0.054795, W.DE 0.054795, OK ( < 1.272792)
2022-11-09 23:17:58,156 Patch 16 of 16 DE 0.021302, W.DE 21.302038, Repeat
2022-11-09 23:18:23,623 Patch 16 of 16 DE 0.019771, W.DE 19.770517, Repeat
2022-11-09 23:18:30,098 Patch 16 of 16 DE 0.016826, W.DE 16.825797, Repeat
2022-11-09 23:18:36,502 Patch 16 of 16 DE 0.014331, W.DE 14.331088, Repeat
2022-11-09 23:18:42,909 Patch 16 of 16 DE 0.012312, W.DE 12.312029, Repeat
2022-11-09 23:18:49,320 Patch 16 of 16 DE 0.011467, W.DE 11.467018, Repeat
2022-11-09 23:18:55,739 Patch 16 of 16 DE 0.009757, W.DE 9.756530, Repeat
2022-11-09 23:19:02,159 Patch 16 of 16 DE 0.009036, W.DE 9.036471, Repeat
2022-11-09 23:19:08,579 Patch 16 of 16 DE 0.008539, W.DE 8.539421, Repeat
2022-11-09 23:19:15,005 Patch 16 of 16 DE 0.007681, W.DE 7.680881, Fail ( > 1.272792)
2022-11-09 23:19:15,005 
2022-11-09 23:19:15,005 Brightness error = -0.465337 cd/m^2 (is 119.534663, should be 120.000000)
2022-11-09 23:19:15,006 White point error = 0.360774 deltaE
2022-11-09 23:19:15,006 Maximum neutral error (@ 0.172427) = 1.165490 deltaE
2022-11-09 23:19:15,006 Average neutral error = 0.522685 deltaE
2022-11-09 23:19:15,006 Failed to meet target 1.272792 delta E, got worst case 7.680881
2022-11-09 23:19:15,006 Number of measurements taken = 35
2022-11-09 23:19:15,008 Computing update to calibration curves...
2022-11-09 23:19:15,011 
2022-11-09 23:19:15,012 Doing iteration 2/2 with 32 sample points and repeat threshold of 0.900000 DE
2022-11-09 23:19:16,586 Patch 1 of 32 DE 0.556958, W.DE 0.556958, W.peqDE 0.556958, OK ( < 0.900000)
2022-11-09 23:19:17,968 Patch 2 of 32 DE 0.369091, W.DE 0.369091, W.peqDE 0.272592, OK ( < 0.900000)
2022-11-09 23:19:19,351 Patch 3 of 32 DE 0.389991, W.DE 0.389991, W.peqDE 0.133669, OK ( < 0.900000)
2022-11-09 23:19:20,735 Patch 4 of 32 DE 0.291539, W.DE 0.291539, W.peqDE 0.220645, OK ( < 0.900000)
2022-11-09 23:19:22,118 Patch 5 of 32 DE 0.230291, W.DE 0.230291, W.peqDE 0.347175, OK ( < 0.900000)
2022-11-09 23:19:23,501 Patch 6 of 32 DE 0.300527, W.DE 0.300527, W.peqDE 0.196414, OK ( < 0.900000)
2022-11-09 23:19:24,883 Patch 7 of 32 DE 0.189436, W.DE 0.189436, W.peqDE 0.294622, OK ( < 0.900000)
2022-11-09 23:19:26,266 Patch 8 of 32 DE 0.288132, W.DE 0.288132, W.peqDE 0.176820, OK ( < 0.900000)
2022-11-09 23:19:27,649 Patch 9 of 32 DE 0.238728, W.DE 0.238728, W.peqDE 0.231941, OK ( < 0.900000)
2022-11-09 23:19:29,032 Patch 10 of 32 DE 0.248196, W.DE 0.248196, W.peqDE 0.054463, OK ( < 0.900000)
2022-11-09 23:19:31,505 Patch 11 of 32 DE 0.302682, W.DE 0.302682, W.peqDE 0.056822, OK ( < 0.900000)
2022-11-09 23:19:33,996 Patch 12 of 32 DE 0.366355, W.DE 0.366355, W.peqDE 0.311024, OK ( < 0.900000)
2022-11-09 23:19:36,513 Patch 13 of 32 DE 0.876840, W.DE 0.876840, W.peqDE 0.671364, OK ( < 0.900000)
2022-11-09 23:19:39,060 Patch 14 of 32 DE 1.167221, W.DE 1.167221, peqDE 0.758492, Repeat
2022-11-09 23:19:41,622 Patch 14 of 32 DE 0.174617, W.DE 0.174617, W.peqDE 0.824334, OK ( < 0.900000)
2022-11-09 23:19:44,203 Patch 15 of 32 DE 1.195211, W.DE 1.195211, peqDE 1.256566, Repeat
2022-11-09 23:19:46,795 Patch 15 of 32 DE 0.428872, W.DE 0.428872, W.peqDE 0.569095, OK ( < 0.900000)
2022-11-09 23:19:49,415 Patch 16 of 32 DE 1.205326, W.DE 1.205326, peqDE 1.198564, Repeat
2022-11-09 23:19:52,043 Patch 16 of 32 DE 0.246555, W.DE 0.246555, W.peqDE 0.346447, OK ( < 0.900000)
2022-11-09 23:19:54,705 Patch 17 of 32 DE 1.290265, W.DE 1.290265, peqDE 1.189869, Repeat
2022-11-09 23:19:57,383 Patch 17 of 32 DE 0.241664, W.DE 0.241664, W.peqDE 0.220641, OK ( < 0.900000)
2022-11-09 23:20:00,093 Patch 18 of 32 DE 1.134270, W.DE 1.134270, peqDE 1.076236, Repeat
2022-11-09 23:20:02,812 Patch 18 of 32 DE 0.288333, W.DE 0.288333, W.peqDE 0.353460, OK ( < 0.900000)
2022-11-09 23:20:05,584 Patch 19 of 32 DE 1.133250, W.DE 1.133250, peqDE 0.964572, Repeat
2022-11-09 23:20:08,348 Patch 19 of 32 DE 0.295797, W.DE 0.295797, W.peqDE 0.484998, OK ( < 0.900000)
2022-11-09 23:20:11,184 Patch 20 of 32 DE 0.901455, W.DE 0.901455, peqDE 0.990314, Repeat
2022-11-09 23:20:14,008 Patch 20 of 32 DE 0.287261, W.DE 0.287261, W.peqDE 0.430217, OK ( < 0.900000)
2022-11-09 23:20:16,946 Patch 21 of 32 DE 1.475095, W.DE 1.475095, peqDE 1.227756, Repeat
2022-11-09 23:20:19,873 Patch 21 of 32 DE 0.151941, W.DE 0.151941, W.peqDE 0.261342, OK ( < 0.900000)
2022-11-09 23:20:22,919 Patch 22 of 32 DE 1.240044, W.DE 1.240044, peqDE 1.208495, Repeat
2022-11-09 23:20:25,934 Patch 22 of 32 DE 0.123804, W.DE 0.123804, W.peqDE 0.269616, OK ( < 0.900000)
2022-11-09 23:20:30,085 Patch 23 of 32 DE 1.358336, W.DE 1.358336, peqDE 1.283452, Repeat
2022-11-09 23:20:33,247 Patch 23 of 32 DE 0.081426, W.DE 0.081426, W.peqDE 0.141546, OK ( < 0.900000)
2022-11-09 23:20:37,608 Patch 24 of 32 DE 1.070572, W.DE 1.070572, peqDE 1.091664, Repeat
2022-11-09 23:20:41,932 Patch 24 of 32 DE 0.075087, W.DE 0.075087, W.peqDE 0.081133, OK ( < 0.900000)
2022-11-09 23:20:46,668 Patch 25 of 32 DE 0.939230, W.DE 0.939230, peqDE 0.976191, Repeat
2022-11-09 23:20:51,341 Patch 25 of 32 DE 0.211498, W.DE 0.211498, W.peqDE 0.186364, OK ( < 0.900000)
2022-11-09 23:20:56,549 Patch 26 of 32 DE 0.933062, W.DE 0.933062, peqDE 0.954420, Repeat
2022-11-09 23:21:01,576 Patch 26 of 32 DE 0.221181, W.DE 0.221181, W.peqDE 0.355641, OK ( < 0.653246)
2022-11-09 23:21:07,388 Patch 27 of 32 DE 0.727128, W.DE 0.727128, peqDE 0.722093, Repeat
2022-11-09 23:21:12,984 Patch 27 of 32 DE 0.363555, W.DE 0.363555, W.peqDE 0.353639, OK ( < 0.394756)
2022-11-09 23:21:19,294 Patch 28 of 32 DE 0.422359, W.DE 0.422359, peqDE 0.432679, Repeat
2022-11-09 23:21:25,417 Patch 28 of 32 DE 0.298950, W.DE 0.298950, peqDE 0.283687, Repeat
2022-11-09 23:21:31,464 Patch 28 of 32 DE 0.139202, W.DE 0.139202, W.peqDE 0.185532, OK ( < 0.250000)
2022-11-09 23:21:38,077 Patch 29 of 32 DE 0.181317, W.DE 0.181317, W.peqDE 0.177983, OK ( < 0.250000)
2022-11-09 23:21:44,502 Patch 30 of 32 DE 0.050671, W.DE 0.050671, W.peqDE 0.036096, OK ( < 0.250000)
2022-11-09 23:21:50,977 Patch 31 of 32 DE 0.024731, W.DE 0.024731, W.peqDE 0.008582, OK ( < 0.250000)
2022-11-09 23:21:57,453 Patch 32 of 32 DE 0.000820, W.DE 0.000820, W.peqDE 0.000820, OK ( < 0.250000)
2022-11-09 23:21:57,454 
2022-11-09 23:21:57,454 Brightness error = -0.532914 cd/m^2 (is 119.467086, should be 120.000000)
2022-11-09 23:21:57,454 White point error = 0.530530 deltaE
2022-11-09 23:21:57,454 Maximum neutral error (@ 0.456906) = 0.877263 deltaE
2022-11-09 23:21:57,454 Average neutral error = 0.256520 deltaE
2022-11-09 23:21:57,455 Number of measurements taken = 48
2022-11-09 23:21:57,455 Computing update to calibration curves...
2022-11-09 23:21:57,477 The instrument can be removed from the screen.
2022-11-09 23:21:58,015 Written calibration file 'DisplayPort-01440p.cal'
2022-11-09 23:21:58,017 DisplayCAL: Reached EOF (OK)
2022-11-09 23:21:58,119 argyll-dispcal exitcode: 0
2022-11-09 23:21:58,214 --------------------------------------------------------------------------------
2022-11-09 23:21:58,214 Working directory:
2022-11-09 23:21:58,214   /
2022-11-09 23:21:58,214    tmp/
2022-11-09 23:21:58,215     DisplayCAL-JyoVwU/
2022-11-09 23:21:58,215 
2022-11-09 23:21:58,215 Command line:
2022-11-09 23:21:58,215   /usr/bin/argyll-dispread
2022-11-09 23:21:58,215     -v
2022-11-09 23:21:58,216     -d1
2022-11-09 23:21:58,216     -c1
2022-11-09 23:21:58,216     -yn
2022-11-09 23:21:58,216     -P0.539272030651,0.177685950413,1.24867724868
2022-11-09 23:21:58,216     -X
2022-11-09 23:21:58,216     PFS_Phosphor_Family_31Jan17.ccss
2022-11-09 23:21:58,217     -k
2022-11-09 23:21:58,217     DisplayPort-01440p.cal
2022-11-09 23:21:58,217     DisplayPort-01440p
2022-11-09 23:21:58,217 
2022-11-09 23:21:58,222 DisplayCAL: Starting interaction with subprocess
2022-11-09 23:21:58,630 Number of patches = 175
2022-11-09 23:21:58,631 Setting up the instrument
2022-11-09 23:21:59,654 Product Name:      Colormunki Display
2022-11-09 23:21:59,654 Serial Number:     C1-22.B-02.015586.02
2022-11-09 23:21:59,655 Firmware Version:  v2.28
2022-11-09 23:21:59,655 Firmware Date:     29Jan14
2022-11-09 23:21:59,657 argyll-dispread: Warning - new_dispwin: Expected VideoLUT depth 8 doesn't match actual 10
2022-11-09 23:21:59,865 Place instrument on test window.
2022-11-09 23:21:59,866 DisplayCAL: Detected instrument placement (screen/spot) message
2022-11-09 23:21:59,867 DisplayCAL: Waiting for send buffer
2022-11-09 23:22:01,368 DisplayCAL: Skipping place instrument on screen message...
2022-11-09 23:22:01,397 DisplayCAL: Sending buffer: ' '
2022-11-09 23:22:01,448 Hit Esc or Q to give up, any other key to continue:
2022-11-09 23:29:36,624 Patch 175 of 175
2022-11-09 23:29:36,624 The instrument can be removed from the screen.
2022-11-09 23:29:37,167 Written 'DisplayPort-01440p.ti3'
2022-11-09 23:29:37,168 DisplayCAL: Reached EOF (OK)
2022-11-09 23:29:37,269 argyll-dispread exitcode: 0
2022-11-09 23:29:37,407 Preparing ChromaticityType tag from TI3 colorants
2022-11-09 23:29:37,414 Storing settings in TI3
2022-11-09 23:29:37,455 Extracting neutrals from /tmp/DisplayCAL-JyoVwU/DisplayPort-01440p.ti3
2022-11-09 23:29:37,478 Applying 0% black point correction to TI3
2022-11-09 23:29:37,614 Extracting neutrals from /tmp/DisplayCAL-JyoVwU/DisplayPort-01440p.ti3
2022-11-09 23:29:37,641 R=G=B (>= 1% luminance) dE*00 avg 0.248724093624 peak 0.590571893467
2022-11-09 23:29:37,642 Got high quality calibration, using single device to PCS shaper curve for cLUT
2022-11-09 23:29:38,187 Black relative luminance = 0.000880
2022-11-09 23:29:38,187 Black output offset = 1.00
2022-11-09 23:29:38,188 Calibration gamma = 2.20 relative
2022-11-09 23:29:38,188 Calibration overall transfer function ≈ Gamma 2.20 100% (Δ 0.00%)
2022-11-09 23:29:38,188 Calibration effective gamma = 2.20
2022-11-09 23:29:38,574 Transfer function R ≈ Gamma 2.21 100% (Δ 0.59%)
2022-11-09 23:29:38,574 Effective gamma = 2.20
2022-11-09 23:29:38,574 Got good match (+-2%)
2022-11-09 23:29:38,574 Using calibration transfer function
2022-11-09 23:29:38,969 Transfer function G ≈ Gamma 2.21 100% (Δ 0.59%)
2022-11-09 23:29:38,969 Effective gamma = 2.20
2022-11-09 23:29:38,969 Got good match (+-2%)
2022-11-09 23:29:38,970 Using calibration transfer function
2022-11-09 23:29:39,361 Transfer function B ≈ Gamma 2.21 100% (Δ 0.59%)
2022-11-09 23:29:39,361 Effective gamma = 2.20
2022-11-09 23:29:39,362 Got good match (+-2%)
2022-11-09 23:29:39,362 Using calibration transfer function
2022-11-09 23:29:39,817 Using transfer function for R: Gamma 2.20 100%
2022-11-09 23:29:39,817 Effective gamma = 2.20
2022-11-09 23:29:40,270 Using transfer function for G: Gamma 2.20 100%
2022-11-09 23:29:40,270 Effective gamma = 2.20
2022-11-09 23:29:40,723 Using transfer function for B: Gamma 2.20 100%
2022-11-09 23:29:40,723 Effective gamma = 2.20
2022-11-09 23:29:40,736 Initial cLUT resolution 5x5x5
2022-11-09 23:29:40,738 cLUT input curve segments: 5
2022-11-09 23:29:40,772 #1 X prev 0.045381 next 0.209181 clip False
2022-11-09 23:29:40,802 #2 X prev 0.209181 next 0.511363 clip False
2022-11-09 23:29:40,836 #3 X prev 0.511363 next 0.964200 clip False
2022-11-09 23:29:40,932 #1 Y prev 0.047066 next 0.216948 clip False
2022-11-09 23:29:40,964 #2 Y prev 0.216948 next 0.530350 clip False
2022-11-09 23:29:40,997 #3 Y prev 0.530350 next 1.000000 clip False
2022-11-09 23:29:41,093 #1 Z prev 0.038825 next 0.178960 clip False
2022-11-09 23:29:41,123 #2 Z prev 0.178960 next 0.437486 clip False
2022-11-09 23:29:41,155 #3 Z prev 0.437486 next 0.824900 clip False
2022-11-09 23:29:41,863 cLUT input curve segments: 33
2022-11-09 23:29:41,869 #1 X prev 0.000463 next 0.002136 clip False
2022-11-09 23:29:41,875 #2 X prev 0.002136 next 0.005222 clip False
2022-11-09 23:29:41,879 #3 X prev 0.005222 next 0.009845 clip False
2022-11-09 23:29:41,884 #4 X prev 0.009845 next 0.016102 clip False
2022-11-09 23:29:41,888 #5 X prev 0.016102 next 0.024068 clip False
2022-11-09 23:29:41,893 #6 X prev 0.024068 next 0.033809 clip False
2022-11-09 23:29:41,896 #7 X prev 0.033809 next 0.045381 clip False
2022-11-09 23:29:41,901 #8 X prev 0.045381 next 0.058837 clip False
2022-11-09 23:29:41,906 #9 X prev 0.058837 next 0.074220 clip False
2022-11-09 23:29:41,910 #10 X prev 0.074220 next 0.091575 clip False
2022-11-09 23:29:41,914 #11 X prev 0.091575 next 0.110939 clip False
2022-11-09 23:29:41,918 #12 X prev 0.110939 next 0.132349 clip False
2022-11-09 23:29:41,922 #13 X prev 0.132349 next 0.155838 clip False
2022-11-09 23:29:41,926 #14 X prev 0.155838 next 0.181439 clip False
2022-11-09 23:29:41,931 #15 X prev 0.181439 next 0.209181 clip False
2022-11-09 23:29:41,936 #16 X prev 0.209181 next 0.239093 clip False
2022-11-09 23:29:41,941 #17 X prev 0.239093 next 0.271202 clip False
2022-11-09 23:29:41,947 #18 X prev 0.271202 next 0.305533 clip False
2022-11-09 23:29:41,951 #19 X prev 0.305533 next 0.342112 clip False
2022-11-09 23:29:41,956 #20 X prev 0.342112 next 0.380962 clip False
2022-11-09 23:29:41,960 #21 X prev 0.380962 next 0.422106 clip False
2022-11-09 23:29:41,965 #22 X prev 0.422106 next 0.465566 clip False
2022-11-09 23:29:41,969 #23 X prev 0.465566 next 0.511363 clip False
2022-11-09 23:29:41,974 #24 X prev 0.511363 next 0.559518 clip False
2022-11-09 23:29:41,978 #25 X prev 0.559518 next 0.610050 clip False
2022-11-09 23:29:41,983 #26 X prev 0.610050 next 0.662979 clip False
2022-11-09 23:29:41,987 #27 X prev 0.662979 next 0.718322 clip False
2022-11-09 23:29:41,991 #28 X prev 0.718322 next 0.776099 clip False
2022-11-09 23:29:41,995 #29 X prev 0.776099 next 0.836326 clip False
2022-11-09 23:29:42,001 #30 X prev 0.836326 next 0.899021 clip False
2022-11-09 23:29:42,005 #31 X prev 0.899021 next 0.964200 clip False
2022-11-09 23:29:42,047 #1 Y prev 0.000481 next 0.002215 clip False
2022-11-09 23:29:42,051 #2 Y prev 0.002215 next 0.005415 clip False
2022-11-09 23:29:42,055 #3 Y prev 0.005415 next 0.010211 clip False
2022-11-09 23:29:42,059 #4 Y prev 0.010211 next 0.016700 clip False
2022-11-09 23:29:42,063 #5 Y prev 0.016700 next 0.024962 clip False
2022-11-09 23:29:42,069 #6 Y prev 0.024962 next 0.035064 clip False
2022-11-09 23:29:42,074 #7 Y prev 0.035064 next 0.047066 clip False
2022-11-09 23:29:42,079 #8 Y prev 0.047066 next 0.061021 clip False
2022-11-09 23:29:42,083 #9 Y prev 0.061021 next 0.076976 clip False
2022-11-09 23:29:42,087 #10 Y prev 0.076976 next 0.094975 clip False
2022-11-09 23:29:42,093 #11 Y prev 0.094975 next 0.115058 clip False
2022-11-09 23:29:42,098 #12 Y prev 0.115058 next 0.137263 clip False
2022-11-09 23:29:42,102 #13 Y prev 0.137263 next 0.161625 clip False
2022-11-09 23:29:42,106 #14 Y prev 0.161625 next 0.188176 clip False
2022-11-09 23:29:42,110 #15 Y prev 0.188176 next 0.216948 clip False
2022-11-09 23:29:42,115 #16 Y prev 0.216948 next 0.247970 clip False
2022-11-09 23:29:42,120 #17 Y prev 0.247970 next 0.281271 clip False
2022-11-09 23:29:42,124 #18 Y prev 0.281271 next 0.316877 clip False
2022-11-09 23:29:42,128 #19 Y prev 0.316877 next 0.354814 clip False
2022-11-09 23:29:42,133 #20 Y prev 0.354814 next 0.395107 clip False
2022-11-09 23:29:42,138 #21 Y prev 0.395107 next 0.437779 clip False
2022-11-09 23:29:42,143 #22 Y prev 0.437779 next 0.482852 clip False
2022-11-09 23:29:42,147 #23 Y prev 0.482852 next 0.530350 clip False
2022-11-09 23:29:42,151 #24 Y prev 0.530350 next 0.580293 clip False
2022-11-09 23:29:42,157 #25 Y prev 0.580293 next 0.632701 clip False
2022-11-09 23:29:42,162 #26 Y prev 0.632701 next 0.687594 clip False
2022-11-09 23:29:42,167 #27 Y prev 0.687594 next 0.744993 clip False
2022-11-09 23:29:42,172 #28 Y prev 0.744993 next 0.804915 clip False
2022-11-09 23:29:42,176 #29 Y prev 0.804915 next 0.867378 clip False
2022-11-09 23:29:42,180 #30 Y prev 0.867378 next 0.932401 clip False
2022-11-09 23:29:42,184 #31 Y prev 0.932401 next 1.000000 clip False
2022-11-09 23:29:42,224 #1 Z prev 0.000396 next 0.001827 clip False
2022-11-09 23:29:42,228 #2 Z prev 0.001827 next 0.004467 clip False
2022-11-09 23:29:42,232 #3 Z prev 0.004467 next 0.008423 clip False
2022-11-09 23:29:42,236 #4 Z prev 0.008423 next 0.013776 clip False
2022-11-09 23:29:42,241 #5 Z prev 0.013776 next 0.020591 clip False
2022-11-09 23:29:42,247 #6 Z prev 0.020591 next 0.028924 clip False
2022-11-09 23:29:42,251 #7 Z prev 0.028924 next 0.038825 clip False
2022-11-09 23:29:42,255 #8 Z prev 0.038825 next 0.050336 clip False
2022-11-09 23:29:42,259 #9 Z prev 0.050336 next 0.063498 clip False
2022-11-09 23:29:42,263 #10 Z prev 0.063498 next 0.078345 clip False
2022-11-09 23:29:42,267 #11 Z prev 0.078345 next 0.094912 clip False
2022-11-09 23:29:42,272 #12 Z prev 0.094912 next 0.113228 clip False
2022-11-09 23:29:42,276 #13 Z prev 0.113228 next 0.133324 clip False
2022-11-09 23:29:42,280 #14 Z prev 0.133324 next 0.155226 clip False
2022-11-09 23:29:42,285 #15 Z prev 0.155226 next 0.178960 clip False
2022-11-09 23:29:42,289 #16 Z prev 0.178960 next 0.204551 clip False
2022-11-09 23:29:42,293 #17 Z prev 0.204551 next 0.232021 clip False
2022-11-09 23:29:42,297 #18 Z prev 0.232021 next 0.261392 clip False
2022-11-09 23:29:42,301 #19 Z prev 0.261392 next 0.292686 clip False
2022-11-09 23:29:42,305 #20 Z prev 0.292686 next 0.325924 clip False
2022-11-09 23:29:42,309 #21 Z prev 0.325924 next 0.361124 clip False
2022-11-09 23:29:42,314 #22 Z prev 0.361124 next 0.398305 clip False
2022-11-09 23:29:42,320 #23 Z prev 0.398305 next 0.437486 clip False
2022-11-09 23:29:42,325 #24 Z prev 0.437486 next 0.478683 clip False
2022-11-09 23:29:42,330 #25 Z prev 0.478683 next 0.521915 clip False
2022-11-09 23:29:42,334 #26 Z prev 0.521915 next 0.567197 clip False
2022-11-09 23:29:42,339 #27 Z prev 0.567197 next 0.614545 clip False
2022-11-09 23:29:42,343 #28 Z prev 0.614545 next 0.663974 clip False
2022-11-09 23:29:42,347 #29 Z prev 0.663974 next 0.715500 clip False
2022-11-09 23:29:42,351 #30 Z prev 0.715500 next 0.769137 clip False
2022-11-09 23:29:42,355 #31 Z prev 0.769137 next 0.824900 clip False
2022-11-09 23:29:42,498 Final interpolated cLUT resolution 33x33x33
2022-11-09 23:29:42,506 --------------------------------------------------------------------------------
2022-11-09 23:29:42,506 Creating matrix from primaries
2022-11-09 23:29:42,507 Using chromatic adaptation transform matrix: Bradford
2022-11-09 23:29:42,600 Generating A2B1 by copying A2B0
2022-11-09 23:29:42,622 Making distinct A2B0
2022-11-09 23:29:42,676 Applying black point compensation to A2B0: L*a*b* 0.000000 0.000000 0.000000
2022-11-09 23:29:44,146 --------------------------------------------------------------------------------
2022-11-09 23:29:44,146 Generating B2A1 table by inverting A2B1 table
2022-11-09 23:29:44,147 
2022-11-09 23:29:44,147 Using chromatic adaptation transform matrix: Bradford
2022-11-09 23:29:44,168 Black XYZ: 0.0009 0.0009 0.0007
2022-11-09 23:29:44,169 White XYZ: 0.9642 1.0000 0.8249
2022-11-09 23:29:44,169 R XYZ: 0.5956 0.2652 0.0037
2022-11-09 23:29:44,169 G XYZ: 0.2226 0.6764 0.0557
2022-11-09 23:29:44,170 B XYZ: 0.1460 0.0580 0.7659
2022-11-09 23:29:44,170 Generating input curve PCS values...
2022-11-09 23:29:44,336 Looking up input curve RGB values...
2022-11-09 23:29:44,337 Setting up matrix
2022-11-09 23:29:44,337 Increasing saturation of actual primaries for PCS candidate to 103%...
2022-11-09 23:29:44,338 R xy 0.688943 0.306821 -> 0.699240 0.305269
2022-11-09 23:29:44,338 G xy 0.233137 0.708491 -> 0.229760 0.718989
2022-11-09 23:29:44,339 B xy 0.150489 0.059843 -> 0.144633 0.050882
2022-11-09 23:29:44,339 Checking for suitable PCS candidate...
2022-11-09 23:29:44,340 PCS candidate based on actual primaries fit: 1.01 (area: 94.26%)
2022-11-09 23:29:44,340 Using primaries: PCS candidate based on actual primaries
2022-11-09 23:29:44,340 Using R XYZ: 0.6045 0.2639 -0.0039
2022-11-09 23:29:44,341 Using G XYZ: 0.2195 0.6868 0.0490
2022-11-09 23:29:44,341 Using B XYZ: 0.1402 0.0493 0.7798
2022-11-09 23:29:44,341 R+G+B XYZ: 0.9642 1.0000 0.8249
2022-11-09 23:29:44,342 Correction factors: 1.0000 1.0000 1.0000
2022-11-09 23:29:44,342 Matrix 1:
2022-11-09 23:29:44,342 [1.9089825456735163, -0.5882226607229645, -0.30599867840397543]
2022-11-09 23:29:44,342 [-0.7376511747185048, 1.6900219231792406, 0.0257259540360546]
2022-11-09 23:29:44,343 [0.05584719053020504, -0.10902719520591882, 1.2791603031842589]
2022-11-09 23:29:44,343 Matrix 2:
2022-11-09 23:29:44,343 [1.9089662907936675, -0.5882176520398332, -0.3059960728423047]
2022-11-09 23:29:44,344 [-0.7376529289259857, 1.6900259422185941, 0.025726015214918768]
2022-11-09 23:29:44,344 [0.05584788593024733, -0.10902855279464328, 1.2791762310782229]
2022-11-09 23:29:44,344 Matrix 3:
2022-11-09 23:29:44,344 [1.999969482421875, 0, 0]
2022-11-09 23:29:44,345 [0, 1.999969482421875, 0]
2022-11-09 23:29:44,345 [0, 0, 1.999969482421875]
2022-11-09 23:29:44,345 Final matrix:
2022-11-09 23:29:44,346 [3.8178743245594178, -1.1764173531015159, -0.6119828074255504]
2022-11-09 23:29:44,346 [-1.4752833464710837, 3.380000308938463, 0.05145124533415837]
2022-11-09 23:29:44,346 [0.11169406751827267, -0.2180537783019088, 2.558313424795878]
2022-11-09 23:29:44,346 Applying matrix to input curve XYZ values...
2022-11-09 23:29:44,358 Generating input curves...
2022-11-09 23:29:48,265 100%
2022-11-09 23:29:48,265 Generating A2B1 table lookup input values...
2022-11-09 23:29:48,266 cLUT grid res: 33
2022-11-09 23:29:48,266 Looking up input values through A2B1 table (9 workers)...
2022-11-09 23:29:48,266 Using CAM Jab for clipping
2022-11-09 23:30:00,026 100%
2022-11-09 23:30:00,027 Input black XYZ: 0.000854 0.000885 0.000732
2022-11-09 23:30:00,027 Input white XYZ: 0.964203 1.000000 0.824890
2022-11-09 23:30:00,057 Output black RGB: 0.0000 0.0000 0.0000
2022-11-09 23:30:00,058 Output white RGB: 100.0000 100.0000 100.0000
2022-11-09 23:30:00,110 Filling cLUT...
2022-11-09 23:30:00,184 100%
2022-11-09 23:30:00,298 Generating output curves...
2022-11-09 23:30:00,494 Setting curve entry #0 (0.000000 0.000000 0.000000) to black because it got clipped
2022-11-09 23:30:00,494 Setting curve entry #1 (0.000000 0.000000 0.000000) to black because it got clipped
2022-11-09 23:30:00,496 Setting curve entry #4095 (1.000000 1.000000 1.000000) to white because it got clipped
2022-11-09 23:30:00,541 Smoothing B2A1...
2022-11-09 23:30:02,581 Generating B2A0 table by inverting A2B0 table
2022-11-09 23:30:02,581 
2022-11-09 23:30:02,582 Using chromatic adaptation transform matrix: Bradford
2022-11-09 23:30:02,604 Black XYZ: 0.0000 0.0000 0.0000
2022-11-09 23:30:02,604 White XYZ: 0.9642 1.0000 0.8249
2022-11-09 23:30:02,605 R XYZ: 0.5945 0.2648 0.0037
2022-11-09 23:30:02,605 G XYZ: 0.2222 0.6752 0.0556
2022-11-09 23:30:02,605 B XYZ: 0.1457 0.0579 0.7646
2022-11-09 23:30:02,606 Generating input curve PCS values...
2022-11-09 23:30:02,677 Looking up input curve RGB values...
2022-11-09 23:30:02,701 R+G+B XYZ: 0.9659 1.0018 0.8264
2022-11-09 23:30:02,701 Correction factors: 0.9982 0.9982 0.9982
2022-11-09 23:30:02,702 Matrix 1:
2022-11-09 23:30:02,702 [1.9095721502000298, -0.5896165361387266, -0.3071503839490161]
2022-11-09 23:30:02,702 [-0.7393914287766534, 1.6906451124813466, 0.024865541522408705]
2022-11-09 23:30:02,702 [0.05481226428998043, -0.1100029740949923, 1.2794260559866193]
2022-11-09 23:30:02,703 Matrix 2:
2022-11-09 23:30:02,703 [1.9129521310973276, -0.5906601692000231, -0.3076940462716137]
2022-11-09 23:30:02,703 [-0.7407001663934162, 1.6936375881433394, 0.02490955402821415]
2022-11-09 23:30:02,704 [0.05490928309401893, -0.1101976815591998, 1.2816906656942357]
2022-11-09 23:30:02,704 Matrix 3:
2022-11-09 23:30:02,704 [1.999969482421875, 0, 0]
2022-11-09 23:30:02,704 [0, 1.999969482421875, 0]
2022-11-09 23:30:02,705 [0, 0, 1.999969482421875]
2022-11-09 23:30:02,705 Final matrix:
2022-11-09 23:30:02,705 [3.825845883528545, -1.1813023128821873, -0.6153787024661317]
2022-11-09 23:30:02,705 [-1.4813777284116372, 3.387223490569267, 0.049818347877167185]
2022-11-09 23:30:02,706 [0.10981689048970125, -0.22039200015204344, 2.563342217293449]
2022-11-09 23:30:02,706 Applying matrix to input curve XYZ values...
2022-11-09 23:30:02,718 Generating input curves...
2022-11-09 23:30:06,711 100%
2022-11-09 23:30:06,715 --------------------------------------------------------------------------------
2022-11-09 23:30:06,715 Creating shaper tags in separate step
2022-11-09 23:30:06,715 Using chromatic adaptation transform matrix: Bradford
2022-11-09 23:30:06,734 Extracting neutrals from /tmp/DisplayCAL-JyoVwU/DisplayPort-01440p.ti3
2022-11-09 23:30:06,749 NUMBER_OF_FIELDS 7
2022-11-09 23:30:06,749 BEGIN_DATA_FORMAT
2022-11-09 23:30:06,749 SAMPLE_ID RGB_R RGB_G RGB_B XYZ_X XYZ_Y XYZ_Z
2022-11-09 23:30:06,749 END_DATA_FORMAT
2022-11-09 23:30:06,749 
2022-11-09 23:30:06,749 NUMBER_OF_SETS 52
2022-11-09 23:30:06,749 BEGIN_DATA
2022-11-09 23:30:06,749 1 0.0000000 0.0000000 0.0000000 0.0833822 0.0879942 0.0960457
2022-11-09 23:30:06,749 2 1.9608000 1.9608000 1.9608000 0.0937770 0.0991271 0.1081947
2022-11-09 23:30:06,749 3 3.9216000 3.9216000 3.9216000 0.1402274 0.1490570 0.1707587
2022-11-09 23:30:06,749 4 5.8824000 5.8824000 5.8824000 0.2400313 0.2548260 0.3001795
2022-11-09 23:30:06,749 5 7.8431000 7.8431000 7.8431000 0.4079172 0.4310190 0.4980784
2022-11-09 23:30:06,749 6 9.8039000 9.8039000 9.8039000 0.6421631 0.6783300 0.7562802
2022-11-09 23:30:06,749 7 11.765000 11.765000 11.765000 0.9338289 0.9838540 1.0968272
2022-11-09 23:30:06,749 8 13.726000 13.726000 13.726000 1.2845846 1.3571100 1.4898668
2022-11-09 23:30:06,749 9 15.686000 15.686000 15.686000 1.6940516 1.7826000 1.9830436
2022-11-09 23:30:06,749 10 17.647000 17.647000 17.647000 2.1695205 2.2913300 2.5254074
2022-11-09 23:30:06,749 11 19.608000 19.608000 19.608000 2.7174702 2.8579500 3.1544220
2022-11-09 23:30:06,749 12 21.569000 21.569000 21.569000 3.3111201 3.4874000 3.8304607
2022-11-09 23:30:06,749 13 23.529000 23.529000 23.529000 3.9775100 4.1922500 4.6085670
2022-11-09 23:30:06,749 14 25.490000 25.490000 25.490000 4.7430100 5.0037600 5.4807891
2022-11-09 23:30:06,749 15 27.451000 27.451000 27.451000 5.5745000 5.8598300 6.4218597
2022-11-09 23:30:06,749 16 29.412000 29.412000 29.412000 6.4775100 6.8305600 7.4660599
2022-11-09 23:30:06,750 17 31.373000 31.373000 31.373000 7.4524700 7.8607300 8.5764600
2022-11-09 23:30:06,750 18 33.333000 33.333000 33.333000 8.5200400 8.9882100 9.8289700
2022-11-09 23:30:06,750 19 35.294000 35.294000 35.294000 9.6781100 10.220600 11.107900
2022-11-09 23:30:06,750 20 37.255000 37.255000 37.255000 10.915000 11.492100 12.505000
2022-11-09 23:30:06,750 21 39.216000 39.216000 39.216000 12.109600 12.815100 13.901600
2022-11-09 23:30:06,750 22 41.176000 41.176000 41.176000 13.464500 14.211500 15.458600
2022-11-09 23:30:06,750 23 43.137000 43.137000 43.137000 14.837900 15.664700 16.943400
2022-11-09 23:30:06,750 24 45.098000 45.098000 45.098000 16.349100 17.208000 18.590900
2022-11-09 23:30:06,750 25 47.059000 47.059000 47.059000 17.891500 18.905500 20.321300
2022-11-09 23:30:06,750 26 49.020000 49.020000 49.020000 19.674500 20.722300 22.349800
2022-11-09 23:30:06,750 27 50.980000 50.980000 50.980000 21.459400 22.632600 24.460800
2022-11-09 23:30:06,750 28 52.941000 52.941000 52.941000 23.412200 24.693600 26.738100
2022-11-09 23:30:06,750 29 54.902000 54.902000 54.902000 25.393900 26.815200 29.014000
2022-11-09 23:30:06,750 30 56.863000 56.863000 56.863000 27.441200 28.998600 31.461900
2022-11-09 23:30:06,750 31 58.824000 58.824000 58.824000 29.594900 31.271100 33.923400
2022-11-09 23:30:06,750 32 60.784000 60.784000 60.784000 31.748500 33.543500 36.385000
2022-11-09 23:30:06,750 33 62.745000 62.745000 62.745000 34.129000 36.028300 39.153700
2022-11-09 23:30:06,750 34 64.706000 64.706000 64.706000 36.477100 38.512000 41.769600
2022-11-09 23:30:06,750 35 66.667000 66.667000 66.667000 38.993400 41.086700 44.691400
2022-11-09 23:30:06,750 36 68.627000 68.627000 68.627000 41.523800 43.815100 47.615000
2022-11-09 23:30:06,750 37 70.588000 70.588000 70.588000 44.160600 46.572800 50.691300
2022-11-09 23:30:06,750 38 72.549000 72.549000 72.549000 46.826700 49.391200 53.768200
2022-11-09 23:30:06,750 39 74.510000 74.510000 74.510000 49.645700 52.393500 57.152200
2022-11-09 23:30:06,750 40 76.471000 76.471000 76.471000 52.489400 55.329100 60.229400
2022-11-09 23:30:06,750 41 78.431000 78.431000 78.431000 55.428900 58.514400 63.767900
2022-11-09 23:30:06,750 42 80.392000 80.392000 80.392000 58.590500 61.784600 67.306000
2022-11-09 23:30:06,750 43 82.353000 82.353000 82.353000 61.831000 65.210500 71.151400
2022-11-09 23:30:06,750 44 84.314000 84.314000 84.314000 65.145400 68.664700 74.996800
2022-11-09 23:30:06,750 45 86.275000 86.275000 86.275000 68.538700 72.274600 79.149400
2022-11-09 23:30:06,750 46 88.235000 88.235000 88.235000 72.044800 75.999600 82.996900
2022-11-09 23:30:06,750 47 90.196000 90.196000 90.196000 75.647900 79.727800 87.302600
2022-11-09 23:30:06,750 48 92.157000 92.157000 92.157000 79.171000 83.546900 91.304100
2022-11-09 23:30:06,750 49 94.118000 94.118000 94.118000 82.865200 87.397400 95.763700
2022-11-09 23:30:06,751 50 96.078000 96.078000 96.078000 86.751000 91.518800 100.22500
2022-11-09 23:30:06,751 51 98.039000 98.039000 98.039000 90.649100 95.606700 104.53400
2022-11-09 23:30:06,751 52 100.00000 100.00000 100.00000 94.758800 100.00000 109.15000
2022-11-09 23:30:06,751 END_DATA
2022-11-09 23:30:06,751 --------------------------------------------------------------------------------
2022-11-09 23:30:07,186 Black relative luminance = 0.000880
2022-11-09 23:30:07,186 Black output offset = 1.00
2022-11-09 23:30:07,186 Calibration gamma = 2.20 relative
2022-11-09 23:30:07,187 Calibration overall transfer function ≈ Gamma 2.20 100% (Δ 0.00%)
2022-11-09 23:30:07,187 Calibration effective gamma = 2.20
2022-11-09 23:30:07,235 Transfer function R ≈ Gamma 2.21 100% (Δ 0.57%)
2022-11-09 23:30:07,235 Effective gamma = 2.20
2022-11-09 23:30:07,235 Got good match (+-2%)
2022-11-09 23:30:07,236 Using calibration transfer function
2022-11-09 23:30:07,285 Transfer function G ≈ Gamma 2.21 100% (Δ 0.57%)
2022-11-09 23:30:07,285 Effective gamma = 2.20
2022-11-09 23:30:07,285 Got good match (+-2%)
2022-11-09 23:30:07,285 Using calibration transfer function
2022-11-09 23:30:07,333 Transfer function B ≈ Gamma 2.21 100% (Δ 0.57%)
2022-11-09 23:30:07,333 Effective gamma = 2.20
2022-11-09 23:30:07,333 Got good match (+-2%)
2022-11-09 23:30:07,334 Using calibration transfer function
2022-11-09 23:30:07,334 Using transfer function for R: Gamma 2.20
2022-11-09 23:30:07,334 Effective gamma = 2.20
2022-11-09 23:30:07,334 Using transfer function for G: Gamma 2.20
2022-11-09 23:30:07,334 Effective gamma = 2.20
2022-11-09 23:30:07,335 Using transfer function for B: Gamma 2.20
2022-11-09 23:30:07,335 Effective gamma = 2.20
2022-11-09 23:30:07,335 Adding rTRC from interpolation to DisplayPort-01440p
2022-11-09 23:30:07,336 Adding gTRC from interpolation to DisplayPort-01440p
2022-11-09 23:30:07,336 Adding bTRC from interpolation to DisplayPort-01440p
2022-11-09 23:30:07,706 --------------------------------------------------------------------------------
2022-11-09 23:30:07,707 Working directory:
2022-11-09 23:30:07,707   /
2022-11-09 23:30:07,708    tmp/
2022-11-09 23:30:07,708     DisplayCAL-JyoVwU/
2022-11-09 23:30:07,708 
2022-11-09 23:30:07,708 Command line:
2022-11-09 23:30:07,708   /usr/bin/argyll-profcheck
2022-11-09 23:30:07,708     DisplayPort-01440p.ti3
2022-11-09 23:30:07,709     DisplayPort-01440p.icc
2022-11-09 23:30:07,709 
2022-11-09 23:30:07,717 Profile check complete, errors: max. = 0.996558, avg. = 0.100745, RMS = 0.212995
2022-11-09 23:30:07,717 argyll-profcheck exitcode: 0
2022-11-09 23:30:07,718 --------------------------------------------------------------------------------
2022-11-09 23:30:07,718 Generating gamut views...
2022-11-09 23:30:08,469 --------------------------------------------------------------------------------
2022-11-09 23:30:08,470 Working directory:
2022-11-09 23:30:08,470   /
2022-11-09 23:30:08,470    tmp/
2022-11-09 23:30:08,470     DisplayCAL-JyoVwU/
2022-11-09 23:30:08,470 
2022-11-09 23:30:08,471 Command line:
2022-11-09 23:30:08,471   /usr/bin/argyll-iccgamut
2022-11-09 23:30:08,471     -v
2022-11-09 23:30:08,471     -w
2022-11-09 23:30:08,471     -ir
2022-11-09 23:30:08,471     -ff
2022-11-09 23:30:08,472     -on
2022-11-09 23:30:08,472     -d10.00
2022-11-09 23:30:08,472     DisplayPort-01440p.icc
2022-11-09 23:30:08,472 
2022-11-09 23:30:08,956 Header:
2022-11-09 23:30:08,956   size         = 941932 bytes
2022-11-09 23:30:08,956   CMM          = 'argl'
2022-11-09 23:30:08,956   Version      = 2.2.0
2022-11-09 23:30:08,956   Device Class = Display
2022-11-09 23:30:08,956   Color Space  = RGB
2022-11-09 23:30:08,956   Conn. Space  = XYZ
2022-11-09 23:30:08,956   Date, Time   = 9 Nov 2022, 23:29:37
2022-11-09 23:30:08,956   Platform     = *nix
2022-11-09 23:30:08,956   Flags        = Not Embedded Profile, Use anywhere
2022-11-09 23:30:08,956   Dev. Mnfctr. = 0x0
2022-11-09 23:30:08,956   Dev. Model   = 0x0
2022-11-09 23:30:08,956   Dev. Attrbts = Reflective, Glossy, Positive, Color
2022-11-09 23:30:08,956   Rndrng Intnt = Perceptual
2022-11-09 23:30:08,956   Illuminant   = 0.96420288, 1.00000000, 0.82490540    [Lab 100.000000, 0.000000, 0.000000]
2022-11-09 23:30:08,956   Creator      = 'DCAL'
2022-11-09 23:30:08,956 
2022-11-09 23:30:08,956 Total volume of gamut is 1387824.493871 cubic colorspace units
2022-11-09 23:30:08,957 argyll-iccgamut exitcode: 0
2022-11-09 23:30:09,850 --------------------------------------------------------------------------------
2022-11-09 23:30:09,851 Command line:
2022-11-09 23:30:09,851   /usr/bin/argyll-viewgam
2022-11-09 23:30:09,851     -cw
2022-11-09 23:30:09,851     -t0
2022-11-09 23:30:09,852     -w
2022-11-09 23:30:09,852     /usr/share/DisplayCAL/ref/sRGB.gam
2022-11-09 23:30:09,852     -cn
2022-11-09 23:30:09,852     -t.3
2022-11-09 23:30:09,852     -s
2022-11-09 23:30:09,853     DisplayPort-01440p.gam
2022-11-09 23:30:09,853     -i
2022-11-09 23:30:09,853     'DisplayPort-01440p vs sRGB.wrl'
2022-11-09 23:30:09,853 
2022-11-09 23:30:09,854 Intersecting volume = 833168.0 cubic units
2022-11-09 23:30:09,854 '/usr/share/DisplayCAL/ref/sRGB.gam' volume = 833675.1 cubic units, intersect = 99.94%
2022-11-09 23:30:09,854 'DisplayPort-01440p.gam' volume = 1387824.0 cubic units, intersect = 60.03%
2022-11-09 23:30:10,263 --------------------------------------------------------------------------------
2022-11-09 23:30:10,264 Command line:
2022-11-09 23:30:10,264   /usr/bin/argyll-viewgam
2022-11-09 23:30:10,264     -cw
2022-11-09 23:30:10,264     -t0
2022-11-09 23:30:10,264     -w
2022-11-09 23:30:10,265     /usr/share/DisplayCAL/ref/ClayRGB1998.gam
2022-11-09 23:30:10,265     -cn
2022-11-09 23:30:10,265     -t.3
2022-11-09 23:30:10,265     -s
2022-11-09 23:30:10,265     DisplayPort-01440p.gam
2022-11-09 23:30:10,266     -i
2022-11-09 23:30:10,266     'DisplayPort-01440p vs ClayRGB1998.wrl'
2022-11-09 23:30:10,266 
2022-11-09 23:30:10,266 Intersecting volume = 1205134.3 cubic units
2022-11-09 23:30:10,266 '/usr/share/DisplayCAL/ref/ClayRGB1998.gam' volume = 1209985.9 cubic units, intersect = 99.60%
2022-11-09 23:30:10,267 'DisplayPort-01440p.gam' volume = 1387824.0 cubic units, intersect = 86.84%
2022-11-09 23:30:10,267 --------------------------------------------------------------------------------
2022-11-09 23:30:10,267 Command line:
2022-11-09 23:30:10,267   /usr/bin/argyll-viewgam
2022-11-09 23:30:10,267     -cw
2022-11-09 23:30:10,267     -t0
2022-11-09 23:30:10,268     -w
2022-11-09 23:30:10,268     /usr/share/DisplayCAL/ref/SMPTE431_P3.gam
2022-11-09 23:30:10,268     -cn
2022-11-09 23:30:10,268     -t.3
2022-11-09 23:30:10,268     -s
2022-11-09 23:30:10,269     DisplayPort-01440p.gam
2022-11-09 23:30:10,269     -i
2022-11-09 23:30:10,269     'DisplayPort-01440p vs SMPTE431_P3.wrl'
2022-11-09 23:30:10,269 
2022-11-09 23:30:10,270 Intersecting volume = 1114582.9 cubic units
2022-11-09 23:30:10,270 '/usr/share/DisplayCAL/ref/SMPTE431_P3.gam' volume = 1176953.5 cubic units, intersect = 94.70%
2022-11-09 23:30:10,270 'DisplayPort-01440p.gam' volume = 1387824.0 cubic units, intersect = 80.31%
2022-11-09 23:30:10,410 --------------------------------------------------------------------------------
