2022-11-09 21:42:29,153 --------------------------------------------------------------------------------
2022-11-09 21:42:29,154 Working directory:
2022-11-09 21:42:29,154   /
2022-11-09 21:42:29,154    tmp/
2022-11-09 21:42:29,154     DisplayCAL-GlwEAu/
2022-11-09 21:42:29,154 
2022-11-09 21:42:29,155 Command line:
2022-11-09 21:42:29,155   /usr/bin/argyll-dispcal
2022-11-09 21:42:29,155     -v2
2022-11-09 21:42:29,155     -d1
2022-11-09 21:42:29,155     -c1
2022-11-09 21:42:29,155     -yn
2022-11-09 21:42:29,156     -P0.510057471264,0.22520661157,1.24867724868
2022-11-09 21:42:29,156     -X
2022-11-09 21:42:29,156     PFS_Phosphor_Family_31Jan17.ccss
2022-11-09 21:42:29,156     -ql
2022-11-09 21:42:29,156     -t6500
2022-11-09 21:42:29,156     -b120.0
2022-11-09 21:42:29,157     -g2.2
2022-11-09 21:42:29,157     -f1.0
2022-11-09 21:42:29,157     -k0
2022-11-09 21:42:29,157     -A4.0
2022-11-09 21:42:29,157     -b
2022-11-09 21:42:29,158     'DisplayPort-0 #1 2022'
2022-11-09 21:42:29,158 
2022-11-09 21:42:29,164 DisplayCAL: Starting interaction with subprocess
2022-11-09 21:42:29,571 Setting up the instrument
2022-11-09 21:42:30,596 Product Name:      Colormunki Display
2022-11-09 21:42:30,597 Serial Number:     C1-22.B-02.015586.02
2022-11-09 21:42:30,597 Firmware Version:  v2.28
2022-11-09 21:42:30,597 Firmware Date:     29Jan14
2022-11-09 21:42:30,599 argyll-dispcal: Warning - new_dispwin: Expected VideoLUT depth 8 doesn't match actual 10
2022-11-09 21:42:30,815 Place instrument on test window.
2022-11-09 21:42:30,816 DisplayCAL: Detected instrument placement (screen/spot) message
2022-11-09 21:42:30,817 DisplayCAL: Waiting for send buffer
2022-11-09 21:42:32,318 DisplayCAL: Skipping place instrument on screen message...
2022-11-09 21:42:32,347 DisplayCAL: Sending buffer: ' '
2022-11-09 21:42:32,398 Hit Esc or Q to give up, any other key to continue:
2022-11-09 21:42:32,398 Display type is 'n'
2022-11-09 21:42:32,398 Target white = 6500.000000 degrees kelvin Daylight spectrum
2022-11-09 21:42:32,398 Target white brightness = 120.000000 cd/m^2
2022-11-09 21:42:32,399 Target black brightness = native brightness
2022-11-09 21:42:32,400 Black point device hack is enabled
2022-11-09 21:42:32,400 Target advertised gamma = 2.200000
2022-11-09 21:42:32,400 
2022-11-09 21:42:32,400 Display adjustment menu:
2022-11-09 21:42:32,401 Press 1 .. 7
2022-11-09 21:42:32,401 1) Black level (CRT: Offset/Brightness)
2022-11-09 21:42:32,401 2) White point (Color temperature, R,G,B, Gain/Contrast)
2022-11-09 21:42:32,401 3) White level (CRT: Gain/Contrast, LCD: Brightness/Backlight)
2022-11-09 21:42:32,401 4) Black point (R,G,B, Offset/Brightness)
2022-11-09 21:42:32,401 5) Check all
2022-11-09 21:42:32,402 6) Measure and set ambient for viewing condition adjustment
2022-11-09 21:42:32,402 7) Continue on to calibration
2022-11-09 21:42:32,402 8) Exit
2022-11-09 21:42:32,404 DisplayCAL: Waiting for send buffer
2022-11-09 21:42:45,915 DisplayCAL: Sending buffer: '2'
2022-11-09 21:42:45,966 Doing some initial measurements
2022-11-09 21:42:56,511 Red   = XYZ 62.919 28.012  0.773
2022-11-09 21:42:56,511 Green = XYZ 22.482 75.992  7.113
2022-11-09 21:42:56,511 Blue  = XYZ 21.228  7.999 116.263
2022-11-09 21:42:58,087 White = XYZ 106.611 112.095 124.138
2022-11-09 21:42:58,088 
2022-11-09 21:42:58,088 Adjust R,G & B gain to get target x,y. Press space when done.
2022-11-09 21:42:58,088    Target Br 120.00, x 0.3128 , y 0.3292
2022-11-09 21:44:54,201 DisplayCAL: Sending buffer: ' '
2022-11-09 21:44:54,412 \ Current Br 121.17, x 0.3137-, y 0.3289+  DE  1.0  R-  G++ B-
2022-11-09 21:44:54,412 
2022-11-09 21:44:54,412 Press 1 .. 7
2022-11-09 21:44:54,412 1) Black level (CRT: Offset/Brightness)
2022-11-09 21:44:54,413 2) White point (Color temperature, R,G,B, Gain/Contrast)
2022-11-09 21:44:54,413 3) White level (CRT: Gain/Contrast, LCD: Brightness/Backlight)
2022-11-09 21:44:54,413 4) Black point (R,G,B, Offset/Brightness)
2022-11-09 21:44:54,414 5) Check all
2022-11-09 21:44:54,414 6) Measure and set ambient for viewing condition adjustment
2022-11-09 21:44:54,415 7) Continue on to calibration
2022-11-09 21:44:54,415 8) Exit
2022-11-09 21:44:54,416 DisplayCAL: Waiting for send buffer
2022-11-09 21:45:11,281 DisplayCAL: Sending buffer: '7'
2022-11-09 21:45:11,333 Commencing display calibration
2022-11-09 21:45:51,588 Patch 9 of 9
2022-11-09 21:45:51,588 Black = XYZ 0.0989 0.1050 0.1766
2022-11-09 21:45:51,588 Red   = XYZ 68.957 30.698  0.852
2022-11-09 21:45:51,589 Green = XYZ 24.343 81.864  7.646
2022-11-09 21:45:51,589 Blue  = XYZ 22.476  8.467 123.022
2022-11-09 21:45:51,589 White = XYZ 115.596 121.172 131.685
2022-11-09 21:49:33,764 Patch 48 of 48
2022-11-09 21:49:33,811 Target white value is XYZ 114.020608 120.000000 130.503190 [xy 0.312793 0.329197]
2022-11-09 21:49:33,812 Adjusted target black XYZ 0.0989 0.1050 0.1766, Lab 0.790 -0.028 -0.746
2022-11-09 21:49:33,812 Target black after min adjust: XYZ 0.0989 0.1050 0.1766, Lab 0.790 -0.028 -0.746
2022-11-09 21:49:33,812 Gamma curve input offset = 0.000000, output offset = 0.000875, power = 2.204547
2022-11-09 21:49:33,812 Total Iteration 2, Final Samples = 32 Final Repeat threshold = 0.900000
2022-11-09 21:49:33,814 Creating initial calibration curves...
2022-11-09 21:49:33,936 
2022-11-09 21:49:33,936 Doing iteration 1/2 with 16 sample points and repeat threshold of 1.272792 DE
2022-11-09 21:49:35,274 Patch 1 of 16 DE 0.383519, W.DE 0.383519, OK ( < 1.272792)
2022-11-09 21:49:36,682 Patch 2 of 16 DE 1.882509, W.DE 1.882509, Repeat
2022-11-09 21:49:38,121 Patch 2 of 16 DE 0.254643, W.DE 0.254643, OK ( < 1.272792)
2022-11-09 21:49:39,527 Patch 3 of 16 DE 2.116015, W.DE 2.116015, Repeat
2022-11-09 21:49:40,961 Patch 3 of 16 DE 0.158695, W.DE 0.158695, OK ( < 1.272792)
2022-11-09 21:49:42,361 Patch 4 of 16 DE 2.595584, W.DE 2.595584, Repeat
2022-11-09 21:49:43,774 Patch 4 of 16 DE 0.202406, W.DE 0.202406, OK ( < 1.272792)
2022-11-09 21:49:45,175 Patch 5 of 16 DE 2.667516, W.DE 2.667516, Repeat
2022-11-09 21:49:46,583 Patch 5 of 16 DE 0.085884, W.DE 0.085884, OK ( < 1.272792)
2022-11-09 21:49:49,087 Patch 6 of 16 DE 1.590720, W.DE 1.590720, Repeat
2022-11-09 21:49:51,585 Patch 6 of 16 DE 0.158856, W.DE 0.158856, OK ( < 1.272792)
2022-11-09 21:49:54,129 Patch 7 of 16 DE 1.090087, W.DE 1.090087, OK ( < 1.272792)
2022-11-09 21:49:56,743 Patch 8 of 16 DE 1.199939, W.DE 1.199939, OK ( < 1.272792)
2022-11-09 21:49:59,450 Patch 9 of 16 DE 1.530846, W.DE 1.530846, Repeat
2022-11-09 21:50:02,157 Patch 9 of 16 DE 0.136440, W.DE 0.136440, OK ( < 1.272792)
2022-11-09 21:50:04,990 Patch 10 of 16 DE 0.966762, W.DE 0.966762, OK ( < 1.272792)
2022-11-09 21:50:08,038 Patch 11 of 16 DE 1.542504, W.DE 1.542504, Repeat
2022-11-09 21:50:11,048 Patch 11 of 16 DE 0.338319, W.DE 0.338319, OK ( < 1.272792)
2022-11-09 21:50:15,595 Patch 12 of 16 DE 2.688486, W.DE 2.688486, Repeat
2022-11-09 21:50:19,920 Patch 12 of 16 DE 0.324780, W.DE 0.324780, OK ( < 1.272792)
2022-11-09 21:50:25,526 Patch 13 of 16 DE 1.954741, W.DE 1.954741, Repeat
2022-11-09 21:50:30,640 Patch 13 of 16 DE 0.589911, W.DE 0.589911, OK ( < 1.272792)
2022-11-09 21:50:37,179 Patch 14 of 16 DE 0.616305, W.DE 0.616305, OK ( < 1.272792)
2022-11-09 21:50:43,750 Patch 15 of 16 DE 0.056535, W.DE 0.056535, OK ( < 1.272792)
2022-11-09 21:50:50,293 Patch 16 of 16 DE 0.029778, W.DE 29.778324, Repeat
2022-11-09 21:51:15,840 Patch 16 of 16 DE 0.028034, W.DE 28.033558, Repeat
2022-11-09 21:51:22,477 Patch 16 of 16 DE 0.024525, W.DE 24.524656, Repeat
2022-11-09 21:51:28,864 Patch 16 of 16 DE 0.021419, W.DE 21.419236, Repeat
2022-11-09 21:51:35,259 Patch 16 of 16 DE 0.018307, W.DE 18.307471, Repeat
2022-11-09 21:51:41,663 Patch 16 of 16 DE 0.015662, W.DE 15.662285, Repeat
2022-11-09 21:51:48,073 Patch 16 of 16 DE 0.013956, W.DE 13.956202, Repeat
2022-11-09 21:51:54,485 Patch 16 of 16 DE 0.012786, W.DE 12.785979, Repeat
2022-11-09 21:52:00,900 Patch 16 of 16 DE 0.011737, W.DE 11.737168, Repeat
2022-11-09 21:52:07,314 Patch 16 of 16 DE 0.010514, W.DE 10.514123, Fail ( > 1.272792)
2022-11-09 21:52:07,315 
2022-11-09 21:52:07,315 Brightness error = -0.464092 cd/m^2 (is 119.535908, should be 120.000000)
2022-11-09 21:52:07,315 White point error = 0.353538 deltaE
2022-11-09 21:52:07,315 Maximum neutral error (@ 0.365761) = 1.200093 deltaE
2022-11-09 21:52:07,316 Average neutral error = 0.410895 deltaE
2022-11-09 21:52:07,316 Failed to meet target 1.272792 delta E, got worst case 10.514123
2022-11-09 21:52:07,316 Number of measurements taken = 37
2022-11-09 21:52:07,316 Computing update to calibration curves...
2022-11-09 21:52:07,326 
2022-11-09 21:52:07,326 Doing iteration 2/2 with 32 sample points and repeat threshold of 0.900000 DE
2022-11-09 21:52:08,902 Patch 1 of 32 DE 0.478191, W.DE 0.478191, W.peqDE 0.478191, OK ( < 0.900000)
2022-11-09 21:52:10,283 Patch 2 of 32 DE 0.294748, W.DE 0.294748, W.peqDE 0.205277, OK ( < 0.900000)
2022-11-09 21:52:11,666 Patch 3 of 32 DE 0.307717, W.DE 0.307717, W.peqDE 0.093422, OK ( < 0.900000)
2022-11-09 21:52:13,050 Patch 4 of 32 DE 0.371986, W.DE 0.371986, W.peqDE 0.108847, OK ( < 0.900000)
2022-11-09 21:52:14,433 Patch 5 of 32 DE 0.200082, W.DE 0.200082, W.peqDE 0.310070, OK ( < 0.900000)
2022-11-09 21:52:15,816 Patch 6 of 32 DE 0.221919, W.DE 0.221919, W.peqDE 0.212103, OK ( < 0.900000)
2022-11-09 21:52:17,198 Patch 7 of 32 DE 0.223370, W.DE 0.223370, W.peqDE 0.072981, OK ( < 0.900000)
2022-11-09 21:52:18,582 Patch 8 of 32 DE 0.298953, W.DE 0.298953, W.peqDE 0.081930, OK ( < 0.900000)
2022-11-09 21:52:19,965 Patch 9 of 32 DE 0.323946, W.DE 0.323946, W.peqDE 0.221124, OK ( < 0.900000)
2022-11-09 21:52:21,348 Patch 10 of 32 DE 0.404142, W.DE 0.404142, W.peqDE 0.127984, OK ( < 0.900000)
2022-11-09 21:52:23,821 Patch 11 of 32 DE 0.515965, W.DE 0.515965, W.peqDE 0.148948, OK ( < 0.900000)
2022-11-09 21:52:26,320 Patch 12 of 32 DE 0.583286, W.DE 0.583286, W.peqDE 0.704495, OK ( < 0.900000)
2022-11-09 21:52:28,835 Patch 13 of 32 DE 0.960864, W.DE 0.960864, peqDE 0.617514, Repeat
2022-11-09 21:52:31,360 Patch 13 of 32 DE 0.236335, W.DE 0.236335, W.peqDE 0.456203, OK ( < 0.900000)
2022-11-09 21:52:33,910 Patch 14 of 32 DE 1.481617, W.DE 1.481617, peqDE 1.390103, Repeat
2022-11-09 21:52:36,478 Patch 14 of 32 DE 0.305590, W.DE 0.305590, W.peqDE 0.371309, OK ( < 0.900000)
2022-11-09 21:52:39,061 Patch 15 of 32 DE 1.259695, W.DE 1.259695, peqDE 1.356645, Repeat
2022-11-09 21:52:41,655 Patch 15 of 32 DE 0.135289, W.DE 0.135289, W.peqDE 0.420899, OK ( < 0.900000)
2022-11-09 21:52:44,270 Patch 16 of 32 DE 1.049735, W.DE 1.049735, peqDE 0.988030, Repeat
2022-11-09 21:52:46,886 Patch 16 of 32 DE 0.177545, W.DE 0.177545, W.peqDE 0.202617, OK ( < 0.900000)
2022-11-09 21:52:49,539 Patch 17 of 32 DE 0.748570, W.DE 0.748570, W.peqDE 0.650876, OK ( < 0.900000)
2022-11-09 21:52:52,239 Patch 18 of 32 DE 0.645620, W.DE 0.645620, W.peqDE 0.601737, OK ( < 0.900000)
2022-11-09 21:52:55,005 Patch 19 of 32 DE 0.877913, W.DE 0.877913, W.peqDE 0.753887, OK ( < 0.900000)
2022-11-09 21:52:57,848 Patch 20 of 32 DE 0.983718, W.DE 0.983718, peqDE 0.684924, Repeat
2022-11-09 21:53:00,672 Patch 20 of 32 DE 0.227437, W.DE 0.227437, W.peqDE 0.563349, OK ( < 0.900000)
2022-11-09 21:53:03,606 Patch 21 of 32 DE 0.790556, W.DE 0.790556, W.peqDE 0.747822, OK ( < 0.900000)
2022-11-09 21:53:06,628 Patch 22 of 32 DE 0.702588, W.DE 0.702588, W.peqDE 0.348501, OK ( < 0.900000)
2022-11-09 21:53:10,779 Patch 23 of 32 DE 1.123755, W.DE 1.123755, peqDE 0.568079, Repeat
2022-11-09 21:53:13,945 Patch 23 of 32 DE 0.029196, W.DE 0.029196, W.peqDE 0.659586, OK ( < 0.900000)
2022-11-09 21:53:18,333 Patch 24 of 32 DE 1.079394, W.DE 1.079394, peqDE 1.066801, Repeat
2022-11-09 21:53:22,673 Patch 24 of 32 DE 0.092163, W.DE 0.092163, W.peqDE 0.073783, OK ( < 0.900000)
2022-11-09 21:53:27,433 Patch 25 of 32 DE 1.015550, W.DE 1.015550, peqDE 1.003327, Repeat
2022-11-09 21:53:32,132 Patch 25 of 32 DE 0.305924, W.DE 0.305924, W.peqDE 0.308426, OK ( < 0.900000)
2022-11-09 21:53:37,311 Patch 26 of 32 DE 0.968338, W.DE 0.968338, peqDE 0.958435, Repeat
2022-11-09 21:53:42,391 Patch 26 of 32 DE 0.309342, W.DE 0.309342, W.peqDE 0.248137, OK ( < 0.653250)
2022-11-09 21:53:48,225 Patch 27 of 32 DE 0.725146, W.DE 0.725146, peqDE 0.757801, Repeat
2022-11-09 21:53:53,820 Patch 27 of 32 DE 0.416526, W.DE 0.416526, peqDE 0.420212, Repeat
2022-11-09 21:53:59,235 Patch 27 of 32 DE 0.118521, W.DE 0.118521, W.peqDE 0.179321, OK ( < 0.394752)
2022-11-09 21:54:05,544 Patch 28 of 32 DE 0.417830, W.DE 0.417830, peqDE 0.425639, Repeat
2022-11-09 21:54:11,700 Patch 28 of 32 DE 0.286648, W.DE 0.286648, peqDE 0.295170, Repeat
2022-11-09 21:54:17,775 Patch 28 of 32 DE 0.138007, W.DE 0.138007, W.peqDE 0.140022, OK ( < 0.250000)
2022-11-09 21:54:24,401 Patch 29 of 32 DE 0.171987, W.DE 0.171987, W.peqDE 0.183636, OK ( < 0.250000)
2022-11-09 21:54:31,016 Patch 30 of 32 DE 0.046727, W.DE 0.046727, W.peqDE 0.041697, OK ( < 0.250000)
2022-11-09 21:54:37,486 Patch 31 of 32 DE 0.022185, W.DE 1.439509, peqDE 1.439388, Repeat
2022-11-09 21:54:43,917 Patch 31 of 32 DE 0.017916, W.DE 1.150921, peqDE 1.150829, Repeat
2022-11-09 21:55:09,541 Patch 31 of 32 DE 0.017551, W.DE 1.005578, peqDE 1.005473, Repeat
2022-11-09 21:55:16,069 Patch 31 of 32 DE 0.015149, W.DE 0.015149, W.peqDE 0.004608, OK ( < 0.250000)
2022-11-09 21:55:22,540 Patch 32 of 32 DE 0.002271, W.DE 2.271331, peqDE 2.271331, Repeat
2022-11-09 21:55:48,151 Patch 32 of 32 DE 0.002159, W.DE 2.159148, peqDE 2.159148, Repeat
2022-11-09 21:55:54,680 Patch 32 of 32 DE 0.001987, W.DE 1.986644, peqDE 1.986644, Repeat
2022-11-09 21:56:01,124 Patch 32 of 32 DE 0.002262, W.DE 2.262158, peqDE 2.262158, Repeat (got worse)
2022-11-09 21:56:07,570 Patch 32 of 32 DE 0.001995, W.DE 1.994801, peqDE 1.994801, Repeat (got worse)
2022-11-09 21:56:14,015 Patch 32 of 32 DE 0.002322, W.DE 2.322439, peqDE 2.322439, Repeat (got worse)
2022-11-09 21:56:20,460 Patch 32 of 32 DE 0.002188, W.DE 2.188222, peqDE 2.188222, Repeat (got worse)
2022-11-09 21:56:26,902 Patch 32 of 32 DE 0.002242, W.DE 2.241813, peqDE 2.241813, Repeat (got worse)
2022-11-09 21:56:33,345 Patch 32 of 32 DE 0.002047, W.DE 2.046831, peqDE 2.046831, Repeat (got worse)
2022-11-09 21:56:39,787 Patch 32 of 32 DE 0.001987, W.DE 1.986644, W.peqDE 1.986644, Fail ( > 0.250000)
2022-11-09 21:56:39,788 
2022-11-09 21:56:39,788 Brightness error = -0.425431 cd/m^2 (is 119.574569, should be 120.000000)
2022-11-09 21:56:39,788 White point error = 0.458615 deltaE
2022-11-09 21:56:39,788 Maximum neutral error (@ 0.248961) = 0.876856 deltaE
2022-11-09 21:56:39,789 Average neutral error = 0.320377 deltaE
2022-11-09 21:56:39,789 Failed to meet target 0.900000 delta E, got worst case 10.514123
2022-11-09 21:56:39,789 Number of measurements taken = 63
2022-11-09 21:56:39,791 Computing update to calibration curves...
2022-11-09 21:56:39,797 The instrument can be removed from the screen.
2022-11-09 21:56:40,339 Written calibration file 'DisplayPort-0 #1 2022.cal'
2022-11-09 21:56:40,340 DisplayCAL: Reached EOF (OK)
2022-11-09 21:56:40,442 argyll-dispcal exitcode: 0
2022-11-09 21:56:40,569 --------------------------------------------------------------------------------
2022-11-09 21:56:40,569 Working directory:
2022-11-09 21:56:40,570   /
2022-11-09 21:56:40,570    tmp/
2022-11-09 21:56:40,570     DisplayCAL-GlwEAu/
2022-11-09 21:56:40,571 
2022-11-09 21:56:40,571 Command line:
2022-11-09 21:56:40,571   /usr/bin/argyll-dispread
2022-11-09 21:56:40,571     -v
2022-11-09 21:56:40,572     -d1
2022-11-09 21:56:40,572     -c1
2022-11-09 21:56:40,572     -yn
2022-11-09 21:56:40,572     -P0.510057471264,0.22520661157,1.24867724868
2022-11-09 21:56:40,572     -X
2022-11-09 21:56:40,573     PFS_Phosphor_Family_31Jan17.ccss
2022-11-09 21:56:40,573     -k
2022-11-09 21:56:40,573     'DisplayPort-0 #1 2022.cal'
2022-11-09 21:56:40,573     'DisplayPort-0 #1 2022'
2022-11-09 21:56:40,573 
2022-11-09 21:56:40,579 DisplayCAL: Starting interaction with subprocess
2022-11-09 21:56:40,987 Number of patches = 115
2022-11-09 21:56:40,988 Setting up the instrument
2022-11-09 21:56:42,012 Product Name:      Colormunki Display
2022-11-09 21:56:42,013 Serial Number:     C1-22.B-02.015586.02
2022-11-09 21:56:42,013 Firmware Version:  v2.28
2022-11-09 21:56:42,013 Firmware Date:     29Jan14
2022-11-09 21:56:42,015 argyll-dispread: Warning - new_dispwin: Expected VideoLUT depth 8 doesn't match actual 10
2022-11-09 21:56:42,223 Place instrument on test window.
2022-11-09 21:56:42,224 DisplayCAL: Detected instrument placement (screen/spot) message
2022-11-09 21:56:42,225 DisplayCAL: Waiting for send buffer
2022-11-09 21:56:43,726 DisplayCAL: Skipping place instrument on screen message...
2022-11-09 21:56:43,755 DisplayCAL: Sending buffer: ' '
2022-11-09 21:56:43,806 Hit Esc or Q to give up, any other key to continue:
2022-11-09 22:01:39,079 Patch 115 of 115
2022-11-09 22:01:39,080 The instrument can be removed from the screen.
2022-11-09 22:01:39,571 Written 'DisplayPort-0 #1 2022.ti3'
2022-11-09 22:01:39,572 DisplayCAL: Reached EOF (OK)
2022-11-09 22:01:39,673 argyll-dispread exitcode: 0
2022-11-09 22:01:39,791 Preparing ChromaticityType tag from TI3 colorants
2022-11-09 22:01:39,796 Storing settings in TI3
2022-11-09 22:01:39,830 Extracting neutrals from /tmp/DisplayCAL-GlwEAu/DisplayPort-0 #1 2022.ti3
2022-11-09 22:01:39,848 Applying 0% black point correction to TI3
2022-11-09 22:01:39,911 Extracting neutrals from /tmp/DisplayCAL-GlwEAu/DisplayPort-0 #1 2022.ti3
2022-11-09 22:01:39,937 R=G=B (>= 1% luminance) dE*00 avg 0.213907028514 peak 0.633519651769
2022-11-09 22:01:39,938 Got high quality calibration, using single device to PCS shaper curve for cLUT
2022-11-09 22:01:40,495 Black relative luminance = 0.000881
2022-11-09 22:01:40,496 Black output offset = 1.00
2022-11-09 22:01:40,496 Calibration gamma = 2.20 relative
2022-11-09 22:01:40,496 Calibration overall transfer function ≈ Gamma 2.20 100% (Δ 0.00%)
2022-11-09 22:01:40,497 Calibration effective gamma = 2.20
2022-11-09 22:01:40,881 Transfer function R ≈ Gamma 2.20 100% (Δ 0.59%)
2022-11-09 22:01:40,881 Effective gamma = 2.20
2022-11-09 22:01:40,881 Got good match (+-2%)
2022-11-09 22:01:40,881 Using calibration transfer function
2022-11-09 22:01:41,262 Transfer function G ≈ Gamma 2.20 100% (Δ 0.59%)
2022-11-09 22:01:41,262 Effective gamma = 2.20
2022-11-09 22:01:41,262 Got good match (+-2%)
2022-11-09 22:01:41,262 Using calibration transfer function
2022-11-09 22:01:41,641 Transfer function B ≈ Gamma 2.20 100% (Δ 0.59%)
2022-11-09 22:01:41,642 Effective gamma = 2.20
2022-11-09 22:01:41,642 Got good match (+-2%)
2022-11-09 22:01:41,642 Using calibration transfer function
2022-11-09 22:01:42,085 Using transfer function for R: Gamma 2.20 100%
2022-11-09 22:01:42,085 Effective gamma = 2.20
2022-11-09 22:01:42,528 Using transfer function for G: Gamma 2.20 100%
2022-11-09 22:01:42,529 Effective gamma = 2.20
2022-11-09 22:01:42,975 Using transfer function for B: Gamma 2.20 100%
2022-11-09 22:01:42,975 Effective gamma = 2.20
2022-11-09 22:01:42,988 Initial cLUT resolution 4x4x4
2022-11-09 22:01:42,991 cLUT input curve segments: 4
2022-11-09 22:01:43,032 #1 X prev 0.085568 next 0.394420 clip False
2022-11-09 22:01:43,074 #2 X prev 0.394420 next 0.964200 clip False
2022-11-09 22:01:43,184 #1 Y prev 0.088745 next 0.409065 clip False
2022-11-09 22:01:43,226 #2 Y prev 0.409065 next 1.000000 clip False
2022-11-09 22:01:43,338 #1 Z prev 0.073206 next 0.337437 clip False
2022-11-09 22:01:43,379 #2 Z prev 0.337437 next 0.824900 clip False
2022-11-09 22:01:44,138 cLUT input curve segments: 33
2022-11-09 22:01:44,144 #1 X prev 0.000463 next 0.002136 clip False
2022-11-09 22:01:44,150 #2 X prev 0.002136 next 0.005221 clip False
2022-11-09 22:01:44,154 #3 X prev 0.005221 next 0.009845 clip False
2022-11-09 22:01:44,158 #4 X prev 0.009845 next 0.016102 clip False
2022-11-09 22:01:44,162 #5 X prev 0.016102 next 0.024068 clip False
2022-11-09 22:01:44,166 #6 X prev 0.024068 next 0.033809 clip False
2022-11-09 22:01:44,170 #7 X prev 0.033809 next 0.045381 clip False
2022-11-09 22:01:44,175 #8 X prev 0.045381 next 0.058836 clip False
2022-11-09 22:01:44,179 #9 X prev 0.058836 next 0.074220 clip False
2022-11-09 22:01:44,182 #10 X prev 0.074220 next 0.091575 clip False
2022-11-09 22:01:44,186 #11 X prev 0.091575 next 0.110939 clip False
2022-11-09 22:01:44,190 #12 X prev 0.110939 next 0.132349 clip False
2022-11-09 22:01:44,194 #13 X prev 0.132349 next 0.155838 clip False
2022-11-09 22:01:44,200 #14 X prev 0.155838 next 0.181438 clip False
2022-11-09 22:01:44,204 #15 X prev 0.181438 next 0.209180 clip False
2022-11-09 22:01:44,210 #16 X prev 0.209180 next 0.239092 clip False
2022-11-09 22:01:44,215 #17 X prev 0.239092 next 0.271201 clip False
2022-11-09 22:01:44,219 #18 X prev 0.271201 next 0.305532 clip False
2022-11-09 22:01:44,223 #19 X prev 0.305532 next 0.342111 clip False
2022-11-09 22:01:44,227 #20 X prev 0.342111 next 0.380961 clip False
2022-11-09 22:01:44,231 #21 X prev 0.380961 next 0.422106 clip False
2022-11-09 22:01:44,236 #22 X prev 0.422106 next 0.465566 clip False
2022-11-09 22:01:44,240 #23 X prev 0.465566 next 0.511363 clip False
2022-11-09 22:01:44,244 #24 X prev 0.511363 next 0.559518 clip False
2022-11-09 22:01:44,248 #25 X prev 0.559518 next 0.610050 clip False
2022-11-09 22:01:44,252 #26 X prev 0.610050 next 0.662978 clip False
2022-11-09 22:01:44,257 #27 X prev 0.662978 next 0.718322 clip False
2022-11-09 22:01:44,261 #28 X prev 0.718322 next 0.776098 clip False
2022-11-09 22:01:44,266 #29 X prev 0.776098 next 0.836326 clip False
2022-11-09 22:01:44,270 #30 X prev 0.836326 next 0.899021 clip False
2022-11-09 22:01:44,274 #31 X prev 0.899021 next 0.964200 clip False
2022-11-09 22:01:44,315 #1 Y prev 0.000481 next 0.002215 clip False
2022-11-09 22:01:44,320 #2 Y prev 0.002215 next 0.005415 clip False
2022-11-09 22:01:44,323 #3 Y prev 0.005415 next 0.010211 clip False
2022-11-09 22:01:44,328 #4 Y prev 0.010211 next 0.016700 clip False
2022-11-09 22:01:44,332 #5 Y prev 0.016700 next 0.024961 clip False
2022-11-09 22:01:44,337 #6 Y prev 0.024961 next 0.035064 clip False
2022-11-09 22:01:44,342 #7 Y prev 0.035064 next 0.047066 clip False
2022-11-09 22:01:44,346 #8 Y prev 0.047066 next 0.061021 clip False
2022-11-09 22:01:44,350 #9 Y prev 0.061021 next 0.076976 clip False
2022-11-09 22:01:44,354 #10 Y prev 0.076976 next 0.094975 clip False
2022-11-09 22:01:44,360 #11 Y prev 0.094975 next 0.115058 clip False
2022-11-09 22:01:44,364 #12 Y prev 0.115058 next 0.137262 clip False
2022-11-09 22:01:44,368 #13 Y prev 0.137262 next 0.161624 clip False
2022-11-09 22:01:44,372 #14 Y prev 0.161624 next 0.188175 clip False
2022-11-09 22:01:44,376 #15 Y prev 0.188175 next 0.216947 clip False
2022-11-09 22:01:44,380 #16 Y prev 0.216947 next 0.247970 clip False
2022-11-09 22:01:44,385 #17 Y prev 0.247970 next 0.281270 clip False
2022-11-09 22:01:44,389 #18 Y prev 0.281270 next 0.316877 clip False
2022-11-09 22:01:44,393 #19 Y prev 0.316877 next 0.354814 clip False
2022-11-09 22:01:44,397 #20 Y prev 0.354814 next 0.395106 clip False
2022-11-09 22:01:44,403 #21 Y prev 0.395106 next 0.437778 clip False
2022-11-09 22:01:44,408 #22 Y prev 0.437778 next 0.482852 clip False
2022-11-09 22:01:44,412 #23 Y prev 0.482852 next 0.530349 clip False
2022-11-09 22:01:44,416 #24 Y prev 0.530349 next 0.580292 clip False
2022-11-09 22:01:44,420 #25 Y prev 0.580292 next 0.632700 clip False
2022-11-09 22:01:44,425 #26 Y prev 0.632700 next 0.687594 clip False
2022-11-09 22:01:44,429 #27 Y prev 0.687594 next 0.744992 clip False
2022-11-09 22:01:44,435 #28 Y prev 0.744992 next 0.804914 clip False
2022-11-09 22:01:44,439 #29 Y prev 0.804914 next 0.867378 clip False
2022-11-09 22:01:44,443 #30 Y prev 0.867378 next 0.932401 clip False
2022-11-09 22:01:44,447 #31 Y prev 0.932401 next 1.000000 clip False
2022-11-09 22:01:44,490 #1 Z prev 0.000396 next 0.001827 clip False
2022-11-09 22:01:44,494 #2 Z prev 0.001827 next 0.004467 clip False
2022-11-09 22:01:44,498 #3 Z prev 0.004467 next 0.008423 clip False
2022-11-09 22:01:44,503 #4 Z prev 0.008423 next 0.013776 clip False
2022-11-09 22:01:44,508 #5 Z prev 0.013776 next 0.020591 clip False
2022-11-09 22:01:44,514 #6 Z prev 0.020591 next 0.028924 clip False
2022-11-09 22:01:44,518 #7 Z prev 0.028924 next 0.038825 clip False
2022-11-09 22:01:44,522 #8 Z prev 0.038825 next 0.050336 clip False
2022-11-09 22:01:44,526 #9 Z prev 0.050336 next 0.063497 clip False
2022-11-09 22:01:44,530 #10 Z prev 0.063497 next 0.078345 clip False
2022-11-09 22:01:44,534 #11 Z prev 0.078345 next 0.094911 clip False
2022-11-09 22:01:44,539 #12 Z prev 0.094911 next 0.113228 clip False
2022-11-09 22:01:44,543 #13 Z prev 0.113228 next 0.133324 clip False
2022-11-09 22:01:44,548 #14 Z prev 0.133324 next 0.155226 clip False
2022-11-09 22:01:44,552 #15 Z prev 0.155226 next 0.178960 clip False
2022-11-09 22:01:44,556 #16 Z prev 0.178960 next 0.204550 clip False
2022-11-09 22:01:44,560 #17 Z prev 0.204550 next 0.232020 clip False
2022-11-09 22:01:44,564 #18 Z prev 0.232020 next 0.261391 clip False
2022-11-09 22:01:44,568 #19 Z prev 0.261391 next 0.292686 clip False
2022-11-09 22:01:44,572 #20 Z prev 0.292686 next 0.325923 clip False
2022-11-09 22:01:44,576 #21 Z prev 0.325923 next 0.361123 clip False
2022-11-09 22:01:44,582 #22 Z prev 0.361123 next 0.398304 clip False
2022-11-09 22:01:44,587 #23 Z prev 0.398304 next 0.437485 clip False
2022-11-09 22:01:44,592 #24 Z prev 0.437485 next 0.478683 clip False
2022-11-09 22:01:44,596 #25 Z prev 0.478683 next 0.521914 clip False
2022-11-09 22:01:44,601 #26 Z prev 0.521914 next 0.567196 clip False
2022-11-09 22:01:44,605 #27 Z prev 0.567196 next 0.614544 clip False
2022-11-09 22:01:44,610 #28 Z prev 0.614544 next 0.663974 clip False
2022-11-09 22:01:44,614 #29 Z prev 0.663974 next 0.715500 clip False
2022-11-09 22:01:44,618 #30 Z prev 0.715500 next 0.769137 clip False
2022-11-09 22:01:44,622 #31 Z prev 0.769137 next 0.824900 clip False
2022-11-09 22:01:44,767 Final interpolated cLUT resolution 33x33x33
2022-11-09 22:01:44,776 --------------------------------------------------------------------------------
2022-11-09 22:01:44,776 Creating matrix from primaries
2022-11-09 22:01:44,777 Using chromatic adaptation transform matrix: Bradford
2022-11-09 22:01:44,871 Generating A2B1 by copying A2B0
2022-11-09 22:01:44,895 Making distinct A2B0
2022-11-09 22:01:44,921 Applying black point compensation to A2B0: L*a*b* 0.000000 0.000000 0.000000
2022-11-09 22:01:46,866 --------------------------------------------------------------------------------
2022-11-09 22:01:46,867 Generating B2A1 table by inverting A2B1 table
2022-11-09 22:01:46,867 
2022-11-09 22:01:46,867 Using chromatic adaptation transform matrix: Bradford
2022-11-09 22:01:46,891 Black XYZ: 0.0009 0.0009 0.0007
2022-11-09 22:01:46,892 White XYZ: 0.9642 1.0000 0.8249
2022-11-09 22:01:46,892 R XYZ: 0.5953 0.2647 0.0038
2022-11-09 22:01:46,892 G XYZ: 0.2248 0.6781 0.0561
2022-11-09 22:01:46,892 B XYZ: 0.1457 0.0576 0.7659
2022-11-09 22:01:46,893 Generating input curve PCS values...
2022-11-09 22:01:47,062 Looking up input curve RGB values...
2022-11-09 22:01:47,064 Setting up matrix
2022-11-09 22:01:47,064 Increasing saturation of actual primaries for PCS candidate to 103%...
2022-11-09 22:01:47,065 R xy 0.689123 0.306461 -> 0.699425 0.304899
2022-11-09 22:01:47,065 G xy 0.234382 0.707157 -> 0.231043 0.717616
2022-11-09 22:01:47,065 B xy 0.150293 0.059481 -> 0.144430 0.050509
2022-11-09 22:01:47,066 Checking for suitable PCS candidate...
2022-11-09 22:01:47,066 PCS candidate based on actual primaries fit: 1.01 (area: 94.26%)
2022-11-09 22:01:47,067 Using primaries: PCS candidate based on actual primaries
2022-11-09 22:01:47,067 Using R XYZ: 0.6028 0.2628 -0.0037
2022-11-09 22:01:47,068 Using G XYZ: 0.2216 0.6883 0.0492
2022-11-09 22:01:47,068 Using B XYZ: 0.1398 0.0489 0.7794
2022-11-09 22:01:47,068 R+G+B XYZ: 0.9642 1.0000 0.8249
2022-11-09 22:01:47,069 Correction factors: 1.0000 1.0000 1.0000
2022-11-09 22:01:47,069 Matrix 1:
2022-11-09 22:01:47,069 [1.9165778106829865, -0.59513078775862, -0.3065020454623773]
2022-11-09 22:01:47,069 [-0.7355630121980488, 1.6877204364738292, 0.026075184734549464]
2022-11-09 22:01:47,070 [0.05564277700764488, -0.10948878322167001, 1.2799588042561514]
2022-11-09 22:01:47,070 Matrix 2:
2022-11-09 22:01:47,070 [1.9165614396944815, -0.5951257042815856, -0.3064994273889367]
2022-11-09 22:01:47,071 [-0.735564759548903, 1.687724445701723, 0.026075246676892365]
2022-11-09 22:01:47,071 [0.05564347033322064, -0.10949014748452224, 1.279974752924112]
2022-11-09 22:01:47,071 Matrix 3:
2022-11-09 22:01:47,071 [1.999969482421875, 0, 0]
2022-11-09 22:01:47,072 [0, 1.999969482421875, 0]
2022-11-09 22:01:47,072 [0, 0, 1.999969482421875]
2022-11-09 22:01:47,072 Final matrix:
2022-11-09 22:01:47,072 [3.8330643905754958, -1.1902332467679966, -0.6129895011576528]
2022-11-09 22:01:47,073 [-1.4711070714427905, 3.375397386140821, 0.05214969760040714]
2022-11-09 22:01:47,073 [0.11128524256248824, -0.2189769535949147, 2.5599104441187035]
2022-11-09 22:01:47,073 Applying matrix to input curve XYZ values...
2022-11-09 22:01:47,085 Generating input curves...
2022-11-09 22:01:51,046 100%
2022-11-09 22:01:51,046 Generating A2B1 table lookup input values...
2022-11-09 22:01:51,046 cLUT grid res: 33
2022-11-09 22:01:51,047 Looking up input values through A2B1 table (9 workers)...
2022-11-09 22:01:51,047 Using CAM Jab for clipping
2022-11-09 22:02:02,862 100%
2022-11-09 22:02:02,862 Input black XYZ: 0.000854 0.000885 0.000732
2022-11-09 22:02:02,862 Input white XYZ: 0.964203 1.000000 0.824890
2022-11-09 22:02:02,896 Output black RGB: 0.0000 0.0000 0.0000
2022-11-09 22:02:02,897 Output white RGB: 100.0000 100.0000 100.0000
2022-11-09 22:02:02,911 Filling cLUT...
2022-11-09 22:02:03,032 100%
2022-11-09 22:02:03,138 Generating output curves...
2022-11-09 22:02:03,332 Setting curve entry #0 (0.000000 0.000000 0.000000) to black because it got clipped
2022-11-09 22:02:03,332 Setting curve entry #1 (0.000000 0.000000 0.000000) to black because it got clipped
2022-11-09 22:02:03,333 Setting curve entry #4095 (1.000000 1.000000 1.000000) to white because it got clipped
2022-11-09 22:02:03,382 Smoothing B2A1...
2022-11-09 22:02:05,686 Generating B2A0 table by inverting A2B0 table
2022-11-09 22:02:05,686 
2022-11-09 22:02:05,687 Using chromatic adaptation transform matrix: Bradford
2022-11-09 22:02:05,711 Black XYZ: 0.0000 0.0000 0.0000
2022-11-09 22:02:05,711 White XYZ: 0.9642 1.0000 0.8249
2022-11-09 22:02:05,712 R XYZ: 0.5943 0.2643 0.0038
2022-11-09 22:02:05,712 G XYZ: 0.2244 0.6769 0.0560
2022-11-09 22:02:05,712 B XYZ: 0.1454 0.0576 0.7645
2022-11-09 22:02:05,713 Generating input curve PCS values...
2022-11-09 22:02:05,787 Looking up input curve RGB values...
2022-11-09 22:02:05,813 R+G+B XYZ: 0.9659 1.0018 0.8264
2022-11-09 22:02:05,814 Correction factors: 0.9982 0.9982 0.9982
2022-11-09 22:02:05,814 Matrix 1:
2022-11-09 22:02:05,814 [1.9171656453186237, -0.5965221559873746, -0.3076547541600186]
2022-11-09 22:02:05,815 [-0.737309791230861, 1.688350128816708, 0.02521451253552867]
2022-11-09 22:02:05,815 [0.054599286103794414, -0.11045642615875592, 1.280224715362352]
2022-11-09 22:02:05,815 Matrix 2:
2022-11-09 22:02:05,816 [1.9205590668541503, -0.5975780121339154, -0.3081993092279769]
2022-11-09 22:02:05,816 [-0.7386148443075358, 1.6913385423117169, 0.02525914272700683]
2022-11-09 22:02:05,816 [0.05469592793218386, -0.11065193624218544, 1.2824907387130378]
2022-11-09 22:02:05,817 Matrix 3:
2022-11-09 22:02:05,817 [1.999969482421875, 0, 0]
2022-11-09 22:02:05,817 [0, 1.999969482421875, 0]
2022-11-09 22:02:05,817 [0, 0, 1.999969482421875]
2022-11-09 22:02:05,817 Final matrix:
2022-11-09 22:02:05,818 [3.841059522896934, -1.1951377876341596, -0.6163892129594564]
2022-11-09 22:02:05,818 [-1.477207147878856, 3.382625469067333, 0.05051751460615212]
2022-11-09 22:02:05,818 [0.10939018667711393, -0.22130049565526194, 2.5649423389147623]
2022-11-09 22:02:05,819 Applying matrix to input curve XYZ values...
2022-11-09 22:02:05,830 Generating input curves...
2022-11-09 22:02:09,733 100%
2022-11-09 22:02:09,737 --------------------------------------------------------------------------------
2022-11-09 22:02:09,737 Creating shaper tags in separate step
2022-11-09 22:02:09,738 Using chromatic adaptation transform matrix: Bradford
2022-11-09 22:02:09,753 Extracting neutrals from /tmp/DisplayCAL-GlwEAu/DisplayPort-0 #1 2022.ti3
2022-11-09 22:02:09,767 NUMBER_OF_FIELDS 7
2022-11-09 22:02:09,767 BEGIN_DATA_FORMAT
2022-11-09 22:02:09,767 SAMPLE_ID RGB_R RGB_G RGB_B XYZ_X XYZ_Y XYZ_Z
2022-11-09 22:02:09,767 END_DATA_FORMAT
2022-11-09 22:02:09,767 
2022-11-09 22:02:09,767 NUMBER_OF_SETS 52
2022-11-09 22:02:09,767 BEGIN_DATA
2022-11-09 22:02:09,767 1 0.0000000 0.0000000 0.0000000 0.0835634 0.0880829 0.0959275
2022-11-09 22:02:09,767 2 1.9608000 1.9608000 1.9608000 0.0945460 0.0996435 0.1081236
2022-11-09 22:02:09,767 3 3.9216000 3.9216000 3.9216000 0.1445213 0.1525939 0.1728687
2022-11-09 22:02:09,767 4 5.8824000 5.8824000 5.8824000 0.2469188 0.2620129 0.3083471
2022-11-09 22:02:09,768 5 7.8431000 7.8431000 7.8431000 0.4135903 0.4397689 0.4946607
2022-11-09 22:02:09,768 6 9.8039000 9.8039000 9.8039000 0.6338540 0.6732809 0.7523630
2022-11-09 22:02:09,768 7 11.765000 11.765000 11.765000 0.9219585 0.9738539 1.0810154
2022-11-09 22:02:09,768 8 13.726000 13.726000 13.726000 1.2515777 1.3292609 1.4453290
2022-11-09 22:02:09,768 9 15.686000 15.686000 15.686000 1.6416234 1.7356009 1.9069318
2022-11-09 22:02:09,768 10 17.647000 17.647000 17.647000 2.0870317 2.2192009 2.4315067
2022-11-09 22:02:09,768 11 19.608000 19.608000 19.608000 2.6201111 2.7713709 3.0279587
2022-11-09 22:02:09,768 12 21.569000 21.569000 21.569000 3.2175309 3.3991609 3.7029003
2022-11-09 22:02:09,768 13 23.529000 23.529000 23.529000 3.8593808 4.0764308 4.4441774
2022-11-09 22:02:09,768 14 25.490000 25.490000 25.490000 4.5935708 4.8421608 5.2723698
2022-11-09 22:02:09,768 15 27.451000 27.451000 27.451000 5.3796408 5.6913608 6.1504806
2022-11-09 22:02:09,768 16 29.412000 29.412000 29.412000 6.2912808 6.6518808 7.1991208
2022-11-09 22:02:09,768 17 31.373000 31.373000 31.373000 7.2790708 7.6940708 8.3425009
2022-11-09 22:02:09,768 18 33.333000 33.333000 33.333000 8.3908008 8.8509208 9.5655409
2022-11-09 22:02:09,768 19 35.294000 35.294000 35.294000 9.6058508 10.138601 11.015201
2022-11-09 22:02:09,768 20 37.255000 37.255000 37.255000 10.904701 11.477901 12.460801
2022-11-09 22:02:09,768 21 39.216000 39.216000 39.216000 12.169501 12.838901 13.911001
2022-11-09 22:02:09,768 22 41.176000 41.176000 41.176000 13.500001 14.260701 15.528501
2022-11-09 22:02:09,768 23 43.137000 43.137000 43.137000 14.941401 15.774601 17.200601
2022-11-09 22:02:09,768 24 45.098000 45.098000 45.098000 16.479601 17.377201 18.841901
2022-11-09 22:02:09,768 25 47.059000 47.059000 47.059000 18.002101 19.013001 20.621201
2022-11-09 22:02:09,768 26 49.020000 49.020000 49.020000 19.650901 20.738501 22.508501
2022-11-09 22:02:09,768 27 50.980000 50.980000 50.980000 21.500801 22.675201 24.582101
2022-11-09 22:02:09,768 28 52.941000 52.941000 52.941000 23.314101 24.644501 26.694601
2022-11-09 22:02:09,768 29 54.902000 54.902000 54.902000 25.348901 26.732301 29.015601
2022-11-09 22:02:09,768 30 56.863000 56.863000 56.863000 27.388901 28.913801 31.435001
2022-11-09 22:02:09,768 31 58.824000 58.824000 58.824000 29.540701 31.184301 33.894501
2022-11-09 22:02:09,768 32 60.784000 60.784000 60.784000 31.766501 33.483101 36.353901
2022-11-09 22:02:09,768 33 62.745000 62.745000 62.745000 34.071001 35.937501 39.120301
2022-11-09 22:02:09,769 34 64.706000 64.706000 64.706000 36.372601 38.451501 41.734701
2022-11-09 22:02:09,769 35 66.667000 66.667000 66.667000 38.960800 41.052301 44.654001
2022-11-09 22:02:09,769 36 68.627000 68.627000 68.627000 41.563000 43.806700 47.575001
2022-11-09 22:02:09,769 37 70.588000 70.588000 70.588000 44.165300 46.561000 50.496101
2022-11-09 22:02:09,769 38 72.549000 72.549000 72.549000 46.829200 49.377000 53.570400
2022-11-09 22:02:09,769 39 74.510000 74.510000 74.510000 49.658100 52.343500 56.798300
2022-11-09 22:02:09,769 40 76.471000 76.471000 76.471000 52.561100 55.338200 60.026100
2022-11-09 22:02:09,769 41 78.431000 78.431000 78.431000 55.498100 58.520900 63.561600
2022-11-09 22:02:09,769 42 80.392000 80.392000 80.392000 58.615400 61.761100 67.249500
2022-11-09 22:02:09,769 43 82.353000 82.353000 82.353000 61.820800 65.183100 70.939100
2022-11-09 22:02:09,769 44 84.314000 84.314000 84.314000 65.194200 68.696000 74.934400
2022-11-09 22:02:09,769 45 86.275000 86.275000 86.275000 68.552300 72.301900 78.931000
2022-11-09 22:02:09,769 46 88.235000 88.235000 88.235000 72.223500 76.114700 83.080900
2022-11-09 22:02:09,769 47 90.196000 90.196000 90.196000 75.684900 79.809500 87.077900
2022-11-09 22:02:09,769 48 92.157000 92.157000 92.157000 79.385400 83.682900 91.228400
2022-11-09 22:02:09,769 49 94.118000 94.118000 94.118000 83.044200 87.529200 95.531600
2022-11-09 22:02:09,769 50 96.078000 96.078000 96.078000 86.865100 91.585400 99.836400
2022-11-09 22:02:09,769 51 98.039000 98.039000 98.039000 90.792200 95.671000 104.29400
2022-11-09 22:02:09,769 52 100.00000 100.00000 100.00000 94.869100 100.00000 108.90600
2022-11-09 22:02:09,769 END_DATA
2022-11-09 22:02:09,770 --------------------------------------------------------------------------------
2022-11-09 22:02:10,200 Black relative luminance = 0.000881
2022-11-09 22:02:10,200 Black output offset = 1.00
2022-11-09 22:02:10,201 Calibration gamma = 2.20 relative
2022-11-09 22:02:10,201 Calibration overall transfer function ≈ Gamma 2.20 100% (Δ 0.00%)
2022-11-09 22:02:10,201 Calibration effective gamma = 2.20
2022-11-09 22:02:10,251 Transfer function R ≈ Gamma 2.20 100% (Δ 0.58%)
2022-11-09 22:02:10,251 Effective gamma = 2.20
2022-11-09 22:02:10,252 Got good match (+-2%)
2022-11-09 22:02:10,252 Using calibration transfer function
2022-11-09 22:02:10,302 Transfer function G ≈ Gamma 2.20 100% (Δ 0.58%)
2022-11-09 22:02:10,302 Effective gamma = 2.20
2022-11-09 22:02:10,302 Got good match (+-2%)
2022-11-09 22:02:10,303 Using calibration transfer function
2022-11-09 22:02:10,353 Transfer function B ≈ Gamma 2.20 100% (Δ 0.58%)
2022-11-09 22:02:10,354 Effective gamma = 2.20
2022-11-09 22:02:10,354 Got good match (+-2%)
2022-11-09 22:02:10,354 Using calibration transfer function
2022-11-09 22:02:10,354 Using transfer function for R: Gamma 2.20
2022-11-09 22:02:10,354 Effective gamma = 2.20
2022-11-09 22:02:10,354 Using transfer function for G: Gamma 2.20
2022-11-09 22:02:10,355 Effective gamma = 2.20
2022-11-09 22:02:10,355 Using transfer function for B: Gamma 2.20
2022-11-09 22:02:10,355 Effective gamma = 2.20
2022-11-09 22:02:10,356 Adding rTRC from interpolation to DisplayPort-0 #1 2022
2022-11-09 22:02:10,356 Adding gTRC from interpolation to DisplayPort-0 #1 2022
2022-11-09 22:02:10,356 Adding bTRC from interpolation to DisplayPort-0 #1 2022
2022-11-09 22:02:10,725 --------------------------------------------------------------------------------
2022-11-09 22:02:10,725 Working directory:
2022-11-09 22:02:10,725   /
2022-11-09 22:02:10,726    tmp/
2022-11-09 22:02:10,726     DisplayCAL-GlwEAu/
2022-11-09 22:02:10,726 
2022-11-09 22:02:10,726 Command line:
2022-11-09 22:02:10,726   /usr/bin/argyll-profcheck
2022-11-09 22:02:10,727     'DisplayPort-0 #1 2022.ti3'
2022-11-09 22:02:10,727     'DisplayPort-0 #1 2022.icc'
2022-11-09 22:02:10,727 
2022-11-09 22:02:10,736 Profile check complete, errors: max. = 0.985445, avg. = 0.149886, RMS = 0.249234
2022-11-09 22:02:10,736 argyll-profcheck exitcode: 0
2022-11-09 22:02:10,736 --------------------------------------------------------------------------------
2022-11-09 22:02:10,736 Generating gamut views...
2022-11-09 22:02:11,487 --------------------------------------------------------------------------------
2022-11-09 22:02:11,488 Working directory:
2022-11-09 22:02:11,488   /
2022-11-09 22:02:11,488    tmp/
2022-11-09 22:02:11,488     DisplayCAL-GlwEAu/
2022-11-09 22:02:11,489 
2022-11-09 22:02:11,489 Command line:
2022-11-09 22:02:11,489   /usr/bin/argyll-iccgamut
2022-11-09 22:02:11,489     -v
2022-11-09 22:02:11,489     -w
2022-11-09 22:02:11,489     -ir
2022-11-09 22:02:11,490     -ff
2022-11-09 22:02:11,490     -on
2022-11-09 22:02:11,490     -d10.00
2022-11-09 22:02:11,490     'DisplayPort-0 #1 2022.icc'
2022-11-09 22:02:11,490 
2022-11-09 22:02:11,976 Header:
2022-11-09 22:02:11,976   size         = 941932 bytes
2022-11-09 22:02:11,976   CMM          = 'argl'
2022-11-09 22:02:11,976   Version      = 2.2.0
2022-11-09 22:02:11,976   Device Class = Display
2022-11-09 22:02:11,976   Color Space  = RGB
2022-11-09 22:02:11,976   Conn. Space  = XYZ
2022-11-09 22:02:11,976   Date, Time   = 9 Nov 2022, 22:01:39
2022-11-09 22:02:11,976   Platform     = *nix
2022-11-09 22:02:11,976   Flags        = Not Embedded Profile, Use anywhere
2022-11-09 22:02:11,976   Dev. Mnfctr. = 0x0
2022-11-09 22:02:11,976   Dev. Model   = 0x0
2022-11-09 22:02:11,976   Dev. Attrbts = Reflective, Glossy, Positive, Color
2022-11-09 22:02:11,976   Rndrng Intnt = Perceptual
2022-11-09 22:02:11,977   Illuminant   = 0.96420288, 1.00000000, 0.82490540    [Lab 100.000000, 0.000000, 0.000000]
2022-11-09 22:02:11,977   Creator      = 'DCAL'
2022-11-09 22:02:11,977 
2022-11-09 22:02:11,977 Total volume of gamut is 1386540.786401 cubic colorspace units
2022-11-09 22:02:11,977 argyll-iccgamut exitcode: 0
2022-11-09 22:02:12,872 --------------------------------------------------------------------------------
2022-11-09 22:02:12,872 Command line:
2022-11-09 22:02:12,872   /usr/bin/argyll-viewgam
2022-11-09 22:02:12,873     -cw
2022-11-09 22:02:12,873     -t0
2022-11-09 22:02:12,873     -w
2022-11-09 22:02:12,873     /usr/share/DisplayCAL/ref/sRGB.gam
2022-11-09 22:02:12,873     -cn
2022-11-09 22:02:12,874     -t.3
2022-11-09 22:02:12,874     -s
2022-11-09 22:02:12,874     'DisplayPort-0 #1 2022.gam'
2022-11-09 22:02:12,874     -i
2022-11-09 22:02:12,874     'DisplayPort-0 #1 2022 vs sRGB.wrl'
2022-11-09 22:02:12,874 
2022-11-09 22:02:12,875 Intersecting volume = 833242.2 cubic units
2022-11-09 22:02:12,875 '/usr/share/DisplayCAL/ref/sRGB.gam' volume = 833675.1 cubic units, intersect = 99.95%
2022-11-09 22:02:12,875 'DisplayPort-0 #1 2022.gam' volume = 1386540.9 cubic units, intersect = 60.10%
2022-11-09 22:02:13,257 --------------------------------------------------------------------------------
2022-11-09 22:02:13,258 Command line:
2022-11-09 22:02:13,258   /usr/bin/argyll-viewgam
2022-11-09 22:02:13,258     -cw
2022-11-09 22:02:13,258     -t0
2022-11-09 22:02:13,258     -w
2022-11-09 22:02:13,259     /usr/share/DisplayCAL/ref/ClayRGB1998.gam
2022-11-09 22:02:13,259     -cn
2022-11-09 22:02:13,259     -t.3
2022-11-09 22:02:13,259     -s
2022-11-09 22:02:13,259     'DisplayPort-0 #1 2022.gam'
2022-11-09 22:02:13,259     -i
2022-11-09 22:02:13,260     'DisplayPort-0 #1 2022 vs ClayRGB1998.wrl'
2022-11-09 22:02:13,260 
2022-11-09 22:02:13,260 Intersecting volume = 1203749.9 cubic units
2022-11-09 22:02:13,260 '/usr/share/DisplayCAL/ref/ClayRGB1998.gam' volume = 1209985.9 cubic units, intersect = 99.48%
2022-11-09 22:02:13,260 'DisplayPort-0 #1 2022.gam' volume = 1386540.9 cubic units, intersect = 86.82%
2022-11-09 22:02:13,260 --------------------------------------------------------------------------------
2022-11-09 22:02:13,261 Command line:
2022-11-09 22:02:13,261   /usr/bin/argyll-viewgam
2022-11-09 22:02:13,261     -cw
2022-11-09 22:02:13,261     -t0
2022-11-09 22:02:13,261     -w
2022-11-09 22:02:13,261     /usr/share/DisplayCAL/ref/SMPTE431_P3.gam
2022-11-09 22:02:13,262     -cn
2022-11-09 22:02:13,262     -t.3
2022-11-09 22:02:13,262     -s
2022-11-09 22:02:13,262     'DisplayPort-0 #1 2022.gam'
2022-11-09 22:02:13,262     -i
2022-11-09 22:02:13,262     'DisplayPort-0 #1 2022 vs SMPTE431_P3.wrl'
2022-11-09 22:02:13,263 
2022-11-09 22:02:13,263 Intersecting volume = 1113711.1 cubic units
2022-11-09 22:02:13,263 '/usr/share/DisplayCAL/ref/SMPTE431_P3.gam' volume = 1176953.5 cubic units, intersect = 94.63%
2022-11-09 22:02:13,263 'DisplayPort-0 #1 2022.gam' volume = 1386540.9 cubic units, intersect = 80.32%
2022-11-09 22:02:13,398 --------------------------------------------------------------------------------
