2022-11-09 22:47:19,738 --------------------------------------------------------------------------------
2022-11-09 22:47:19,738 Working directory:
2022-11-09 22:47:19,738   /
2022-11-09 22:47:19,739    tmp/
2022-11-09 22:47:19,739     DisplayCAL-JTFpwe/
2022-11-09 22:47:19,739 
2022-11-09 22:47:19,739 Command line:
2022-11-09 22:47:19,739   /usr/bin/argyll-dispcal
2022-11-09 22:47:19,739     -v2
2022-11-09 22:47:19,740     -d2
2022-11-09 22:47:19,740     -c1
2022-11-09 22:47:19,740     -yn
2022-11-09 22:47:19,740     -P0.510359116022,0.225328947368,1.24867724868
2022-11-09 22:47:19,740     -X
2022-11-09 22:47:19,741     PFS_Phosphor_Family_31Jan17.ccss
2022-11-09 22:47:19,741     -ql
2022-11-09 22:47:19,741     -t6500
2022-11-09 22:47:19,741     -b120.0
2022-11-09 22:47:19,741     -g2.2
2022-11-09 22:47:19,741     -f1.0
2022-11-09 22:47:19,742     -k0
2022-11-09 22:47:19,742     -A4.0
2022-11-09 22:47:19,742     -b
2022-11-09 22:47:19,742     DisplayPort-1080p
2022-11-09 22:47:19,742 
2022-11-09 22:47:19,746 DisplayCAL: Starting interaction with subprocess
2022-11-09 22:47:20,153 Setting up the instrument
2022-11-09 22:47:21,178 Product Name:      Colormunki Display
2022-11-09 22:47:21,178 Serial Number:     C1-22.B-02.015586.02
2022-11-09 22:47:21,178 Firmware Version:  v2.28
2022-11-09 22:47:21,178 Firmware Date:     29Jan14
2022-11-09 22:47:21,181 argyll-dispcal: Warning - new_dispwin: Expected VideoLUT depth 8 doesn't match actual 10
2022-11-09 22:47:21,393 Place instrument on test window.
2022-11-09 22:47:21,394 DisplayCAL: Detected instrument placement (screen/spot) message
2022-11-09 22:47:21,395 DisplayCAL: Waiting for send buffer
2022-11-09 22:47:22,896 DisplayCAL: Skipping place instrument on screen message...
2022-11-09 22:47:22,925 DisplayCAL: Sending buffer: ' '
2022-11-09 22:47:22,976 Hit Esc or Q to give up, any other key to continue:
2022-11-09 22:47:22,976 Display type is 'n'
2022-11-09 22:47:22,977 Target white = 6500.000000 degrees kelvin Daylight spectrum
2022-11-09 22:47:22,977 Target white brightness = 120.000000 cd/m^2
2022-11-09 22:47:22,977 Target black brightness = native brightness
2022-11-09 22:47:22,977 Black point device hack is enabled
2022-11-09 22:47:22,977 Target advertised gamma = 2.200000
2022-11-09 22:47:22,977 
2022-11-09 22:47:22,978 Display adjustment menu:
2022-11-09 22:47:22,978 Press 1 .. 7
2022-11-09 22:47:22,978 1) Black level (CRT: Offset/Brightness)
2022-11-09 22:47:22,978 2) White point (Color temperature, R,G,B, Gain/Contrast)
2022-11-09 22:47:22,978 3) White level (CRT: Gain/Contrast, LCD: Brightness/Backlight)
2022-11-09 22:47:22,978 4) Black point (R,G,B, Offset/Brightness)
2022-11-09 22:47:22,979 5) Check all
2022-11-09 22:47:22,979 6) Measure and set ambient for viewing condition adjustment
2022-11-09 22:47:22,979 7) Continue on to calibration
2022-11-09 22:47:22,979 8) Exit
2022-11-09 22:47:22,982 DisplayCAL: Waiting for send buffer
2022-11-09 22:47:26,093 DisplayCAL: Sending buffer: '2'
2022-11-09 22:47:26,145 Doing some initial measurements
2022-11-09 22:47:38,601 Red   = XYZ 74.448 31.038  0.274
2022-11-09 22:47:38,601 Green = XYZ 75.924 141.100 14.764
2022-11-09 22:47:38,601 Blue  = XYZ 39.404 15.152 200.103
2022-11-09 22:47:40,178 White = XYZ 184.298 191.218 215.984
2022-11-09 22:47:40,180 
2022-11-09 22:47:40,180 Adjust R,G & B gain to get target x,y. Press space when done.
2022-11-09 22:47:40,180    Target Br 120.00, x 0.3128 , y 0.3292
2022-11-09 22:47:44,078 DisplayCAL: Sending buffer: ' '
2022-11-09 22:47:44,297 / Current Br 191.15, x 0.3116+, y 0.3232+  DE  4.0  R-  G+  B--
2022-11-09 22:47:44,297 
2022-11-09 22:47:44,298 Press 1 .. 7
2022-11-09 22:47:44,298 1) Black level (CRT: Offset/Brightness)
2022-11-09 22:47:44,298 2) White point (Color temperature, R,G,B, Gain/Contrast)
2022-11-09 22:47:44,298 3) White level (CRT: Gain/Contrast, LCD: Brightness/Backlight)
2022-11-09 22:47:44,298 4) Black point (R,G,B, Offset/Brightness)
2022-11-09 22:47:44,299 5) Check all
2022-11-09 22:47:44,299 6) Measure and set ambient for viewing condition adjustment
2022-11-09 22:47:44,299 7) Continue on to calibration
2022-11-09 22:47:44,299 8) Exit
2022-11-09 22:47:44,301 DisplayCAL: Waiting for send buffer
2022-11-09 22:47:45,015 DisplayCAL: Sending buffer: '2'
2022-11-09 22:47:45,067 Doing some initial measurements
2022-11-09 22:47:46,358 White = XYZ 184.228 191.073 215.983
2022-11-09 22:47:46,360 
2022-11-09 22:47:46,360 Adjust R,G & B gain to get target x,y. Press space when done.
2022-11-09 22:47:46,360    Target Br 120.00, x 0.3128 , y 0.3292
2022-11-09 22:49:36,864 DisplayCAL: Sending buffer: ' '
2022-11-09 22:49:37,082 / Current Br 122.13, x 0.3127+, y 0.3293-  DE  0.1  R=  G=  B=
2022-11-09 22:49:37,083 
2022-11-09 22:49:37,083 Press 1 .. 7
2022-11-09 22:49:37,083 1) Black level (CRT: Offset/Brightness)
2022-11-09 22:49:37,083 2) White point (Color temperature, R,G,B, Gain/Contrast)
2022-11-09 22:49:37,084 3) White level (CRT: Gain/Contrast, LCD: Brightness/Backlight)
2022-11-09 22:49:37,084 4) Black point (R,G,B, Offset/Brightness)
2022-11-09 22:49:37,084 5) Check all
2022-11-09 22:49:37,084 6) Measure and set ambient for viewing condition adjustment
2022-11-09 22:49:37,084 7) Continue on to calibration
2022-11-09 22:49:37,085 8) Exit
2022-11-09 22:49:37,086 DisplayCAL: Waiting for send buffer
2022-11-09 22:49:40,147 DisplayCAL: Sending buffer: '7'
2022-11-09 22:49:40,198 Commencing display calibration
2022-11-09 22:50:17,739 Patch 9 of 9
2022-11-09 22:50:17,739 Black = XYZ 0.1589 0.1566 0.2797
2022-11-09 22:50:17,740 Red   = XYZ 42.948 21.719  0.763
2022-11-09 22:50:17,740 Green = XYZ 48.886 90.806  9.436
2022-11-09 22:50:17,740 Blue  = XYZ 24.119  9.343 122.291
2022-11-09 22:50:17,740 White = XYZ 115.927 122.057 132.607
2022-11-09 22:53:46,200 Patch 48 of 48
2022-11-09 22:53:46,262 Target white value is XYZ 114.020608 120.000000 130.503190 [xy 0.312793 0.329197]
2022-11-09 22:53:46,262 Adjusted target black XYZ 0.1589 0.1566 0.2797, Lab 1.179 0.344 -1.305
2022-11-09 22:53:46,262 Target black after min adjust: XYZ 0.1589 0.1566 0.2797, Lab 1.179 0.344 -1.305
2022-11-09 22:53:46,263 Gamma curve input offset = 0.000000, output offset = 0.001305, power = 2.206794
2022-11-09 22:53:46,263 Total Iteration 2, Final Samples = 32 Final Repeat threshold = 0.900000
2022-11-09 22:53:46,264 Creating initial calibration curves...
2022-11-09 22:53:46,368 
2022-11-09 22:53:46,369 Doing iteration 1/2 with 16 sample points and repeat threshold of 1.272792 DE
2022-11-09 22:53:47,725 Patch 1 of 16 DE 1.551826, W.DE 1.551826, Repeat
2022-11-09 22:53:49,117 Patch 1 of 16 DE 0.586224, W.DE 0.586224, OK ( < 1.272792)
2022-11-09 22:53:50,531 Patch 2 of 16 DE 2.046310, W.DE 2.046310, Repeat
2022-11-09 22:53:51,988 Patch 2 of 16 DE 0.389515, W.DE 0.389515, OK ( < 1.272792)
2022-11-09 22:53:53,398 Patch 3 of 16 DE 2.261732, W.DE 2.261732, Repeat
2022-11-09 22:53:54,848 Patch 3 of 16 DE 0.256131, W.DE 0.256131, OK ( < 1.272792)
2022-11-09 22:53:56,261 Patch 4 of 16 DE 1.784616, W.DE 1.784616, Repeat
2022-11-09 22:53:57,676 Patch 4 of 16 DE 0.409344, W.DE 0.409344, OK ( < 1.272792)
2022-11-09 22:53:59,078 Patch 5 of 16 DE 1.495117, W.DE 1.495117, Repeat
2022-11-09 22:54:00,481 Patch 5 of 16 DE 0.194100, W.DE 0.194100, OK ( < 1.272792)
2022-11-09 22:54:02,997 Patch 6 of 16 DE 1.260445, W.DE 1.260445, OK ( < 1.272792)
2022-11-09 22:54:05,554 Patch 7 of 16 DE 1.136139, W.DE 1.136139, OK ( < 1.272792)
2022-11-09 22:54:08,167 Patch 8 of 16 DE 1.167519, W.DE 1.167519, OK ( < 1.272792)
2022-11-09 22:54:10,884 Patch 9 of 16 DE 1.492452, W.DE 1.492452, Repeat
2022-11-09 22:54:13,604 Patch 9 of 16 DE 0.237564, W.DE 0.237564, OK ( < 1.272792)
2022-11-09 22:54:16,435 Patch 10 of 16 DE 0.960729, W.DE 0.960729, OK ( < 1.272792)
2022-11-09 22:54:19,459 Patch 11 of 16 DE 1.838508, W.DE 1.838508, Repeat
2022-11-09 22:54:22,463 Patch 11 of 16 DE 0.124081, W.DE 0.124081, OK ( < 1.272792)
2022-11-09 22:54:26,921 Patch 12 of 16 DE 2.787783, W.DE 2.787783, Repeat
2022-11-09 22:54:31,211 Patch 12 of 16 DE 0.221400, W.DE 0.221400, OK ( < 1.272792)
2022-11-09 22:54:36,644 Patch 13 of 16 DE 2.150976, W.DE 2.150976, Repeat
2022-11-09 22:54:41,622 Patch 13 of 16 DE 0.767492, W.DE 0.767492, OK ( < 1.272792)
2022-11-09 22:54:47,381 Patch 14 of 16 DE 0.694680, W.DE 0.694680, OK ( < 1.272792)
2022-11-09 22:54:53,191 Patch 15 of 16 DE 0.085579, W.DE 0.085579, OK ( < 1.272792)
2022-11-09 22:54:58,940 Patch 16 of 16 DE 0.016391, W.DE 16.391005, Repeat
2022-11-09 22:55:21,802 Patch 16 of 16 DE 0.016159, W.DE 16.159431, Repeat
2022-11-09 22:55:27,633 Patch 16 of 16 DE 0.014931, W.DE 14.931090, Repeat
2022-11-09 22:55:33,382 Patch 16 of 16 DE 0.011627, W.DE 11.627165, Repeat
2022-11-09 22:55:39,129 Patch 16 of 16 DE 0.013728, W.DE 13.727838, Repeat (got worse)
2022-11-09 22:55:44,865 Patch 16 of 16 DE 0.013639, W.DE 13.638899, Repeat (got worse)
2022-11-09 22:55:50,602 Patch 16 of 16 DE 0.012910, W.DE 12.910017, Repeat (got worse)
2022-11-09 22:55:56,350 Patch 16 of 16 DE 0.012707, W.DE 12.706673, Repeat (got worse)
2022-11-09 22:56:02,100 Patch 16 of 16 DE 0.012310, W.DE 12.310264, Repeat (got worse)
2022-11-09 22:56:07,852 Patch 16 of 16 DE 0.011627, W.DE 11.627165, Fail ( > 1.272792)
2022-11-09 22:56:07,852 
2022-11-09 22:56:07,852 Brightness error = 1.119140 cd/m^2 (is 121.119140, should be 120.000000)
2022-11-09 22:56:07,853 White point error = 0.461626 deltaE
2022-11-09 22:56:07,853 Maximum neutral error (@ 0.522702) = 1.260396 deltaE
2022-11-09 22:56:07,853 Average neutral error = 0.532015 deltaE
2022-11-09 22:56:07,853 Failed to meet target 1.272792 delta E, got worst case 11.627165
2022-11-09 22:56:07,853 Number of measurements taken = 37
2022-11-09 22:56:07,854 Computing update to calibration curves...
2022-11-09 22:56:07,863 
2022-11-09 22:56:07,864 Doing iteration 2/2 with 32 sample points and repeat threshold of 0.900000 DE
2022-11-09 22:56:09,435 Patch 1 of 32 DE 0.510002, W.DE 0.510002, W.peqDE 0.510002, OK ( < 0.900000)
2022-11-09 22:56:10,829 Patch 2 of 32 DE 0.649504, W.DE 0.649504, W.peqDE 0.591904, OK ( < 0.900000)
2022-11-09 22:56:12,214 Patch 3 of 32 DE 0.801802, W.DE 0.801802, peqDE 0.904507, Repeat
2022-11-09 22:56:17,875 Patch 3 of 32 DE 0.735624, W.DE 0.735624, peqDE 1.054487, Repeat
2022-11-09 22:56:19,345 Patch 3 of 32 DE 0.252600, W.DE 0.252600, W.peqDE 0.614913, OK ( < 0.900000)
2022-11-09 22:56:20,730 Patch 4 of 32 DE 0.303471, W.DE 0.303471, W.peqDE 0.336848, OK ( < 0.900000)
2022-11-09 22:56:22,112 Patch 5 of 32 DE 0.375494, W.DE 0.375494, W.peqDE 0.382139, OK ( < 0.900000)
2022-11-09 22:56:23,496 Patch 6 of 32 DE 0.520326, W.DE 0.520326, W.peqDE 0.526440, OK ( < 0.900000)
2022-11-09 22:56:24,879 Patch 7 of 32 DE 0.508075, W.DE 0.508075, W.peqDE 0.449932, OK ( < 0.900000)
2022-11-09 22:56:26,262 Patch 8 of 32 DE 0.447217, W.DE 0.447217, W.peqDE 0.363496, OK ( < 0.900000)
2022-11-09 22:56:27,645 Patch 9 of 32 DE 0.401701, W.DE 0.401701, W.peqDE 0.388146, OK ( < 0.900000)
2022-11-09 22:56:29,030 Patch 10 of 32 DE 0.705946, W.DE 0.705946, W.peqDE 0.663737, OK ( < 0.900000)
2022-11-09 22:56:31,507 Patch 11 of 32 DE 1.004151, W.DE 1.004151, peqDE 1.024800, Repeat
2022-11-09 22:56:34,009 Patch 11 of 32 DE 0.188883, W.DE 0.188883, W.peqDE 0.487912, OK ( < 0.900000)
2022-11-09 22:56:36,516 Patch 12 of 32 DE 1.259111, W.DE 1.259111, peqDE 1.164992, Repeat
2022-11-09 22:56:39,053 Patch 12 of 32 DE 0.238949, W.DE 0.238949, W.peqDE 0.396435, OK ( < 0.900000)
2022-11-09 22:56:41,588 Patch 13 of 32 DE 1.491044, W.DE 1.491044, peqDE 1.607882, Repeat
2022-11-09 22:56:44,145 Patch 13 of 32 DE 0.197348, W.DE 0.197348, W.peqDE 0.186681, OK ( < 0.900000)
2022-11-09 22:56:46,698 Patch 14 of 32 DE 1.349063, W.DE 1.349063, peqDE 1.400351, Repeat
2022-11-09 22:56:49,271 Patch 14 of 32 DE 0.403634, W.DE 0.403634, W.peqDE 0.510749, OK ( < 0.900000)
2022-11-09 22:56:51,865 Patch 15 of 32 DE 1.381759, W.DE 1.381759, peqDE 1.579131, Repeat
2022-11-09 22:56:54,462 Patch 15 of 32 DE 0.364657, W.DE 0.364657, W.peqDE 0.419025, OK ( < 0.900000)
2022-11-09 22:56:57,082 Patch 16 of 32 DE 1.318732, W.DE 1.318732, peqDE 1.386103, Repeat
2022-11-09 22:56:59,716 Patch 16 of 32 DE 0.212624, W.DE 0.212624, W.peqDE 0.194471, OK ( < 0.900000)
2022-11-09 22:57:02,365 Patch 17 of 32 DE 1.053735, W.DE 1.053735, peqDE 1.134439, Repeat
2022-11-09 22:57:05,032 Patch 17 of 32 DE 0.386230, W.DE 0.386230, W.peqDE 0.579072, OK ( < 0.900000)
2022-11-09 22:57:07,732 Patch 18 of 32 DE 1.323366, W.DE 1.323366, peqDE 1.148192, Repeat
2022-11-09 22:57:10,450 Patch 18 of 32 DE 0.099857, W.DE 0.099857, W.peqDE 0.460687, OK ( < 0.900000)
2022-11-09 22:57:13,232 Patch 19 of 32 DE 1.529533, W.DE 1.529533, peqDE 1.579402, Repeat
2022-11-09 22:57:16,009 Patch 19 of 32 DE 0.259127, W.DE 0.259127, W.peqDE 0.349788, OK ( < 0.900000)
2022-11-09 22:57:18,846 Patch 20 of 32 DE 1.667239, W.DE 1.667239, peqDE 1.642421, Repeat
2022-11-09 22:57:21,708 Patch 20 of 32 DE 0.177021, W.DE 0.177021, W.peqDE 0.210339, OK ( < 0.900000)
2022-11-09 22:57:24,626 Patch 21 of 32 DE 1.275757, W.DE 1.275757, peqDE 1.354199, Repeat
2022-11-09 22:57:27,570 Patch 21 of 32 DE 0.229238, W.DE 0.229238, W.peqDE 0.226559, OK ( < 0.900000)
2022-11-09 22:57:30,618 Patch 22 of 32 DE 1.196954, W.DE 1.196954, peqDE 1.205704, Repeat
2022-11-09 22:57:33,662 Patch 22 of 32 DE 0.139584, W.DE 0.139584, W.peqDE 0.256188, OK ( < 0.900000)
2022-11-09 22:57:37,789 Patch 23 of 32 DE 1.349946, W.DE 1.349946, peqDE 1.267979, Repeat
2022-11-09 22:57:40,972 Patch 23 of 32 DE 0.365986, W.DE 0.365986, W.peqDE 0.265336, OK ( < 0.900000)
2022-11-09 22:57:45,332 Patch 24 of 32 DE 1.613098, W.DE 1.613098, peqDE 1.510278, Repeat
2022-11-09 22:57:49,631 Patch 24 of 32 DE 0.107599, W.DE 0.107599, W.peqDE 0.313747, OK ( < 0.900000)
2022-11-09 22:57:54,321 Patch 25 of 32 DE 1.525345, W.DE 1.525345, peqDE 1.508625, Repeat
2022-11-09 22:57:58,934 Patch 25 of 32 DE 0.352644, W.DE 0.352644, W.peqDE 0.316908, OK ( < 0.900000)
2022-11-09 22:58:04,093 Patch 26 of 32 DE 1.378710, W.DE 1.378710, peqDE 1.280171, Repeat
2022-11-09 22:58:09,054 Patch 26 of 32 DE 0.503506, W.DE 0.503506, W.peqDE 0.320154, OK ( < 0.650479)
2022-11-09 22:58:14,602 Patch 27 of 32 DE 1.083701, W.DE 1.083701, peqDE 1.144416, Repeat
2022-11-09 22:58:19,994 Patch 27 of 32 DE 0.610257, W.DE 0.610257, peqDE 0.545740, Repeat
2022-11-09 22:58:25,248 Patch 27 of 32 DE 0.217648, W.DE 0.217648, W.peqDE 0.229020, OK ( < 0.393546)
2022-11-09 22:58:30,942 Patch 28 of 32 DE 0.612543, W.DE 0.612543, peqDE 0.707213, Repeat
2022-11-09 22:58:53,394 Patch 28 of 32 DE 0.502138, W.DE 0.502138, peqDE 0.588133, Repeat
2022-11-09 22:58:59,046 Patch 28 of 32 DE 0.302787, W.DE 0.302787, peqDE 0.353076, Repeat
2022-11-09 22:59:04,523 Patch 28 of 32 DE 0.101969, W.DE 0.101969, peqDE 0.303887, Repeat
2022-11-09 22:59:09,981 Patch 28 of 32 DE 0.042916, W.DE 0.056158, W.peqDE 0.215370, OK ( < 0.250000)
2022-11-09 22:59:15,798 Patch 29 of 32 DE 0.253969, W.DE 0.253969, peqDE 0.320042, Repeat
2022-11-09 22:59:38,689 Patch 29 of 32 DE 0.236768, W.DE 0.236768, peqDE 0.303818, Repeat
2022-11-09 22:59:44,443 Patch 29 of 32 DE 0.206266, W.DE 0.206266, peqDE 0.275025, Repeat
2022-11-09 22:59:50,258 Patch 29 of 32 DE 0.113374, W.DE 0.113374, W.peqDE 0.185446, OK ( < 0.250000)
2022-11-09 22:59:56,095 Patch 30 of 32 DE 0.085973, W.DE 0.085973, W.peqDE 0.095883, OK ( < 0.250000)
2022-11-09 23:00:01,922 Patch 31 of 32 DE 0.021528, W.DE 0.021528, W.peqDE 0.020241, OK ( < 0.250000)
2022-11-09 23:00:07,754 Patch 32 of 32 DE 0.015322, W.DE 0.015322, W.peqDE 0.015322, OK ( < 0.250000)
2022-11-09 23:00:07,754 
2022-11-09 23:00:07,754 Brightness error = 0.905417 cd/m^2 (is 120.905417, should be 120.000000)
2022-11-09 23:00:07,754 White point error = 0.417774 deltaE
2022-11-09 23:00:07,755 Maximum neutral error (@ 0.577694) = 0.705934 deltaE
2022-11-09 23:00:07,756 Average neutral error = 0.292974 deltaE
2022-11-09 23:00:07,756 Number of measurements taken = 68
2022-11-09 23:00:07,757 Computing update to calibration curves...
2022-11-09 23:00:07,769 The instrument can be removed from the screen.
2022-11-09 23:00:08,323 Written calibration file 'DisplayPort-1080p.cal'
2022-11-09 23:00:08,324 DisplayCAL: Reached EOF (OK)
2022-11-09 23:00:08,426 argyll-dispcal exitcode: 0
2022-11-09 23:00:08,523 --------------------------------------------------------------------------------
2022-11-09 23:00:08,524 Working directory:
2022-11-09 23:00:08,524   /
2022-11-09 23:00:08,524    tmp/
2022-11-09 23:00:08,525     DisplayCAL-JTFpwe/
2022-11-09 23:00:08,525 
2022-11-09 23:00:08,525 Command line:
2022-11-09 23:00:08,525   /usr/bin/argyll-dispread
2022-11-09 23:00:08,525     -v
2022-11-09 23:00:08,526     -d2
2022-11-09 23:00:08,526     -c1
2022-11-09 23:00:08,526     -yn
2022-11-09 23:00:08,526     -P0.510359116022,0.225328947368,1.24867724868
2022-11-09 23:00:08,526     -X
2022-11-09 23:00:08,526     PFS_Phosphor_Family_31Jan17.ccss
2022-11-09 23:00:08,527     -k
2022-11-09 23:00:08,527     DisplayPort-1080p.cal
2022-11-09 23:00:08,527     DisplayPort-1080p
2022-11-09 23:00:08,527 
2022-11-09 23:00:08,532 DisplayCAL: Starting interaction with subprocess
2022-11-09 23:00:08,939 Number of patches = 175
2022-11-09 23:00:08,940 Setting up the instrument
2022-11-09 23:00:09,964 Product Name:      Colormunki Display
2022-11-09 23:00:09,964 Serial Number:     C1-22.B-02.015586.02
2022-11-09 23:00:09,965 Firmware Version:  v2.28
2022-11-09 23:00:09,965 Firmware Date:     29Jan14
2022-11-09 23:00:09,966 argyll-dispread: Warning - new_dispwin: Expected VideoLUT depth 8 doesn't match actual 10
2022-11-09 23:00:10,175 Place instrument on test window.
2022-11-09 23:00:10,176 DisplayCAL: Detected instrument placement (screen/spot) message
2022-11-09 23:00:10,176 DisplayCAL: Waiting for send buffer
2022-11-09 23:00:11,677 DisplayCAL: Skipping place instrument on screen message...
2022-11-09 23:00:11,705 DisplayCAL: Sending buffer: ' '
2022-11-09 23:00:11,756 Hit Esc or Q to give up, any other key to continue:
2022-11-09 23:07:36,089 Patch 175 of 175
2022-11-09 23:07:36,089 The instrument can be removed from the screen.
2022-11-09 23:07:36,646 Written 'DisplayPort-1080p.ti3'
2022-11-09 23:07:36,648 DisplayCAL: Reached EOF (OK)
2022-11-09 23:07:36,749 argyll-dispread exitcode: 0
2022-11-09 23:07:36,889 Preparing ChromaticityType tag from TI3 colorants
2022-11-09 23:07:36,895 Storing settings in TI3
2022-11-09 23:07:36,938 Extracting neutrals from /tmp/DisplayCAL-JTFpwe/DisplayPort-1080p.ti3
2022-11-09 23:07:36,962 Applying 0% black point correction to TI3
2022-11-09 23:07:37,057 Extracting neutrals from /tmp/DisplayCAL-JTFpwe/DisplayPort-1080p.ti3
2022-11-09 23:07:37,084 R=G=B (>= 1% luminance) dE*00 avg 0.418331875859 peak 0.775947775713
2022-11-09 23:07:37,085 Got high quality calibration, using single device to PCS shaper curve for cLUT
2022-11-09 23:07:37,660 Black relative luminance = 0.001285
2022-11-09 23:07:37,661 Black output offset = 1.00
2022-11-09 23:07:37,661 Calibration gamma = 2.20 relative
2022-11-09 23:07:37,661 Calibration overall transfer function ≈ Gamma 2.21 100% (Δ 0.00%)
2022-11-09 23:07:37,661 Calibration effective gamma = 2.20
2022-11-09 23:07:38,064 Transfer function R ≈ Gamma 2.22 100% (Δ 3.35%)
2022-11-09 23:07:38,064 Effective gamma = 2.21
2022-11-09 23:07:38,461 Transfer function G ≈ Gamma 2.22 100% (Δ 3.35%)
2022-11-09 23:07:38,461 Effective gamma = 2.21
2022-11-09 23:07:38,860 Transfer function B ≈ Gamma 2.22 100% (Δ 3.35%)
2022-11-09 23:07:38,861 Effective gamma = 2.21
2022-11-09 23:07:38,875 Initial cLUT resolution 5x5x5
2022-11-09 23:07:38,878 cLUT input curve segments: 5
2022-11-09 23:07:38,912 #1 X prev 0.044497 next 0.207994 clip False
2022-11-09 23:07:38,945 #2 X prev 0.207994 next 0.503000 clip False
2022-11-09 23:07:38,975 #3 X prev 0.503000 next 0.964200 clip False
2022-11-09 23:07:39,074 #1 Y prev 0.046149 next 0.215716 clip False
2022-11-09 23:07:39,104 #2 Y prev 0.215716 next 0.521676 clip False
2022-11-09 23:07:39,138 #3 Y prev 0.521676 next 1.000000 clip False
2022-11-09 23:07:39,233 #1 Z prev 0.038068 next 0.177944 clip False
2022-11-09 23:07:39,265 #2 Z prev 0.177944 next 0.430331 clip False
2022-11-09 23:07:39,297 #3 Z prev 0.430331 next 0.824900 clip False
2022-11-09 23:07:39,991 cLUT input curve segments: 33
2022-11-09 23:07:39,997 #1 X prev 0.000278 next 0.002005 clip False
2022-11-09 23:07:40,002 #2 X prev 0.002005 next 0.005107 clip False
2022-11-09 23:07:40,007 #3 X prev 0.005107 next 0.009688 clip False
2022-11-09 23:07:40,012 #4 X prev 0.009688 next 0.015887 clip False
2022-11-09 23:07:40,016 #5 X prev 0.015887 next 0.023661 clip False
2022-11-09 23:07:40,020 #6 X prev 0.023661 next 0.033143 clip False
2022-11-09 23:07:40,024 #7 X prev 0.033143 next 0.044497 clip False
2022-11-09 23:07:40,028 #8 X prev 0.044497 next 0.058138 clip False
2022-11-09 23:07:40,034 #9 X prev 0.058138 next 0.073492 clip False
2022-11-09 23:07:40,039 #10 X prev 0.073492 next 0.090965 clip False
2022-11-09 23:07:40,045 #11 X prev 0.090965 next 0.110067 clip False
2022-11-09 23:07:40,050 #12 X prev 0.110067 next 0.130858 clip False
2022-11-09 23:07:40,055 #13 X prev 0.130858 next 0.154369 clip False
2022-11-09 23:07:40,059 #14 X prev 0.154369 next 0.181013 clip False
2022-11-09 23:07:40,063 #15 X prev 0.181013 next 0.207994 clip False
2022-11-09 23:07:40,068 #16 X prev 0.207994 next 0.236252 clip False
2022-11-09 23:07:40,072 #17 X prev 0.236252 next 0.266892 clip False
2022-11-09 23:07:40,076 #18 X prev 0.266892 next 0.299928 clip False
2022-11-09 23:07:40,081 #19 X prev 0.299928 next 0.335346 clip False
2022-11-09 23:07:40,085 #20 X prev 0.335346 next 0.373431 clip False
2022-11-09 23:07:40,090 #21 X prev 0.373431 next 0.414928 clip False
2022-11-09 23:07:40,096 #22 X prev 0.414928 next 0.457966 clip False
2022-11-09 23:07:40,101 #23 X prev 0.457966 next 0.503000 clip False
2022-11-09 23:07:40,105 #24 X prev 0.503000 next 0.550179 clip False
2022-11-09 23:07:40,109 #25 X prev 0.550179 next 0.600971 clip False
2022-11-09 23:07:40,113 #26 X prev 0.600971 next 0.653439 clip False
2022-11-09 23:07:40,120 #27 X prev 0.653439 next 0.711027 clip False
2022-11-09 23:07:40,125 #28 X prev 0.711027 next 0.775405 clip False
2022-11-09 23:07:40,129 #29 X prev 0.775405 next 0.827907 clip False
2022-11-09 23:07:40,134 #30 X prev 0.827907 next 0.868167 clip False
2022-11-09 23:07:40,139 #31 X prev 0.868167 next 0.964200 clip False
2022-11-09 23:07:40,182 #1 Y prev 0.000288 next 0.002079 clip False
2022-11-09 23:07:40,186 #2 Y prev 0.002079 next 0.005297 clip False
2022-11-09 23:07:40,191 #3 Y prev 0.005297 next 0.010047 clip False
2022-11-09 23:07:40,196 #4 Y prev 0.010047 next 0.016477 clip False
2022-11-09 23:07:40,200 #5 Y prev 0.016477 next 0.024540 clip False
2022-11-09 23:07:40,205 #6 Y prev 0.024540 next 0.034374 clip False
2022-11-09 23:07:40,209 #7 Y prev 0.034374 next 0.046149 clip False
2022-11-09 23:07:40,214 #8 Y prev 0.046149 next 0.060297 clip False
2022-11-09 23:07:40,218 #9 Y prev 0.060297 next 0.076221 clip False
2022-11-09 23:07:40,223 #10 Y prev 0.076221 next 0.094342 clip False
2022-11-09 23:07:40,227 #11 Y prev 0.094342 next 0.114154 clip False
2022-11-09 23:07:40,231 #12 Y prev 0.114154 next 0.135716 clip False
2022-11-09 23:07:40,237 #13 Y prev 0.135716 next 0.160101 clip False
2022-11-09 23:07:40,242 #14 Y prev 0.160101 next 0.187734 clip False
2022-11-09 23:07:40,247 #15 Y prev 0.187734 next 0.215716 clip False
2022-11-09 23:07:40,251 #16 Y prev 0.215716 next 0.245024 clip False
2022-11-09 23:07:40,255 #17 Y prev 0.245024 next 0.276802 clip False
2022-11-09 23:07:40,260 #18 Y prev 0.276802 next 0.311064 clip False
2022-11-09 23:07:40,264 #19 Y prev 0.311064 next 0.347797 clip False
2022-11-09 23:07:40,270 #20 Y prev 0.347797 next 0.387296 clip False
2022-11-09 23:07:40,275 #21 Y prev 0.387296 next 0.430333 clip False
2022-11-09 23:07:40,280 #22 Y prev 0.430333 next 0.474969 clip False
2022-11-09 23:07:40,284 #23 Y prev 0.474969 next 0.521676 clip False
2022-11-09 23:07:40,288 #24 Y prev 0.521676 next 0.570607 clip False
2022-11-09 23:07:40,292 #25 Y prev 0.570607 next 0.623284 clip False
2022-11-09 23:07:40,297 #26 Y prev 0.623284 next 0.677701 clip False
2022-11-09 23:07:40,301 #27 Y prev 0.677701 next 0.737426 clip False
2022-11-09 23:07:40,334 #28 Y prev 0.737426 next 0.804196 clip False
2022-11-09 23:07:40,339 #29 Y prev 0.804196 next 0.858647 clip False
2022-11-09 23:07:40,345 #30 Y prev 0.858647 next 0.900402 clip False
2022-11-09 23:07:40,350 #31 Y prev 0.900402 next 1.000000 clip False
2022-11-09 23:07:40,391 #1 Z prev 0.000238 next 0.001715 clip False
2022-11-09 23:07:40,396 #2 Z prev 0.001715 next 0.004370 clip False
2022-11-09 23:07:40,400 #3 Z prev 0.004370 next 0.008288 clip False
2022-11-09 23:07:40,405 #4 Z prev 0.008288 next 0.013591 clip False
2022-11-09 23:07:40,409 #5 Z prev 0.013591 next 0.020243 clip False
2022-11-09 23:07:40,414 #6 Z prev 0.020243 next 0.028355 clip False
2022-11-09 23:07:40,420 #7 Z prev 0.028355 next 0.038068 clip False
2022-11-09 23:07:40,426 #8 Z prev 0.038068 next 0.049739 clip False
2022-11-09 23:07:40,431 #9 Z prev 0.049739 next 0.062875 clip False
2022-11-09 23:07:40,435 #10 Z prev 0.062875 next 0.077823 clip False
2022-11-09 23:07:40,441 #11 Z prev 0.077823 next 0.094166 clip False
2022-11-09 23:07:40,446 #12 Z prev 0.094166 next 0.111952 clip False
2022-11-09 23:07:40,450 #13 Z prev 0.111952 next 0.132067 clip False
2022-11-09 23:07:40,454 #14 Z prev 0.132067 next 0.154862 clip False
2022-11-09 23:07:40,458 #15 Z prev 0.154862 next 0.177944 clip False
2022-11-09 23:07:40,462 #16 Z prev 0.177944 next 0.202121 clip False
2022-11-09 23:07:40,467 #17 Z prev 0.202121 next 0.228334 clip False
2022-11-09 23:07:40,471 #18 Z prev 0.228334 next 0.256596 clip False
2022-11-09 23:07:40,475 #19 Z prev 0.256596 next 0.286898 clip False
2022-11-09 23:07:40,480 #20 Z prev 0.286898 next 0.319481 clip False
2022-11-09 23:07:40,484 #21 Z prev 0.319481 next 0.354982 clip False
2022-11-09 23:07:40,490 #22 Z prev 0.354982 next 0.391802 clip False
2022-11-09 23:07:40,495 #23 Z prev 0.391802 next 0.430331 clip False
2022-11-09 23:07:40,500 #24 Z prev 0.430331 next 0.470694 clip False
2022-11-09 23:07:40,504 #25 Z prev 0.470694 next 0.514147 clip False
2022-11-09 23:07:40,510 #26 Z prev 0.514147 next 0.559035 clip False
2022-11-09 23:07:40,515 #27 Z prev 0.559035 next 0.608303 clip False
2022-11-09 23:07:40,519 #28 Z prev 0.608303 next 0.663381 clip False
2022-11-09 23:07:40,523 #29 Z prev 0.663381 next 0.708298 clip False
2022-11-09 23:07:40,528 #30 Z prev 0.708298 next 0.742741 clip False
2022-11-09 23:07:40,532 #31 Z prev 0.742741 next 0.824900 clip False
2022-11-09 23:07:40,682 Final interpolated cLUT resolution 33x33x33
2022-11-09 23:07:40,691 --------------------------------------------------------------------------------
2022-11-09 23:07:40,691 Creating matrix from primaries
2022-11-09 23:07:40,691 Using chromatic adaptation transform matrix: Bradford
2022-11-09 23:07:40,789 Generating A2B1 by copying A2B0
2022-11-09 23:07:40,809 Making distinct A2B0
2022-11-09 23:07:40,835 Applying black point compensation to A2B0: L*a*b* 0.000000 0.000000 0.000000
2022-11-09 23:07:42,212 --------------------------------------------------------------------------------
2022-11-09 23:07:42,212 Generating B2A1 table by inverting A2B1 table
2022-11-09 23:07:42,213 
2022-11-09 23:07:42,213 Using chromatic adaptation transform matrix: Bradford
2022-11-09 23:07:42,234 Black XYZ: 0.0013 0.0013 0.0011
2022-11-09 23:07:42,234 White XYZ: 0.9642 1.0000 0.8249
2022-11-09 23:07:42,234 R XYZ: 0.3726 0.1867 0.0041
2022-11-09 23:07:42,234 G XYZ: 0.4314 0.7450 0.0656
2022-11-09 23:07:42,235 B XYZ: 0.1588 0.0647 0.7538
2022-11-09 23:07:42,235 Generating input curve PCS values...
2022-11-09 23:07:42,422 Looking up input curve RGB values...
2022-11-09 23:07:42,424 Setting up matrix
2022-11-09 23:07:42,424 Increasing saturation of actual primaries for PCS candidate to 104%...
2022-11-09 23:07:42,425 R xy 0.661358 0.331329 -> 0.673985 0.330241
2022-11-09 23:07:42,425 G xy 0.347356 0.599862 -> 0.347422 0.609515
2022-11-09 23:07:42,425 B xy 0.162441 0.066232 -> 0.155110 0.054539
2022-11-09 23:07:42,426 Checking for suitable PCS candidate...
2022-11-09 23:07:42,426 Skipping PCS candidate based on actual primaries because it does not encompass Rec. 709 blue
2022-11-09 23:07:42,427 Rec709-encompassing, variant 1 fit: 0.99 (area: 79.02%)
2022-11-09 23:07:42,427 Rec709-encompassing, variant 2 fit: 1.02 (area: 81.13%)
2022-11-09 23:07:42,428 Using primaries: Rec709-encompassing, variant 2
2022-11-09 23:07:42,428 Using R XYZ: 0.4618 0.2288 0.0042
2022-11-09 23:07:42,428 Using G XYZ: 0.3674 0.7426 0.0418
2022-11-09 23:07:42,428 Using B XYZ: 0.1351 0.0286 0.7789
2022-11-09 23:07:42,429 R+G+B XYZ: 0.9642 1.0000 0.8249
2022-11-09 23:07:42,429 Correction factors: 1.0000 1.0000 1.0000
2022-11-09 23:07:42,429 Matrix 1:
2022-11-09 23:07:42,430 [2.8579970701638175, -1.3889829581034692, -0.4445360855236803]
2022-11-09 23:07:42,430 [-0.8819531420844907, 1.7781085397967789, 0.08761144357023555]
2022-11-09 23:07:42,430 [0.03179633448567711, -0.087835915813287, 1.2815830889831459]
2022-11-09 23:07:42,430 Matrix 2:
2022-11-09 23:07:42,431 [2.857961019393776, -1.3889654374748661, -0.44453047814627533]
2022-11-09 23:07:42,431 [-0.8819561441519753, 1.7781145922745993, 0.0876117417895552]
2022-11-09 23:07:42,431 [0.031796733370476664, -0.08783701771425262, 1.2815991664342683]
2022-11-09 23:07:42,432 Matrix 3:
2022-11-09 23:07:42,432 [1.999969482421875, 0, 0]
2022-11-09 23:07:42,432 [0, 1.999969482421875, 0]
2022-11-09 23:07:42,432 [0, 0, 1.999969482421875]
2022-11-09 23:07:42,433 Final matrix:
2022-11-09 23:07:42,433 [5.7158348207388645, -2.777888487088481, -0.8890473902989549]
2022-11-09 23:07:42,433 [-1.7638853731384188, 3.5561749207982136, 0.1752208098809357]
2022-11-09 23:07:42,433 [0.06359249638165858, -0.17567135485545488, 2.56315922156585]
2022-11-09 23:07:42,434 Applying matrix to input curve XYZ values...
2022-11-09 23:07:42,445 Generating input curves...
2022-11-09 23:07:46,317 100%
2022-11-09 23:07:46,318 Generating A2B1 table lookup input values...
2022-11-09 23:07:46,318 cLUT grid res: 33
2022-11-09 23:07:46,318 Looking up input values through A2B1 table (9 workers)...
2022-11-09 23:07:46,319 Using CAM Jab for clipping
2022-11-09 23:08:09,390 100%
2022-11-09 23:08:09,390 Input black XYZ: 0.001251 0.001282 0.001068
2022-11-09 23:08:09,391 Input white XYZ: 0.964203 1.000000 0.824890
2022-11-09 23:08:09,420 Output black RGB: 0.0000 0.0001 0.0022
2022-11-09 23:08:09,420 Output white RGB: 100.0000 100.0000 100.0000
2022-11-09 23:08:09,470 Filling cLUT...
2022-11-09 23:08:09,541 100%
2022-11-09 23:08:09,664 Generating output curves...
2022-11-09 23:08:09,862 Setting curve entry #0 (0.000000 0.000000 0.000000) to black because it got clipped
2022-11-09 23:08:09,863 Setting curve entry #1 (0.000000 0.000001 0.000022) to black because it got clipped
2022-11-09 23:08:09,864 Setting curve entry #4095 (1.000000 1.000000 1.000000) to white because it got clipped
2022-11-09 23:08:09,916 Smoothing B2A1...
2022-11-09 23:08:12,003 Generating B2A0 table by inverting A2B0 table
2022-11-09 23:08:12,004 
2022-11-09 23:08:12,004 Using chromatic adaptation transform matrix: Bradford
2022-11-09 23:08:12,026 Black XYZ: 0.0000 0.0000 0.0000
2022-11-09 23:08:12,026 White XYZ: 0.9642 1.0000 0.8249
2022-11-09 23:08:12,026 R XYZ: 0.3717 0.1862 0.0041
2022-11-09 23:08:12,027 G XYZ: 0.4303 0.7431 0.0654
2022-11-09 23:08:12,027 B XYZ: 0.1583 0.0646 0.7519
2022-11-09 23:08:12,027 Generating input curve PCS values...
2022-11-09 23:08:12,095 Looking up input curve RGB values...
2022-11-09 23:08:12,118 R+G+B XYZ: 0.9667 1.0026 0.8270
2022-11-09 23:08:12,118 Correction factors: 0.9974 0.9974 0.9974
2022-11-09 23:08:12,118 Matrix 1:
2022-11-09 23:08:12,119 [2.859058689840441, -1.391133725540485, -0.4462846684840232]
2022-11-09 23:08:12,119 [-0.8856582271665137, 1.7800108871047917, 0.08654049477656456]
2022-11-09 23:08:12,119 [0.029267347061449, -0.0883354571273161, 1.282060264931476]
2022-11-09 23:08:12,119 Matrix 2:
2022-11-09 23:08:12,120 [2.8663878296106717, -1.3946998690232328, -0.44742871030598846]
2022-11-09 23:08:12,120 [-0.887928594318691, 1.784573909413668, 0.08676233960411443]
2022-11-09 23:08:12,121 [0.029342373320294095, -0.08856190330495285, 1.2853468007794226]
2022-11-09 23:08:12,121 Matrix 3:
2022-11-09 23:08:12,121 [1.999969482421875, 0, 0]
2022-11-09 23:08:12,122 [0, 1.999969482421875, 0]
2022-11-09 23:08:12,122 [0, 0, 1.999969482421875]
2022-11-09 23:08:12,122 Final matrix:
2022-11-09 23:08:12,122 [5.7326881840068165, -2.789357175184252, -0.8948437661713547]
2022-11-09 23:08:12,123 [-1.7758300912071354, 3.5690933579536352, 0.17352203143175168]
2022-11-09 23:08:12,123 [0.05868385118241801, -0.1771211039151027, 2.5706543758874347]
2022-11-09 23:08:12,123 Applying matrix to input curve XYZ values...
2022-11-09 23:08:12,135 Generating input curves...
2022-11-09 23:08:16,151 100%
2022-11-09 23:08:16,155 --------------------------------------------------------------------------------
2022-11-09 23:08:16,155 Creating shaper tags in separate step
2022-11-09 23:08:16,155 Using chromatic adaptation transform matrix: Bradford
2022-11-09 23:08:16,174 Extracting neutrals from /tmp/DisplayCAL-JTFpwe/DisplayPort-1080p.ti3
2022-11-09 23:08:16,189 NUMBER_OF_FIELDS 7
2022-11-09 23:08:16,189 BEGIN_DATA_FORMAT
2022-11-09 23:08:16,189 SAMPLE_ID RGB_R RGB_G RGB_B XYZ_X XYZ_Y XYZ_Z
2022-11-09 23:08:16,189 END_DATA_FORMAT
2022-11-09 23:08:16,189 
2022-11-09 23:08:16,189 NUMBER_OF_SETS 52
2022-11-09 23:08:16,189 BEGIN_DATA
2022-11-09 23:08:16,189 1 0.000000 0.000000 0.000000 0.122372 0.128533 0.140816
2022-11-09 23:08:16,189 2 1.960800 1.960800 1.960800 0.130117 0.136357 0.150729
2022-11-09 23:08:16,189 3 3.921600 3.921600 3.921600 0.174860 0.183753 0.210790
2022-11-09 23:08:16,189 4 5.882400 5.882400 5.882400 0.296505 0.315540 0.363322
2022-11-09 23:08:16,189 5 7.843100 7.843100 7.843100 0.455695 0.483657 0.564438
2022-11-09 23:08:16,189 6 9.803900 9.803900 9.803900 0.678316 0.715117 0.836101
2022-11-09 23:08:16,189 7 11.76500 11.76500 11.76500 0.956489 1.004860 1.160904
2022-11-09 23:08:16,189 8 13.72600 13.72600 13.72600 1.295514 1.367790 1.551917
2022-11-09 23:08:16,189 9 15.68600 15.68600 15.68600 1.699798 1.787790 2.013228
2022-11-09 23:08:16,189 10 17.64700 17.64700 17.64700 2.175955 2.286380 2.567324
2022-11-09 23:08:16,189 11 19.60800 19.60800 19.60800 2.676065 2.822160 3.159711
2022-11-09 23:08:16,189 12 21.56900 21.56900 21.56900 3.302698 3.460680 3.853971
2022-11-09 23:08:16,189 13 23.52900 23.52900 23.52900 3.971089 4.155400 4.646614
2022-11-09 23:08:16,190 14 25.49000 25.49000 25.49000 4.692140 4.939600 5.450208
2022-11-09 23:08:16,190 15 27.45100 27.45100 27.45100 5.575580 5.829230 6.457339
2022-11-09 23:08:16,190 16 29.41200 29.41200 29.41200 6.492530 6.794170 7.522330
2022-11-09 23:08:16,190 17 31.37300 31.37300 31.37300 7.416380 7.802350 8.585210
2022-11-09 23:08:16,190 18 33.33300 33.33300 33.33300 8.501430 8.923700 9.772700
2022-11-09 23:08:16,190 19 35.29400 35.29400 35.29400 9.621230 10.12520 11.14170
2022-11-09 23:08:16,190 20 37.25500 37.25500 37.25500 10.78160 11.36980 12.45190
2022-11-09 23:08:16,190 21 39.21600 39.21600 39.21600 12.07030 12.69110 13.84650
2022-11-09 23:08:16,190 22 41.17600 41.17600 41.17600 13.43610 14.07470 15.47170
2022-11-09 23:08:16,190 23 43.13700 43.13700 43.13700 14.83150 15.61100 17.17020
2022-11-09 23:08:16,190 24 45.09800 45.09800 45.09800 16.43530 17.26470 19.02160
2022-11-09 23:08:16,190 25 47.05900 47.05900 47.05900 18.09230 19.09790 20.71280
2022-11-09 23:08:16,190 26 49.02000 49.02000 49.02000 19.70830 20.69270 22.75860
2022-11-09 23:08:16,190 27 50.98000 50.98000 50.98000 21.53830 22.67570 24.64540
2022-11-09 23:08:16,190 28 52.94100 52.94100 52.94100 23.19080 24.39020 26.58940
2022-11-09 23:08:16,190 29 54.90200 54.90200 54.90200 25.06600 26.37460 28.68910
2022-11-09 23:08:16,190 30 56.86300 56.86300 56.86300 26.99830 28.42010 30.92170
2022-11-09 23:08:16,190 31 58.82400 58.82400 58.82400 29.04550 30.55430 33.21220
2022-11-09 23:08:16,190 32 60.78400 60.78400 60.78400 31.17090 32.84300 35.80780
2022-11-09 23:08:16,190 33 62.74500 62.74500 62.74500 33.36980 35.15980 38.40330
2022-11-09 23:08:16,190 34 64.70600 64.70600 64.70600 35.70350 37.56590 41.15080
2022-11-09 23:08:16,190 35 66.66700 66.66700 66.66700 38.25940 40.24190 44.05210
2022-11-09 23:08:16,190 36 68.62700 68.62700 68.62700 40.77100 42.95000 46.95400
2022-11-09 23:08:16,190 37 70.58800 70.58800 70.58800 43.38820 45.68730 50.00750
2022-11-09 23:08:16,190 38 72.54900 72.54900 72.54900 46.16930 48.57400 53.21350
2022-11-09 23:08:16,190 39 74.51000 74.51000 74.51000 48.93820 51.49380 56.57190
2022-11-09 23:08:16,190 40 76.47100 76.47100 76.47100 51.71350 54.49890 59.47580
2022-11-09 23:08:16,190 41 78.43100 78.43100 78.43100 54.68770 57.59530 62.83510
2022-11-09 23:08:16,190 42 80.39200 80.39200 80.39200 57.88710 60.90240 66.49910
2022-11-09 23:08:16,191 43 82.35300 82.35300 82.35300 61.07140 64.30180 70.16440
2022-11-09 23:08:16,191 44 84.31400 84.31400 84.31400 64.30000 67.66920 73.82900
2022-11-09 23:08:16,191 45 86.27500 86.27500 86.27500 67.77080 71.34050 77.95120
2022-11-09 23:08:16,191 46 88.23500 88.23500 88.23500 71.46670 75.22270 82.37830
2022-11-09 23:08:16,191 47 90.19600 90.19600 90.19600 75.66210 79.62060 87.71940
2022-11-09 23:08:16,191 48 92.15700 92.15700 92.15700 79.60940 83.60580 91.38700
2022-11-09 23:08:16,191 49 94.11800 94.11800 94.11800 82.56670 86.60880 94.59340
2022-11-09 23:08:16,191 50 96.07800 96.07800 96.07800 85.37700 89.55570 97.80000
2022-11-09 23:08:16,191 51 98.03900 98.03900 98.03900 88.03560 92.32000 100.7020
2022-11-09 23:08:16,191 52 100.0000 100.0000 100.0000 95.20700 100.0000 109.5560
2022-11-09 23:08:16,191 END_DATA
2022-11-09 23:08:16,191 --------------------------------------------------------------------------------
2022-11-09 23:08:16,644 Black relative luminance = 0.001285
2022-11-09 23:08:16,644 Black output offset = 1.00
2022-11-09 23:08:16,644 Calibration gamma = 2.20 relative
2022-11-09 23:08:16,644 Calibration overall transfer function ≈ Gamma 2.21 100% (Δ 0.00%)
2022-11-09 23:08:16,645 Calibration effective gamma = 2.20
2022-11-09 23:08:16,699 Transfer function R ≈ Gamma 2.22 100% (Δ 3.25%)
2022-11-09 23:08:16,699 Effective gamma = 2.21
2022-11-09 23:08:16,752 Transfer function G ≈ Gamma 2.22 100% (Δ 3.25%)
2022-11-09 23:08:16,752 Effective gamma = 2.21
2022-11-09 23:08:16,805 Transfer function B ≈ Gamma 2.22 100% (Δ 3.25%)
2022-11-09 23:08:16,805 Effective gamma = 2.21
2022-11-09 23:08:16,806 Adding rTRC from interpolation to DisplayPort-1080p
2022-11-09 23:08:16,806 Adding gTRC from interpolation to DisplayPort-1080p
2022-11-09 23:08:16,807 Adding bTRC from interpolation to DisplayPort-1080p
2022-11-09 23:08:16,808 --------------------------------------------------------------------------------
2022-11-09 23:08:16,808 Applying black point compensation to rTRC
2022-11-09 23:08:16,808 Applying black point compensation to gTRC
2022-11-09 23:08:16,808 Applying black point compensation to bTRC
2022-11-09 23:08:17,212 --------------------------------------------------------------------------------
2022-11-09 23:08:17,212 Working directory:
2022-11-09 23:08:17,212   /
2022-11-09 23:08:17,213    tmp/
2022-11-09 23:08:17,213     DisplayCAL-JTFpwe/
2022-11-09 23:08:17,213 
2022-11-09 23:08:17,213 Command line:
2022-11-09 23:08:17,214   /usr/bin/argyll-profcheck
2022-11-09 23:08:17,214     DisplayPort-1080p.ti3
2022-11-09 23:08:17,214     DisplayPort-1080p.icc
2022-11-09 23:08:17,214 
2022-11-09 23:08:17,222 Profile check complete, errors: max. = 1.699140, avg. = 0.151700, RMS = 0.333146
2022-11-09 23:08:17,222 argyll-profcheck exitcode: 0
2022-11-09 23:08:17,223 --------------------------------------------------------------------------------
2022-11-09 23:08:17,223 Generating gamut views...
2022-11-09 23:08:17,974 --------------------------------------------------------------------------------
2022-11-09 23:08:17,975 Working directory:
2022-11-09 23:08:17,975   /
2022-11-09 23:08:17,975    tmp/
2022-11-09 23:08:17,975     DisplayCAL-JTFpwe/
2022-11-09 23:08:17,975 
2022-11-09 23:08:17,976 Command line:
2022-11-09 23:08:17,976   /usr/bin/argyll-iccgamut
2022-11-09 23:08:17,976     -v
2022-11-09 23:08:17,976     -w
2022-11-09 23:08:17,976     -ir
2022-11-09 23:08:17,976     -ff
2022-11-09 23:08:17,977     -on
2022-11-09 23:08:17,977     -d10.00
2022-11-09 23:08:17,977     DisplayPort-1080p.icc
2022-11-09 23:08:17,977 
2022-11-09 23:08:18,289 Header:
2022-11-09 23:08:18,289   size         = 942436 bytes
2022-11-09 23:08:18,289   CMM          = 'argl'
2022-11-09 23:08:18,289   Version      = 2.2.0
2022-11-09 23:08:18,289   Device Class = Display
2022-11-09 23:08:18,289   Color Space  = RGB
2022-11-09 23:08:18,289   Conn. Space  = XYZ
2022-11-09 23:08:18,289   Date, Time   = 9 Nov 2022, 23:07:37
2022-11-09 23:08:18,289   Platform     = *nix
2022-11-09 23:08:18,289   Flags        = Not Embedded Profile, Use anywhere
2022-11-09 23:08:18,289   Dev. Mnfctr. = 0x0
2022-11-09 23:08:18,289   Dev. Model   = 0x0
2022-11-09 23:08:18,289   Dev. Attrbts = Reflective, Glossy, Positive, Color
2022-11-09 23:08:18,289   Rndrng Intnt = Perceptual
2022-11-09 23:08:18,289   Illuminant   = 0.96420288, 1.00000000, 0.82490540    [Lab 100.000000, 0.000000, 0.000000]
2022-11-09 23:08:18,289   Creator      = 'DCAL'
2022-11-09 23:08:18,289 
2022-11-09 23:08:18,289 Total volume of gamut is 806834.413728 cubic colorspace units
2022-11-09 23:08:18,290 argyll-iccgamut exitcode: 0
2022-11-09 23:08:19,141 --------------------------------------------------------------------------------
2022-11-09 23:08:19,142 Command line:
2022-11-09 23:08:19,142   /usr/bin/argyll-viewgam
2022-11-09 23:08:19,142     -cw
2022-11-09 23:08:19,142     -t0
2022-11-09 23:08:19,143     -w
2022-11-09 23:08:19,143     /usr/share/DisplayCAL/ref/sRGB.gam
2022-11-09 23:08:19,143     -cn
2022-11-09 23:08:19,143     -t.3
2022-11-09 23:08:19,143     -s
2022-11-09 23:08:19,143     DisplayPort-1080p.gam
2022-11-09 23:08:19,144     -i
2022-11-09 23:08:19,144     'DisplayPort-1080p vs sRGB.wrl'
2022-11-09 23:08:19,144 
2022-11-09 23:08:19,144 Intersecting volume = 732660.7 cubic units
2022-11-09 23:08:19,144 '/usr/share/DisplayCAL/ref/sRGB.gam' volume = 833675.1 cubic units, intersect = 87.88%
2022-11-09 23:08:19,144 'DisplayPort-1080p.gam' volume = 806834.4 cubic units, intersect = 90.81%
2022-11-09 23:08:19,294 --------------------------------------------------------------------------------
2022-11-09 23:08:19,295 Command line:
2022-11-09 23:08:19,295   /usr/bin/argyll-viewgam
2022-11-09 23:08:19,295     -cw
2022-11-09 23:08:19,295     -t0
2022-11-09 23:08:19,295     -w
2022-11-09 23:08:19,296     /usr/share/DisplayCAL/ref/ClayRGB1998.gam
2022-11-09 23:08:19,296     -cn
2022-11-09 23:08:19,296     -t.3
2022-11-09 23:08:19,296     -s
2022-11-09 23:08:19,296     DisplayPort-1080p.gam
2022-11-09 23:08:19,296     -i
2022-11-09 23:08:19,297     'DisplayPort-1080p vs ClayRGB1998.wrl'
2022-11-09 23:08:19,297 
2022-11-09 23:08:19,297 Intersecting volume = 775567.9 cubic units
2022-11-09 23:08:19,297 '/usr/share/DisplayCAL/ref/ClayRGB1998.gam' volume = 1209985.9 cubic units, intersect = 64.10%
2022-11-09 23:08:19,297 'DisplayPort-1080p.gam' volume = 806834.4 cubic units, intersect = 96.12%
2022-11-09 23:08:19,297 --------------------------------------------------------------------------------
2022-11-09 23:08:19,297 Command line:
2022-11-09 23:08:19,298   /usr/bin/argyll-viewgam
2022-11-09 23:08:19,298     -cw
2022-11-09 23:08:19,298     -t0
2022-11-09 23:08:19,298     -w
2022-11-09 23:08:19,298     /usr/share/DisplayCAL/ref/SMPTE431_P3.gam
2022-11-09 23:08:19,299     -cn
2022-11-09 23:08:19,299     -t.3
2022-11-09 23:08:19,299     -s
2022-11-09 23:08:19,299     DisplayPort-1080p.gam
2022-11-09 23:08:19,299     -i
2022-11-09 23:08:19,299     'DisplayPort-1080p vs SMPTE431_P3.wrl'
2022-11-09 23:08:19,300 
2022-11-09 23:08:19,300 Intersecting volume = 806697.4 cubic units
2022-11-09 23:08:19,300 '/usr/share/DisplayCAL/ref/SMPTE431_P3.gam' volume = 1176953.5 cubic units, intersect = 68.54%
2022-11-09 23:08:19,300 'DisplayPort-1080p.gam' volume = 806834.4 cubic units, intersect = 99.98%
2022-11-09 23:08:19,416 --------------------------------------------------------------------------------
