2022-11-09 20:12:05,719 --------------------------------------------------------------------------------
2022-11-09 20:12:05,720 Working directory:
2022-11-09 20:12:05,720   /
2022-11-09 20:12:05,720    tmp/
2022-11-09 20:12:05,720     DisplayCAL-4WZcSg/
2022-11-09 20:12:05,720 
2022-11-09 20:12:05,720 Command line:
2022-11-09 20:12:05,721   /usr/bin/argyll-dispread
2022-11-09 20:12:05,721     -v
2022-11-09 20:12:05,721     -k
2022-11-09 20:12:05,721     /usr/share/DisplayCAL/linear.cal
2022-11-09 20:12:05,721     -d1
2022-11-09 20:12:05,721     -c1
2022-11-09 20:12:05,721     -yr
2022-11-09 20:12:05,721     -P0.524904214559,0.785123966942,1.24867724868
2022-11-09 20:12:05,722     -X
2022-11-09 20:12:05,722     'Samsung Q9 75_ (i1 Pro).ccss'
2022-11-09 20:12:05,722     0_16
2022-11-09 20:12:05,722 
2022-11-09 20:12:05,727 DisplayCAL: Starting interaction with subprocess
2022-11-09 20:12:06,132 Number of patches = 3
2022-11-09 20:12:06,133 Setting up the instrument
2022-11-09 20:12:07,156 Product Name:      Colormunki Display
2022-11-09 20:12:07,156 Serial Number:     C1-22.B-02.015586.02
2022-11-09 20:12:07,157 Firmware Version:  v2.28
2022-11-09 20:12:07,157 Firmware Date:     29Jan14
2022-11-09 20:12:07,158 argyll-dispread: Warning - new_dispwin: Expected VideoLUT depth 8 doesn't match actual 10
2022-11-09 20:12:07,367 Place instrument on test window.
2022-11-09 20:12:07,368 DisplayCAL: Detected instrument placement (screen/spot) message
2022-11-09 20:12:07,368 DisplayCAL: Waiting for send buffer
2022-11-09 20:12:08,869 DisplayCAL: Skipping place instrument on screen message...
2022-11-09 20:12:08,898 DisplayCAL: Sending buffer: ' '
2022-11-09 20:12:08,949 Hit Esc or Q to give up, any other key to continue:
2022-11-09 20:12:25,902 Patch 3 of 3
2022-11-09 20:12:25,902 The instrument can be removed from the screen.
2022-11-09 20:12:26,392 Written '0_16.ti3'
2022-11-09 20:12:26,393 DisplayCAL: Reached EOF (OK)
2022-11-09 20:12:26,494 argyll-dispread exitcode: 0
2022-11-09 20:12:26,502 RGB level 0 is 0.110496 cd/m2
2022-11-09 20:12:26,503 RGB level 16 is 0.378754 cd/m2
2022-11-09 20:12:26,503 Assuming full range output levels
