2022-11-09 20:12:26,509 --------------------------------------------------------------------------------
2022-11-09 20:12:26,510 Working directory:
2022-11-09 20:12:26,510   /
2022-11-09 20:12:26,510    tmp/
2022-11-09 20:12:26,510     DisplayCAL-4WZcSg/
2022-11-09 20:12:26,511 
2022-11-09 20:12:26,511 Command line:
2022-11-09 20:12:26,511   /usr/bin/argyll-dispcal
2022-11-09 20:12:26,511     -v2
2022-11-09 20:12:26,511     -d1
2022-11-09 20:12:26,512     -c1
2022-11-09 20:12:26,512     -yr
2022-11-09 20:12:26,512     -P0.524904214559,0.785123966942,1.24867724868
2022-11-09 20:12:26,512     -X
2022-11-09 20:12:26,512     'Samsung Q9 75_ (i1 Pro).ccss'
2022-11-09 20:12:26,512     -ql
2022-11-09 20:12:26,513     -t6500
2022-11-09 20:12:26,513     -b120.0
2022-11-09 20:12:26,513     -gs
2022-11-09 20:12:26,513     -f1.0
2022-11-09 20:12:26,513     -k0
2022-11-09 20:12:26,513     -A4.0
2022-11-09 20:12:26,514     -b
2022-11-09 20:12:26,514     'DisplayPort-0 #1 2022-11-09 20-12 120cdm² D6500 sRGB F-S XYZLUT+MTX'
2022-11-09 20:12:26,514 
2022-11-09 20:12:26,518 DisplayCAL: Starting interaction with subprocess
2022-11-09 20:12:26,924 Setting up the instrument
2022-11-09 20:12:27,949 Product Name:      Colormunki Display
2022-11-09 20:12:27,949 Serial Number:     C1-22.B-02.015586.02
2022-11-09 20:12:27,950 Firmware Version:  v2.28
2022-11-09 20:12:27,950 Firmware Date:     29Jan14
2022-11-09 20:12:27,952 argyll-dispcal: Warning - new_dispwin: Expected VideoLUT depth 8 doesn't match actual 10
2022-11-09 20:12:28,164 Place instrument on test window.
2022-11-09 20:12:28,165 DisplayCAL: Detected instrument placement (screen/spot) message
2022-11-09 20:12:28,165 DisplayCAL: Waiting for send buffer
2022-11-09 20:12:29,666 DisplayCAL: Skipping place instrument on screen message...
2022-11-09 20:12:29,695 DisplayCAL: Sending buffer: ' '
2022-11-09 20:12:29,747 Hit Esc or Q to give up, any other key to continue:
2022-11-09 20:12:29,747 Display type is 'r'
2022-11-09 20:12:29,747 Target white = 6500.000000 degrees kelvin Daylight spectrum
2022-11-09 20:12:29,748 Target white brightness = 120.000000 cd/m^2
2022-11-09 20:12:29,748 Target black brightness = native brightness
2022-11-09 20:12:29,748 Black point device hack is enabled
2022-11-09 20:12:29,748 Target gamma = sRGB curve
2022-11-09 20:12:29,748 
2022-11-09 20:12:29,749 Display adjustment menu:
2022-11-09 20:12:29,749 Press 1 .. 7
2022-11-09 20:12:29,749 1) Black level (CRT: Offset/Brightness)
2022-11-09 20:12:29,749 2) White point (Color temperature, R,G,B, Gain/Contrast)
2022-11-09 20:12:29,749 3) White level (CRT: Gain/Contrast, LCD: Brightness/Backlight)
2022-11-09 20:12:29,750 4) Black point (R,G,B, Offset/Brightness)
2022-11-09 20:12:29,750 5) Check all
2022-11-09 20:12:29,750 6) Measure and set ambient for viewing condition adjustment
2022-11-09 20:12:29,750 7) Continue on to calibration
2022-11-09 20:12:29,753 8) Exit
2022-11-09 20:12:29,754 DisplayCAL: Waiting for send buffer
2022-11-09 20:12:32,507 DisplayCAL: Sending buffer: '2'
2022-11-09 20:12:32,558 Doing some initial measurements
2022-11-09 20:12:45,967 Red   = XYZ 67.943 29.854  0.895
2022-11-09 20:12:45,967 Green = XYZ 23.202 80.635  7.118
2022-11-09 20:12:45,967 Blue  = XYZ 22.098  8.383 121.532
2022-11-09 20:12:47,738 White = XYZ 113.078 118.907 129.511
2022-11-09 20:12:47,739 
2022-11-09 20:12:47,739 Adjust R,G & B gain to get target x,y. Press space when done.
2022-11-09 20:12:47,739    Target Br 120.00, x 0.3128 , y 0.3292
2022-11-09 20:12:52,205 DisplayCAL: Sending buffer: ' '
2022-11-09 20:12:52,417 / Current Br 118.89, x 0.3127+, y 0.3289+  DE  0.2  R-  G++ B-
2022-11-09 20:12:52,417 
2022-11-09 20:12:52,417 Press 1 .. 7
2022-11-09 20:12:52,417 1) Black level (CRT: Offset/Brightness)
2022-11-09 20:12:52,417 2) White point (Color temperature, R,G,B, Gain/Contrast)
2022-11-09 20:12:52,418 3) White level (CRT: Gain/Contrast, LCD: Brightness/Backlight)
2022-11-09 20:12:52,418 4) Black point (R,G,B, Offset/Brightness)
2022-11-09 20:12:52,418 5) Check all
2022-11-09 20:12:52,418 6) Measure and set ambient for viewing condition adjustment
2022-11-09 20:12:52,418 7) Continue on to calibration
2022-11-09 20:12:52,419 8) Exit
2022-11-09 20:12:52,421 DisplayCAL: Waiting for send buffer
2022-11-09 20:12:53,746 DisplayCAL: Sending buffer: '7'
2022-11-09 20:12:53,797 Commencing display calibration
2022-11-09 20:13:45,485 Patch 9 of 9
2022-11-09 20:13:45,485 Black = XYZ 0.1024 0.1105 0.1737
2022-11-09 20:13:45,485 Red   = XYZ 67.987 29.871  0.896
2022-11-09 20:13:45,485 Green = XYZ 23.174 80.655  7.119
2022-11-09 20:13:45,486 Blue  = XYZ 22.118  8.384 121.623
2022-11-09 20:13:45,486 White = XYZ 113.059 118.945 129.512
2022-11-09 20:18:17,267 Patch 48 of 48
2022-11-09 20:18:17,328 Had to scale brightness from 120.000000 to 118.916996 to fit within gamut,
2022-11-09 20:18:17,328 corresponding to aprox. RGB 0.999732 1.000000 0.999025
2022-11-09 20:18:17,328 Target white value is XYZ 112.991568 118.916996 129.325395 [xy 0.312793 0.329197]
2022-11-09 20:18:17,328 Adjusted target black XYZ 0.1024 0.1105 0.1737, Lab 0.840 -0.091 -0.645
2022-11-09 20:18:17,330 Target black after min adjust: XYZ 0.1024 0.1105 0.1737, Lab 0.840 -0.091 -0.645
2022-11-09 20:18:17,330 Gamma curve input offset = 0.000000, output offset = 0.000929, power = 0.000000
2022-11-09 20:18:17,330 Total Iteration 2, Final Samples = 32 Final Repeat threshold = 0.900000
2022-11-09 20:18:17,331 Creating initial calibration curves...
2022-11-09 20:18:17,404 
2022-11-09 20:18:17,404 Doing iteration 1/2 with 16 sample points and repeat threshold of 1.272792 DE
2022-11-09 20:18:18,902 Patch 1 of 16 DE 0.047436, W.DE 0.047436, OK ( < 1.272792)
2022-11-09 20:18:20,985 Patch 2 of 16 DE 1.853102, W.DE 1.853102, Repeat
2022-11-09 20:18:22,615 Patch 2 of 16 DE 0.240355, W.DE 0.240355, OK ( < 1.272792)
2022-11-09 20:18:24,695 Patch 3 of 16 DE 1.879712, W.DE 1.879712, Repeat
2022-11-09 20:18:26,322 Patch 3 of 16 DE 0.443121, W.DE 0.443121, OK ( < 1.272792)
2022-11-09 20:18:28,376 Patch 4 of 16 DE 2.567017, W.DE 2.567017, Repeat
2022-11-09 20:18:29,973 Patch 4 of 16 DE 0.238772, W.DE 0.238772, OK ( < 1.272792)
2022-11-09 20:18:32,025 Patch 5 of 16 DE 2.157507, W.DE 2.157507, Repeat
2022-11-09 20:18:33,714 Patch 5 of 16 DE 0.105642, W.DE 0.105642, OK ( < 1.272792)
2022-11-09 20:18:35,764 Patch 6 of 16 DE 1.353464, W.DE 1.353464, Repeat
2022-11-09 20:18:37,390 Patch 6 of 16 DE 0.206457, W.DE 0.206457, OK ( < 1.272792)
2022-11-09 20:18:39,439 Patch 7 of 16 DE 1.067708, W.DE 1.067708, OK ( < 1.272792)
2022-11-09 20:18:42,827 Patch 8 of 16 DE 1.134154, W.DE 1.134154, OK ( < 1.272792)
2022-11-09 20:18:46,331 Patch 9 of 16 DE 1.280949, W.DE 1.280949, Repeat
2022-11-09 20:18:49,379 Patch 9 of 16 DE 0.341694, W.DE 0.341694, OK ( < 1.272792)
2022-11-09 20:18:53,031 Patch 10 of 16 DE 0.866186, W.DE 0.866186, OK ( < 1.272792)
2022-11-09 20:18:56,879 Patch 11 of 16 DE 0.672968, W.DE 0.672968, OK ( < 1.272792)
2022-11-09 20:19:01,165 Patch 12 of 16 DE 1.661537, W.DE 1.661537, Repeat
2022-11-09 20:19:04,893 Patch 12 of 16 DE 0.152590, W.DE 0.152590, OK ( < 1.272792)
2022-11-09 20:19:10,939 Patch 13 of 16 DE 2.259392, W.DE 2.259392, Repeat
2022-11-09 20:19:15,216 Patch 13 of 16 DE 0.308710, W.DE 0.308710, OK ( < 1.272792)
2022-11-09 20:19:22,275 Patch 14 of 16 DE 1.678294, W.DE 1.678294, Repeat
2022-11-09 20:19:28,391 Patch 14 of 16 DE 0.542276, W.DE 0.542276, OK ( < 1.272792)
2022-11-09 20:19:36,359 Patch 15 of 16 DE 0.687372, W.DE 0.687372, OK ( < 1.272792)
2022-11-09 20:19:44,449 Patch 16 of 16 DE 0.043651, W.DE 43.650720, Repeat
2022-11-09 20:20:15,409 Patch 16 of 16 DE 0.040782, W.DE 40.781942, Repeat
2022-11-09 20:20:23,623 Patch 16 of 16 DE 0.035251, W.DE 35.251154, Repeat
2022-11-09 20:20:31,484 Patch 16 of 16 DE 0.030375, W.DE 30.374808, Repeat
2022-11-09 20:20:39,343 Patch 16 of 16 DE 0.027938, W.DE 27.937898, Repeat
2022-11-09 20:20:47,206 Patch 16 of 16 DE 0.024638, W.DE 24.638182, Repeat
2022-11-09 20:20:55,071 Patch 16 of 16 DE 0.021497, W.DE 21.496674, Repeat
2022-11-09 20:21:02,939 Patch 16 of 16 DE 0.019030, W.DE 19.029857, Repeat
2022-11-09 20:21:10,813 Patch 16 of 16 DE 0.016499, W.DE 16.499426, Repeat
2022-11-09 20:21:18,693 Patch 16 of 16 DE 0.014755, W.DE 14.755187, Fail ( > 1.272792)
2022-11-09 20:21:18,693 
2022-11-09 20:21:18,693 Brightness error = -0.064946 cd/m^2 (is 118.852050, should be 118.916996)
2022-11-09 20:21:18,693 White point error = 0.042482 deltaE
2022-11-09 20:21:18,694 Maximum neutral error (@ 0.365761) = 1.135750 deltaE
2022-11-09 20:21:18,694 Average neutral error = 0.444160 deltaE
2022-11-09 20:21:18,694 Failed to meet target 1.272792 delta E, got worst case 14.755187
2022-11-09 20:21:18,694 Number of measurements taken = 37
2022-11-09 20:21:18,694 Computing update to calibration curves...
2022-11-09 20:21:18,735 
2022-11-09 20:21:18,735 Doing iteration 2/2 with 32 sample points and repeat threshold of 0.900000 DE
2022-11-09 20:21:20,508 Patch 1 of 32 DE 0.129702, W.DE 0.129702, W.peqDE 0.129702, OK ( < 0.900000)
2022-11-09 20:21:22,488 Patch 2 of 32 DE 0.177039, W.DE 0.177039, W.peqDE 0.184337, OK ( < 0.900000)
2022-11-09 20:21:24,470 Patch 3 of 32 DE 0.264145, W.DE 0.264145, W.peqDE 0.243212, OK ( < 0.900000)
2022-11-09 20:21:26,455 Patch 4 of 32 DE 0.396782, W.DE 0.396782, W.peqDE 0.425415, OK ( < 0.900000)
2022-11-09 20:21:28,438 Patch 5 of 32 DE 0.323124, W.DE 0.323124, W.peqDE 0.338343, OK ( < 0.900000)
2022-11-09 20:21:30,407 Patch 6 of 32 DE 0.373168, W.DE 0.373168, W.peqDE 0.332840, OK ( < 0.900000)
2022-11-09 20:21:32,376 Patch 7 of 32 DE 0.227269, W.DE 0.227269, W.peqDE 0.186890, OK ( < 0.900000)
2022-11-09 20:21:34,351 Patch 8 of 32 DE 0.415271, W.DE 0.415271, W.peqDE 0.408004, OK ( < 0.900000)
2022-11-09 20:21:36,318 Patch 9 of 32 DE 0.268584, W.DE 0.268584, W.peqDE 0.344685, OK ( < 0.900000)
2022-11-09 20:21:38,282 Patch 10 of 32 DE 0.221456, W.DE 0.221456, W.peqDE 0.287656, OK ( < 0.900000)
2022-11-09 20:21:40,246 Patch 11 of 32 DE 0.416715, W.DE 0.416715, W.peqDE 0.379153, OK ( < 0.900000)
2022-11-09 20:21:42,213 Patch 12 of 32 DE 0.625407, W.DE 0.625407, W.peqDE 0.547729, OK ( < 0.900000)
2022-11-09 20:21:44,177 Patch 13 of 32 DE 1.162063, W.DE 1.162063, peqDE 0.860599, Repeat
2022-11-09 20:21:45,776 Patch 13 of 32 DE 0.089699, W.DE 0.089699, W.peqDE 0.471960, OK ( < 0.900000)
2022-11-09 20:21:49,030 Patch 14 of 32 DE 1.364529, W.DE 1.364529, peqDE 1.335458, Repeat
2022-11-09 20:21:50,640 Patch 14 of 32 DE 0.216452, W.DE 0.216452, W.peqDE 0.198976, OK ( < 0.900000)
2022-11-09 20:21:53,942 Patch 15 of 32 DE 1.389191, W.DE 1.389191, peqDE 1.219053, Repeat
2022-11-09 20:21:56,858 Patch 15 of 32 DE 0.232828, W.DE 0.232828, W.peqDE 0.094335, OK ( < 0.900000)
2022-11-09 20:22:00,205 Patch 16 of 32 DE 1.235703, W.DE 1.235703, peqDE 1.129554, Repeat
2022-11-09 20:22:03,164 Patch 16 of 32 DE 0.360151, W.DE 0.360151, W.peqDE 0.213117, OK ( < 0.900000)
2022-11-09 20:22:06,560 Patch 17 of 32 DE 1.061776, W.DE 1.061776, peqDE 0.880576, Repeat
2022-11-09 20:22:09,563 Patch 17 of 32 DE 0.268110, W.DE 0.268110, W.peqDE 0.132414, OK ( < 0.900000)
2022-11-09 20:22:13,018 Patch 18 of 32 DE 0.979275, W.DE 0.979275, peqDE 0.920372, Repeat
2022-11-09 20:22:16,090 Patch 18 of 32 DE 0.487257, W.DE 0.487257, W.peqDE 0.215208, OK ( < 0.900000)
2022-11-09 20:22:19,632 Patch 19 of 32 DE 1.111418, W.DE 1.111418, peqDE 1.045259, Repeat
2022-11-09 20:22:22,782 Patch 19 of 32 DE 0.289027, W.DE 0.289027, W.peqDE 0.328905, OK ( < 0.900000)
2022-11-09 20:22:26,412 Patch 20 of 32 DE 1.375037, W.DE 1.375037, peqDE 1.191070, Repeat
2022-11-09 20:22:29,646 Patch 20 of 32 DE 0.346976, W.DE 0.346976, W.peqDE 0.439300, OK ( < 0.900000)
2022-11-09 20:22:33,370 Patch 21 of 32 DE 1.327580, W.DE 1.327580, peqDE 1.298603, Repeat
2022-11-09 20:22:36,703 Patch 21 of 32 DE 0.251227, W.DE 0.251227, W.peqDE 0.230597, OK ( < 0.900000)
2022-11-09 20:22:40,556 Patch 22 of 32 DE 1.322554, W.DE 1.322554, peqDE 1.187489, Repeat
2022-11-09 20:22:44,005 Patch 22 of 32 DE 0.279702, W.DE 0.279702, W.peqDE 0.414862, OK ( < 0.900000)
2022-11-09 20:22:47,987 Patch 23 of 32 DE 0.876916, W.DE 0.876916, peqDE 1.017169, Repeat
2022-11-09 20:22:51,580 Patch 23 of 32 DE 0.162292, W.DE 0.162292, W.peqDE 0.305633, OK ( < 0.900000)
2022-11-09 20:22:55,756 Patch 24 of 32 DE 1.039514, W.DE 1.039514, peqDE 0.929853, Repeat
2022-11-09 20:22:59,519 Patch 24 of 32 DE 0.088367, W.DE 0.088367, W.peqDE 0.085886, OK ( < 0.900000)
2022-11-09 20:23:03,949 Patch 25 of 32 DE 0.971528, W.DE 0.971528, peqDE 0.905830, Repeat
2022-11-09 20:23:07,906 Patch 25 of 32 DE 0.073093, W.DE 0.073093, W.peqDE 0.088467, OK ( < 0.900000)
2022-11-09 20:23:13,651 Patch 26 of 32 DE 0.998464, W.DE 0.998464, peqDE 0.979202, Repeat
2022-11-09 20:23:17,900 Patch 26 of 32 DE 0.236382, W.DE 0.236382, W.peqDE 0.150832, OK ( < 0.875768)
2022-11-09 20:23:24,146 Patch 27 of 32 DE 1.041080, W.DE 1.041080, peqDE 1.018990, Repeat
2022-11-09 20:23:29,766 Patch 27 of 32 DE 0.235137, W.DE 0.235137, W.peqDE 0.271474, OK ( < 0.622820)
2022-11-09 20:23:36,540 Patch 28 of 32 DE 1.187655, W.DE 1.187655, peqDE 1.205271, Repeat
2022-11-09 20:23:42,622 Patch 28 of 32 DE 0.386843, W.DE 0.386843, W.peqDE 0.404173, OK ( < 0.486872)
2022-11-09 20:23:50,129 Patch 29 of 32 DE 1.095977, W.DE 1.095977, peqDE 1.095167, Repeat
2022-11-09 20:23:56,823 Patch 29 of 32 DE 0.600691, W.DE 0.600691, peqDE 0.607106, Repeat
2022-11-09 20:24:03,174 Patch 29 of 32 DE 0.113857, W.DE 0.113857, W.peqDE 0.125666, OK ( < 0.397570)
2022-11-09 20:24:11,444 Patch 30 of 32 DE 0.737237, W.DE 0.737237, peqDE 0.737088, Repeat
2022-11-09 20:24:18,904 Patch 30 of 32 DE 0.541934, W.DE 0.541934, peqDE 0.541144, Repeat
2022-11-09 20:24:25,906 Patch 30 of 32 DE 0.236238, W.DE 0.236238, W.peqDE 0.243232, OK ( < 0.291776)
2022-11-09 20:24:34,193 Patch 31 of 32 DE 0.267213, W.DE 0.267213, peqDE 0.266882, Repeat
2022-11-09 20:25:05,132 Patch 31 of 32 DE 0.249756, W.DE 0.249756, W.peqDE 0.249680, OK ( < 0.250000)
2022-11-09 20:25:13,539 Patch 32 of 32 DE 0.000212, W.DE 0.211834, W.peqDE 0.211834, OK ( < 0.250000)
2022-11-09 20:25:13,539 
2022-11-09 20:25:13,539 Brightness error = -0.031258 cd/m^2 (is 118.885738, should be 118.916996)
2022-11-09 20:25:13,540 White point error = 0.129315 deltaE
2022-11-09 20:25:13,542 Maximum neutral error (@ 0.495986) = 0.625775 deltaE
2022-11-09 20:25:13,542 Average neutral error = 0.261838 deltaE
2022-11-09 20:25:13,542 Number of measurements taken = 56
2022-11-09 20:25:13,542 Computing update to calibration curves...
2022-11-09 20:25:13,563 The instrument can be removed from the screen.
2022-11-09 20:25:14,059 Written calibration file 'DisplayPort-0 #1 2022-11-09 20-12 120cdm² D6500 sRGB F-S XYZLUT+MTX.cal'
2022-11-09 20:25:14,060 DisplayCAL: Reached EOF (OK)
2022-11-09 20:25:14,162 argyll-dispcal exitcode: 0
2022-11-09 20:25:14,204 --------------------------------------------------------------------------------
2022-11-09 20:25:14,205 Working directory:
2022-11-09 20:25:14,205   /
2022-11-09 20:25:14,205    tmp/
2022-11-09 20:25:14,205     DisplayCAL-4WZcSg/
2022-11-09 20:25:14,205 
2022-11-09 20:25:14,205 Command line:
2022-11-09 20:25:14,206   /usr/bin/argyll-dispread
2022-11-09 20:25:14,206     -v
2022-11-09 20:25:14,206     -d1
2022-11-09 20:25:14,206     -c1
2022-11-09 20:25:14,206     -yr
2022-11-09 20:25:14,207     -P0.524904214559,0.785123966942,1.24867724868
2022-11-09 20:25:14,207     -X
2022-11-09 20:25:14,207     'Samsung Q9 75_ (i1 Pro).ccss'
2022-11-09 20:25:14,207     -k
2022-11-09 20:25:14,207     'DisplayPort-0 #1 2022-11-09 20-12 120cdm² D6500 sRGB F-S XYZLUT+MTX.cal'
2022-11-09 20:25:14,208     'DisplayPort-0 #1 2022-11-09 20-12 120cdm² D6500 sRGB F-S XYZLUT+MTX'
2022-11-09 20:25:14,208 
2022-11-09 20:25:14,212 DisplayCAL: Starting interaction with subprocess
2022-11-09 20:25:14,620 Number of patches = 115
2022-11-09 20:25:14,621 Setting up the instrument
2022-11-09 20:25:15,644 Product Name:      Colormunki Display
2022-11-09 20:25:15,645 Serial Number:     C1-22.B-02.015586.02
2022-11-09 20:25:15,645 Firmware Version:  v2.28
2022-11-09 20:25:15,645 Firmware Date:     29Jan14
2022-11-09 20:25:15,647 argyll-dispread: Warning - new_dispwin: Expected VideoLUT depth 8 doesn't match actual 10
2022-11-09 20:25:15,855 Place instrument on test window.
2022-11-09 20:25:15,856 DisplayCAL: Detected instrument placement (screen/spot) message
2022-11-09 20:25:15,856 DisplayCAL: Waiting for send buffer
2022-11-09 20:25:17,357 DisplayCAL: Skipping place instrument on screen message...
2022-11-09 20:25:17,386 DisplayCAL: Sending buffer: ' '
2022-11-09 20:25:17,437 Hit Esc or Q to give up, any other key to continue:
2022-11-09 20:30:37,974 Patch 115 of 115
2022-11-09 20:30:37,974 The instrument can be removed from the screen.
2022-11-09 20:30:38,515 Written 'DisplayPort-0 #1 2022-11-09 20-12 120cdm² D6500 sRGB F-S XYZLUT+MTX.ti3'
2022-11-09 20:30:38,517 DisplayCAL: Reached EOF (OK)
2022-11-09 20:30:38,618 argyll-dispread exitcode: 0
2022-11-09 20:30:38,731 Preparing ChromaticityType tag from TI3 colorants
2022-11-09 20:30:38,735 Storing settings in TI3
2022-11-09 20:30:38,770 Extracting neutrals from /tmp/DisplayCAL-4WZcSg/DisplayPort-0 #1 2022-11-09 20-12 120cdm² D6500 sRGB F-S XYZLUT+MTX.ti3
2022-11-09 20:30:38,789 Applying 0% black point correction to TI3
2022-11-09 20:30:38,850 Extracting neutrals from /tmp/DisplayCAL-4WZcSg/DisplayPort-0 #1 2022-11-09 20-12 120cdm² D6500 sRGB F-S XYZLUT+MTX.ti3
2022-11-09 20:30:38,876 R=G=B (>= 1% luminance) dE*00 avg 0.255208544555 peak 0.56808565786
2022-11-09 20:30:38,877 Got high quality calibration, using single device to PCS shaper curve for cLUT
2022-11-09 20:30:39,384 Black relative luminance = 0.000932
2022-11-09 20:30:39,384 Black output offset = 1.00
2022-11-09 20:30:39,385 Calibration overall transfer function ≈ sRGB (Δ 0.00%)
2022-11-09 20:30:39,763 Transfer function R ≈ Rec. 1886 (Δ 1.45%)
2022-11-09 20:30:39,763 Got good match (+-2%)
2022-11-09 20:30:40,137 Transfer function G ≈ Rec. 1886 (Δ 1.45%)
2022-11-09 20:30:40,138 Got good match (+-2%)
2022-11-09 20:30:40,513 Transfer function B ≈ Rec. 1886 (Δ 1.45%)
2022-11-09 20:30:40,513 Got good match (+-2%)
2022-11-09 20:30:40,939 Using transfer function for R: Rec. 1886
2022-11-09 20:30:41,363 Using transfer function for G: Rec. 1886
2022-11-09 20:30:41,786 Using transfer function for B: Rec. 1886
2022-11-09 20:30:41,798 Initial cLUT resolution 4x4x4
2022-11-09 20:30:41,801 cLUT input curve segments: 4
2022-11-09 20:30:41,841 #1 X prev 0.087716 next 0.388170 clip False
2022-11-09 20:30:41,884 #2 X prev 0.388170 next 0.964200 clip False
2022-11-09 20:30:41,995 #1 Y prev 0.090973 next 0.402583 clip False
2022-11-09 20:30:42,037 #2 Y prev 0.402583 next 1.000000 clip False
2022-11-09 20:30:42,150 #1 Z prev 0.075043 next 0.332091 clip False
2022-11-09 20:30:42,190 #2 Z prev 0.332091 next 0.824900 clip False
2022-11-09 20:30:42,835 cLUT input curve segments: 33
2022-11-09 20:30:42,841 #1 X prev 0.001640 next 0.004328 clip False
2022-11-09 20:30:42,846 #2 X prev 0.004328 next 0.008201 clip False
2022-11-09 20:30:42,851 #3 X prev 0.008201 next 0.013374 clip False
2022-11-09 20:30:42,856 #4 X prev 0.013374 next 0.019949 clip False
2022-11-09 20:30:42,860 #5 X prev 0.019949 next 0.028016 clip False
2022-11-09 20:30:42,864 #6 X prev 0.028016 next 0.037661 clip False
2022-11-09 20:30:42,868 #7 X prev 0.037661 next 0.048959 clip False
2022-11-09 20:30:42,872 #8 X prev 0.048959 next 0.061985 clip False
2022-11-09 20:30:42,876 #9 X prev 0.061985 next 0.076806 clip False
2022-11-09 20:30:42,880 #10 X prev 0.076806 next 0.093486 clip False
2022-11-09 20:30:42,885 #11 X prev 0.093486 next 0.112088 clip False
2022-11-09 20:30:42,888 #12 X prev 0.112088 next 0.132669 clip False
2022-11-09 20:30:42,892 #13 X prev 0.132669 next 0.155285 clip False
2022-11-09 20:30:42,896 #14 X prev 0.155285 next 0.179990 clip False
2022-11-09 20:30:42,900 #15 X prev 0.179990 next 0.206837 clip False
2022-11-09 20:30:42,904 #16 X prev 0.206837 next 0.235874 clip False
2022-11-09 20:30:42,908 #17 X prev 0.235874 next 0.267151 clip False
2022-11-09 20:30:42,913 #18 X prev 0.267151 next 0.300714 clip False
2022-11-09 20:30:42,917 #19 X prev 0.300714 next 0.336608 clip False
2022-11-09 20:30:42,922 #20 X prev 0.336608 next 0.374878 clip False
2022-11-09 20:30:42,926 #21 X prev 0.374878 next 0.415567 clip False
2022-11-09 20:30:42,933 #22 X prev 0.415567 next 0.458716 clip False
2022-11-09 20:30:42,937 #23 X prev 0.458716 next 0.504365 clip False
2022-11-09 20:30:42,941 #24 X prev 0.504365 next 0.552556 clip False
2022-11-09 20:30:42,945 #25 X prev 0.552556 next 0.603327 clip False
2022-11-09 20:30:42,949 #26 X prev 0.603327 next 0.656715 clip False
2022-11-09 20:30:42,953 #27 X prev 0.656715 next 0.712759 clip False
2022-11-09 20:30:42,958 #28 X prev 0.712759 next 0.771493 clip False
2022-11-09 20:30:42,963 #29 X prev 0.771493 next 0.832955 clip False
2022-11-09 20:30:42,966 #30 X prev 0.832955 next 0.897179 clip False
2022-11-09 20:30:42,970 #31 X prev 0.897179 next 0.964200 clip False
2022-11-09 20:30:43,014 #1 Y prev 0.001701 next 0.004489 clip False
2022-11-09 20:30:43,018 #2 Y prev 0.004489 next 0.008506 clip False
2022-11-09 20:30:43,022 #3 Y prev 0.008506 next 0.013871 clip False
2022-11-09 20:30:43,026 #4 Y prev 0.013871 next 0.020690 clip False
2022-11-09 20:30:43,030 #5 Y prev 0.020690 next 0.029057 clip False
2022-11-09 20:30:43,034 #6 Y prev 0.029057 next 0.039059 clip False
2022-11-09 20:30:43,038 #7 Y prev 0.039059 next 0.050777 clip False
2022-11-09 20:30:43,041 #8 Y prev 0.050777 next 0.064287 clip False
2022-11-09 20:30:43,046 #9 Y prev 0.064287 next 0.079658 clip False
2022-11-09 20:30:43,051 #10 Y prev 0.079658 next 0.096958 clip False
2022-11-09 20:30:43,054 #11 Y prev 0.096958 next 0.116250 clip False
2022-11-09 20:30:43,058 #12 Y prev 0.116250 next 0.137595 clip False
2022-11-09 20:30:43,062 #13 Y prev 0.137595 next 0.161051 clip False
2022-11-09 20:30:43,066 #14 Y prev 0.161051 next 0.186673 clip False
2022-11-09 20:30:43,070 #15 Y prev 0.186673 next 0.214517 clip False
2022-11-09 20:30:43,074 #16 Y prev 0.214517 next 0.244632 clip False
2022-11-09 20:30:43,079 #17 Y prev 0.244632 next 0.277070 clip False
2022-11-09 20:30:43,084 #18 Y prev 0.277070 next 0.311879 clip False
2022-11-09 20:30:43,089 #19 Y prev 0.311879 next 0.349106 clip False
2022-11-09 20:30:43,092 #20 Y prev 0.349106 next 0.388797 clip False
2022-11-09 20:30:43,096 #21 Y prev 0.388797 next 0.430996 clip False
2022-11-09 20:30:43,101 #22 Y prev 0.430996 next 0.475747 clip False
2022-11-09 20:30:43,105 #23 Y prev 0.475747 next 0.523092 clip False
2022-11-09 20:30:43,109 #24 Y prev 0.523092 next 0.573072 clip False
2022-11-09 20:30:43,113 #25 Y prev 0.573072 next 0.625728 clip False
2022-11-09 20:30:43,118 #26 Y prev 0.625728 next 0.681099 clip False
2022-11-09 20:30:43,122 #27 Y prev 0.681099 next 0.739223 clip False
2022-11-09 20:30:43,126 #28 Y prev 0.739223 next 0.800138 clip False
2022-11-09 20:30:43,131 #29 Y prev 0.800138 next 0.863882 clip False
2022-11-09 20:30:43,135 #30 Y prev 0.863882 next 0.930491 clip False
2022-11-09 20:30:43,139 #31 Y prev 0.930491 next 1.000000 clip False
2022-11-09 20:30:43,180 #1 Z prev 0.001403 next 0.003703 clip False
2022-11-09 20:30:43,185 #2 Z prev 0.003703 next 0.007017 clip False
2022-11-09 20:30:43,189 #3 Z prev 0.007017 next 0.011442 clip False
2022-11-09 20:30:43,193 #4 Z prev 0.011442 next 0.017067 clip False
2022-11-09 20:30:43,196 #5 Z prev 0.017067 next 0.023969 clip False
2022-11-09 20:30:43,200 #6 Z prev 0.023969 next 0.032220 clip False
2022-11-09 20:30:43,204 #7 Z prev 0.032220 next 0.041886 clip False
2022-11-09 20:30:43,208 #8 Z prev 0.041886 next 0.053030 clip False
2022-11-09 20:30:43,212 #9 Z prev 0.053030 next 0.065710 clip False
2022-11-09 20:30:43,217 #10 Z prev 0.065710 next 0.079980 clip False
2022-11-09 20:30:43,220 #11 Z prev 0.079980 next 0.095894 clip False
2022-11-09 20:30:43,224 #12 Z prev 0.095894 next 0.113502 clip False
2022-11-09 20:30:43,229 #13 Z prev 0.113502 next 0.132851 clip False
2022-11-09 20:30:43,234 #14 Z prev 0.132851 next 0.153987 clip False
2022-11-09 20:30:43,238 #15 Z prev 0.153987 next 0.176955 clip False
2022-11-09 20:30:43,242 #16 Z prev 0.176955 next 0.201797 clip False
2022-11-09 20:30:43,246 #17 Z prev 0.201797 next 0.228555 clip False
2022-11-09 20:30:43,251 #18 Z prev 0.228555 next 0.257269 clip False
2022-11-09 20:30:43,255 #19 Z prev 0.257269 next 0.287978 clip False
2022-11-09 20:30:43,259 #20 Z prev 0.287978 next 0.320719 clip False
2022-11-09 20:30:43,263 #21 Z prev 0.320719 next 0.355529 clip False
2022-11-09 20:30:43,269 #22 Z prev 0.355529 next 0.392444 clip False
2022-11-09 20:30:43,272 #23 Z prev 0.392444 next 0.431499 clip False
2022-11-09 20:30:43,276 #24 Z prev 0.431499 next 0.472727 clip False
2022-11-09 20:30:43,280 #25 Z prev 0.472727 next 0.516163 clip False
2022-11-09 20:30:43,284 #26 Z prev 0.516163 next 0.561838 clip False
2022-11-09 20:30:43,288 #27 Z prev 0.561838 next 0.609785 clip False
2022-11-09 20:30:43,292 #28 Z prev 0.609785 next 0.660034 clip False
2022-11-09 20:30:43,296 #29 Z prev 0.660034 next 0.712616 clip False
2022-11-09 20:30:43,301 #30 Z prev 0.712616 next 0.767562 clip False
2022-11-09 20:30:43,306 #31 Z prev 0.767562 next 0.824900 clip False
2022-11-09 20:30:43,471 Final interpolated cLUT resolution 33x33x33
2022-11-09 20:30:43,479 --------------------------------------------------------------------------------
2022-11-09 20:30:43,480 Creating matrix from primaries
2022-11-09 20:30:43,480 Using chromatic adaptation transform matrix: Bradford
2022-11-09 20:30:43,563 Generating A2B1 by copying A2B0
2022-11-09 20:30:43,584 Making distinct A2B0
2022-11-09 20:30:43,610 Applying black point compensation to A2B0: L*a*b* 0.000000 0.000000 0.000000
2022-11-09 20:30:45,147 --------------------------------------------------------------------------------
2022-11-09 20:30:45,147 Generating B2A1 table by inverting A2B1 table
2022-11-09 20:30:45,148 
2022-11-09 20:30:45,148 Using chromatic adaptation transform matrix: Bradford
2022-11-09 20:30:45,169 Black XYZ: 0.0009 0.0009 0.0008
2022-11-09 20:30:45,169 White XYZ: 0.9642 1.0000 0.8249
2022-11-09 20:30:45,169 R XYZ: 0.6047 0.2658 0.0042
2022-11-09 20:30:45,169 G XYZ: 0.2159 0.6768 0.0534
2022-11-09 20:30:45,170 B XYZ: 0.1453 0.0578 0.7680
2022-11-09 20:30:45,170 Generating input curve PCS values...
2022-11-09 20:30:45,330 Looking up input curve RGB values...
2022-11-09 20:30:45,331 Setting up matrix
2022-11-09 20:30:45,332 Increasing saturation of actual primaries for PCS candidate to 103%...
2022-11-09 20:30:45,332 R xy 0.691368 0.303852 -> 0.701738 0.302211
2022-11-09 20:30:45,333 G xy 0.228221 0.715336 -> 0.224697 0.726040
2022-11-09 20:30:45,333 B xy 0.149618 0.059520 -> 0.143736 0.050550
2022-11-09 20:30:45,333 Checking for suitable PCS candidate...
2022-11-09 20:30:45,334 PCS candidate based on actual primaries fit: 1.01 (area: 94.26%)
2022-11-09 20:30:45,334 Using primaries: PCS candidate based on actual primaries
2022-11-09 20:30:45,335 Using R XYZ: 0.6120 0.2636 -0.0034
2022-11-09 20:30:45,335 Using G XYZ: 0.2127 0.6874 0.0466
2022-11-09 20:30:45,335 Using B XYZ: 0.1395 0.0490 0.7817
2022-11-09 20:30:45,336 R+G+B XYZ: 0.9642 1.0000 0.8249
2022-11-09 20:30:45,336 Correction factors: 1.0000 1.0000 1.0000
2022-11-09 20:30:45,336 Matrix 1:
2022-11-09 20:30:45,336 [1.8731904363719722, -0.5594272893696086, -0.2990701047160221]
2022-11-09 20:30:45,337 [-0.7219153777104894, 1.6766053348170744, 0.023597372252854663]
2022-11-09 20:30:45,337 [0.05132698610054113, -0.10249968080143984, 1.2765307319715098]
2022-11-09 20:30:45,337 Matrix 2:
2022-11-09 20:30:45,337 [1.8731748073137664, -0.5594226217600067, -0.29906760940962746]
2022-11-09 20:30:45,337 [-0.7219170466284835, 1.6766092107794082, 0.023597426805064492]
2022-11-09 20:30:45,338 [0.05132762455312415, -0.10250095578738659, 1.2765466106428494]
2022-11-09 20:30:45,338 Matrix 3:
2022-11-09 20:30:45,338 [1.999969482421875, 0, 0]
2022-11-09 20:30:45,338 [0, 1.999969482421875, 0]
2022-11-09 20:30:45,338 [0, 0, 1.999969482421875]
2022-11-09 20:30:45,339 Final matrix:
2022-11-09 20:30:45,339 [3.7462924498690087, -1.118828171296449, -0.5981260920001201]
2022-11-09 20:30:45,339 [-1.443812062097097, 3.353167255506241, 0.04719413347381291]
2022-11-09 20:30:45,339 [0.10265368271145603, -0.20499878349384706, 2.5530542641747784]
2022-11-09 20:30:45,340 Applying matrix to input curve XYZ values...
2022-11-09 20:30:45,351 Generating input curves...
2022-11-09 20:30:49,198 100%
2022-11-09 20:30:49,198 Generating A2B1 table lookup input values...
2022-11-09 20:30:49,198 cLUT grid res: 33
2022-11-09 20:30:49,199 Looking up input values through A2B1 table (9 workers)...
2022-11-09 20:30:49,199 Using CAM Jab for clipping
2022-11-09 20:30:59,805 100%
2022-11-09 20:30:59,806 Input black XYZ: 0.000885 0.000946 0.000763
2022-11-09 20:30:59,806 Input white XYZ: 0.964203 1.000000 0.824890
2022-11-09 20:30:59,850 Output black RGB: 0.0000 0.0000 0.0000
2022-11-09 20:30:59,850 Output white RGB: 100.0000 100.0000 100.0000
2022-11-09 20:30:59,871 Filling cLUT...
2022-11-09 20:30:59,989 100%
2022-11-09 20:31:00,094 Generating output curves...
2022-11-09 20:31:00,286 Setting curve entry #0 (0.000000 0.000000 0.000000) to black because it got clipped
2022-11-09 20:31:00,286 Setting curve entry #1 (0.000000 0.000000 0.000000) to black because it got clipped
2022-11-09 20:31:00,287 Setting curve entry #4095 (1.000000 1.000000 1.000000) to white because it got clipped
2022-11-09 20:31:00,336 Smoothing B2A1...
2022-11-09 20:31:02,142 Generating B2A0 table by inverting A2B0 table
2022-11-09 20:31:02,142 
2022-11-09 20:31:02,143 Using chromatic adaptation transform matrix: Bradford
2022-11-09 20:31:02,163 Black XYZ: 0.0000 0.0000 0.0000
2022-11-09 20:31:02,164 White XYZ: 0.9642 1.0000 0.8249
2022-11-09 20:31:02,164 R XYZ: 0.6036 0.2653 0.0042
2022-11-09 20:31:02,164 G XYZ: 0.2155 0.6756 0.0533
2022-11-09 20:31:02,165 B XYZ: 0.1450 0.0577 0.7666
2022-11-09 20:31:02,165 Generating input curve PCS values...
2022-11-09 20:31:02,235 Looking up input curve RGB values...
2022-11-09 20:31:02,257 R+G+B XYZ: 0.9660 1.0019 0.8265
2022-11-09 20:31:02,257 Correction factors: 0.9981 0.9981 0.9981
2022-11-09 20:31:02,257 Matrix 1:
2022-11-09 20:31:02,258 [1.8738119630480552, -0.5609113867244029, -0.3002969721750482]
2022-11-09 20:31:02,258 [-0.7237372763766599, 1.6772378244947934, 0.022673607126486073]
2022-11-09 20:31:02,258 [0.05023960789654554, -0.10355704525057484, 1.2768092534511197]
2022-11-09 20:31:02,259 Matrix 2:
2022-11-09 20:31:02,259 [1.8773573651871016, -0.561972675940997, -0.3008651580701615]
2022-11-09 20:31:02,259 [-0.7251066452025474, 1.680411292637765, 0.022716507405058]
2022-11-09 20:31:02,259 [0.050334665253854466, -0.10375298346475262, 1.27922507870339]
2022-11-09 20:31:02,260 Matrix 3:
2022-11-09 20:31:02,260 [1.999969482421875, 0, 0]
2022-11-09 20:31:02,260 [0, 1.999969482421875, 0]
2022-11-09 20:31:02,260 [0, 0, 1.999969482421875]
2022-11-09 20:31:02,261 Final matrix:
2022-11-09 20:31:02,261 [3.7546574379741426, -1.1239282018369519, -0.6017211344643565]
2022-11-09 20:31:02,261 [-1.450191161906401, 3.360771303192625, 0.045432321557326544]
2022-11-09 20:31:02,262 [0.10066779441562965, -0.20750280063972665, 2.5584111185555014]
2022-11-09 20:31:02,262 Applying matrix to input curve XYZ values...
2022-11-09 20:31:02,274 Generating input curves...
2022-11-09 20:31:06,226 100%
2022-11-09 20:31:06,230 --------------------------------------------------------------------------------
2022-11-09 20:31:06,230 Creating shaper tags in separate step
2022-11-09 20:31:06,230 Using chromatic adaptation transform matrix: Bradford
2022-11-09 20:31:06,246 Extracting neutrals from /tmp/DisplayCAL-4WZcSg/DisplayPort-0 #1 2022-11-09 20-12 120cdm² D6500 sRGB F-S XYZLUT+MTX.ti3
2022-11-09 20:31:06,260 NUMBER_OF_FIELDS 7
2022-11-09 20:31:06,260 BEGIN_DATA_FORMAT
2022-11-09 20:31:06,260 SAMPLE_ID RGB_R RGB_G RGB_B XYZ_X XYZ_Y XYZ_Z
2022-11-09 20:31:06,260 END_DATA_FORMAT
2022-11-09 20:31:06,260 
2022-11-09 20:31:06,260 NUMBER_OF_SETS 52
2022-11-09 20:31:06,260 BEGIN_DATA
2022-11-09 20:31:06,260 1 0.0000000 0.0000000 0.0000000 0.0886310 0.0931736 0.1014651
2022-11-09 20:31:06,260 2 1.9608000 1.9608000 1.9608000 0.1647362 0.1735797 0.2001893
2022-11-09 20:31:06,260 3 3.9216000 3.9216000 3.9216000 0.3232830 0.3414066 0.3976463
2022-11-09 20:31:06,261 4 5.8824000 5.8824000 5.8824000 0.5124343 0.5433604 0.6175152
2022-11-09 20:31:06,261 5 7.8431000 7.8431000 7.8431000 0.7416984 0.7837872 0.8788065
2022-11-09 20:31:06,261 6 9.8039000 9.8039000 9.8039000 1.0134342 1.0644130 1.1770145
2022-11-09 20:31:06,261 7 11.765000 11.765000 11.765000 1.3182452 1.3938827 1.5432480
2022-11-09 20:31:06,261 8 13.726000 13.726000 13.726000 1.6733193 1.7623524 1.9502966
2022-11-09 20:31:06,261 9 15.686000 15.686000 15.686000 2.0742924 2.1933220 2.4323513
2022-11-09 20:31:06,261 10 17.647000 17.647000 17.647000 2.5491193 2.6926216 2.9626159
2022-11-09 20:31:06,261 11 19.608000 19.608000 19.608000 3.0675078 3.2336311 3.5670458
2022-11-09 20:31:06,261 12 21.569000 21.569000 21.569000 3.6406270 3.8414906 4.2147332
2022-11-09 20:31:06,261 13 23.529000 23.529000 23.529000 4.2876063 4.5144801 4.9502155
2022-11-09 20:31:06,261 14 25.490000 25.490000 25.490000 5.0033656 5.2760394 5.7644759
2022-11-09 20:31:06,261 15 27.451000 27.451000 27.451000 5.8054649 6.1180487 6.6932355
2022-11-09 20:31:06,261 16 29.412000 29.412000 29.412000 6.6788542 7.0433480 7.6725948
2022-11-09 20:31:06,261 17 31.373000 31.373000 31.373000 7.6145234 8.0209471 8.7453139
2022-11-09 20:31:06,261 18 33.333000 33.333000 33.333000 8.6424725 9.1049362 9.8700630
2022-11-09 20:31:06,261 19 35.294000 35.294000 35.294000 9.7236616 10.250875 11.108782
2022-11-09 20:31:06,261 20 37.255000 37.255000 37.255000 10.886771 11.472674 12.419181
2022-11-09 20:31:06,261 21 39.216000 39.216000 39.216000 12.042170 12.711373 13.802180
2022-11-09 20:31:06,261 22 41.176000 41.176000 41.176000 13.378269 14.085172 15.298978
2022-11-09 20:31:06,261 23 43.137000 43.137000 43.137000 14.757767 15.520671 16.863277
2022-11-09 20:31:06,261 24 45.098000 45.098000 45.098000 16.191266 17.048370 18.476976
2022-11-09 20:31:06,261 25 47.059000 47.059000 47.059000 17.678665 18.590668 20.166974
2022-11-09 20:31:06,261 26 49.020000 49.020000 49.020000 19.301364 20.253767 21.933973
2022-11-09 20:31:06,261 27 50.980000 50.980000 50.980000 21.006162 22.087365 23.855071
2022-11-09 20:31:06,261 28 52.941000 52.941000 52.941000 22.772461 23.983064 25.929470
2022-11-09 20:31:06,261 29 54.902000 54.902000 54.902000 24.675759 25.969462 28.156968
2022-11-09 20:31:06,261 30 56.863000 56.863000 56.863000 26.638957 28.048160 30.461566
2022-11-09 20:31:06,261 31 58.824000 58.824000 58.824000 28.776756 30.231559 32.919364
2022-11-09 20:31:06,261 32 60.784000 60.784000 60.784000 30.843654 32.494457 35.301662
2022-11-09 20:31:06,261 33 62.745000 62.745000 62.745000 33.109752 34.815455 37.913059
2022-11-09 20:31:06,261 34 64.706000 64.706000 64.706000 35.275850 37.154753 40.448557
2022-11-09 20:31:06,261 35 66.667000 66.667000 66.667000 37.818548 39.795051 43.214655
2022-11-09 20:31:06,261 36 68.627000 68.627000 68.627000 40.452646 42.623148 46.287852
2022-11-09 20:31:06,261 37 70.588000 70.588000 70.588000 43.139944 45.401446 49.284050
2022-11-09 20:31:06,261 38 72.549000 72.549000 72.549000 45.781041 48.212643 52.280647
2022-11-09 20:31:06,261 39 74.510000 74.510000 74.510000 48.582139 51.097941 55.430145
2022-11-09 20:31:06,261 40 76.471000 76.471000 76.471000 51.426937 54.075139 58.580342
2022-11-09 20:31:06,261 41 78.431000 78.431000 78.431000 54.394834 57.176636 62.037039
2022-11-09 20:31:06,262 42 80.392000 80.392000 80.392000 57.543332 60.460633 65.647536
2022-11-09 20:31:06,262 43 82.353000 82.353000 82.353000 60.728729 63.853530 69.335333
2022-11-09 20:31:06,262 44 84.314000 84.314000 84.314000 64.127026 67.429727 73.329730
2022-11-09 20:31:06,262 45 86.275000 86.275000 86.275000 67.554523 71.067124 77.324626
2022-11-09 20:31:06,262 46 88.235000 88.235000 88.235000 71.208920 74.854121 81.472823
2022-11-09 20:31:06,262 47 90.196000 90.196000 90.196000 74.855417 78.752718 85.774919
2022-11-09 20:31:06,262 48 92.157000 92.157000 92.157000 78.699714 82.739515 90.230016
2022-11-09 20:31:06,262 49 94.118000 94.118000 94.118000 82.519211 86.773011 94.609212
2022-11-09 20:31:06,262 50 96.078000 96.078000 96.078000 86.616907 91.095408 99.219208
2022-11-09 20:31:06,262 51 98.039000 98.039000 98.039000 90.747004 95.418704 103.98200
2022-11-09 20:31:06,262 52 100.00000 100.00000 100.00000 95.124600 100.00000 108.89900
2022-11-09 20:31:06,262 END_DATA
2022-11-09 20:31:06,262 --------------------------------------------------------------------------------
2022-11-09 20:31:06,645 Black relative luminance = 0.000932
2022-11-09 20:31:06,645 Black output offset = 1.00
2022-11-09 20:31:06,645 Calibration overall transfer function ≈ sRGB (Δ 0.00%)
2022-11-09 20:31:06,693 Transfer function R ≈ Rec. 1886 (Δ 1.41%)
2022-11-09 20:31:06,694 Got good match (+-2%)
2022-11-09 20:31:06,742 Transfer function G ≈ Rec. 1886 (Δ 1.41%)
2022-11-09 20:31:06,742 Got good match (+-2%)
2022-11-09 20:31:06,790 Transfer function B ≈ Rec. 1886 (Δ 1.41%)
2022-11-09 20:31:06,790 Got good match (+-2%)
2022-11-09 20:31:06,846 Using transfer function for R: Rec. 1886
2022-11-09 20:31:06,901 Using transfer function for G: Rec. 1886
2022-11-09 20:31:06,958 Using transfer function for B: Rec. 1886
2022-11-09 20:31:06,958 Adding rTRC from interpolation to DisplayPort-0 #1 2022-11-09 20-12 120cdm² D6500 sRGB F-S XYZLUT+MTX
2022-11-09 20:31:06,959 Adding gTRC from interpolation to DisplayPort-0 #1 2022-11-09 20-12 120cdm² D6500 sRGB F-S XYZLUT+MTX
2022-11-09 20:31:06,959 Adding bTRC from interpolation to DisplayPort-0 #1 2022-11-09 20-12 120cdm² D6500 sRGB F-S XYZLUT+MTX
2022-11-09 20:31:07,321 --------------------------------------------------------------------------------
2022-11-09 20:31:07,321 Working directory:
2022-11-09 20:31:07,322   /
2022-11-09 20:31:07,322    tmp/
2022-11-09 20:31:07,322     DisplayCAL-4WZcSg/
2022-11-09 20:31:07,322 
2022-11-09 20:31:07,322 Command line:
2022-11-09 20:31:07,323   /usr/bin/argyll-profcheck
2022-11-09 20:31:07,323     'DisplayPort-0 #1 2022-11-09 20-12 120cdm² D6500 sRGB F-S XYZLUT+MTX.ti3'
2022-11-09 20:31:07,323     'DisplayPort-0 #1 2022-11-09 20-12 120cdm² D6500 sRGB F-S XYZLUT+MTX.icc'
2022-11-09 20:31:07,323 
2022-11-09 20:31:07,332 Profile check complete, errors: max. = 0.968499, avg. = 0.204522, RMS = 0.308824
2022-11-09 20:31:07,332 argyll-profcheck exitcode: 0
2022-11-09 20:31:07,333 --------------------------------------------------------------------------------
2022-11-09 20:31:07,333 Generating gamut views...
2022-11-09 20:31:08,084 --------------------------------------------------------------------------------
2022-11-09 20:31:08,084 Working directory:
2022-11-09 20:31:08,084   /
2022-11-09 20:31:08,085    tmp/
2022-11-09 20:31:08,085     DisplayCAL-4WZcSg/
2022-11-09 20:31:08,085 
2022-11-09 20:31:08,085 Command line:
2022-11-09 20:31:08,085   /usr/bin/argyll-iccgamut
2022-11-09 20:31:08,086     -v
2022-11-09 20:31:08,086     -w
2022-11-09 20:31:08,086     -ir
2022-11-09 20:31:08,086     -ff
2022-11-09 20:31:08,086     -on
2022-11-09 20:31:08,086     -d10.00
2022-11-09 20:31:08,087     'DisplayPort-0 #1 2022-11-09 20-12 120cdm² D6500 sRGB F-S XYZLUT+MTX.icc'
2022-11-09 20:31:08,087 
2022-11-09 20:31:08,564 Header:
2022-11-09 20:31:08,564   size         = 942624 bytes
2022-11-09 20:31:08,564   CMM          = 'argl'
2022-11-09 20:31:08,564   Version      = 2.2.0
2022-11-09 20:31:08,564   Device Class = Display
2022-11-09 20:31:08,564   Color Space  = RGB
2022-11-09 20:31:08,564   Conn. Space  = XYZ
2022-11-09 20:31:08,564   Date, Time   = 9 Nov 2022, 20:30:38
2022-11-09 20:31:08,564   Platform     = *nix
2022-11-09 20:31:08,564   Flags        = Not Embedded Profile, Use anywhere
2022-11-09 20:31:08,564   Dev. Mnfctr. = 0x0
2022-11-09 20:31:08,564   Dev. Model   = 0x0
2022-11-09 20:31:08,564   Dev. Attrbts = Reflective, Glossy, Positive, Color
2022-11-09 20:31:08,564   Rndrng Intnt = Perceptual
2022-11-09 20:31:08,564   Illuminant   = 0.96420288, 1.00000000, 0.82490540    [Lab 100.000000, 0.000000, 0.000000]
2022-11-09 20:31:08,564   Creator      = 'DCAL'
2022-11-09 20:31:08,564 
2022-11-09 20:31:08,564 Total volume of gamut is 1423498.665267 cubic colorspace units
2022-11-09 20:31:08,564 argyll-iccgamut exitcode: 0
2022-11-09 20:31:09,446 --------------------------------------------------------------------------------
2022-11-09 20:31:09,446 Command line:
2022-11-09 20:31:09,446   /usr/bin/argyll-viewgam
2022-11-09 20:31:09,447     -cw
2022-11-09 20:31:09,447     -t0
2022-11-09 20:31:09,447     -w
2022-11-09 20:31:09,447     /usr/share/DisplayCAL/ref/sRGB.gam
2022-11-09 20:31:09,447     -cn
2022-11-09 20:31:09,448     -t.3
2022-11-09 20:31:09,448     -s
2022-11-09 20:31:09,448     'DisplayPort-0 #1 2022-11-09 20-12 120cdm² D6500 sRGB F-S XYZLUT+MTX.gam'
2022-11-09 20:31:09,448     -i
2022-11-09 20:31:09,449     'DisplayPort-0 #1 2022-11-09 20-12 120cdm² D6500 sRGB F-S XYZLUT+MTX vs
2022-11-09 20:31:09,449       sRGB.wrl'
2022-11-09 20:31:09,449 
2022-11-09 20:31:09,449 Intersecting volume = 833138.0 cubic units
2022-11-09 20:31:09,449 '/usr/share/DisplayCAL/ref/sRGB.gam' volume = 833675.1 cubic units, intersect = 99.94%
2022-11-09 20:31:09,449 'DisplayPort-0 #1 2022-11-09 20-12 120cdm² D6500 sRGB F-S XYZLUT+MTX.gam' volume = 1423498.2 cubic units, intersect = 58.53%
2022-11-09 20:31:09,713 --------------------------------------------------------------------------------
2022-11-09 20:31:09,713 Command line:
2022-11-09 20:31:09,713   /usr/bin/argyll-viewgam
2022-11-09 20:31:09,713     -cw
2022-11-09 20:31:09,713     -t0
2022-11-09 20:31:09,714     -w
2022-11-09 20:31:09,714     /usr/share/DisplayCAL/ref/ClayRGB1998.gam
2022-11-09 20:31:09,714     -cn
2022-11-09 20:31:09,714     -t.3
2022-11-09 20:31:09,714     -s
2022-11-09 20:31:09,715     'DisplayPort-0 #1 2022-11-09 20-12 120cdm² D6500 sRGB F-S XYZLUT+MTX.gam'
2022-11-09 20:31:09,715     -i
2022-11-09 20:31:09,715     'DisplayPort-0 #1 2022-11-09 20-12 120cdm² D6500 sRGB F-S XYZLUT+MTX vs
2022-11-09 20:31:09,715       ClayRGB1998.wrl'
2022-11-09 20:31:09,715 
2022-11-09 20:31:09,716 Intersecting volume = 1208041.8 cubic units
2022-11-09 20:31:09,716 '/usr/share/DisplayCAL/ref/ClayRGB1998.gam' volume = 1209985.9 cubic units, intersect = 99.84%
2022-11-09 20:31:09,716 'DisplayPort-0 #1 2022-11-09 20-12 120cdm² D6500 sRGB F-S XYZLUT+MTX.gam' volume = 1423498.2 cubic units, intersect = 84.86%
2022-11-09 20:31:09,817 --------------------------------------------------------------------------------
2022-11-09 20:31:09,817 Command line:
2022-11-09 20:31:09,817   /usr/bin/argyll-viewgam
2022-11-09 20:31:09,818     -cw
2022-11-09 20:31:09,818     -t0
2022-11-09 20:31:09,818     -w
2022-11-09 20:31:09,818     /usr/share/DisplayCAL/ref/SMPTE431_P3.gam
2022-11-09 20:31:09,818     -cn
2022-11-09 20:31:09,819     -t.3
2022-11-09 20:31:09,819     -s
2022-11-09 20:31:09,819     'DisplayPort-0 #1 2022-11-09 20-12 120cdm² D6500 sRGB F-S XYZLUT+MTX.gam'
2022-11-09 20:31:09,819     -i
2022-11-09 20:31:09,819     'DisplayPort-0 #1 2022-11-09 20-12 120cdm² D6500 sRGB F-S XYZLUT+MTX vs
2022-11-09 20:31:09,819       SMPTE431_P3.wrl'
2022-11-09 20:31:09,820 
2022-11-09 20:31:09,820 Intersecting volume = 1118706.6 cubic units
2022-11-09 20:31:09,820 '/usr/share/DisplayCAL/ref/SMPTE431_P3.gam' volume = 1176953.5 cubic units, intersect = 95.05%
2022-11-09 20:31:09,820 'DisplayPort-0 #1 2022-11-09 20-12 120cdm² D6500 sRGB F-S XYZLUT+MTX.gam' volume = 1423498.2 cubic units, intersect = 78.59%
2022-11-09 20:31:09,959 --------------------------------------------------------------------------------
