2022-11-10 00:24:21,825 --------------------------------------------------------------------------------
2022-11-10 00:24:21,826 Working directory:
2022-11-10 00:24:21,826   /
2022-11-10 00:24:21,826    tmp/
2022-11-10 00:24:21,826     DisplayCAL-hp2yjf/
2022-11-10 00:24:21,826 
2022-11-10 00:24:21,827 Command line:
2022-11-10 00:24:21,827   /usr/bin/argyll-dispcal
2022-11-10 00:24:21,827     -v2
2022-11-10 00:24:21,827     -d1
2022-11-10 00:24:21,827     -c1
2022-11-10 00:24:21,827     -yn
2022-11-10 00:24:21,828     -P0.539272030651,0.177685950413,1.24867724868
2022-11-10 00:24:21,828     -X
2022-11-10 00:24:21,828     PFS_Phosphor_Family_31Jan17.ccss
2022-11-10 00:24:21,828     -ql
2022-11-10 00:24:21,828     -t6500
2022-11-10 00:24:21,828     -b120.0
2022-11-10 00:24:21,828     -gs
2022-11-10 00:24:21,829     -f1.0
2022-11-10 00:24:21,829     -k0
2022-11-10 00:24:21,829     -A4.0
2022-11-10 00:24:21,829     -b
2022-11-10 00:24:21,829     MAG274QRF-QD1440pV2
2022-11-10 00:24:21,829 
2022-11-10 00:24:21,834 DisplayCAL: Starting interaction with subprocess
2022-11-10 00:24:22,240 Setting up the instrument
2022-11-10 00:24:23,265 Product Name:      Colormunki Display
2022-11-10 00:24:23,265 Serial Number:     C1-22.B-02.015586.02
2022-11-10 00:24:23,265 Firmware Version:  v2.28
2022-11-10 00:24:23,265 Firmware Date:     29Jan14
2022-11-10 00:24:23,268 argyll-dispcal: Warning - new_dispwin: Expected VideoLUT depth 8 doesn't match actual 10
2022-11-10 00:24:23,483 Place instrument on test window.
2022-11-10 00:24:23,484 DisplayCAL: Waiting for send buffer
2022-11-10 00:24:23,485 DisplayCAL: Detected instrument placement (screen/spot) message
2022-11-10 00:24:24,986 DisplayCAL: Skipping place instrument on screen message...
2022-11-10 00:24:25,014 DisplayCAL: Sending buffer: ' '
2022-11-10 00:24:25,066 Hit Esc or Q to give up, any other key to continue:
2022-11-10 00:24:25,066 Display type is 'n'
2022-11-10 00:24:25,066 Target white = 6500.000000 degrees kelvin Daylight spectrum
2022-11-10 00:24:25,066 Target white brightness = 120.000000 cd/m^2
2022-11-10 00:24:25,066 Target black brightness = native brightness
2022-11-10 00:24:25,067 Black point device hack is enabled
2022-11-10 00:24:25,067 Target gamma = sRGB curve
2022-11-10 00:24:25,067 
2022-11-10 00:24:25,069 Display adjustment menu:
2022-11-10 00:24:25,069 Press 1 .. 7
2022-11-10 00:24:25,069 1) Black level (CRT: Offset/Brightness)
2022-11-10 00:24:25,069 2) White point (Color temperature, R,G,B, Gain/Contrast)
2022-11-10 00:24:25,069 3) White level (CRT: Gain/Contrast, LCD: Brightness/Backlight)
2022-11-10 00:24:25,070 4) Black point (R,G,B, Offset/Brightness)
2022-11-10 00:24:25,070 5) Check all
2022-11-10 00:24:25,070 6) Measure and set ambient for viewing condition adjustment
2022-11-10 00:24:25,070 7) Continue on to calibration
2022-11-10 00:24:25,070 8) Exit
2022-11-10 00:24:25,072 DisplayCAL: Waiting for send buffer
2022-11-10 00:24:25,583 DisplayCAL: Sending buffer: '2'
2022-11-10 00:24:25,634 Doing some initial measurements
2022-11-10 00:24:36,052 Red   = XYZ 67.690 30.144  0.829
2022-11-10 00:24:36,053 Green = XYZ 24.215 81.758  7.624
2022-11-10 00:24:36,053 Blue  = XYZ 22.373  8.485 122.475
2022-11-10 00:24:37,628 White = XYZ 114.349 120.618 131.138
2022-11-10 00:24:37,629 
2022-11-10 00:24:37,629 Adjust R,G & B gain to get target x,y. Press space when done.
2022-11-10 00:24:37,629    Target Br 120.00, x 0.3128 , y 0.3292
2022-11-10 00:24:56,950 DisplayCAL: Sending buffer: ' '
2022-11-10 00:24:57,156 / Current Br 120.51, x 0.3122+, y 0.3294-  DE  0.6  R+  G-- B+
2022-11-10 00:24:57,157 
2022-11-10 00:24:57,157 Press 1 .. 7
2022-11-10 00:24:57,157 1) Black level (CRT: Offset/Brightness)
2022-11-10 00:24:57,157 2) White point (Color temperature, R,G,B, Gain/Contrast)
2022-11-10 00:24:57,157 3) White level (CRT: Gain/Contrast, LCD: Brightness/Backlight)
2022-11-10 00:24:57,158 4) Black point (R,G,B, Offset/Brightness)
2022-11-10 00:24:57,158 5) Check all
2022-11-10 00:24:57,158 6) Measure and set ambient for viewing condition adjustment
2022-11-10 00:24:57,158 7) Continue on to calibration
2022-11-10 00:24:57,158 8) Exit
2022-11-10 00:24:57,160 DisplayCAL: Waiting for send buffer
2022-11-10 00:24:58,790 DisplayCAL: Sending buffer: '2'
2022-11-10 00:24:58,842 Doing some initial measurements
2022-11-10 00:25:00,128 White = XYZ 114.225 120.512 131.137
2022-11-10 00:25:00,129 
2022-11-10 00:25:00,130 Adjust R,G & B gain to get target x,y. Press space when done.
2022-11-10 00:25:00,130    Target Br 120.00, x 0.3128 , y 0.3292
2022-11-10 00:25:38,887 DisplayCAL: Sending buffer: ' '
2022-11-10 00:25:39,096 \ Current Br 120.48, x 0.3121+, y 0.3294-  DE  0.7  R+  G-- B+
2022-11-10 00:25:39,096 
2022-11-10 00:25:39,096 Press 1 .. 7
2022-11-10 00:25:39,097 1) Black level (CRT: Offset/Brightness)
2022-11-10 00:25:39,097 2) White point (Color temperature, R,G,B, Gain/Contrast)
2022-11-10 00:25:39,097 3) White level (CRT: Gain/Contrast, LCD: Brightness/Backlight)
2022-11-10 00:25:39,097 4) Black point (R,G,B, Offset/Brightness)
2022-11-10 00:25:39,097 5) Check all
2022-11-10 00:25:39,098 6) Measure and set ambient for viewing condition adjustment
2022-11-10 00:25:39,100 7) Continue on to calibration
2022-11-10 00:25:39,100 8) Exit
2022-11-10 00:25:39,102 DisplayCAL: Waiting for send buffer
2022-11-10 00:25:41,295 DisplayCAL: Sending buffer: '7'
2022-11-10 00:25:41,346 Commencing display calibration
2022-11-10 00:26:21,574 Patch 9 of 9
2022-11-10 00:26:21,574 Black = XYZ 0.0988 0.1050 0.1788
2022-11-10 00:26:21,575 Red   = XYZ 67.609 30.105  0.830
2022-11-10 00:26:21,575 Green = XYZ 24.180 81.685  7.622
2022-11-10 00:26:21,576 Blue  = XYZ 22.372  8.481 122.475
2022-11-10 00:26:21,576 White = XYZ 114.163 120.459 131.137
2022-11-10 00:30:03,645 Patch 48 of 48
2022-11-10 00:30:03,756 Had to scale brightness from 120.000000 to 119.817692 to fit within gamut,
2022-11-10 00:30:03,756 corresponding to aprox. RGB 1.000000 0.995514 0.996081
2022-11-10 00:30:03,756 Target white value is XYZ 113.847384 119.817692 130.304925 [xy 0.312793 0.329197]
2022-11-10 00:30:03,756 Adjusted target black XYZ 0.0988 0.1050 0.1788, Lab 0.792 -0.033 -0.772
2022-11-10 00:30:03,756 Target black after min adjust: XYZ 0.0988 0.1050 0.1788, Lab 0.792 -0.033 -0.772
2022-11-10 00:30:03,758 Gamma curve input offset = 0.000000, output offset = 0.000876, power = 0.000000
2022-11-10 00:30:03,758 Total Iteration 2, Final Samples = 32 Final Repeat threshold = 0.900000
2022-11-10 00:30:03,758 Creating initial calibration curves...
2022-11-10 00:30:03,789 
2022-11-10 00:30:03,790 Doing iteration 1/2 with 16 sample points and repeat threshold of 1.272792 DE
2022-11-10 00:30:05,119 Patch 1 of 16 DE 0.142576, W.DE 0.142576, OK ( < 1.272792)
2022-11-10 00:30:06,527 Patch 2 of 16 DE 1.921591, W.DE 1.921591, Repeat
2022-11-10 00:30:07,967 Patch 2 of 16 DE 0.197553, W.DE 0.197553, OK ( < 1.272792)
2022-11-10 00:30:09,373 Patch 3 of 16 DE 2.008188, W.DE 2.008188, Repeat
2022-11-10 00:30:10,803 Patch 3 of 16 DE 0.295460, W.DE 0.295460, OK ( < 1.272792)
2022-11-10 00:30:12,201 Patch 4 of 16 DE 2.197609, W.DE 2.197609, Repeat
2022-11-10 00:30:13,609 Patch 4 of 16 DE 0.100188, W.DE 0.100188, OK ( < 1.272792)
2022-11-10 00:30:15,009 Patch 5 of 16 DE 1.983683, W.DE 1.983683, Repeat
2022-11-10 00:30:16,411 Patch 5 of 16 DE 0.060505, W.DE 0.060505, OK ( < 1.272792)
2022-11-10 00:30:18,915 Patch 6 of 16 DE 1.071683, W.DE 1.071683, OK ( < 1.272792)
2022-11-10 00:30:21,459 Patch 7 of 16 DE 0.714397, W.DE 0.714397, OK ( < 1.272792)
2022-11-10 00:30:24,064 Patch 8 of 16 DE 0.767213, W.DE 0.767213, OK ( < 1.272792)
2022-11-10 00:30:26,742 Patch 9 of 16 DE 0.799344, W.DE 0.799344, OK ( < 1.272792)
2022-11-10 00:30:29,503 Patch 10 of 16 DE 0.701309, W.DE 0.701309, OK ( < 1.272792)
2022-11-10 00:30:32,385 Patch 11 of 16 DE 1.775291, W.DE 1.775291, Repeat
2022-11-10 00:30:35,270 Patch 11 of 16 DE 0.619004, W.DE 0.619004, OK ( < 1.272792)
2022-11-10 00:30:38,385 Patch 12 of 16 DE 1.258369, W.DE 1.258369, OK ( < 1.272792)
2022-11-10 00:30:42,998 Patch 13 of 16 DE 1.002117, W.DE 1.002117, OK ( < 1.272792)
2022-11-10 00:30:48,424 Patch 14 of 16 DE 1.362792, W.DE 1.362792, Repeat
2022-11-10 00:30:53,498 Patch 14 of 16 DE 0.175700, W.DE 0.175700, OK ( < 1.272792)
2022-11-10 00:30:59,856 Patch 15 of 16 DE 0.696947, W.DE 0.696947, OK ( < 1.272792)
2022-11-10 00:31:06,294 Patch 16 of 16 DE 0.022798, W.DE 22.798031, Repeat
2022-11-10 00:31:31,773 Patch 16 of 16 DE 0.020759, W.DE 20.758889, Repeat
2022-11-10 00:31:38,235 Patch 16 of 16 DE 0.018204, W.DE 18.204033, Repeat
2022-11-10 00:31:44,618 Patch 16 of 16 DE 0.015776, W.DE 15.776471, Repeat
2022-11-10 00:31:51,007 Patch 16 of 16 DE 0.013567, W.DE 13.566527, Repeat
2022-11-10 00:31:57,403 Patch 16 of 16 DE 0.011815, W.DE 11.814584, Repeat
2022-11-10 00:32:03,804 Patch 16 of 16 DE 0.011077, W.DE 11.077311, Repeat
2022-11-10 00:32:10,210 Patch 16 of 16 DE 0.009417, W.DE 9.417082, Repeat
2022-11-10 00:32:16,618 Patch 16 of 16 DE 0.009009, W.DE 9.008549, Repeat
2022-11-10 00:32:23,027 Patch 16 of 16 DE 0.008589, W.DE 8.589491, Fail ( > 1.272792)
2022-11-10 00:32:23,027 
2022-11-10 00:32:23,028 Brightness error = -0.260230 cd/m^2 (is 119.557462, should be 119.817692)
2022-11-10 00:32:23,028 White point error = 0.115257 deltaE
2022-11-10 00:32:23,028 Maximum neutral error (@ 0.120656) = 1.260220 deltaE
2022-11-10 00:32:23,028 Average neutral error = 0.538562 deltaE
2022-11-10 00:32:23,028 Failed to meet target 1.272792 delta E, got worst case 8.589491
2022-11-10 00:32:23,028 Number of measurements taken = 34
2022-11-10 00:32:23,029 Computing update to calibration curves...
2022-11-10 00:32:23,035 
2022-11-10 00:32:23,035 Doing iteration 2/2 with 32 sample points and repeat threshold of 0.900000 DE
2022-11-10 00:32:24,611 Patch 1 of 32 DE 0.061586, W.DE 0.061586, W.peqDE 0.061586, OK ( < 0.900000)
2022-11-10 00:32:25,994 Patch 2 of 32 DE 0.149971, W.DE 0.149971, W.peqDE 0.126317, OK ( < 0.900000)
2022-11-10 00:32:27,378 Patch 3 of 32 DE 0.231132, W.DE 0.231132, W.peqDE 0.198739, OK ( < 0.900000)
2022-11-10 00:32:28,761 Patch 4 of 32 DE 0.310490, W.DE 0.310490, W.peqDE 0.354060, OK ( < 0.900000)
2022-11-10 00:32:30,144 Patch 5 of 32 DE 0.263580, W.DE 0.263580, W.peqDE 0.277053, OK ( < 0.900000)
2022-11-10 00:32:31,526 Patch 6 of 32 DE 0.305558, W.DE 0.305558, W.peqDE 0.298285, OK ( < 0.900000)
2022-11-10 00:32:32,908 Patch 7 of 32 DE 0.143718, W.DE 0.143718, W.peqDE 0.238458, OK ( < 0.900000)
2022-11-10 00:32:34,292 Patch 8 of 32 DE 0.368209, W.DE 0.368209, W.peqDE 0.415789, OK ( < 0.900000)
2022-11-10 00:32:35,675 Patch 9 of 32 DE 0.256482, W.DE 0.256482, W.peqDE 0.249135, OK ( < 0.900000)
2022-11-10 00:32:37,058 Patch 10 of 32 DE 0.596488, W.DE 0.596488, W.peqDE 0.453983, OK ( < 0.900000)
2022-11-10 00:32:39,539 Patch 11 of 32 DE 0.931667, W.DE 0.931667, peqDE 0.732605, Repeat
2022-11-10 00:32:42,024 Patch 11 of 32 DE 0.272050, W.DE 0.272050, W.peqDE 0.347085, OK ( < 0.900000)
2022-11-10 00:32:44,530 Patch 12 of 32 DE 1.149286, W.DE 1.149286, peqDE 0.940224, Repeat
2022-11-10 00:32:47,043 Patch 12 of 32 DE 0.155467, W.DE 0.155467, W.peqDE 0.340229, OK ( < 0.900000)
2022-11-10 00:32:49,567 Patch 13 of 32 DE 0.922018, W.DE 0.922018, peqDE 0.888070, Repeat
2022-11-10 00:32:52,090 Patch 13 of 32 DE 0.184211, W.DE 0.184211, W.peqDE 0.243111, OK ( < 0.900000)
2022-11-10 00:32:54,639 Patch 14 of 32 DE 0.947409, W.DE 0.947409, peqDE 0.942001, Repeat
2022-11-10 00:32:57,191 Patch 14 of 32 DE 0.365638, W.DE 0.365638, W.peqDE 0.380044, OK ( < 0.900000)
2022-11-10 00:32:59,771 Patch 15 of 32 DE 0.891750, W.DE 0.891750, peqDE 0.979055, Repeat
2022-11-10 00:33:02,355 Patch 15 of 32 DE 0.227598, W.DE 0.227598, W.peqDE 0.563987, OK ( < 0.900000)
2022-11-10 00:33:04,968 Patch 16 of 32 DE 0.938301, W.DE 0.938301, peqDE 0.930853, Repeat
2022-11-10 00:33:07,579 Patch 16 of 32 DE 0.076123, W.DE 0.076123, W.peqDE 0.177130, OK ( < 0.900000)
2022-11-10 00:33:10,231 Patch 17 of 32 DE 0.899702, W.DE 0.899702, W.peqDE 0.874871, OK ( < 0.900000)
2022-11-10 00:33:12,916 Patch 18 of 32 DE 0.673236, W.DE 0.673236, W.peqDE 0.609503, OK ( < 0.900000)
2022-11-10 00:33:15,642 Patch 19 of 32 DE 0.195393, W.DE 0.195393, W.peqDE 0.329730, OK ( < 0.900000)
2022-11-10 00:33:18,427 Patch 20 of 32 DE 0.271197, W.DE 0.271197, W.peqDE 0.209920, OK ( < 0.900000)
2022-11-10 00:33:21,280 Patch 21 of 32 DE 0.410323, W.DE 0.410323, W.peqDE 0.396463, OK ( < 0.900000)
2022-11-10 00:33:24,209 Patch 22 of 32 DE 0.471448, W.DE 0.471448, W.peqDE 0.388033, OK ( < 0.900000)
2022-11-10 00:33:27,240 Patch 23 of 32 DE 0.711257, W.DE 0.711257, W.peqDE 0.459018, OK ( < 0.900000)
2022-11-10 00:33:31,381 Patch 24 of 32 DE 1.017546, W.DE 1.017546, peqDE 0.420932, Repeat
2022-11-10 00:33:35,474 Patch 24 of 32 DE 0.162052, W.DE 0.162052, W.peqDE 0.786807, OK ( < 0.900000)
2022-11-10 00:33:39,816 Patch 25 of 32 DE 0.731453, W.DE 0.731453, W.peqDE 0.829908, OK ( < 0.900000)
2022-11-10 00:33:44,422 Patch 26 of 32 DE 0.784416, W.DE 0.784416, W.peqDE 0.755201, OK ( < 0.875905)
2022-11-10 00:33:49,287 Patch 27 of 32 DE 0.802441, W.DE 0.802441, peqDE 0.888728, Repeat
2022-11-10 00:33:54,063 Patch 27 of 32 DE 0.076333, W.DE 0.076333, W.peqDE 0.366878, OK ( < 0.622965)
2022-11-10 00:33:59,347 Patch 28 of 32 DE 0.957363, W.DE 0.957363, peqDE 0.967830, Repeat
2022-11-10 00:34:04,402 Patch 28 of 32 DE 0.131169, W.DE 0.131169, W.peqDE 0.139357, OK ( < 0.487013)
2022-11-10 00:34:10,298 Patch 29 of 32 DE 0.984946, W.DE 0.984946, peqDE 0.992659, Repeat
2022-11-10 00:34:15,807 Patch 29 of 32 DE 0.346304, W.DE 0.346304, W.peqDE 0.381416, OK ( < 0.397694)
2022-11-10 00:34:22,224 Patch 30 of 32 DE 0.708728, W.DE 0.708728, peqDE 0.713247, Repeat
2022-11-10 00:34:28,261 Patch 30 of 32 DE 0.436646, W.DE 0.436646, peqDE 0.433896, Repeat
2022-11-10 00:34:34,074 Patch 30 of 32 DE 0.149349, W.DE 0.149349, W.peqDE 0.183476, OK ( < 0.291871)
2022-11-10 00:34:40,512 Patch 31 of 32 DE 0.261157, W.DE 0.261157, peqDE 0.267963, Repeat
2022-11-10 00:35:06,017 Patch 31 of 32 DE 0.238702, W.DE 0.238702, W.peqDE 0.248420, OK ( < 0.250000)
2022-11-10 00:35:12,535 Patch 32 of 32 DE 0.002414, W.DE 2.414217, peqDE 2.414217, Repeat
2022-11-10 00:35:38,081 Patch 32 of 32 DE 0.002414, W.DE 2.414217, peqDE 2.414217, Repeat
2022-11-10 00:35:44,590 Patch 32 of 32 DE 0.002831, W.DE 2.831221, peqDE 2.831221, Repeat (got worse)
2022-11-10 00:35:51,018 Patch 32 of 32 DE 0.002693, W.DE 2.692549, peqDE 2.692549, Repeat (got worse)
2022-11-10 00:35:57,446 Patch 32 of 32 DE 0.002827, W.DE 2.827306, peqDE 2.827306, Repeat (got worse)
2022-11-10 00:36:03,873 Patch 32 of 32 DE 0.002891, W.DE 2.890578, peqDE 2.890578, Repeat (got worse)
2022-11-10 00:36:10,303 Patch 32 of 32 DE 0.002913, W.DE 2.913393, peqDE 2.913393, Repeat (got worse)
2022-11-10 00:36:16,734 Patch 32 of 32 DE 0.002894, W.DE 2.893930, peqDE 2.893930, Repeat (got worse)
2022-11-10 00:36:23,162 Patch 32 of 32 DE 0.002789, W.DE 2.789174, peqDE 2.789174, Repeat (got worse)
2022-11-10 00:36:29,588 Patch 32 of 32 DE 0.002414, W.DE 2.414217, W.peqDE 2.414217, Fail ( > 0.250000)
2022-11-10 00:36:29,588 
2022-11-10 00:36:29,588 Brightness error = -0.147874 cd/m^2 (is 119.669818, should be 119.817692)
2022-11-10 00:36:29,589 White point error = 0.038922 deltaE
2022-11-10 00:36:29,589 Maximum neutral error (@ 0.313017) = 0.899776 deltaE
2022-11-10 00:36:29,589 Average neutral error = 0.319553 deltaE
2022-11-10 00:36:29,591 Failed to meet target 0.900000 delta E, got worst case 8.589491
2022-11-10 00:36:29,592 Number of measurements taken = 60
2022-11-10 00:36:29,592 Computing update to calibration curves...
2022-11-10 00:36:29,657 The instrument can be removed from the screen.
2022-11-10 00:36:30,199 Written calibration file 'MAG274QRF-QD1440pV2.cal'
2022-11-10 00:36:30,200 DisplayCAL: Reached EOF (OK)
2022-11-10 00:36:30,302 argyll-dispcal exitcode: 0
2022-11-10 00:36:30,394 --------------------------------------------------------------------------------
2022-11-10 00:36:30,395 Working directory:
2022-11-10 00:36:30,395   /
2022-11-10 00:36:30,395    tmp/
2022-11-10 00:36:30,395     DisplayCAL-hp2yjf/
2022-11-10 00:36:30,395 
2022-11-10 00:36:30,396 Command line:
2022-11-10 00:36:30,396   /usr/bin/argyll-dispread
2022-11-10 00:36:30,396     -v
2022-11-10 00:36:30,396     -d1
2022-11-10 00:36:30,396     -c1
2022-11-10 00:36:30,397     -yn
2022-11-10 00:36:30,397     -P0.539272030651,0.177685950413,1.24867724868
2022-11-10 00:36:30,397     -X
2022-11-10 00:36:30,397     PFS_Phosphor_Family_31Jan17.ccss
2022-11-10 00:36:30,397     -k
2022-11-10 00:36:30,397     MAG274QRF-QD1440pV2.cal
2022-11-10 00:36:30,398     MAG274QRF-QD1440pV2
2022-11-10 00:36:30,398 
2022-11-10 00:36:30,402 DisplayCAL: Starting interaction with subprocess
2022-11-10 00:36:30,810 Number of patches = 175
2022-11-10 00:36:30,811 Setting up the instrument
2022-11-10 00:36:31,835 Product Name:      Colormunki Display
2022-11-10 00:36:31,835 Serial Number:     C1-22.B-02.015586.02
2022-11-10 00:36:31,835 Firmware Version:  v2.28
2022-11-10 00:36:31,835 Firmware Date:     29Jan14
2022-11-10 00:36:31,837 argyll-dispread: Warning - new_dispwin: Expected VideoLUT depth 8 doesn't match actual 10
2022-11-10 00:36:32,044 Place instrument on test window.
2022-11-10 00:36:32,045 DisplayCAL: Detected instrument placement (screen/spot) message
2022-11-10 00:36:32,046 DisplayCAL: Waiting for send buffer
2022-11-10 00:36:33,547 DisplayCAL: Skipping place instrument on screen message...
2022-11-10 00:36:33,576 DisplayCAL: Sending buffer: ' '
2022-11-10 00:36:33,627 Hit Esc or Q to give up, any other key to continue:
2022-11-10 00:44:04,887 Patch 175 of 175
2022-11-10 00:44:04,887 The instrument can be removed from the screen.
2022-11-10 00:44:05,383 Written 'MAG274QRF-QD1440pV2.ti3'
2022-11-10 00:44:05,384 DisplayCAL: Reached EOF (OK)
2022-11-10 00:44:05,485 argyll-dispread exitcode: 0
2022-11-10 00:44:05,619 Preparing ChromaticityType tag from TI3 colorants
2022-11-10 00:44:05,625 Storing settings in TI3
2022-11-10 00:44:05,666 Extracting neutrals from /tmp/DisplayCAL-hp2yjf/MAG274QRF-QD1440pV2.ti3
2022-11-10 00:44:05,688 Applying 0% black point correction to TI3
2022-11-10 00:44:05,780 Extracting neutrals from /tmp/DisplayCAL-hp2yjf/MAG274QRF-QD1440pV2.ti3
2022-11-10 00:44:05,807 R=G=B (>= 1% luminance) dE*00 avg 0.261352256275 peak 0.713879535932
2022-11-10 00:44:05,807 Got high quality calibration, using single device to PCS shaper curve for cLUT
2022-11-10 00:44:06,314 Black relative luminance = 0.000882
2022-11-10 00:44:06,315 Black output offset = 1.00
2022-11-10 00:44:06,315 Calibration overall transfer function ≈ sRGB (Δ 0.00%)
2022-11-10 00:44:06,691 Transfer function R ≈ Rec. 1886 (Δ 1.30%)
2022-11-10 00:44:06,691 Got good match (+-2%)
2022-11-10 00:44:07,070 Transfer function G ≈ Rec. 1886 (Δ 1.30%)
2022-11-10 00:44:07,070 Got good match (+-2%)
2022-11-10 00:44:07,450 Transfer function B ≈ Rec. 1886 (Δ 1.30%)
2022-11-10 00:44:07,451 Got good match (+-2%)
2022-11-10 00:44:07,875 Using transfer function for R: Rec. 1886
2022-11-10 00:44:08,299 Using transfer function for G: Rec. 1886
2022-11-10 00:44:08,743 Using transfer function for B: Rec. 1886
2022-11-10 00:44:08,757 Initial cLUT resolution 5x5x5
2022-11-10 00:44:08,759 cLUT input curve segments: 5
2022-11-10 00:44:08,788 #1 X prev 0.048623 next 0.206288 clip False
2022-11-10 00:44:08,817 #2 X prev 0.206288 next 0.503895 clip False
2022-11-10 00:44:08,849 #3 X prev 0.503895 next 0.964200 clip False
2022-11-10 00:44:08,941 #1 Y prev 0.050428 next 0.213947 clip False
2022-11-10 00:44:08,972 #2 Y prev 0.213947 next 0.522604 clip False
2022-11-10 00:44:09,004 #3 Y prev 0.522604 next 1.000000 clip False
2022-11-10 00:44:09,097 #1 Z prev 0.041598 next 0.176485 clip False
2022-11-10 00:44:09,126 #2 Z prev 0.176485 next 0.431096 clip False
2022-11-10 00:44:09,157 #3 Z prev 0.431096 next 0.824900 clip False
2022-11-10 00:44:09,823 cLUT input curve segments: 33
2022-11-10 00:44:09,828 #1 X prev 0.001602 next 0.004249 clip False
2022-11-10 00:44:09,833 #2 X prev 0.004249 next 0.008078 clip False
2022-11-10 00:44:09,837 #3 X prev 0.008078 next 0.013207 clip False
2022-11-10 00:44:09,841 #4 X prev 0.013207 next 0.019738 clip False
2022-11-10 00:44:09,844 #5 X prev 0.019738 next 0.027762 clip False
2022-11-10 00:44:09,848 #6 X prev 0.027762 next 0.037364 clip False
2022-11-10 00:44:09,852 #7 X prev 0.037364 next 0.048623 clip False
2022-11-10 00:44:09,857 #8 X prev 0.048623 next 0.061610 clip False
2022-11-10 00:44:09,861 #9 X prev 0.061610 next 0.076396 clip False
2022-11-10 00:44:09,865 #10 X prev 0.076396 next 0.093044 clip False
2022-11-10 00:44:09,869 #11 X prev 0.093044 next 0.111616 clip False
2022-11-10 00:44:09,872 #12 X prev 0.111616 next 0.132172 clip False
2022-11-10 00:44:09,876 #13 X prev 0.132172 next 0.154766 clip False
2022-11-10 00:44:09,880 #14 X prev 0.154766 next 0.179454 clip False
2022-11-10 00:44:09,885 #15 X prev 0.179454 next 0.206288 clip False
2022-11-10 00:44:09,889 #16 X prev 0.206288 next 0.235317 clip False
2022-11-10 00:44:09,894 #17 X prev 0.235317 next 0.266590 clip False
2022-11-10 00:44:09,899 #18 X prev 0.266590 next 0.300154 clip False
2022-11-10 00:44:09,903 #19 X prev 0.300154 next 0.336055 clip False
2022-11-10 00:44:09,907 #20 X prev 0.336055 next 0.374337 clip False
2022-11-10 00:44:09,911 #21 X prev 0.374337 next 0.415043 clip False
2022-11-10 00:44:09,916 #22 X prev 0.415043 next 0.458216 clip False
2022-11-10 00:44:09,920 #23 X prev 0.458216 next 0.503895 clip False
2022-11-10 00:44:09,924 #24 X prev 0.503895 next 0.552121 clip False
2022-11-10 00:44:09,928 #25 X prev 0.552121 next 0.602934 clip False
2022-11-10 00:44:09,932 #26 X prev 0.602934 next 0.656371 clip False
2022-11-10 00:44:09,936 #27 X prev 0.656371 next 0.712469 clip False
2022-11-10 00:44:09,940 #28 X prev 0.712469 next 0.771266 clip False
2022-11-10 00:44:09,945 #29 X prev 0.771266 next 0.832796 clip False
2022-11-10 00:44:09,949 #30 X prev 0.832796 next 0.897096 clip False
2022-11-10 00:44:09,953 #31 X prev 0.897096 next 0.964200 clip False
2022-11-10 00:44:09,998 #1 Y prev 0.001661 next 0.004406 clip False
2022-11-10 00:44:10,002 #2 Y prev 0.004406 next 0.008378 clip False
2022-11-10 00:44:10,006 #3 Y prev 0.008378 next 0.013698 clip False
2022-11-10 00:44:10,010 #4 Y prev 0.013698 next 0.020470 clip False
2022-11-10 00:44:10,014 #5 Y prev 0.020470 next 0.028793 clip False
2022-11-10 00:44:10,018 #6 Y prev 0.028793 next 0.038751 clip False
2022-11-10 00:44:10,023 #7 Y prev 0.038751 next 0.050428 clip False
2022-11-10 00:44:10,027 #8 Y prev 0.050428 next 0.063898 clip False
2022-11-10 00:44:10,031 #9 Y prev 0.063898 next 0.079232 clip False
2022-11-10 00:44:10,035 #10 Y prev 0.079232 next 0.096499 clip False
2022-11-10 00:44:10,039 #11 Y prev 0.096499 next 0.115760 clip False
2022-11-10 00:44:10,044 #12 Y prev 0.115760 next 0.137079 clip False
2022-11-10 00:44:10,049 #13 Y prev 0.137079 next 0.160512 clip False
2022-11-10 00:44:10,052 #14 Y prev 0.160512 next 0.186117 clip False
2022-11-10 00:44:10,056 #15 Y prev 0.186117 next 0.213947 clip False
2022-11-10 00:44:10,060 #16 Y prev 0.213947 next 0.244054 clip False
2022-11-10 00:44:10,065 #17 Y prev 0.244054 next 0.276488 clip False
2022-11-10 00:44:10,069 #18 Y prev 0.276488 next 0.311298 clip False
2022-11-10 00:44:10,073 #19 Y prev 0.311298 next 0.348532 clip False
2022-11-10 00:44:10,077 #20 Y prev 0.348532 next 0.388236 clip False
2022-11-10 00:44:10,081 #21 Y prev 0.388236 next 0.430453 clip False
2022-11-10 00:44:10,087 #22 Y prev 0.430453 next 0.475229 clip False
2022-11-10 00:44:10,092 #23 Y prev 0.475229 next 0.522604 clip False
2022-11-10 00:44:10,096 #24 Y prev 0.522604 next 0.572621 clip False
2022-11-10 00:44:10,099 #25 Y prev 0.572621 next 0.625320 clip False
2022-11-10 00:44:10,103 #26 Y prev 0.625320 next 0.680741 clip False
2022-11-10 00:44:10,108 #27 Y prev 0.680741 next 0.738923 clip False
2022-11-10 00:44:10,112 #28 Y prev 0.738923 next 0.799902 clip False
2022-11-10 00:44:10,116 #29 Y prev 0.799902 next 0.863718 clip False
2022-11-10 00:44:10,122 #30 Y prev 0.863718 next 0.930405 clip False
2022-11-10 00:44:10,126 #31 Y prev 0.930405 next 1.000000 clip False
2022-11-10 00:44:10,166 #1 Z prev 0.001370 next 0.003635 clip False
2022-11-10 00:44:10,170 #2 Z prev 0.003635 next 0.006911 clip False
2022-11-10 00:44:10,174 #3 Z prev 0.006911 next 0.011299 clip False
2022-11-10 00:44:10,178 #4 Z prev 0.011299 next 0.016886 clip False
2022-11-10 00:44:10,182 #5 Z prev 0.016886 next 0.023751 clip False
2022-11-10 00:44:10,186 #6 Z prev 0.023751 next 0.031966 clip False
2022-11-10 00:44:10,190 #7 Z prev 0.031966 next 0.041598 clip False
2022-11-10 00:44:10,195 #8 Z prev 0.041598 next 0.052709 clip False
2022-11-10 00:44:10,200 #9 Z prev 0.052709 next 0.065359 clip False
2022-11-10 00:44:10,204 #10 Z prev 0.065359 next 0.079602 clip False
2022-11-10 00:44:10,208 #11 Z prev 0.079602 next 0.095491 clip False
2022-11-10 00:44:10,211 #12 Z prev 0.095491 next 0.113076 clip False
2022-11-10 00:44:10,215 #13 Z prev 0.113076 next 0.132407 clip False
2022-11-10 00:44:10,219 #14 Z prev 0.132407 next 0.153528 clip False
2022-11-10 00:44:10,224 #15 Z prev 0.153528 next 0.176485 clip False
2022-11-10 00:44:10,228 #16 Z prev 0.176485 next 0.201320 clip False
2022-11-10 00:44:10,233 #17 Z prev 0.201320 next 0.228075 clip False
2022-11-10 00:44:10,237 #18 Z prev 0.228075 next 0.256790 clip False
2022-11-10 00:44:10,241 #19 Z prev 0.256790 next 0.287504 clip False
2022-11-10 00:44:10,245 #20 Z prev 0.287504 next 0.320256 clip False
2022-11-10 00:44:10,249 #21 Z prev 0.320256 next 0.355081 clip False
2022-11-10 00:44:10,254 #22 Z prev 0.355081 next 0.392016 clip False
2022-11-10 00:44:10,258 #23 Z prev 0.392016 next 0.431096 clip False
2022-11-10 00:44:10,262 #24 Z prev 0.431096 next 0.472355 clip False
2022-11-10 00:44:10,266 #25 Z prev 0.472355 next 0.515827 clip False
2022-11-10 00:44:10,270 #26 Z prev 0.515827 next 0.561544 clip False
2022-11-10 00:44:10,275 #27 Z prev 0.561544 next 0.609537 clip False
2022-11-10 00:44:10,279 #28 Z prev 0.609537 next 0.659839 clip False
2022-11-10 00:44:10,283 #29 Z prev 0.659839 next 0.712481 clip False
2022-11-10 00:44:10,287 #30 Z prev 0.712481 next 0.767491 clip False
2022-11-10 00:44:10,292 #31 Z prev 0.767491 next 0.824900 clip False
2022-11-10 00:44:10,428 Final interpolated cLUT resolution 33x33x33
2022-11-10 00:44:10,436 --------------------------------------------------------------------------------
2022-11-10 00:44:10,437 Creating matrix from primaries
2022-11-10 00:44:10,437 Using chromatic adaptation transform matrix: Bradford
2022-11-10 00:44:10,525 Generating A2B1 by copying A2B0
2022-11-10 00:44:10,547 Making distinct A2B0
2022-11-10 00:44:10,572 Applying black point compensation to A2B0: L*a*b* 0.000000 0.000000 0.000000
2022-11-10 00:44:12,400 --------------------------------------------------------------------------------
2022-11-10 00:44:12,401 Generating B2A1 table by inverting A2B1 table
2022-11-10 00:44:12,401 
2022-11-10 00:44:12,401 Using chromatic adaptation transform matrix: Bradford
2022-11-10 00:44:12,422 Black XYZ: 0.0009 0.0009 0.0007
2022-11-10 00:44:12,423 White XYZ: 0.9642 1.0000 0.8249
2022-11-10 00:44:12,423 R XYZ: 0.5960 0.2651 0.0038
2022-11-10 00:44:12,423 G XYZ: 0.2227 0.6770 0.0560
2022-11-10 00:44:12,424 B XYZ: 0.1457 0.0578 0.7659
2022-11-10 00:44:12,424 Generating input curve PCS values...
2022-11-10 00:44:12,577 Looking up input curve RGB values...
2022-11-10 00:44:12,578 Setting up matrix
2022-11-10 00:44:12,578 Increasing saturation of actual primaries for PCS candidate to 103%...
2022-11-10 00:44:12,579 R xy 0.689070 0.306520 -> 0.699371 0.304959
2022-11-10 00:44:12,579 G xy 0.233044 0.708392 -> 0.229664 0.718887
2022-11-10 00:44:12,579 B xy 0.150260 0.059657 -> 0.144396 0.050690
2022-11-10 00:44:12,580 Checking for suitable PCS candidate...
2022-11-10 00:44:12,580 PCS candidate based on actual primaries fit: 1.01 (area: 94.26%)
2022-11-10 00:44:12,581 Using primaries: PCS candidate based on actual primaries
2022-11-10 00:44:12,581 Using R XYZ: 0.6048 0.2637 -0.0037
2022-11-10 00:44:12,581 Using G XYZ: 0.2195 0.6872 0.0492
2022-11-10 00:44:12,581 Using B XYZ: 0.1398 0.0491 0.7795
2022-11-10 00:44:12,582 R+G+B XYZ: 0.9642 1.0000 0.8249
2022-11-10 00:44:12,582 Correction factors: 1.0000 1.0000 1.0000
2022-11-10 00:44:12,582 Matrix 1:
2022-11-10 00:44:12,583 [1.907674169853705, -0.587603722323389, -0.30521967783919685]
2022-11-10 00:44:12,583 [-0.7361376804740049, 1.6885684791866837, 0.025718841467270798]
2022-11-10 00:44:12,583 [0.05561065939623838, -0.10936028564164724, 1.2798405720109036]
2022-11-10 00:44:12,583 Matrix 2:
2022-11-10 00:44:12,584 [1.907657947955325, -0.5875987256378847, -0.305217082405094]
2022-11-10 00:44:12,584 [-0.736139427821882, 1.6885724872909091, 0.025718902515311438]
2022-11-10 00:44:12,584 [0.05561135226193235, -0.1093616481860052, 1.2798565178320058]
2022-11-10 00:44:12,585 Matrix 3:
2022-11-10 00:44:12,585 [1.999969482421875, 0, 0]
2022-11-10 00:44:12,585 [0, 1.999969482421875, 0]
2022-11-10 00:44:12,585 [0, 0, 1.999969482421875]
2022-11-10 00:44:12,586 Final matrix:
2022-11-10 00:44:12,586 [3.8152576788101875, -1.1751795191857537, -0.6104248503240306]
2022-11-10 00:44:12,586 [-1.4722563904512647, 3.377093443439018, 0.051437020152006074]
2022-11-10 00:44:12,587 [0.1112210074000774, -0.21871995891936802, 2.5596739775427397]
2022-11-10 00:44:12,587 Applying matrix to input curve XYZ values...
2022-11-10 00:44:12,597 Generating input curves...
2022-11-10 00:44:16,459 100%
2022-11-10 00:44:16,459 Generating A2B1 table lookup input values...
2022-11-10 00:44:16,459 cLUT grid res: 33
2022-11-10 00:44:16,459 Looking up input values through A2B1 table (9 workers)...
2022-11-10 00:44:16,460 Using CAM Jab for clipping
2022-11-10 00:44:27,169 100%
2022-11-10 00:44:27,169 Input black XYZ: 0.000854 0.000885 0.000732
2022-11-10 00:44:27,170 Input white XYZ: 0.964203 1.000000 0.824890
2022-11-10 00:44:27,202 Output black RGB: 0.0000 0.0000 0.0000
2022-11-10 00:44:27,202 Output white RGB: 100.0000 100.0000 100.0000
2022-11-10 00:44:27,216 Filling cLUT...
2022-11-10 00:44:27,332 100%
2022-11-10 00:44:27,439 Generating output curves...
2022-11-10 00:44:27,641 Setting curve entry #0 (0.000000 0.000000 0.000000) to black because it got clipped
2022-11-10 00:44:27,641 Setting curve entry #1 (0.000000 0.000000 0.000000) to black because it got clipped
2022-11-10 00:44:27,642 Setting curve entry #4095 (1.000000 1.000000 1.000000) to white because it got clipped
2022-11-10 00:44:27,692 Smoothing B2A1...
2022-11-10 00:44:29,497 Generating B2A0 table by inverting A2B0 table
2022-11-10 00:44:29,497 
2022-11-10 00:44:29,498 Using chromatic adaptation transform matrix: Bradford
2022-11-10 00:44:29,520 Black XYZ: 0.0000 0.0000 0.0000
2022-11-10 00:44:29,520 White XYZ: 0.9642 1.0000 0.8249
2022-11-10 00:44:29,520 R XYZ: 0.5950 0.2647 0.0038
2022-11-10 00:44:29,520 G XYZ: 0.2223 0.6758 0.0559
2022-11-10 00:44:29,521 B XYZ: 0.1454 0.0577 0.7646
2022-11-10 00:44:29,521 Generating input curve PCS values...
2022-11-10 00:44:29,594 Looking up input curve RGB values...
2022-11-10 00:44:29,618 R+G+B XYZ: 0.9659 1.0018 0.8264
2022-11-10 00:44:29,618 Correction factors: 0.9982 0.9982 0.9982
2022-11-10 00:44:29,618 Matrix 1:
2022-11-10 00:44:29,619 [1.9082626761825698, -0.5889960290487896, -0.30637198753251427]
2022-11-10 00:44:29,619 [-0.7378765592794133, 1.6891914025388337, 0.024857138476700597]
2022-11-10 00:44:29,619 [0.05457554884461188, -0.11033533209349765, 1.2801056612885686]
2022-11-10 00:44:29,620 Matrix 2:
2022-11-10 00:44:29,620 [1.911640339284667, -0.5900385638001266, -0.3069142720778866]
2022-11-10 00:44:29,620 [-0.7391826155468694, 1.6921813051051562, 0.02490113610894713]
2022-11-10 00:44:29,620 [0.054672148657577836, -0.11053062783800979, 1.2823714739111627]
2022-11-10 00:44:29,621 Matrix 3:
2022-11-10 00:44:29,621 [1.999969482421875, 0, 0]
2022-11-10 00:44:29,621 [0, 1.999969482421875, 0]
2022-11-10 00:44:29,621 [0, 0, 1.999969482421875]
2022-11-10 00:44:29,622 Final matrix:
2022-11-10 00:44:29,622 [3.823222339935933, -1.1800591210522857, -0.6138191778754973]
2022-11-10 00:44:29,622 [-1.4783426730305202, 3.3843109689351323, 0.04980151229552766]
2022-11-10 00:44:29,623 [0.10934262885358775, -0.22105788254894934, 2.564703812950685]
2022-11-10 00:44:29,623 Applying matrix to input curve XYZ values...
2022-11-10 00:44:29,635 Generating input curves...
2022-11-10 00:44:33,530 100%
2022-11-10 00:44:33,534 --------------------------------------------------------------------------------
2022-11-10 00:44:33,534 Creating shaper tags in separate step
2022-11-10 00:44:33,534 Using chromatic adaptation transform matrix: Bradford
2022-11-10 00:44:33,552 Extracting neutrals from /tmp/DisplayCAL-hp2yjf/MAG274QRF-QD1440pV2.ti3
2022-11-10 00:44:33,567 NUMBER_OF_FIELDS 7
2022-11-10 00:44:33,567 BEGIN_DATA_FORMAT
2022-11-10 00:44:33,567 SAMPLE_ID RGB_R RGB_G RGB_B XYZ_X XYZ_Y XYZ_Z
2022-11-10 00:44:33,567 END_DATA_FORMAT
2022-11-10 00:44:33,567 
2022-11-10 00:44:33,567 NUMBER_OF_SETS 52
2022-11-10 00:44:33,567 BEGIN_DATA
2022-11-10 00:44:33,567 1 0.0000000 0.0000000 0.0000000 0.0837901 0.0881612 0.0960648
2022-11-10 00:44:33,567 2 1.9608000 1.9608000 1.9608000 0.1640935 0.1720731 0.2009300
2022-11-10 00:44:33,567 3 3.9216000 3.9216000 3.9216000 0.3267431 0.3449050 0.3986641
2022-11-10 00:44:33,567 4 5.8824000 5.8824000 5.8824000 0.5102902 0.5352550 0.6095283
2022-11-10 00:44:33,567 5 7.8431000 7.8431000 7.8431000 0.7221948 0.7641649 0.8425482
2022-11-10 00:44:33,567 6 9.8039000 9.8039000 9.8039000 0.9969551 1.0472088 1.1498138
2022-11-10 00:44:33,567 7 11.765000 11.765000 11.765000 1.3210352 1.3970687 1.5044486
2022-11-10 00:44:33,567 8 13.726000 13.726000 13.726000 1.7083802 1.8044886 1.9691444
2022-11-10 00:44:33,567 9 15.686000 15.686000 15.686000 2.1457581 2.2694384 2.4567237
2022-11-10 00:44:33,567 10 17.647000 17.647000 17.647000 2.6385173 2.7849483 3.0171986
2022-11-10 00:44:33,567 11 19.608000 19.608000 19.608000 3.1681469 3.3318981 3.6486383
2022-11-10 00:44:33,567 12 21.569000 21.569000 21.569000 3.7421766 3.9331280 4.2877959
2022-11-10 00:44:33,567 13 23.529000 23.529000 23.529000 4.3708964 4.5826578 4.9968686
2022-11-10 00:44:33,567 14 25.490000 25.490000 25.490000 5.0297662 5.2791076 5.7370695
2022-11-10 00:44:33,567 15 27.451000 27.451000 27.451000 5.7624360 6.0556173 6.5966896
2022-11-10 00:44:33,567 16 29.412000 29.412000 29.412000 6.5827557 6.9109071 7.5316595
2022-11-10 00:44:33,567 17 31.373000 31.373000 31.373000 7.4690455 7.8519168 8.5226892
2022-11-10 00:44:33,568 18 33.333000 33.333000 33.333000 8.4759452 8.9128465 9.7244089
2022-11-10 00:44:33,568 19 35.294000 35.294000 35.294000 9.6263949 10.130826 11.015529
2022-11-10 00:44:33,568 20 37.255000 37.255000 37.255000 10.795625 11.369826 12.405928
2022-11-10 00:44:33,568 21 39.216000 39.216000 39.216000 12.010224 12.678225 13.822528
2022-11-10 00:44:33,568 22 41.176000 41.176000 41.176000 13.325324 14.098225 15.370127
2022-11-10 00:44:33,568 23 43.137000 43.137000 43.137000 14.715223 15.549625 16.941327
2022-11-10 00:44:33,568 24 45.098000 45.098000 45.098000 16.238823 17.090824 18.656426
2022-11-10 00:44:33,568 25 47.059000 47.059000 47.059000 17.832722 18.753424 20.428026
2022-11-10 00:44:33,568 26 49.020000 49.020000 49.020000 19.429622 20.509423 22.286925
2022-11-10 00:44:33,568 27 50.980000 50.980000 50.980000 21.166321 22.355523 24.319125
2022-11-10 00:44:33,568 28 52.941000 52.941000 52.941000 23.049921 24.257922 26.346024
2022-11-10 00:44:33,568 29 54.902000 54.902000 54.902000 24.953420 26.254321 28.540623
2022-11-10 00:44:33,568 30 56.863000 56.863000 56.863000 26.882520 28.217921 30.645023
2022-11-10 00:44:33,568 31 58.824000 58.824000 58.824000 28.898719 30.337120 33.095722
2022-11-10 00:44:33,568 32 60.784000 60.784000 60.784000 31.122619 32.633920 35.553021
2022-11-10 00:44:33,568 33 62.745000 62.745000 62.745000 33.334218 34.964119 38.163421
2022-11-10 00:44:33,568 34 64.706000 64.706000 64.706000 35.542817 37.353818 40.622020
2022-11-10 00:44:33,568 35 66.667000 66.667000 66.667000 38.039617 40.017017 43.540119
2022-11-10 00:44:33,568 36 68.627000 68.627000 68.627000 40.730516 42.891117 46.612318
2022-11-10 00:44:33,568 37 70.588000 70.588000 70.588000 43.436815 45.672416 49.683317
2022-11-10 00:44:33,568 38 72.549000 72.549000 72.549000 46.066114 48.484915 52.602416
2022-11-10 00:44:33,568 39 74.510000 74.510000 74.510000 48.789413 51.360114 55.827116
2022-11-10 00:44:33,568 40 76.471000 76.471000 76.471000 51.571313 54.356313 59.052915
2022-11-10 00:44:33,568 41 78.431000 78.431000 78.431000 54.471812 57.348512 62.277914
2022-11-10 00:44:33,568 42 80.392000 80.392000 80.392000 57.615811 60.646411 65.963213
2022-11-10 00:44:33,568 43 82.353000 82.353000 82.353000 60.818410 64.065510 69.649711
2022-11-10 00:44:33,568 44 84.314000 84.314000 84.314000 64.188909 67.575409 73.641610
2022-11-10 00:44:33,568 45 86.275000 86.275000 86.275000 67.573508 71.238708 77.635209
2022-11-10 00:44:33,568 46 88.235000 88.235000 88.235000 71.167507 75.020107 81.781708
2022-11-10 00:44:33,568 47 90.196000 90.196000 90.196000 74.790906 78.862006 85.928807
2022-11-10 00:44:33,568 48 92.157000 92.157000 92.157000 78.582105 82.794805 90.381305
2022-11-10 00:44:33,568 49 94.118000 94.118000 94.118000 82.385604 86.694204 94.680604
2022-11-10 00:44:33,568 50 96.078000 96.078000 96.078000 86.355803 90.930703 99.288403
2022-11-10 00:44:33,569 51 98.039000 98.039000 98.039000 90.577101 95.312401 103.89600
2022-11-10 00:44:33,569 52 100.00000 100.00000 100.00000 95.041900 100.00000 108.96500
2022-11-10 00:44:33,569 END_DATA
2022-11-10 00:44:33,569 --------------------------------------------------------------------------------
2022-11-10 00:44:33,962 Black relative luminance = 0.000882
2022-11-10 00:44:33,962 Black output offset = 1.00
2022-11-10 00:44:33,962 Calibration overall transfer function ≈ sRGB (Δ 0.00%)
2022-11-10 00:44:34,009 Transfer function R ≈ Rec. 1886 (Δ 1.26%)
2022-11-10 00:44:34,010 Got good match (+-2%)
2022-11-10 00:44:34,057 Transfer function G ≈ Rec. 1886 (Δ 1.26%)
2022-11-10 00:44:34,057 Got good match (+-2%)
2022-11-10 00:44:34,103 Transfer function B ≈ Rec. 1886 (Δ 1.26%)
2022-11-10 00:44:34,103 Got good match (+-2%)
2022-11-10 00:44:34,158 Using transfer function for R: Rec. 1886
2022-11-10 00:44:34,212 Using transfer function for G: Rec. 1886
2022-11-10 00:44:34,267 Using transfer function for B: Rec. 1886
2022-11-10 00:44:34,268 Adding rTRC from interpolation to MAG274QRF-QD1440pV2
2022-11-10 00:44:34,268 Adding gTRC from interpolation to MAG274QRF-QD1440pV2
2022-11-10 00:44:34,268 Adding bTRC from interpolation to MAG274QRF-QD1440pV2
2022-11-10 00:44:34,638 --------------------------------------------------------------------------------
2022-11-10 00:44:34,638 Working directory:
2022-11-10 00:44:34,639   /
2022-11-10 00:44:34,639    tmp/
2022-11-10 00:44:34,639     DisplayCAL-hp2yjf/
2022-11-10 00:44:34,639 
2022-11-10 00:44:34,640 Command line:
2022-11-10 00:44:34,640   /usr/bin/argyll-profcheck
2022-11-10 00:44:34,640     MAG274QRF-QD1440pV2.ti3
2022-11-10 00:44:34,640     MAG274QRF-QD1440pV2.icc
2022-11-10 00:44:34,640 
2022-11-10 00:44:34,648 Profile check complete, errors: max. = 1.018637, avg. = 0.120004, RMS = 0.241351
2022-11-10 00:44:34,649 argyll-profcheck exitcode: 0
2022-11-10 00:44:34,649 --------------------------------------------------------------------------------
2022-11-10 00:44:34,649 Generating gamut views...
2022-11-10 00:44:35,401 --------------------------------------------------------------------------------
2022-11-10 00:44:35,401 Working directory:
2022-11-10 00:44:35,401   /
2022-11-10 00:44:35,401    tmp/
2022-11-10 00:44:35,402     DisplayCAL-hp2yjf/
2022-11-10 00:44:35,402 
2022-11-10 00:44:35,402 Command line:
2022-11-10 00:44:35,402   /usr/bin/argyll-iccgamut
2022-11-10 00:44:35,402     -v
2022-11-10 00:44:35,403     -w
2022-11-10 00:44:35,403     -ir
2022-11-10 00:44:35,403     -ff
2022-11-10 00:44:35,403     -on
2022-11-10 00:44:35,403     -d10.00
2022-11-10 00:44:35,403     MAG274QRF-QD1440pV2.icc
2022-11-10 00:44:35,403 
2022-11-10 00:44:35,885 Header:
2022-11-10 00:44:35,885   size         = 942532 bytes
2022-11-10 00:44:35,885   CMM          = 'argl'
2022-11-10 00:44:35,885   Version      = 2.2.0
2022-11-10 00:44:35,885   Device Class = Display
2022-11-10 00:44:35,885   Color Space  = RGB
2022-11-10 00:44:35,885   Conn. Space  = XYZ
2022-11-10 00:44:35,885   Date, Time   = 10 Nov 2022, 0:44:05
2022-11-10 00:44:35,885   Platform     = *nix
2022-11-10 00:44:35,885   Flags        = Not Embedded Profile, Use anywhere
2022-11-10 00:44:35,885   Dev. Mnfctr. = 0x0
2022-11-10 00:44:35,885   Dev. Model   = 0x0
2022-11-10 00:44:35,885   Dev. Attrbts = Reflective, Glossy, Positive, Color
2022-11-10 00:44:35,885   Rndrng Intnt = Perceptual
2022-11-10 00:44:35,885   Illuminant   = 0.96420288, 1.00000000, 0.82490540    [Lab 100.000000, 0.000000, 0.000000]
2022-11-10 00:44:35,886   Creator      = 'DCAL'
2022-11-10 00:44:35,886 
2022-11-10 00:44:35,886 Total volume of gamut is 1387353.843112 cubic colorspace units
2022-11-10 00:44:35,886 argyll-iccgamut exitcode: 0
2022-11-10 00:44:36,826 --------------------------------------------------------------------------------
2022-11-10 00:44:36,826 Command line:
2022-11-10 00:44:36,826   /usr/bin/argyll-viewgam
2022-11-10 00:44:36,826     -cw
2022-11-10 00:44:36,827     -t0
2022-11-10 00:44:36,827     -w
2022-11-10 00:44:36,827     /usr/share/DisplayCAL/ref/sRGB.gam
2022-11-10 00:44:36,827     -cn
2022-11-10 00:44:36,827     -t.3
2022-11-10 00:44:36,827     -s
2022-11-10 00:44:36,828     MAG274QRF-QD1440pV2.gam
2022-11-10 00:44:36,828     -i
2022-11-10 00:44:36,828     'MAG274QRF-QD1440pV2 vs sRGB.wrl'
2022-11-10 00:44:36,828 
2022-11-10 00:44:36,828 Intersecting volume = 833152.3 cubic units
2022-11-10 00:44:36,828 '/usr/share/DisplayCAL/ref/sRGB.gam' volume = 833675.1 cubic units, intersect = 99.94%
2022-11-10 00:44:36,828 'MAG274QRF-QD1440pV2.gam' volume = 1387353.4 cubic units, intersect = 60.05%
2022-11-10 00:44:37,188 --------------------------------------------------------------------------------
2022-11-10 00:44:37,188 Command line:
2022-11-10 00:44:37,189   /usr/bin/argyll-viewgam
2022-11-10 00:44:37,189     -cw
2022-11-10 00:44:37,189     -t0
2022-11-10 00:44:37,189     -w
2022-11-10 00:44:37,189     /usr/share/DisplayCAL/ref/ClayRGB1998.gam
2022-11-10 00:44:37,189     -cn
2022-11-10 00:44:37,190     -t.3
2022-11-10 00:44:37,190     -s
2022-11-10 00:44:37,190     MAG274QRF-QD1440pV2.gam
2022-11-10 00:44:37,190     -i
2022-11-10 00:44:37,190     'MAG274QRF-QD1440pV2 vs ClayRGB1998.wrl'
2022-11-10 00:44:37,190 
2022-11-10 00:44:37,191 Intersecting volume = 1204196.7 cubic units
2022-11-10 00:44:37,191 '/usr/share/DisplayCAL/ref/ClayRGB1998.gam' volume = 1209985.9 cubic units, intersect = 99.52%
2022-11-10 00:44:37,191 'MAG274QRF-QD1440pV2.gam' volume = 1387353.4 cubic units, intersect = 86.80%
2022-11-10 00:44:37,191 --------------------------------------------------------------------------------
2022-11-10 00:44:37,191 Command line:
2022-11-10 00:44:37,191   /usr/bin/argyll-viewgam
2022-11-10 00:44:37,191     -cw
2022-11-10 00:44:37,191     -t0
2022-11-10 00:44:37,192     -w
2022-11-10 00:44:37,192     /usr/share/DisplayCAL/ref/SMPTE431_P3.gam
2022-11-10 00:44:37,192     -cn
2022-11-10 00:44:37,192     -t.3
2022-11-10 00:44:37,192     -s
2022-11-10 00:44:37,192     MAG274QRF-QD1440pV2.gam
2022-11-10 00:44:37,193     -i
2022-11-10 00:44:37,193     'MAG274QRF-QD1440pV2 vs SMPTE431_P3.wrl'
2022-11-10 00:44:37,193 
2022-11-10 00:44:37,193 Intersecting volume = 1113199.1 cubic units
2022-11-10 00:44:37,193 '/usr/share/DisplayCAL/ref/SMPTE431_P3.gam' volume = 1176953.5 cubic units, intersect = 94.58%
2022-11-10 00:44:37,193 'MAG274QRF-QD1440pV2.gam' volume = 1387353.4 cubic units, intersect = 80.24%
2022-11-10 00:44:37,336 --------------------------------------------------------------------------------
