2022-11-09 20:52:15,484 --------------------------------------------------------------------------------
2022-11-09 20:52:15,484 Working directory:
2022-11-09 20:52:15,485   /
2022-11-09 20:52:15,485    tmp/
2022-11-09 20:52:15,485     DisplayCAL-nSg40u/
2022-11-09 20:52:15,485 
2022-11-09 20:52:15,485 Command line:
2022-11-09 20:52:15,485   /usr/bin/argyll-dispcal
2022-11-09 20:52:15,486     -v2
2022-11-09 20:52:15,486     -d1
2022-11-09 20:52:15,486     -c1
2022-11-09 20:52:15,486     -yn
2022-11-09 20:52:15,486     -P0.424329501916,0.943181818182,1.24867724868
2022-11-09 20:52:15,487     -X
2022-11-09 20:52:15,487     PFS_Phosphor_Family_31Jan17.ccss
2022-11-09 20:52:15,487     -ql
2022-11-09 20:52:15,487     -t6500
2022-11-09 20:52:15,487     -b120.0
2022-11-09 20:52:15,487     -gs
2022-11-09 20:52:15,488     -f1.0
2022-11-09 20:52:15,488     -k0
2022-11-09 20:52:15,488     -A4.0
2022-11-09 20:52:15,488     -b
2022-11-09 20:52:15,488     'DisplayPort-0 #1 2022-11-09 20-51 120cdm² D6500 sRGB F-S XYZLUT+MTX'
2022-11-09 20:52:15,489 
2022-11-09 20:52:15,493 DisplayCAL: Starting interaction with subprocess
2022-11-09 20:52:15,901 Setting up the instrument
2022-11-09 20:52:16,926 Product Name:      Colormunki Display
2022-11-09 20:52:16,927 Serial Number:     C1-22.B-02.015586.02
2022-11-09 20:52:16,927 Firmware Version:  v2.28
2022-11-09 20:52:16,927 Firmware Date:     29Jan14
2022-11-09 20:52:16,929 argyll-dispcal: Warning - new_dispwin: Expected VideoLUT depth 8 doesn't match actual 10
2022-11-09 20:52:17,145 Place instrument on test window.
2022-11-09 20:52:17,145 DisplayCAL: Detected instrument placement (screen/spot) message
2022-11-09 20:52:17,146 DisplayCAL: Waiting for send buffer
2022-11-09 20:52:18,647 DisplayCAL: Skipping place instrument on screen message...
2022-11-09 20:52:18,674 DisplayCAL: Sending buffer: ' '
2022-11-09 20:52:18,726 Hit Esc or Q to give up, any other key to continue:
2022-11-09 20:52:18,726 Display type is 'n'
2022-11-09 20:52:18,726 Target white = 6500.000000 degrees kelvin Daylight spectrum
2022-11-09 20:52:18,726 Target white brightness = 120.000000 cd/m^2
2022-11-09 20:52:18,727 Target black brightness = native brightness
2022-11-09 20:52:18,727 Black point device hack is enabled
2022-11-09 20:52:18,727 Target gamma = sRGB curve
2022-11-09 20:52:18,727 
2022-11-09 20:52:18,727 Display adjustment menu:
2022-11-09 20:52:18,727 Press 1 .. 7
2022-11-09 20:52:18,728 1) Black level (CRT: Offset/Brightness)
2022-11-09 20:52:18,728 2) White point (Color temperature, R,G,B, Gain/Contrast)
2022-11-09 20:52:18,728 3) White level (CRT: Gain/Contrast, LCD: Brightness/Backlight)
2022-11-09 20:52:18,728 4) Black point (R,G,B, Offset/Brightness)
2022-11-09 20:52:18,728 5) Check all
2022-11-09 20:52:18,728 6) Measure and set ambient for viewing condition adjustment
2022-11-09 20:52:18,729 7) Continue on to calibration
2022-11-09 20:52:18,729 8) Exit
2022-11-09 20:52:18,731 DisplayCAL: Waiting for send buffer
2022-11-09 20:52:21,433 DisplayCAL: Sending buffer: '2'
2022-11-09 20:52:21,484 Doing some initial measurements
2022-11-09 20:52:30,026 Red   = XYZ 67.735 35.075  3.164
2022-11-09 20:52:30,026 Green = XYZ 59.742 116.273 19.189
2022-11-09 20:52:30,027 Blue  = XYZ 27.817 12.937 145.518
2022-11-09 20:52:31,598 White = XYZ 150.186 162.307 163.951
2022-11-09 20:52:31,600 
2022-11-09 20:52:31,600 Adjust R,G & B gain to get target x,y. Press space when done.
2022-11-09 20:52:31,600    Target Br 120.00, x 0.3128 , y 0.3292
2022-11-09 20:54:01,838 DisplayCAL: Sending buffer: ' '
2022-11-09 20:54:02,047 \ Current Br 120.29, x 0.3125+, y 0.3299-  DE  0.7  R+  G-- B+
2022-11-09 20:54:02,048 
2022-11-09 20:54:02,048 Press 1 .. 7
2022-11-09 20:54:02,048 1) Black level (CRT: Offset/Brightness)
2022-11-09 20:54:02,048 2) White point (Color temperature, R,G,B, Gain/Contrast)
2022-11-09 20:54:02,049 3) White level (CRT: Gain/Contrast, LCD: Brightness/Backlight)
2022-11-09 20:54:02,049 4) Black point (R,G,B, Offset/Brightness)
2022-11-09 20:54:02,049 5) Check all
2022-11-09 20:54:02,051 6) Measure and set ambient for viewing condition adjustment
2022-11-09 20:54:02,051 7) Continue on to calibration
2022-11-09 20:54:02,051 8) Exit
2022-11-09 20:54:02,053 DisplayCAL: Waiting for send buffer
2022-11-09 20:54:09,755 DisplayCAL: Sending buffer: '7'
2022-11-09 20:54:09,806 Commencing display calibration
2022-11-09 20:54:50,470 Patch 9 of 9
2022-11-09 20:54:50,471 Black = XYZ 0.1044 0.1120 0.1794
2022-11-09 20:54:50,471 Red   = XYZ 67.072 29.810  0.836
2022-11-09 20:54:50,471 Green = XYZ 24.619 81.925  7.441
2022-11-09 20:54:50,471 Blue  = XYZ 22.388  8.429 122.291
2022-11-09 20:54:50,471 White = XYZ 114.004 120.291 130.588
2022-11-09 20:58:32,687 Patch 48 of 48
2022-11-09 20:58:32,738 Had to scale brightness from 120.000000 to 119.766334 to fit within gamut,
2022-11-09 20:58:32,738 corresponding to aprox. RGB 1.000000 0.996135 0.998493
2022-11-09 20:58:32,738 Target white value is XYZ 113.798584 119.766334 130.249072 [xy 0.312793 0.329197]
2022-11-09 20:58:32,738 Adjusted target black XYZ 0.1044 0.1120 0.1794, Lab 0.845 -0.070 -0.689
2022-11-09 20:58:32,738 Target black after min adjust: XYZ 0.1044 0.1120 0.1794, Lab 0.845 -0.070 -0.689
2022-11-09 20:58:32,740 Gamma curve input offset = 0.000000, output offset = 0.000935, power = 0.000000
2022-11-09 20:58:32,740 Total Iteration 2, Final Samples = 32 Final Repeat threshold = 0.900000
2022-11-09 20:58:32,740 Creating initial calibration curves...
2022-11-09 20:58:32,792 
2022-11-09 20:58:32,792 Doing iteration 1/2 with 16 sample points and repeat threshold of 1.272792 DE
2022-11-09 20:58:34,121 Patch 1 of 16 DE 0.162642, W.DE 0.162642, OK ( < 1.272792)
2022-11-09 20:58:35,527 Patch 2 of 16 DE 1.885482, W.DE 1.885482, Repeat
2022-11-09 20:58:36,966 Patch 2 of 16 DE 0.177899, W.DE 0.177899, OK ( < 1.272792)
2022-11-09 20:58:38,372 Patch 3 of 16 DE 2.057345, W.DE 2.057345, Repeat
2022-11-09 20:58:39,804 Patch 3 of 16 DE 0.220685, W.DE 0.220685, OK ( < 1.272792)
2022-11-09 20:58:41,206 Patch 4 of 16 DE 2.410539, W.DE 2.410539, Repeat
2022-11-09 20:58:42,613 Patch 4 of 16 DE 0.175475, W.DE 0.175475, OK ( < 1.272792)
2022-11-09 20:58:44,015 Patch 5 of 16 DE 2.233230, W.DE 2.233230, Repeat
2022-11-09 20:58:45,414 Patch 5 of 16 DE 0.338039, W.DE 0.338039, OK ( < 1.272792)
2022-11-09 20:58:47,912 Patch 6 of 16 DE 1.139119, W.DE 1.139119, OK ( < 1.272792)
2022-11-09 20:58:50,453 Patch 7 of 16 DE 1.104697, W.DE 1.104697, OK ( < 1.272792)
2022-11-09 20:58:53,058 Patch 8 of 16 DE 1.056739, W.DE 1.056739, OK ( < 1.272792)
2022-11-09 20:58:55,745 Patch 9 of 16 DE 1.038611, W.DE 1.038611, OK ( < 1.272792)
2022-11-09 20:58:58,540 Patch 10 of 16 DE 0.662928, W.DE 0.662928, OK ( < 1.272792)
2022-11-09 20:59:01,492 Patch 11 of 16 DE 0.731519, W.DE 0.731519, OK ( < 1.272792)
2022-11-09 20:59:05,691 Patch 12 of 16 DE 1.937170, W.DE 1.937170, Repeat
2022-11-09 20:59:08,869 Patch 12 of 16 DE 0.189998, W.DE 0.189998, OK ( < 1.272792)
2022-11-09 20:59:13,671 Patch 13 of 16 DE 2.453277, W.DE 2.453277, Repeat
2022-11-09 20:59:18,229 Patch 13 of 16 DE 0.399515, W.DE 0.399515, OK ( < 1.272792)
2022-11-09 20:59:23,904 Patch 14 of 16 DE 1.797780, W.DE 1.797780, Repeat
2022-11-09 20:59:29,048 Patch 14 of 16 DE 0.579927, W.DE 0.579927, OK ( < 1.272792)
2022-11-09 20:59:35,463 Patch 15 of 16 DE 0.745358, W.DE 0.745358, OK ( < 1.272792)
2022-11-09 20:59:42,003 Patch 16 of 16 DE 0.025211, W.DE 25.210712, Repeat
2022-11-09 21:00:07,445 Patch 16 of 16 DE 0.023806, W.DE 23.806098, Repeat
2022-11-09 21:00:14,018 Patch 16 of 16 DE 0.021071, W.DE 21.070803, Repeat
2022-11-09 21:00:20,513 Patch 16 of 16 DE 0.018394, W.DE 18.394262, Repeat
2022-11-09 21:00:27,018 Patch 16 of 16 DE 0.016124, W.DE 16.123749, Repeat
2022-11-09 21:00:33,529 Patch 16 of 16 DE 0.014022, W.DE 14.021686, Repeat
2022-11-09 21:00:40,046 Patch 16 of 16 DE 0.011647, W.DE 11.646932, Repeat
2022-11-09 21:00:46,564 Patch 16 of 16 DE 0.010778, W.DE 10.777962, Repeat
2022-11-09 21:00:53,087 Patch 16 of 16 DE 0.010072, W.DE 10.071570, Repeat
2022-11-09 21:00:59,614 Patch 16 of 16 DE 0.008383, W.DE 8.383174, Fail ( > 1.272792)
2022-11-09 21:00:59,614 
2022-11-09 21:00:59,614 Brightness error = -0.275204 cd/m^2 (is 119.491129, should be 119.766334)
2022-11-09 21:00:59,615 White point error = 0.136288 deltaE
2022-11-09 21:00:59,615 Maximum neutral error (@ 0.522702) = 1.138917 deltaE
2022-11-09 21:00:59,615 Average neutral error = 0.546869 deltaE
2022-11-09 21:00:59,615 Failed to meet target 1.272792 delta E, got worst case 8.383174
2022-11-09 21:00:59,615 Number of measurements taken = 35
2022-11-09 21:00:59,616 Computing update to calibration curves...
2022-11-09 21:00:59,644 
2022-11-09 21:00:59,644 Doing iteration 2/2 with 32 sample points and repeat threshold of 0.900000 DE
2022-11-09 21:01:01,218 Patch 1 of 32 DE 0.252463, W.DE 0.252463, W.peqDE 0.252463, OK ( < 0.900000)
2022-11-09 21:01:02,601 Patch 2 of 32 DE 0.265428, W.DE 0.265428, W.peqDE 0.193128, OK ( < 0.900000)
2022-11-09 21:01:03,985 Patch 3 of 32 DE 0.158909, W.DE 0.158909, W.peqDE 0.135672, OK ( < 0.900000)
2022-11-09 21:01:05,370 Patch 4 of 32 DE 0.281763, W.DE 0.281763, W.peqDE 0.349157, OK ( < 0.900000)
2022-11-09 21:01:06,758 Patch 5 of 32 DE 0.185896, W.DE 0.185896, W.peqDE 0.259448, OK ( < 0.900000)
2022-11-09 21:01:08,140 Patch 6 of 32 DE 0.221275, W.DE 0.221275, W.peqDE 0.223468, OK ( < 0.900000)
2022-11-09 21:01:09,522 Patch 7 of 32 DE 0.145129, W.DE 0.145129, W.peqDE 0.095059, OK ( < 0.900000)
2022-11-09 21:01:10,906 Patch 8 of 32 DE 0.307404, W.DE 0.307404, W.peqDE 0.330572, OK ( < 0.900000)
2022-11-09 21:01:12,288 Patch 9 of 32 DE 0.202296, W.DE 0.202296, W.peqDE 0.341788, OK ( < 0.900000)
2022-11-09 21:01:13,672 Patch 10 of 32 DE 0.595885, W.DE 0.595885, W.peqDE 0.692272, OK ( < 0.900000)
2022-11-09 21:01:16,151 Patch 11 of 32 DE 1.048556, W.DE 1.048556, peqDE 0.698161, Repeat
2022-11-09 21:01:18,638 Patch 11 of 32 DE 0.168261, W.DE 0.168261, W.peqDE 0.415628, OK ( < 0.900000)
2022-11-09 21:01:21,139 Patch 12 of 32 DE 1.140776, W.DE 1.140776, peqDE 1.005570, Repeat
2022-11-09 21:01:23,646 Patch 12 of 32 DE 0.270940, W.DE 0.270940, W.peqDE 0.161518, OK ( < 0.900000)
2022-11-09 21:01:26,168 Patch 13 of 32 DE 1.197148, W.DE 1.197148, peqDE 1.034019, Repeat
2022-11-09 21:01:28,699 Patch 13 of 32 DE 0.220925, W.DE 0.220925, W.peqDE 0.468544, OK ( < 0.900000)
2022-11-09 21:01:31,248 Patch 14 of 32 DE 1.270959, W.DE 1.270959, peqDE 1.297300, Repeat
2022-11-09 21:01:33,806 Patch 14 of 32 DE 0.106984, W.DE 0.106984, W.peqDE 0.118731, OK ( < 0.900000)
2022-11-09 21:01:36,384 Patch 15 of 32 DE 1.021738, W.DE 1.021738, peqDE 1.031271, Repeat
2022-11-09 21:01:38,967 Patch 15 of 32 DE 0.169995, W.DE 0.169995, W.peqDE 0.250989, OK ( < 0.900000)
2022-11-09 21:01:41,578 Patch 16 of 32 DE 1.155967, W.DE 1.155967, peqDE 1.060854, Repeat
2022-11-09 21:01:44,199 Patch 16 of 32 DE 0.249400, W.DE 0.249400, W.peqDE 0.090228, OK ( < 0.900000)
2022-11-09 21:01:46,854 Patch 17 of 32 DE 1.231891, W.DE 1.231891, peqDE 1.098977, Repeat
2022-11-09 21:01:49,516 Patch 17 of 32 DE 0.136076, W.DE 0.136076, W.peqDE 0.215931, OK ( < 0.900000)
2022-11-09 21:01:52,218 Patch 18 of 32 DE 1.212953, W.DE 1.212953, peqDE 1.165224, Repeat
2022-11-09 21:01:54,931 Patch 18 of 32 DE 0.237594, W.DE 0.237594, W.peqDE 0.133097, OK ( < 0.900000)
2022-11-09 21:01:57,682 Patch 19 of 32 DE 0.975770, W.DE 0.975770, peqDE 0.926387, Repeat
2022-11-09 21:02:00,427 Patch 19 of 32 DE 0.252549, W.DE 0.252549, W.peqDE 0.189023, OK ( < 0.900000)
2022-11-09 21:02:03,240 Patch 20 of 32 DE 0.946262, W.DE 0.946262, peqDE 0.814951, Repeat
2022-11-09 21:02:06,030 Patch 20 of 32 DE 0.268719, W.DE 0.268719, W.peqDE 0.186840, OK ( < 0.900000)
2022-11-09 21:02:08,910 Patch 21 of 32 DE 0.962220, W.DE 0.962220, peqDE 0.786583, Repeat
2022-11-09 21:02:11,777 Patch 21 of 32 DE 0.305928, W.DE 0.305928, W.peqDE 0.202311, OK ( < 0.900000)
2022-11-09 21:02:14,743 Patch 22 of 32 DE 0.897378, W.DE 0.897378, W.peqDE 0.627672, OK ( < 0.900000)
2022-11-09 21:02:17,799 Patch 23 of 32 DE 0.798511, W.DE 0.798511, W.peqDE 0.283522, OK ( < 0.900000)
2022-11-09 21:02:21,930 Patch 24 of 32 DE 0.948570, W.DE 0.948570, peqDE 0.310033, Repeat
2022-11-09 21:02:26,038 Patch 24 of 32 DE 0.025151, W.DE 0.025151, W.peqDE 0.774834, OK ( < 0.900000)
2022-11-09 21:02:30,353 Patch 25 of 32 DE 0.745962, W.DE 0.745962, W.peqDE 0.727604, OK ( < 0.900000)
2022-11-09 21:02:34,959 Patch 26 of 32 DE 0.857436, W.DE 0.857436, W.peqDE 0.549868, OK ( < 0.875787)
2022-11-09 21:02:39,839 Patch 27 of 32 DE 0.994391, W.DE 0.994391, peqDE 0.882236, Repeat
2022-11-09 21:02:44,630 Patch 27 of 32 DE 0.180209, W.DE 0.180209, W.peqDE 0.551697, OK ( < 0.622847)
2022-11-09 21:02:49,980 Patch 28 of 32 DE 1.157095, W.DE 1.157095, peqDE 1.151537, Repeat
2022-11-09 21:02:55,047 Patch 28 of 32 DE 0.380721, W.DE 0.380721, W.peqDE 0.359969, OK ( < 0.486900)
2022-11-09 21:03:01,040 Patch 29 of 32 DE 1.110002, W.DE 1.110002, peqDE 1.099136, Repeat
2022-11-09 21:03:06,623 Patch 29 of 32 DE 0.553677, W.DE 0.553677, peqDE 0.547643, Repeat
2022-11-09 21:03:12,020 Patch 29 of 32 DE 0.096262, W.DE 0.096262, W.peqDE 0.205514, OK ( < 0.397596)
2022-11-09 21:03:18,510 Patch 30 of 32 DE 0.740683, W.DE 0.740683, peqDE 0.739703, Repeat
2022-11-09 21:03:24,666 Patch 30 of 32 DE 0.537584, W.DE 0.537584, peqDE 0.534266, Repeat
2022-11-09 21:03:30,539 Patch 30 of 32 DE 0.237326, W.DE 0.237326, W.peqDE 0.238022, OK ( < 0.291796)
2022-11-09 21:03:37,116 Patch 31 of 32 DE 0.269117, W.DE 0.269117, peqDE 0.277913, Repeat
2022-11-09 21:04:02,536 Patch 31 of 32 DE 0.250081, W.DE 0.250081, peqDE 0.259377, Repeat
2022-11-09 21:04:09,108 Patch 31 of 32 DE 0.194248, W.DE 0.194248, W.peqDE 0.203404, OK ( < 0.250000)
2022-11-09 21:04:15,732 Patch 32 of 32 DE 0.000965, W.DE 0.000965, W.peqDE 0.000965, OK ( < 0.250000)
2022-11-09 21:04:15,732 
2022-11-09 21:04:15,732 Brightness error = -0.273959 cd/m^2 (is 119.492374, should be 119.766334)
2022-11-09 21:04:15,732 White point error = 0.236617 deltaE
2022-11-09 21:04:15,733 Maximum neutral error (@ 0.163614) = 0.892478 deltaE
2022-11-09 21:04:15,733 Average neutral error = 0.292244 deltaE
2022-11-09 21:04:15,733 Number of measurements taken = 55
2022-11-09 21:04:15,733 Computing update to calibration curves...
2022-11-09 21:04:15,749 The instrument can be removed from the screen.
2022-11-09 21:04:16,246 Written calibration file 'DisplayPort-0 #1 2022-11-09 20-51 120cdm² D6500 sRGB F-S XYZLUT+MTX.cal'
2022-11-09 21:04:16,247 DisplayCAL: Reached EOF (OK)
2022-11-09 21:04:16,349 argyll-dispcal exitcode: 0
2022-11-09 21:04:16,476 --------------------------------------------------------------------------------
2022-11-09 21:04:16,477 Working directory:
2022-11-09 21:04:16,477   /
2022-11-09 21:04:16,478    tmp/
2022-11-09 21:04:16,478     DisplayCAL-nSg40u/
2022-11-09 21:04:16,478 
2022-11-09 21:04:16,478 Command line:
2022-11-09 21:04:16,479   /usr/bin/argyll-dispread
2022-11-09 21:04:16,479     -v
2022-11-09 21:04:16,479     -d1
2022-11-09 21:04:16,479     -c1
2022-11-09 21:04:16,479     -yn
2022-11-09 21:04:16,480     -P0.424329501916,0.943181818182,1.24867724868
2022-11-09 21:04:16,480     -X
2022-11-09 21:04:16,480     PFS_Phosphor_Family_31Jan17.ccss
2022-11-09 21:04:16,480     -k
2022-11-09 21:04:16,480     'DisplayPort-0 #1 2022-11-09 20-51 120cdm² D6500 sRGB F-S XYZLUT+MTX.cal'
2022-11-09 21:04:16,481     'DisplayPort-0 #1 2022-11-09 20-51 120cdm² D6500 sRGB F-S XYZLUT+MTX'
2022-11-09 21:04:16,481 
2022-11-09 21:04:16,486 DisplayCAL: Starting interaction with subprocess
2022-11-09 21:04:16,895 Number of patches = 115
2022-11-09 21:04:16,897 Setting up the instrument
2022-11-09 21:04:17,920 Product Name:      Colormunki Display
2022-11-09 21:04:17,920 Serial Number:     C1-22.B-02.015586.02
2022-11-09 21:04:17,921 Firmware Version:  v2.28
2022-11-09 21:04:17,921 Firmware Date:     29Jan14
2022-11-09 21:04:17,923 argyll-dispread: Warning - new_dispwin: Expected VideoLUT depth 8 doesn't match actual 10
2022-11-09 21:04:18,131 Place instrument on test window.
2022-11-09 21:04:18,131 DisplayCAL: Detected instrument placement (screen/spot) message
2022-11-09 21:04:18,132 DisplayCAL: Waiting for send buffer
2022-11-09 21:04:19,633 DisplayCAL: Skipping place instrument on screen message...
2022-11-09 21:04:19,662 DisplayCAL: Sending buffer: ' '
2022-11-09 21:04:19,713 Hit Esc or Q to give up, any other key to continue:
2022-11-09 21:09:11,703 Patch 115 of 115
2022-11-09 21:09:11,703 The instrument can be removed from the screen.
2022-11-09 21:09:12,243 Written 'DisplayPort-0 #1 2022-11-09 20-51 120cdm² D6500 sRGB F-S XYZLUT+MTX.ti3'
2022-11-09 21:09:12,244 DisplayCAL: Reached EOF (OK)
2022-11-09 21:09:12,346 argyll-dispread exitcode: 0
2022-11-09 21:09:12,458 Preparing ChromaticityType tag from TI3 colorants
2022-11-09 21:09:12,462 Storing settings in TI3
2022-11-09 21:09:12,496 Extracting neutrals from /tmp/DisplayCAL-nSg40u/DisplayPort-0 #1 2022-11-09 20-51 120cdm² D6500 sRGB F-S XYZLUT+MTX.ti3
2022-11-09 21:09:12,515 Applying 0% black point correction to TI3
2022-11-09 21:09:12,578 Extracting neutrals from /tmp/DisplayCAL-nSg40u/DisplayPort-0 #1 2022-11-09 20-51 120cdm² D6500 sRGB F-S XYZLUT+MTX.ti3
2022-11-09 21:09:12,604 R=G=B (>= 1% luminance) dE*00 avg 0.268416614174 peak 0.885919936669
2022-11-09 21:09:12,604 Got high quality calibration, using single device to PCS shaper curve for cLUT
2022-11-09 21:09:13,114 Black relative luminance = 0.000937
2022-11-09 21:09:13,115 Black output offset = 1.00
2022-11-09 21:09:13,115 Calibration overall transfer function ≈ sRGB (Δ 0.00%)
2022-11-09 21:09:13,491 Transfer function R ≈ Rec. 1886 (Δ 0.82%)
2022-11-09 21:09:13,491 Got good match (+-2%)
2022-11-09 21:09:13,870 Transfer function G ≈ Rec. 1886 (Δ 0.82%)
2022-11-09 21:09:13,870 Got good match (+-2%)
2022-11-09 21:09:14,247 Transfer function B ≈ Rec. 1886 (Δ 0.82%)
2022-11-09 21:09:14,247 Got good match (+-2%)
2022-11-09 21:09:14,676 Using transfer function for R: Rec. 1886
2022-11-09 21:09:15,102 Using transfer function for G: Rec. 1886
2022-11-09 21:09:15,529 Using transfer function for B: Rec. 1886
2022-11-09 21:09:15,541 Initial cLUT resolution 4x4x4
2022-11-09 21:09:15,543 cLUT input curve segments: 4
2022-11-09 21:09:15,584 #1 X prev 0.087761 next 0.388227 clip False
2022-11-09 21:09:15,626 #2 X prev 0.388227 next 0.964200 clip False
2022-11-09 21:09:15,736 #1 Y prev 0.091020 next 0.402641 clip False
2022-11-09 21:09:15,778 #2 Y prev 0.402641 next 1.000000 clip False
2022-11-09 21:09:15,888 #1 Z prev 0.075082 next 0.332139 clip False
2022-11-09 21:09:15,928 #2 Z prev 0.332139 next 0.824900 clip False
2022-11-09 21:09:16,617 cLUT input curve segments: 33
2022-11-09 21:09:16,623 #1 X prev 0.001644 next 0.004337 clip False
2022-11-09 21:09:16,628 #2 X prev 0.004337 next 0.008214 clip False
2022-11-09 21:09:16,632 #3 X prev 0.008214 next 0.013392 clip False
2022-11-09 21:09:16,636 #4 X prev 0.013392 next 0.019971 clip False
2022-11-09 21:09:16,640 #5 X prev 0.019971 next 0.028043 clip False
2022-11-09 21:09:16,646 #6 X prev 0.028043 next 0.037692 clip False
2022-11-09 21:09:16,650 #7 X prev 0.037692 next 0.048995 clip False
2022-11-09 21:09:16,653 #8 X prev 0.048995 next 0.062024 clip False
2022-11-09 21:09:16,657 #9 X prev 0.062024 next 0.076849 clip False
2022-11-09 21:09:16,661 #10 X prev 0.076849 next 0.093533 clip False
2022-11-09 21:09:16,665 #11 X prev 0.093533 next 0.112137 clip False
2022-11-09 21:09:16,671 #12 X prev 0.112137 next 0.132721 clip False
2022-11-09 21:09:16,675 #13 X prev 0.132721 next 0.155339 clip False
2022-11-09 21:09:16,681 #14 X prev 0.155339 next 0.180047 clip False
2022-11-09 21:09:16,686 #15 X prev 0.180047 next 0.206895 clip False
2022-11-09 21:09:16,690 #16 X prev 0.206895 next 0.235933 clip False
2022-11-09 21:09:16,694 #17 X prev 0.235933 next 0.267210 clip False
2022-11-09 21:09:16,698 #18 X prev 0.267210 next 0.300773 clip False
2022-11-09 21:09:16,703 #19 X prev 0.300773 next 0.336666 clip False
2022-11-09 21:09:16,707 #20 X prev 0.336666 next 0.374935 clip False
2022-11-09 21:09:16,711 #21 X prev 0.374935 next 0.415622 clip False
2022-11-09 21:09:16,716 #22 X prev 0.415622 next 0.458768 clip False
2022-11-09 21:09:16,720 #23 X prev 0.458768 next 0.504415 clip False
2022-11-09 21:09:16,724 #24 X prev 0.504415 next 0.552602 clip False
2022-11-09 21:09:16,729 #25 X prev 0.552602 next 0.603368 clip False
2022-11-09 21:09:16,733 #26 X prev 0.603368 next 0.656751 clip False
2022-11-09 21:09:16,738 #27 X prev 0.656751 next 0.712789 clip False
2022-11-09 21:09:16,742 #28 X prev 0.712789 next 0.771517 clip False
2022-11-09 21:09:16,746 #29 X prev 0.771517 next 0.832972 clip False
2022-11-09 21:09:16,750 #30 X prev 0.832972 next 0.897188 clip False
2022-11-09 21:09:16,756 #31 X prev 0.897188 next 0.964200 clip False
2022-11-09 21:09:16,799 #1 Y prev 0.001705 next 0.004498 clip False
2022-11-09 21:09:16,804 #2 Y prev 0.004498 next 0.008519 clip False
2022-11-09 21:09:16,808 #3 Y prev 0.008519 next 0.013889 clip False
2022-11-09 21:09:16,813 #4 Y prev 0.013889 next 0.020713 clip False
2022-11-09 21:09:16,817 #5 Y prev 0.020713 next 0.029084 clip False
2022-11-09 21:09:16,822 #6 Y prev 0.029084 next 0.039091 clip False
2022-11-09 21:09:16,826 #7 Y prev 0.039091 next 0.050814 clip False
2022-11-09 21:09:16,831 #8 Y prev 0.050814 next 0.064327 clip False
2022-11-09 21:09:16,836 #9 Y prev 0.064327 next 0.079702 clip False
2022-11-09 21:09:16,840 #10 Y prev 0.079702 next 0.097006 clip False
2022-11-09 21:09:16,844 #11 Y prev 0.097006 next 0.116301 clip False
2022-11-09 21:09:16,848 #12 Y prev 0.116301 next 0.137649 clip False
2022-11-09 21:09:16,852 #13 Y prev 0.137649 next 0.161107 clip False
2022-11-09 21:09:16,857 #14 Y prev 0.161107 next 0.186732 clip False
2022-11-09 21:09:16,861 #15 Y prev 0.186732 next 0.214576 clip False
2022-11-09 21:09:16,865 #16 Y prev 0.214576 next 0.244693 clip False
2022-11-09 21:09:16,869 #17 Y prev 0.244693 next 0.277131 clip False
2022-11-09 21:09:16,874 #18 Y prev 0.277131 next 0.311940 clip False
2022-11-09 21:09:16,879 #19 Y prev 0.311940 next 0.349167 clip False
2022-11-09 21:09:16,883 #20 Y prev 0.349167 next 0.388856 clip False
2022-11-09 21:09:16,887 #21 Y prev 0.388856 next 0.431053 clip False
2022-11-09 21:09:16,892 #22 Y prev 0.431053 next 0.475802 clip False
2022-11-09 21:09:16,897 #23 Y prev 0.475802 next 0.523143 clip False
2022-11-09 21:09:16,901 #24 Y prev 0.523143 next 0.573120 clip False
2022-11-09 21:09:16,907 #25 Y prev 0.573120 next 0.625771 clip False
2022-11-09 21:09:16,912 #26 Y prev 0.625771 next 0.681136 clip False
2022-11-09 21:09:16,916 #27 Y prev 0.681136 next 0.739254 clip False
2022-11-09 21:09:16,919 #28 Y prev 0.739254 next 0.800163 clip False
2022-11-09 21:09:16,923 #29 Y prev 0.800163 next 0.863899 clip False
2022-11-09 21:09:16,927 #30 Y prev 0.863899 next 0.930500 clip False
2022-11-09 21:09:16,932 #31 Y prev 0.930500 next 1.000000 clip False
2022-11-09 21:09:16,972 #1 Z prev 0.001406 next 0.003710 clip False
2022-11-09 21:09:16,976 #2 Z prev 0.003710 next 0.007028 clip False
2022-11-09 21:09:16,982 #3 Z prev 0.007028 next 0.011457 clip False
2022-11-09 21:09:16,987 #4 Z prev 0.011457 next 0.017086 clip False
2022-11-09 21:09:16,991 #5 Z prev 0.017086 next 0.023992 clip False
2022-11-09 21:09:16,995 #6 Z prev 0.023992 next 0.032246 clip False
2022-11-09 21:09:16,999 #7 Z prev 0.032246 next 0.041916 clip False
2022-11-09 21:09:17,003 #8 Z prev 0.041916 next 0.053064 clip False
2022-11-09 21:09:17,007 #9 Z prev 0.053064 next 0.065746 clip False
2022-11-09 21:09:17,012 #10 Z prev 0.065746 next 0.080020 clip False
2022-11-09 21:09:17,016 #11 Z prev 0.080020 next 0.095937 clip False
2022-11-09 21:09:17,020 #12 Z prev 0.095937 next 0.113546 clip False
2022-11-09 21:09:17,025 #13 Z prev 0.113546 next 0.132897 clip False
2022-11-09 21:09:17,029 #14 Z prev 0.132897 next 0.154035 clip False
2022-11-09 21:09:17,033 #15 Z prev 0.154035 next 0.177004 clip False
2022-11-09 21:09:17,037 #16 Z prev 0.177004 next 0.201847 clip False
2022-11-09 21:09:17,041 #17 Z prev 0.201847 next 0.228606 clip False
2022-11-09 21:09:17,046 #18 Z prev 0.228606 next 0.257319 clip False
2022-11-09 21:09:17,050 #19 Z prev 0.257319 next 0.288027 clip False
2022-11-09 21:09:17,054 #20 Z prev 0.288027 next 0.320767 clip False
2022-11-09 21:09:17,060 #21 Z prev 0.320767 next 0.355576 clip False
2022-11-09 21:09:17,066 #22 Z prev 0.355576 next 0.392489 clip False
2022-11-09 21:09:17,071 #23 Z prev 0.392489 next 0.431541 clip False
2022-11-09 21:09:17,075 #24 Z prev 0.431541 next 0.472766 clip False
2022-11-09 21:09:17,080 #25 Z prev 0.472766 next 0.516198 clip False
2022-11-09 21:09:17,084 #26 Z prev 0.516198 next 0.561869 clip False
2022-11-09 21:09:17,088 #27 Z prev 0.561869 next 0.609811 clip False
2022-11-09 21:09:17,092 #28 Z prev 0.609811 next 0.660054 clip False
2022-11-09 21:09:17,096 #29 Z prev 0.660054 next 0.712631 clip False
2022-11-09 21:09:17,100 #30 Z prev 0.712631 next 0.767569 clip False
2022-11-09 21:09:17,105 #31 Z prev 0.767569 next 0.824900 clip False
2022-11-09 21:09:17,281 Final interpolated cLUT resolution 33x33x33
2022-11-09 21:09:17,290 --------------------------------------------------------------------------------
2022-11-09 21:09:17,290 Creating matrix from primaries
2022-11-09 21:09:17,290 Using chromatic adaptation transform matrix: Bradford
2022-11-09 21:09:17,382 Generating A2B1 by copying A2B0
2022-11-09 21:09:17,404 Making distinct A2B0
2022-11-09 21:09:17,431 Applying black point compensation to A2B0: L*a*b* 0.000000 0.000000 0.000000
2022-11-09 21:09:18,924 --------------------------------------------------------------------------------
2022-11-09 21:09:18,924 Generating B2A1 table by inverting A2B1 table
2022-11-09 21:09:18,925 
2022-11-09 21:09:18,925 Using chromatic adaptation transform matrix: Bradford
2022-11-09 21:09:18,948 Black XYZ: 0.0009 0.0009 0.0008
2022-11-09 21:09:18,948 White XYZ: 0.9642 1.0000 0.8249
2022-11-09 21:09:18,948 R XYZ: 0.5920 0.2629 0.0038
2022-11-09 21:09:18,949 G XYZ: 0.2270 0.6797 0.0548
2022-11-09 21:09:18,949 B XYZ: 0.1464 0.0577 0.7670
2022-11-09 21:09:18,949 Generating input curve PCS values...
2022-11-09 21:09:19,116 Looking up input curve RGB values...
2022-11-09 21:09:19,117 Setting up matrix
2022-11-09 21:09:19,118 Increasing saturation of actual primaries for PCS candidate to 103%...
2022-11-09 21:09:19,118 R xy 0.689388 0.306134 -> 0.699699 0.304562
2022-11-09 21:09:19,119 G xy 0.236106 0.706922 -> 0.232818 0.717374
2022-11-09 21:09:19,119 B xy 0.150723 0.059397 -> 0.144873 0.050422
2022-11-09 21:09:19,119 Checking for suitable PCS candidate...
2022-11-09 21:09:19,120 PCS candidate based on actual primaries fit: 1.01 (area: 94.26%)
2022-11-09 21:09:19,120 Using primaries: PCS candidate based on actual primaries
2022-11-09 21:09:19,121 Using R XYZ: 0.5997 0.2610 -0.0037
2022-11-09 21:09:19,121 Using G XYZ: 0.2239 0.6900 0.0479
2022-11-09 21:09:19,121 Using B XYZ: 0.1405 0.0489 0.7806
2022-11-09 21:09:19,122 R+G+B XYZ: 0.9642 1.0000 0.8249
2022-11-09 21:09:19,122 Correction factors: 1.0000 1.0000 1.0000
2022-11-09 21:09:19,122 Matrix 1:
2022-11-09 21:09:19,122 [1.9287003005607462, -0.6044665406699158, -0.30935421157807713]
2022-11-09 21:09:19,123 [-0.7334422853532284, 1.6853753841914263, 0.026439165166876298]
2022-11-09 21:09:19,123 [0.05403565758748357, -0.10626467439717702, 1.2779288317994002]
2022-11-09 21:09:19,123 Matrix 2:
2022-11-09 21:09:19,124 [1.9286837044507983, -0.6044613393469491, -0.30935154964220934]
2022-11-09 21:09:19,124 [-0.7334440258187992, 1.685379383603362, 0.026439227907268596]
2022-11-09 21:09:19,124 [0.054036330056403986, -0.10626599685153514, 1.2779447355092883]
2022-11-09 21:09:19,124 Matrix 3:
2022-11-09 21:09:19,125 [1.999969482421875, 0, 0]
2022-11-09 21:09:19,125 [0, 1.999969482421875, 0]
2022-11-09 21:09:19,125 [0, 0, 1.999969482421875]
2022-11-09 21:09:19,125 Final matrix:
2022-11-09 21:09:19,126 [3.8573085501459676, -1.2089042319977512, -0.6186936586243343]
2022-11-09 21:09:19,126 [-1.46686566870224, 3.3707073335097144, 0.05287764895333397]
2022-11-09 21:09:19,126 [0.10807101105488388, -0.21252875072220934, 2.555850471240271]
2022-11-09 21:09:19,127 Applying matrix to input curve XYZ values...
2022-11-09 21:09:19,138 Generating input curves...
2022-11-09 21:09:23,016 100%
2022-11-09 21:09:23,017 Generating A2B1 table lookup input values...
2022-11-09 21:09:23,017 cLUT grid res: 33
2022-11-09 21:09:23,017 Looking up input values through A2B1 table (9 workers)...
2022-11-09 21:09:23,018 Using CAM Jab for clipping
2022-11-09 21:09:33,789 100%
2022-11-09 21:09:33,789 Input black XYZ: 0.000916 0.000946 0.000763
2022-11-09 21:09:33,790 Input white XYZ: 0.964203 1.000000 0.824890
2022-11-09 21:09:33,824 Output black RGB: 0.0000 0.0000 0.0000
2022-11-09 21:09:33,825 Output white RGB: 100.0000 100.0000 100.0000
2022-11-09 21:09:33,837 Filling cLUT...
2022-11-09 21:09:33,955 100%
2022-11-09 21:09:34,060 Generating output curves...
2022-11-09 21:09:34,256 Setting curve entry #0 (0.000000 0.000000 0.000000) to black because it got clipped
2022-11-09 21:09:34,256 Setting curve entry #1 (0.000000 0.000000 0.000000) to black because it got clipped
2022-11-09 21:09:34,257 Setting curve entry #4095 (1.000000 1.000000 1.000000) to white because it got clipped
2022-11-09 21:09:34,304 Smoothing B2A1...
2022-11-09 21:09:36,103 Generating B2A0 table by inverting A2B0 table
2022-11-09 21:09:36,103 
2022-11-09 21:09:36,103 Using chromatic adaptation transform matrix: Bradford
2022-11-09 21:09:36,127 Black XYZ: 0.0000 0.0000 0.0000
2022-11-09 21:09:36,127 White XYZ: 0.9642 1.0000 0.8249
2022-11-09 21:09:36,128 R XYZ: 0.5909 0.2624 0.0038
2022-11-09 21:09:36,128 G XYZ: 0.2266 0.6784 0.0547
2022-11-09 21:09:36,128 B XYZ: 0.1461 0.0576 0.7656
2022-11-09 21:09:36,128 Generating input curve PCS values...
2022-11-09 21:09:36,204 Looking up input curve RGB values...
2022-11-09 21:09:36,228 R+G+B XYZ: 0.9660 1.0019 0.8265
2022-11-09 21:09:36,228 Correction factors: 0.9981 0.9981 0.9981
2022-11-09 21:09:36,229 Matrix 1:
2022-11-09 21:09:36,229 [1.9293292940210789, -0.6059549154418407, -0.3105849381539645]
2022-11-09 21:09:36,229 [-0.7353193004047895, 1.686054139755049, 0.025523811717241687]
2022-11-09 21:09:36,230 [0.052906748842043244, -0.1072878139217044, 1.2782144147373424]
2022-11-09 21:09:36,230 Matrix 2:
2022-11-09 21:09:36,230 [1.9329797393917099, -0.6071014306182498, -0.3111725897037468]
2022-11-09 21:09:36,230 [-0.7367105833466994, 1.6892442890717967, 0.02557210481091567]
2022-11-09 21:09:36,231 [0.0530068526433923, -0.10749081104866938, 1.2806328986671789]
2022-11-09 21:09:36,231 Matrix 3:
2022-11-09 21:09:36,231 [1.999969482421875, 0, 0]
2022-11-09 21:09:36,232 [0, 1.999969482421875, 0]
2022-11-09 21:09:36,232 [0, 0, 1.999969482421875]
2022-11-09 21:09:36,232 Final matrix:
2022-11-09 21:09:36,232 [3.865900488923209, -1.2141843339711609, -0.6223356831736769]
2022-11-09 21:09:36,233 [-1.473398684070616, 3.3784370264990295, 0.05114342922312495]
2022-11-09 21:09:36,233 [0.1060120876460179, -0.21497834173811486, 2.5612267155198234]
2022-11-09 21:09:36,233 Applying matrix to input curve XYZ values...
2022-11-09 21:09:36,245 Generating input curves...
2022-11-09 21:09:40,234 100%
2022-11-09 21:09:40,238 --------------------------------------------------------------------------------
2022-11-09 21:09:40,238 Creating shaper tags in separate step
2022-11-09 21:09:40,238 Using chromatic adaptation transform matrix: Bradford
2022-11-09 21:09:40,254 Extracting neutrals from /tmp/DisplayCAL-nSg40u/DisplayPort-0 #1 2022-11-09 20-51 120cdm² D6500 sRGB F-S XYZLUT+MTX.ti3
2022-11-09 21:09:40,268 NUMBER_OF_FIELDS 7
2022-11-09 21:09:40,268 BEGIN_DATA_FORMAT
2022-11-09 21:09:40,268 SAMPLE_ID RGB_R RGB_G RGB_B XYZ_X XYZ_Y XYZ_Z
2022-11-09 21:09:40,269 END_DATA_FORMAT
2022-11-09 21:09:40,269 
2022-11-09 21:09:40,269 NUMBER_OF_SETS 52
2022-11-09 21:09:40,269 BEGIN_DATA
2022-11-09 21:09:40,269 1 0.0000000 0.0000000 0.0000000 0.0890445 0.0937083 0.1021992
2022-11-09 21:09:40,269 2 1.9608000 1.9608000 1.9608000 0.1666081 0.1778289 0.2049978
2022-11-09 21:09:40,269 3 3.9216000 3.9216000 3.9216000 0.3194140 0.3415958 0.3977020
2022-11-09 21:09:40,269 4 5.8824000 5.8824000 5.8824000 0.5011939 0.5351848 0.6022417
2022-11-09 21:09:40,269 5 7.8431000 7.8431000 7.8431000 0.7102892 0.7592847 0.8469052
2022-11-09 21:09:40,269 6 9.8039000 9.8039000 9.8039000 0.9684372 1.0305806 1.1338227
2022-11-09 21:09:40,269 7 11.765000 11.765000 11.765000 1.2673203 1.3541705 1.4561078
2022-11-09 21:09:40,269 8 13.726000 13.726000 13.726000 1.6283275 1.7265204 1.8678699
2022-11-09 21:09:40,269 9 15.686000 15.686000 15.686000 2.0276221 2.1571103 2.3419839
2022-11-09 21:09:40,269 10 17.647000 17.647000 17.647000 2.5098899 2.6619801 2.8841563
2022-11-09 21:09:40,269 11 19.608000 19.608000 19.608000 3.0480789 3.2282499 3.5178894
2022-11-09 21:09:40,269 12 21.569000 21.569000 21.569000 3.6551984 3.8566597 4.2108478
2022-11-09 21:09:40,269 13 23.529000 23.529000 23.529000 4.2967281 4.5409795 4.9175806
2022-11-09 21:09:40,269 14 25.490000 25.490000 25.490000 5.0109479 5.2886393 5.7651714
2022-11-09 21:09:40,269 15 27.451000 27.451000 27.451000 5.8416176 6.1475990 6.7129715
2022-11-09 21:09:40,269 16 29.412000 29.412000 29.412000 6.7027473 7.0605888 7.7017613
2022-11-09 21:09:40,269 17 31.373000 31.373000 31.373000 7.6518370 8.0535485 8.7832910
2022-11-09 21:09:40,269 18 33.333000 33.333000 33.333000 8.6492367 9.1104081 9.9279807
2022-11-09 21:09:40,269 19 35.294000 35.294000 35.294000 9.7311364 10.255228 11.178630
2022-11-09 21:09:40,269 20 37.255000 37.255000 37.255000 10.915726 11.478227 12.508730
2022-11-09 21:09:40,269 21 39.216000 39.216000 39.216000 12.075426 12.730627 13.826930
2022-11-09 21:09:40,269 22 41.176000 41.176000 41.176000 13.406725 14.138827 15.362329
2022-11-09 21:09:40,269 23 43.137000 43.137000 43.137000 14.849725 15.559426 16.968629
2022-11-09 21:09:40,269 24 45.098000 45.098000 45.098000 16.281624 17.166526 18.669228
2022-11-09 21:09:40,269 25 47.059000 47.059000 47.059000 17.848024 18.770025 20.443627
2022-11-09 21:09:40,270 26 49.020000 49.020000 49.020000 19.444423 20.527625 22.295327
2022-11-09 21:09:40,270 27 50.980000 50.980000 50.980000 21.219423 22.342624 24.290926
2022-11-09 21:09:40,270 28 52.941000 52.941000 52.941000 23.052122 24.278923 26.283426
2022-11-09 21:09:40,270 29 54.902000 54.902000 54.902000 24.864922 26.248223 28.393125
2022-11-09 21:09:40,270 30 56.863000 56.863000 56.863000 26.926021 28.303222 30.626624
2022-11-09 21:09:40,270 31 58.824000 58.824000 58.824000 28.847420 30.395422 32.973224
2022-11-09 21:09:40,270 32 60.784000 60.784000 60.784000 31.073320 32.694221 35.432723
2022-11-09 21:09:40,270 33 62.745000 62.745000 62.745000 33.286819 35.026520 38.045422
2022-11-09 21:09:40,270 34 64.706000 64.706000 64.706000 35.426418 37.330519 40.658321
2022-11-09 21:09:40,270 35 66.667000 66.667000 66.667000 38.044018 39.992019 43.578220
2022-11-09 21:09:40,270 36 68.627000 68.627000 68.627000 40.663417 42.840418 46.653319
2022-11-09 21:09:40,270 37 70.588000 70.588000 70.588000 43.298016 45.595917 49.727118
2022-11-09 21:09:40,270 38 72.549000 72.549000 72.549000 45.991415 48.472516 52.802017
2022-11-09 21:09:40,270 39 74.510000 74.510000 74.510000 48.761714 51.317915 56.028916
2022-11-09 21:09:40,270 40 76.471000 76.471000 76.471000 51.694113 54.373314 59.257315
2022-11-09 21:09:40,270 41 78.431000 78.431000 78.431000 54.614212 57.462113 62.639114
2022-11-09 21:09:40,270 42 80.392000 80.392000 80.392000 57.654612 60.733712 66.175213
2022-11-09 21:09:40,270 43 82.353000 82.353000 82.353000 61.040511 64.213411 70.017312
2022-11-09 21:09:40,270 44 84.314000 84.314000 84.314000 64.337009 67.757710 73.860711
2022-11-09 21:09:40,270 45 86.275000 86.275000 86.275000 67.801508 71.393009 78.009910
2022-11-09 21:09:40,270 46 88.235000 88.235000 88.235000 71.398707 75.177708 82.160108
2022-11-09 21:09:40,270 47 90.196000 90.196000 90.196000 74.993006 79.022006 86.158207
2022-11-09 21:09:40,270 48 92.157000 92.157000 92.157000 78.755305 82.957205 90.462006
2022-11-09 21:09:40,270 49 94.118000 94.118000 94.118000 82.714904 87.043904 95.072104
2022-11-09 21:09:40,270 50 96.078000 96.078000 96.078000 86.626903 91.222603 99.530803
2022-11-09 21:09:40,270 51 98.039000 98.039000 98.039000 90.662301 95.524501 104.29600
2022-11-09 21:09:40,270 52 100.00000 100.00000 100.00000 95.023000 100.00000 109.06100
2022-11-09 21:09:40,270 END_DATA
2022-11-09 21:09:40,271 --------------------------------------------------------------------------------
2022-11-09 21:09:40,664 Black relative luminance = 0.000937
2022-11-09 21:09:40,664 Black output offset = 1.00
2022-11-09 21:09:40,664 Calibration overall transfer function ≈ sRGB (Δ 0.00%)
2022-11-09 21:09:40,713 Transfer function R ≈ Rec. 1886 (Δ 0.78%)
2022-11-09 21:09:40,713 Got good match (+-2%)
2022-11-09 21:09:40,761 Transfer function G ≈ Rec. 1886 (Δ 0.78%)
2022-11-09 21:09:40,761 Got good match (+-2%)
2022-11-09 21:09:40,810 Transfer function B ≈ Rec. 1886 (Δ 0.78%)
2022-11-09 21:09:40,811 Got good match (+-2%)
2022-11-09 21:09:40,867 Using transfer function for R: Rec. 1886
2022-11-09 21:09:40,922 Using transfer function for G: Rec. 1886
2022-11-09 21:09:40,978 Using transfer function for B: Rec. 1886
2022-11-09 21:09:40,978 Adding rTRC from interpolation to DisplayPort-0 #1 2022-11-09 20-51 120cdm² D6500 sRGB F-S XYZLUT+MTX
2022-11-09 21:09:40,979 Adding gTRC from interpolation to DisplayPort-0 #1 2022-11-09 20-51 120cdm² D6500 sRGB F-S XYZLUT+MTX
2022-11-09 21:09:40,979 Adding bTRC from interpolation to DisplayPort-0 #1 2022-11-09 20-51 120cdm² D6500 sRGB F-S XYZLUT+MTX
2022-11-09 21:09:41,344 --------------------------------------------------------------------------------
2022-11-09 21:09:41,345 Working directory:
2022-11-09 21:09:41,345   /
2022-11-09 21:09:41,345    tmp/
2022-11-09 21:09:41,345     DisplayCAL-nSg40u/
2022-11-09 21:09:41,346 
2022-11-09 21:09:41,346 Command line:
2022-11-09 21:09:41,346   /usr/bin/argyll-profcheck
2022-11-09 21:09:41,346     'DisplayPort-0 #1 2022-11-09 20-51 120cdm² D6500 sRGB F-S XYZLUT+MTX.ti3'
2022-11-09 21:09:41,346     'DisplayPort-0 #1 2022-11-09 20-51 120cdm² D6500 sRGB F-S XYZLUT+MTX.icc'
2022-11-09 21:09:41,347 
2022-11-09 21:09:41,355 Profile check complete, errors: max. = 0.988436, avg. = 0.164246, RMS = 0.267441
2022-11-09 21:09:41,355 argyll-profcheck exitcode: 0
2022-11-09 21:09:41,356 --------------------------------------------------------------------------------
2022-11-09 21:09:41,356 Generating gamut views...
2022-11-09 21:09:42,107 --------------------------------------------------------------------------------
2022-11-09 21:09:42,108 Working directory:
2022-11-09 21:09:42,108   /
2022-11-09 21:09:42,108    tmp/
2022-11-09 21:09:42,108     DisplayCAL-nSg40u/
2022-11-09 21:09:42,108 
2022-11-09 21:09:42,109 Command line:
2022-11-09 21:09:42,109   /usr/bin/argyll-iccgamut
2022-11-09 21:09:42,109     -v
2022-11-09 21:09:42,109     -w
2022-11-09 21:09:42,109     -ir
2022-11-09 21:09:42,109     -ff
2022-11-09 21:09:42,110     -on
2022-11-09 21:09:42,110     -d10.00
2022-11-09 21:09:42,110     'DisplayPort-0 #1 2022-11-09 20-51 120cdm² D6500 sRGB F-S XYZLUT+MTX.icc'
2022-11-09 21:09:42,110 
2022-11-09 21:09:42,589 Header:
2022-11-09 21:09:42,589   size         = 942624 bytes
2022-11-09 21:09:42,589   CMM          = 'argl'
2022-11-09 21:09:42,590   Version      = 2.2.0
2022-11-09 21:09:42,590   Device Class = Display
2022-11-09 21:09:42,590   Color Space  = RGB
2022-11-09 21:09:42,590   Conn. Space  = XYZ
2022-11-09 21:09:42,590   Date, Time   = 9 Nov 2022, 21:09:12
2022-11-09 21:09:42,590   Platform     = *nix
2022-11-09 21:09:42,590   Flags        = Not Embedded Profile, Use anywhere
2022-11-09 21:09:42,590   Dev. Mnfctr. = 0x0
2022-11-09 21:09:42,590   Dev. Model   = 0x0
2022-11-09 21:09:42,590   Dev. Attrbts = Reflective, Glossy, Positive, Color
2022-11-09 21:09:42,590   Rndrng Intnt = Perceptual
2022-11-09 21:09:42,590   Illuminant   = 0.96420288, 1.00000000, 0.82490540    [Lab 100.000000, 0.000000, 0.000000]
2022-11-09 21:09:42,590   Creator      = 'DCAL'
2022-11-09 21:09:42,590 
2022-11-09 21:09:42,590 Total volume of gamut is 1384424.312851 cubic colorspace units
2022-11-09 21:09:42,590 argyll-iccgamut exitcode: 0
2022-11-09 21:09:43,503 --------------------------------------------------------------------------------
2022-11-09 21:09:43,504 Command line:
2022-11-09 21:09:43,504   /usr/bin/argyll-viewgam
2022-11-09 21:09:43,504     -cw
2022-11-09 21:09:43,504     -t0
2022-11-09 21:09:43,505     -w
2022-11-09 21:09:43,505     /usr/share/DisplayCAL/ref/sRGB.gam
2022-11-09 21:09:43,505     -cn
2022-11-09 21:09:43,505     -t.3
2022-11-09 21:09:43,505     -s
2022-11-09 21:09:43,506     'DisplayPort-0 #1 2022-11-09 20-51 120cdm² D6500 sRGB F-S XYZLUT+MTX.gam'
2022-11-09 21:09:43,506     -i
2022-11-09 21:09:43,506     'DisplayPort-0 #1 2022-11-09 20-51 120cdm² D6500 sRGB F-S XYZLUT+MTX vs
2022-11-09 21:09:43,506       sRGB.wrl'
2022-11-09 21:09:43,507 
2022-11-09 21:09:43,507 Intersecting volume = 833148.3 cubic units
2022-11-09 21:09:43,507 '/usr/share/DisplayCAL/ref/sRGB.gam' volume = 833675.1 cubic units, intersect = 99.94%
2022-11-09 21:09:43,507 'DisplayPort-0 #1 2022-11-09 20-51 120cdm² D6500 sRGB F-S XYZLUT+MTX.gam' volume = 1384424.6 cubic units, intersect = 60.18%
2022-11-09 21:09:43,894 --------------------------------------------------------------------------------
2022-11-09 21:09:43,894 Command line:
2022-11-09 21:09:43,894   /usr/bin/argyll-viewgam
2022-11-09 21:09:43,894     -cw
2022-11-09 21:09:43,894     -t0
2022-11-09 21:09:43,895     -w
2022-11-09 21:09:43,895     /usr/share/DisplayCAL/ref/ClayRGB1998.gam
2022-11-09 21:09:43,895     -cn
2022-11-09 21:09:43,895     -t.3
2022-11-09 21:09:43,895     -s
2022-11-09 21:09:43,895     'DisplayPort-0 #1 2022-11-09 20-51 120cdm² D6500 sRGB F-S XYZLUT+MTX.gam'
2022-11-09 21:09:43,896     -i
2022-11-09 21:09:43,896     'DisplayPort-0 #1 2022-11-09 20-51 120cdm² D6500 sRGB F-S XYZLUT+MTX vs
2022-11-09 21:09:43,896       ClayRGB1998.wrl'
2022-11-09 21:09:43,896 
2022-11-09 21:09:43,896 Intersecting volume = 1200789.5 cubic units
2022-11-09 21:09:43,896 '/usr/share/DisplayCAL/ref/ClayRGB1998.gam' volume = 1209985.9 cubic units, intersect = 99.24%
2022-11-09 21:09:43,897 'DisplayPort-0 #1 2022-11-09 20-51 120cdm² D6500 sRGB F-S XYZLUT+MTX.gam' volume = 1384424.6 cubic units, intersect = 86.74%
2022-11-09 21:09:43,897 --------------------------------------------------------------------------------
2022-11-09 21:09:43,897 Command line:
2022-11-09 21:09:43,897   /usr/bin/argyll-viewgam
2022-11-09 21:09:43,897     -cw
2022-11-09 21:09:43,897     -t0
2022-11-09 21:09:43,898     -w
2022-11-09 21:09:43,898     /usr/share/DisplayCAL/ref/SMPTE431_P3.gam
2022-11-09 21:09:43,898     -cn
2022-11-09 21:09:43,898     -t.3
2022-11-09 21:09:43,898     -s
2022-11-09 21:09:43,898     'DisplayPort-0 #1 2022-11-09 20-51 120cdm² D6500 sRGB F-S XYZLUT+MTX.gam'
2022-11-09 21:09:43,899     -i
2022-11-09 21:09:43,899     'DisplayPort-0 #1 2022-11-09 20-51 120cdm² D6500 sRGB F-S XYZLUT+MTX vs
2022-11-09 21:09:43,899       SMPTE431_P3.wrl'
2022-11-09 21:09:43,899 
2022-11-09 21:09:43,899 Intersecting volume = 1116573.8 cubic units
2022-11-09 21:09:43,900 '/usr/share/DisplayCAL/ref/SMPTE431_P3.gam' volume = 1176953.5 cubic units, intersect = 94.87%
2022-11-09 21:09:43,900 'DisplayPort-0 #1 2022-11-09 20-51 120cdm² D6500 sRGB F-S XYZLUT+MTX.gam' volume = 1384424.6 cubic units, intersect = 80.65%
2022-11-09 21:09:44,037 --------------------------------------------------------------------------------
